2019-03-15 11:35:08,707 INFO (StartupInfoLogger.java:50)- Starting AnswerSystemApplication on haoluo with PID 8264 (/home/haoluo/Documents/workspaces/GitHub/AnswerSystem/answer_system/target/classes started by haoluo in /home/haoluo/Documents/workspaces/GitHub/AnswerSystem/answer_system)
2019-03-15 11:35:08,715 DEBUG (StartupInfoLogger.java:53)- Running with Spring Boot v2.1.3.RELEASE, Spring v5.1.5.RELEASE
2019-03-15 11:35:08,715 INFO (SpringApplication.java:679)- The following profiles are active: test
2019-03-15 11:35:15,498 INFO (DataSource1Config.java:49)- datasource1 开始初始化。
2019-03-15 11:35:17,650 INFO (StartupInfoLogger.java:59)- Started AnswerSystemApplication in 11.984 seconds (JVM running for 14.853)
2019-03-15 11:40:42,926 INFO (StartupInfoLogger.java:50)- Starting AnswerSystemApplication on haoluo with PID 8544 (/home/haoluo/Documents/workspaces/GitHub/AnswerSystem/answer_system/target/classes started by haoluo in /home/haoluo/Documents/workspaces/GitHub/AnswerSystem/answer_system)
2019-03-15 11:40:42,952 DEBUG (StartupInfoLogger.java:53)- Running with Spring Boot v2.1.3.RELEASE, Spring v5.1.5.RELEASE
2019-03-15 11:40:42,952 INFO (SpringApplication.java:679)- The following profiles are active: test
2019-03-15 11:40:47,248 INFO (DataSource1Config.java:49)- datasource1 开始初始化。
2019-03-15 11:40:49,180 INFO (StartupInfoLogger.java:59)- Started AnswerSystemApplication in 7.609 seconds (JVM running for 9.272)
2019-03-15 11:40:58,240 DEBUG (BaseJdbcLogger.java:159)- ==>  Preparing: SELECT userno,username,password,email,gender,status,newdate FROM user 
2019-03-15 11:40:58,268 DEBUG (BaseJdbcLogger.java:159)- ==> Parameters: 
2019-03-15 11:40:58,309 DEBUG (BaseJdbcLogger.java:159)- <==      Total: 2
2019-03-15 11:42:11,249 INFO (StartupInfoLogger.java:50)- Starting AnswerSystemApplication on haoluo with PID 8715 (/home/haoluo/Documents/workspaces/GitHub/AnswerSystem/answer_system/target/classes started by haoluo in /home/haoluo/Documents/workspaces/GitHub/AnswerSystem/answer_system)
2019-03-15 11:42:11,253 DEBUG (StartupInfoLogger.java:53)- Running with Spring Boot v2.1.3.RELEASE, Spring v5.1.5.RELEASE
2019-03-15 11:42:11,253 INFO (SpringApplication.java:679)- The following profiles are active: test
2019-03-15 11:42:13,977 INFO (DataSource1Config.java:49)- datasource1 开始初始化。
2019-03-15 11:42:15,625 INFO (StartupInfoLogger.java:59)- Started AnswerSystemApplication in 5.672 seconds (JVM running for 6.995)
2019-03-15 11:43:28,209 DEBUG (BaseJdbcLogger.java:159)- ==>  Preparing: SELECT userno,username,password,email,gender,status,newdate FROM user 
2019-03-15 11:43:28,262 DEBUG (BaseJdbcLogger.java:159)- ==> Parameters: 
2019-03-15 11:43:28,297 DEBUG (BaseJdbcLogger.java:159)- <==      Total: 2
2019-03-15 11:43:58,201 DEBUG (BaseJdbcLogger.java:159)- ==>  Preparing: SELECT userno,username,password,email,gender,status,newdate FROM user 
2019-03-15 11:43:58,203 DEBUG (BaseJdbcLogger.java:159)- ==> Parameters: 
2019-03-15 11:43:58,209 DEBUG (BaseJdbcLogger.java:159)- <==      Total: 2
2019-03-15 12:25:55,173 INFO (StartupInfoLogger.java:50)- Starting AnswerSystemApplication on haoluo with PID 9297 (/home/haoluo/Documents/workspaces/GitHub/AnswerSystem/answer_system/target/classes started by haoluo in /home/haoluo/Documents/workspaces/GitHub/AnswerSystem/answer_system)
2019-03-15 12:25:55,177 DEBUG (StartupInfoLogger.java:53)- Running with Spring Boot v2.1.3.RELEASE, Spring v5.1.5.RELEASE
2019-03-15 12:25:55,178 INFO (SpringApplication.java:679)- The following profiles are active: test
2019-03-15 12:25:59,060 INFO (DataSource1Config.java:49)- datasource1 开始初始化。
2019-03-15 12:26:00,800 INFO (StartupInfoLogger.java:59)- Started AnswerSystemApplication in 6.425 seconds (JVM running for 7.521)
2019-03-15 12:26:18,169 DEBUG (BaseJdbcLogger.java:159)- ==>  Preparing: SELECT userno,username,password,email,gender,status,newdate FROM user 
2019-03-15 12:26:18,190 DEBUG (BaseJdbcLogger.java:159)- ==> Parameters: 
2019-03-15 12:26:18,205 DEBUG (BaseJdbcLogger.java:159)- <==      Total: 2
2019-03-15 13:50:33,585 INFO (StartupInfoLogger.java:50)- Starting AnswerSystemApplication on haoluo with PID 4894 (/home/haoluo/Documents/workspaces/GitHub/AnswerSystem/answer_system/target/classes started by haoluo in /home/haoluo/Documents/workspaces/GitHub/AnswerSystem/answer_system)
2019-03-15 13:50:33,609 DEBUG (StartupInfoLogger.java:53)- Running with Spring Boot v2.1.3.RELEASE, Spring v5.1.5.RELEASE
2019-03-15 13:50:33,610 INFO (SpringApplication.java:679)- The following profiles are active: test
2019-03-15 13:50:37,051 INFO (DataSource1Config.java:49)- datasource1 开始初始化。
2019-03-15 13:50:39,091 INFO (StartupInfoLogger.java:59)- Started AnswerSystemApplication in 7.181 seconds (JVM running for 9.431)
2019-03-15 13:54:59,359 INFO (StartupInfoLogger.java:50)- Starting AnswerSystemApplication on haoluo with PID 5262 (/home/haoluo/Documents/workspaces/GitHub/AnswerSystem/answer_system/target/classes started by haoluo in /home/haoluo/Documents/workspaces/GitHub/AnswerSystem/answer_system)
2019-03-15 13:54:59,364 DEBUG (StartupInfoLogger.java:53)- Running with Spring Boot v2.1.3.RELEASE, Spring v5.1.5.RELEASE
2019-03-15 13:54:59,364 INFO (SpringApplication.java:679)- The following profiles are active: test
2019-03-15 13:55:02,539 INFO (DataSource1Config.java:49)- datasource1 开始初始化。
2019-03-15 13:55:04,521 INFO (StartupInfoLogger.java:59)- Started AnswerSystemApplication in 6.173 seconds (JVM running for 7.451)
2019-03-15 13:56:06,793 DEBUG (AdminsController.java:28)- user-email=root/npwd=root
2019-03-15 13:56:07,225 DEBUG (BaseJdbcLogger.java:159)- ==>  Preparing: SELECT id,adminname,password FROM admins WHERE ( adminname = ? ) 
2019-03-15 13:56:07,243 DEBUG (BaseJdbcLogger.java:159)- ==> Parameters: root(String)
2019-03-15 13:56:07,258 DEBUG (BaseJdbcLogger.java:159)- <==      Total: 1
2019-03-15 13:56:07,755 DEBUG (BaseJdbcLogger.java:159)- ==>  Preparing: SELECT userno,username,password,email,gender,status,newdate FROM user 
2019-03-15 13:56:07,756 DEBUG (BaseJdbcLogger.java:159)- ==> Parameters: 
2019-03-15 13:56:07,759 DEBUG (BaseJdbcLogger.java:159)- <==      Total: 2
2019-03-15 13:59:29,021 DEBUG (BaseJdbcLogger.java:159)- ==>  Preparing: SELECT userno,username,password,email,gender,status,newdate FROM user 
2019-03-15 13:59:29,022 DEBUG (BaseJdbcLogger.java:159)- ==> Parameters: 
2019-03-15 13:59:29,026 DEBUG (BaseJdbcLogger.java:159)- <==      Total: 2
2019-03-15 14:04:44,844 DEBUG (BaseJdbcLogger.java:159)- ==>  Preparing: SELECT userno,username,password,email,gender,status,newdate FROM user 
2019-03-15 14:04:44,845 DEBUG (BaseJdbcLogger.java:159)- ==> Parameters: 
2019-03-15 14:04:44,857 DEBUG (BaseJdbcLogger.java:159)- <==      Total: 2
2019-03-15 14:05:22,599 DEBUG (BaseJdbcLogger.java:159)- ==>  Preparing: SELECT userno,username,password,email,gender,status,newdate FROM user 
2019-03-15 14:05:22,600 DEBUG (BaseJdbcLogger.java:159)- ==> Parameters: 
2019-03-15 14:05:22,607 DEBUG (BaseJdbcLogger.java:159)- <==      Total: 2
2019-03-15 14:05:48,126 DEBUG (BaseJdbcLogger.java:159)- ==>  Preparing: SELECT userno,username,password,email,gender,status,newdate FROM user 
2019-03-15 14:05:48,127 DEBUG (BaseJdbcLogger.java:159)- ==> Parameters: 
2019-03-15 14:05:48,137 DEBUG (BaseJdbcLogger.java:159)- <==      Total: 2
2019-03-15 14:15:04,008 DEBUG (BaseJdbcLogger.java:159)- ==>  Preparing: SELECT userno,username,password,email,gender,status,newdate FROM user 
2019-03-15 14:15:04,009 DEBUG (BaseJdbcLogger.java:159)- ==> Parameters: 
2019-03-15 14:15:04,011 DEBUG (BaseJdbcLogger.java:159)- <==      Total: 2
2019-03-15 14:15:12,329 DEBUG (BaseJdbcLogger.java:159)- ==>  Preparing: SELECT userno,username,password,email,gender,status,newdate FROM user 
2019-03-15 14:15:12,334 DEBUG (BaseJdbcLogger.java:159)- ==> Parameters: 
2019-03-15 14:15:12,340 DEBUG (BaseJdbcLogger.java:159)- <==      Total: 2
2019-03-15 14:22:36,733 DEBUG (BaseJdbcLogger.java:159)- ==>  Preparing: SELECT userno,username,password,email,gender,status,newdate FROM user 
2019-03-15 14:22:36,734 DEBUG (BaseJdbcLogger.java:159)- ==> Parameters: 
2019-03-15 14:22:36,745 DEBUG (BaseJdbcLogger.java:159)- <==      Total: 2
2019-03-15 14:22:53,999 DEBUG (BaseJdbcLogger.java:159)- ==>  Preparing: SELECT userno,username,password,email,gender,status,newdate FROM user 
2019-03-15 14:22:54,000 DEBUG (BaseJdbcLogger.java:159)- ==> Parameters: 
2019-03-15 14:22:54,007 DEBUG (BaseJdbcLogger.java:159)- <==      Total: 2
2019-03-15 14:24:25,082 DEBUG (BaseJdbcLogger.java:159)- ==>  Preparing: SELECT userno,username,password,email,gender,status,newdate FROM user 
2019-03-15 14:24:25,083 DEBUG (BaseJdbcLogger.java:159)- ==> Parameters: 
2019-03-15 14:24:25,085 DEBUG (BaseJdbcLogger.java:159)- <==      Total: 2
2019-03-15 14:24:39,230 DEBUG (BaseJdbcLogger.java:159)- ==>  Preparing: SELECT userno,username,password,email,gender,status,newdate FROM user 
2019-03-15 14:24:39,233 DEBUG (BaseJdbcLogger.java:159)- ==> Parameters: 
2019-03-15 14:24:39,238 DEBUG (BaseJdbcLogger.java:159)- <==      Total: 2
2019-03-15 14:24:50,314 DEBUG (BaseJdbcLogger.java:159)- ==>  Preparing: SELECT userno,username,password,email,gender,status,newdate FROM user 
2019-03-15 14:24:50,315 DEBUG (BaseJdbcLogger.java:159)- ==> Parameters: 
2019-03-15 14:24:50,328 DEBUG (BaseJdbcLogger.java:159)- <==      Total: 2
2019-03-15 14:25:44,778 DEBUG (BaseJdbcLogger.java:159)- ==>  Preparing: SELECT userno,username,password,email,gender,status,newdate FROM user 
2019-03-15 14:25:44,780 DEBUG (BaseJdbcLogger.java:159)- ==> Parameters: 
2019-03-15 14:25:44,799 DEBUG (BaseJdbcLogger.java:159)- <==      Total: 2
2019-03-15 14:26:37,181 DEBUG (BaseJdbcLogger.java:159)- ==>  Preparing: SELECT userno,username,password,email,gender,status,newdate FROM user 
2019-03-15 14:26:37,182 DEBUG (BaseJdbcLogger.java:159)- ==> Parameters: 
2019-03-15 14:26:37,184 DEBUG (BaseJdbcLogger.java:159)- <==      Total: 2
2019-03-15 16:19:42,643 DEBUG (BaseJdbcLogger.java:159)- ==>  Preparing: SELECT userno,username,password,email,gender,status,newdate FROM user 
2019-03-15 16:19:42,645 DEBUG (BaseJdbcLogger.java:159)- ==> Parameters: 
2019-03-15 16:19:42,648 DEBUG (BaseJdbcLogger.java:159)- <==      Total: 2
2019-03-15 16:20:20,027 DEBUG (BaseJdbcLogger.java:159)- ==>  Preparing: SELECT userno,username,password,email,gender,status,newdate FROM user 
2019-03-15 16:20:20,028 DEBUG (BaseJdbcLogger.java:159)- ==> Parameters: 
2019-03-15 16:20:20,034 DEBUG (BaseJdbcLogger.java:159)- <==      Total: 2
2019-03-15 16:20:27,977 DEBUG (BaseJdbcLogger.java:159)- ==>  Preparing: SELECT userno,username,password,email,gender,status,newdate FROM user 
2019-03-15 16:20:27,978 DEBUG (BaseJdbcLogger.java:159)- ==> Parameters: 
2019-03-15 16:20:27,980 DEBUG (BaseJdbcLogger.java:159)- <==      Total: 2
2019-03-15 16:20:31,901 DEBUG (BaseJdbcLogger.java:159)- ==>  Preparing: SELECT userno,username,password,email,gender,status,newdate FROM user 
2019-03-15 16:20:31,902 DEBUG (BaseJdbcLogger.java:159)- ==> Parameters: 
2019-03-15 16:20:31,904 DEBUG (BaseJdbcLogger.java:159)- <==      Total: 2
2019-03-15 16:21:42,724 DEBUG (BaseJdbcLogger.java:159)- ==>  Preparing: SELECT userno,username,password,email,gender,status,newdate FROM user 
2019-03-15 16:21:42,725 DEBUG (BaseJdbcLogger.java:159)- ==> Parameters: 
2019-03-15 16:21:42,727 DEBUG (BaseJdbcLogger.java:159)- <==      Total: 2
2019-03-15 16:21:50,870 DEBUG (BaseJdbcLogger.java:159)- ==>  Preparing: SELECT userno,username,password,email,gender,status,newdate FROM user 
2019-03-15 16:21:50,870 DEBUG (BaseJdbcLogger.java:159)- ==> Parameters: 
2019-03-15 16:21:50,874 DEBUG (BaseJdbcLogger.java:159)- <==      Total: 2
2019-03-15 16:22:06,899 DEBUG (BaseJdbcLogger.java:159)- ==>  Preparing: SELECT userno,username,password,email,gender,status,newdate FROM user 
2019-03-15 16:22:06,899 DEBUG (BaseJdbcLogger.java:159)- ==> Parameters: 
2019-03-15 16:22:06,901 DEBUG (BaseJdbcLogger.java:159)- <==      Total: 2
2019-03-15 16:22:32,080 DEBUG (BaseJdbcLogger.java:159)- ==>  Preparing: SELECT userno,username,password,email,gender,status,newdate FROM user 
2019-03-15 16:22:32,080 DEBUG (BaseJdbcLogger.java:159)- ==> Parameters: 
2019-03-15 16:22:32,082 DEBUG (BaseJdbcLogger.java:159)- <==      Total: 2
2019-03-15 16:22:36,326 DEBUG (BaseJdbcLogger.java:159)- ==>  Preparing: SELECT userno,username,password,email,gender,status,newdate FROM user 
2019-03-15 16:22:36,327 DEBUG (BaseJdbcLogger.java:159)- ==> Parameters: 
2019-03-15 16:22:36,329 DEBUG (BaseJdbcLogger.java:159)- <==      Total: 2
2019-03-15 16:24:06,556 DEBUG (BaseJdbcLogger.java:159)- ==>  Preparing: SELECT userno,username,password,email,gender,status,newdate FROM user 
2019-03-15 16:24:06,557 DEBUG (BaseJdbcLogger.java:159)- ==> Parameters: 
2019-03-15 16:24:06,559 DEBUG (BaseJdbcLogger.java:159)- <==      Total: 2
2019-03-15 16:24:45,321 DEBUG (BaseJdbcLogger.java:159)- ==>  Preparing: SELECT userno,username,password,email,gender,status,newdate FROM user 
2019-03-15 16:24:45,321 DEBUG (BaseJdbcLogger.java:159)- ==> Parameters: 
2019-03-15 16:24:45,323 DEBUG (BaseJdbcLogger.java:159)- <==      Total: 2
2019-03-15 16:25:00,830 DEBUG (BaseJdbcLogger.java:159)- ==>  Preparing: SELECT userno,username,password,email,gender,status,newdate FROM user 
2019-03-15 16:25:00,831 DEBUG (BaseJdbcLogger.java:159)- ==> Parameters: 
2019-03-15 16:25:00,833 DEBUG (BaseJdbcLogger.java:159)- <==      Total: 2
2019-03-15 16:25:38,027 DEBUG (BaseJdbcLogger.java:159)- ==>  Preparing: SELECT userno,username,password,email,gender,status,newdate FROM user 
2019-03-15 16:25:38,028 DEBUG (BaseJdbcLogger.java:159)- ==> Parameters: 
2019-03-15 16:25:38,030 DEBUG (BaseJdbcLogger.java:159)- <==      Total: 2
2019-03-15 16:25:45,892 DEBUG (BaseJdbcLogger.java:159)- ==>  Preparing: SELECT userno,username,password,email,gender,status,newdate FROM user 
2019-03-15 16:25:45,895 DEBUG (BaseJdbcLogger.java:159)- ==> Parameters: 
2019-03-15 16:25:45,899 DEBUG (BaseJdbcLogger.java:159)- <==      Total: 2
2019-03-15 16:25:53,263 DEBUG (BaseJdbcLogger.java:159)- ==>  Preparing: SELECT userno,username,password,email,gender,status,newdate FROM user 
2019-03-15 16:25:53,264 DEBUG (BaseJdbcLogger.java:159)- ==> Parameters: 
2019-03-15 16:25:53,266 DEBUG (BaseJdbcLogger.java:159)- <==      Total: 2
2019-03-15 16:28:32,072 DEBUG (BaseJdbcLogger.java:159)- ==>  Preparing: SELECT userno,username,password,email,gender,status,newdate FROM user 
2019-03-15 16:28:32,072 DEBUG (BaseJdbcLogger.java:159)- ==> Parameters: 
2019-03-15 16:28:32,074 DEBUG (BaseJdbcLogger.java:159)- <==      Total: 2
2019-03-15 16:28:35,863 DEBUG (BaseJdbcLogger.java:159)- ==>  Preparing: SELECT userno,username,password,email,gender,status,newdate FROM user 
2019-03-15 16:28:35,864 DEBUG (BaseJdbcLogger.java:159)- ==> Parameters: 
2019-03-15 16:28:35,865 DEBUG (BaseJdbcLogger.java:159)- <==      Total: 2
2019-03-15 16:28:39,622 DEBUG (BaseJdbcLogger.java:159)- ==>  Preparing: SELECT userno,username,password,email,gender,status,newdate FROM user 
2019-03-15 16:28:39,623 DEBUG (BaseJdbcLogger.java:159)- ==> Parameters: 
2019-03-15 16:28:39,625 DEBUG (BaseJdbcLogger.java:159)- <==      Total: 2
2019-03-15 16:31:41,581 DEBUG (BaseJdbcLogger.java:159)- ==>  Preparing: SELECT userno,username,password,email,gender,status,newdate FROM user 
2019-03-15 16:31:41,582 DEBUG (BaseJdbcLogger.java:159)- ==> Parameters: 
2019-03-15 16:31:41,583 DEBUG (BaseJdbcLogger.java:159)- <==      Total: 2
2019-03-15 16:32:50,003 INFO (StartupInfoLogger.java:50)- Starting AnswerSystemApplication on haoluo with PID 7828 (/home/haoluo/Documents/workspaces/GitHub/AnswerSystem/answer_system/target/classes started by haoluo in /home/haoluo/Documents/workspaces/GitHub/AnswerSystem/answer_system)
2019-03-15 16:32:50,007 DEBUG (StartupInfoLogger.java:53)- Running with Spring Boot v2.1.3.RELEASE, Spring v5.1.5.RELEASE
2019-03-15 16:32:50,007 INFO (SpringApplication.java:679)- The following profiles are active: test
2019-03-15 16:32:53,940 INFO (DataSource1Config.java:49)- datasource1 开始初始化。
2019-03-15 16:32:56,426 INFO (StartupInfoLogger.java:59)- Started AnswerSystemApplication in 8.297 seconds (JVM running for 10.83)
2019-03-15 16:37:14,797 DEBUG (BaseJdbcLogger.java:159)- ==>  Preparing: SELECT userno,username,password,email,gender,status,newdate FROM user 
2019-03-15 16:37:14,822 DEBUG (BaseJdbcLogger.java:159)- ==> Parameters: 
2019-03-15 16:37:14,843 DEBUG (BaseJdbcLogger.java:159)- <==      Total: 2
2019-03-15 16:42:45,833 DEBUG (BaseJdbcLogger.java:159)- ==>  Preparing: SELECT userno,username,password,email,gender,status,newdate FROM user 
2019-03-15 16:42:45,833 DEBUG (BaseJdbcLogger.java:159)- ==> Parameters: 
2019-03-15 16:42:45,843 DEBUG (BaseJdbcLogger.java:159)- <==      Total: 2
2019-03-15 16:47:07,883 DEBUG (BaseJdbcLogger.java:159)- ==>  Preparing: SELECT userno,username,password,email,gender,status,newdate FROM user 
2019-03-15 16:47:07,884 DEBUG (BaseJdbcLogger.java:159)- ==> Parameters: 
2019-03-15 16:47:07,887 DEBUG (BaseJdbcLogger.java:159)- <==      Total: 2
2019-03-15 16:47:13,064 DEBUG (BaseJdbcLogger.java:159)- ==>  Preparing: UPDATE user SET userno = userno,username = ?,password = ?,email = ?,gender = ?,status = ?,newdate = ? WHERE userno = ? 
2019-03-15 16:47:13,066 DEBUG (BaseJdbcLogger.java:159)- ==> Parameters: xxx(String), xxx(String), null, null, null, 123(String), 3(Integer)
2019-03-15 16:49:11,757 INFO (StartupInfoLogger.java:50)- Starting AnswerSystemApplication on haoluo with PID 8620 (/home/haoluo/Documents/workspaces/GitHub/AnswerSystem/answer_system/target/classes started by haoluo in /home/haoluo/Documents/workspaces/GitHub/AnswerSystem/answer_system)
2019-03-15 16:49:11,761 DEBUG (StartupInfoLogger.java:53)- Running with Spring Boot v2.1.3.RELEASE, Spring v5.1.5.RELEASE
2019-03-15 16:49:11,762 INFO (SpringApplication.java:679)- The following profiles are active: test
2019-03-15 16:49:15,005 INFO (DataSource1Config.java:49)- datasource1 开始初始化。
2019-03-15 16:49:16,919 INFO (StartupInfoLogger.java:59)- Started AnswerSystemApplication in 6.095 seconds (JVM running for 6.979)
2019-03-15 16:50:37,015 DEBUG (BaseJdbcLogger.java:159)- ==>  Preparing: UPDATE user SET userno = userno,username = ?,password = ?,email = ?,gender = ?,status = ?,newdate = ? WHERE userno = ? 
2019-03-15 16:50:37,043 DEBUG (BaseJdbcLogger.java:159)- ==> Parameters: xxx(String), xxx(String), null, null, null, 123(String), 3(Integer)
2019-03-15 16:51:24,207 INFO (StartupInfoLogger.java:50)- Starting AnswerSystemApplication on haoluo with PID 8800 (/home/haoluo/Documents/workspaces/GitHub/AnswerSystem/answer_system/target/classes started by haoluo in /home/haoluo/Documents/workspaces/GitHub/AnswerSystem/answer_system)
2019-03-15 16:51:24,212 DEBUG (StartupInfoLogger.java:53)- Running with Spring Boot v2.1.3.RELEASE, Spring v5.1.5.RELEASE
2019-03-15 16:51:24,212 INFO (SpringApplication.java:679)- The following profiles are active: test
2019-03-15 16:51:26,448 INFO (DataSource1Config.java:49)- datasource1 开始初始化。
2019-03-15 16:51:28,262 INFO (StartupInfoLogger.java:59)- Started AnswerSystemApplication in 5.263 seconds (JVM running for 6.376)
2019-03-15 16:51:34,244 DEBUG (BaseJdbcLogger.java:159)- ==>  Preparing: UPDATE user SET userno = userno,username = ?,password = ?,email = ?,gender = ?,status = ?,newdate = ? WHERE userno = ? 
2019-03-15 16:51:34,276 DEBUG (BaseJdbcLogger.java:159)- ==> Parameters: xxx(String), xxx(String), null, null, null, 123(String), 3(Integer)
2019-03-15 16:54:58,977 INFO (StartupInfoLogger.java:50)- Starting AnswerSystemApplication on haoluo with PID 9097 (/home/haoluo/Documents/workspaces/GitHub/AnswerSystem/answer_system/target/classes started by haoluo in /home/haoluo/Documents/workspaces/GitHub/AnswerSystem/answer_system)
2019-03-15 16:54:58,994 DEBUG (StartupInfoLogger.java:53)- Running with Spring Boot v2.1.3.RELEASE, Spring v5.1.5.RELEASE
2019-03-15 16:54:58,996 INFO (SpringApplication.java:679)- The following profiles are active: test
2019-03-15 16:55:04,349 INFO (DataSource1Config.java:49)- datasource1 开始初始化。
2019-03-15 16:55:06,379 INFO (StartupInfoLogger.java:59)- Started AnswerSystemApplication in 9.768 seconds (JVM running for 12.687)
2019-03-15 16:55:17,139 DEBUG (BaseJdbcLogger.java:159)- ==>  Preparing: UPDATE user SET userno = userno,username = ?,password = ?,newdate = ? WHERE userno = ? 
2019-03-15 16:55:17,174 DEBUG (BaseJdbcLogger.java:159)- ==> Parameters: xxx(String), xxx(String), 123(String), 3(Integer)
2019-03-15 16:55:17,283 DEBUG (BaseJdbcLogger.java:159)- <==    Updates: 1
2019-03-15 16:55:17,573 DEBUG (BaseJdbcLogger.java:159)- ==>  Preparing: SELECT userno,username,password,email,gender,status,newdate FROM user 
2019-03-15 16:55:17,576 DEBUG (BaseJdbcLogger.java:159)- ==> Parameters: 
2019-03-15 16:55:17,616 DEBUG (BaseJdbcLogger.java:159)- <==      Total: 2
2019-03-15 16:57:17,654 INFO (StartupInfoLogger.java:50)- Starting AnswerSystemApplication on haoluo with PID 9324 (/home/haoluo/Documents/workspaces/GitHub/AnswerSystem/answer_system/target/classes started by haoluo in /home/haoluo/Documents/workspaces/GitHub/AnswerSystem/answer_system)
2019-03-15 16:57:17,662 DEBUG (StartupInfoLogger.java:53)- Running with Spring Boot v2.1.3.RELEASE, Spring v5.1.5.RELEASE
2019-03-15 16:57:17,662 INFO (SpringApplication.java:679)- The following profiles are active: test
2019-03-15 16:57:22,027 INFO (DataSource1Config.java:49)- datasource1 开始初始化。
2019-03-15 16:57:24,319 INFO (StartupInfoLogger.java:59)- Started AnswerSystemApplication in 9.034 seconds (JVM running for 10.841)
2019-03-15 16:57:57,935 DEBUG (BaseJdbcLogger.java:159)- ==>  Preparing: INSERT INTO user ( userno,username,password,email,gender,status,newdate ) VALUES( ?,?,?,?,?,?,? ) 
2019-03-15 16:57:57,982 DEBUG (BaseJdbcLogger.java:159)- ==> Parameters: null, null, null, null, null, null, 123(String)
2019-03-15 16:58:45,114 INFO (StartupInfoLogger.java:50)- Starting AnswerSystemApplication on haoluo with PID 9488 (/home/haoluo/Documents/workspaces/GitHub/AnswerSystem/answer_system/target/classes started by haoluo in /home/haoluo/Documents/workspaces/GitHub/AnswerSystem/answer_system)
2019-03-15 16:58:45,328 DEBUG (StartupInfoLogger.java:53)- Running with Spring Boot v2.1.3.RELEASE, Spring v5.1.5.RELEASE
2019-03-15 16:58:45,329 INFO (SpringApplication.java:679)- The following profiles are active: test
2019-03-15 16:58:51,874 INFO (DataSource1Config.java:49)- datasource1 开始初始化。
2019-03-15 16:58:53,880 INFO (StartupInfoLogger.java:59)- Started AnswerSystemApplication in 10.393 seconds (JVM running for 11.468)
2019-03-15 16:59:58,550 INFO (StartupInfoLogger.java:50)- Starting AnswerSystemApplication on haoluo with PID 9661 (/home/haoluo/Documents/workspaces/GitHub/AnswerSystem/answer_system/target/classes started by haoluo in /home/haoluo/Documents/workspaces/GitHub/AnswerSystem/answer_system)
2019-03-15 16:59:58,558 DEBUG (StartupInfoLogger.java:53)- Running with Spring Boot v2.1.3.RELEASE, Spring v5.1.5.RELEASE
2019-03-15 16:59:58,562 INFO (SpringApplication.java:679)- The following profiles are active: test
2019-03-15 17:00:02,770 INFO (DataSource1Config.java:49)- datasource1 开始初始化。
2019-03-15 17:00:06,954 INFO (StartupInfoLogger.java:59)- Started AnswerSystemApplication in 9.666 seconds (JVM running for 10.863)
2019-03-15 17:00:14,196 DEBUG (BaseJdbcLogger.java:159)- ==>  Preparing: INSERT INTO user ( userno,username,password,email,gender,status,newdate ) VALUES( ?,?,?,?,?,?,? ) 
2019-03-15 17:00:14,230 DEBUG (BaseJdbcLogger.java:159)- ==> Parameters: null, null, null, null, null, null, 123(String)
2019-03-15 17:00:14,289 DEBUG (BaseJdbcLogger.java:159)- <==    Updates: 1
2019-03-15 17:00:14,494 DEBUG (BaseJdbcLogger.java:159)- ==>  Preparing: SELECT userno,username,password,email,gender,status,newdate FROM user 
2019-03-15 17:00:14,495 DEBUG (BaseJdbcLogger.java:159)- ==> Parameters: 
2019-03-15 17:00:14,514 DEBUG (BaseJdbcLogger.java:159)- <==      Total: 3
2019-03-15 17:03:49,490 DEBUG (BaseJdbcLogger.java:159)- ==>  Preparing: SELECT userno,username,password,email,gender,status,newdate FROM user 
2019-03-15 17:03:49,492 DEBUG (BaseJdbcLogger.java:159)- ==> Parameters: 
2019-03-15 17:03:49,495 DEBUG (BaseJdbcLogger.java:159)- <==      Total: 3
2019-03-15 17:03:58,358 DEBUG (BaseJdbcLogger.java:159)- ==>  Preparing: INSERT INTO user ( userno,username,password,email,gender,status,newdate ) VALUES( ?,?,?,?,?,?,? ) 
2019-03-15 17:03:58,363 DEBUG (BaseJdbcLogger.java:159)- ==> Parameters: null, null, null, null, null, null, 123(String)
2019-03-15 17:03:58,439 DEBUG (BaseJdbcLogger.java:159)- <==    Updates: 1
2019-03-15 17:03:58,618 DEBUG (BaseJdbcLogger.java:159)- ==>  Preparing: SELECT userno,username,password,email,gender,status,newdate FROM user 
2019-03-15 17:03:58,619 DEBUG (BaseJdbcLogger.java:159)- ==> Parameters: 
2019-03-15 17:03:58,622 DEBUG (BaseJdbcLogger.java:159)- <==      Total: 4
2019-03-15 17:06:04,277 INFO (StartupInfoLogger.java:50)- Starting AnswerSystemApplication on haoluo with PID 9979 (/home/haoluo/Documents/workspaces/GitHub/AnswerSystem/answer_system/target/classes started by haoluo in /home/haoluo/Documents/workspaces/GitHub/AnswerSystem/answer_system)
2019-03-15 17:06:04,296 DEBUG (StartupInfoLogger.java:53)- Running with Spring Boot v2.1.3.RELEASE, Spring v5.1.5.RELEASE
2019-03-15 17:06:04,296 INFO (SpringApplication.java:679)- The following profiles are active: test
2019-03-15 17:06:08,191 INFO (DataSource1Config.java:49)- datasource1 开始初始化。
2019-03-15 17:06:10,081 INFO (StartupInfoLogger.java:59)- Started AnswerSystemApplication in 7.513 seconds (JVM running for 9.979)
2019-03-15 17:07:47,910 DEBUG (BaseJdbcLogger.java:159)- ==>  Preparing: SELECT userno,username,password,email,gender,status,newdate FROM user 
2019-03-15 17:07:47,940 DEBUG (BaseJdbcLogger.java:159)- ==> Parameters: 
2019-03-15 17:07:47,968 DEBUG (BaseJdbcLogger.java:159)- <==      Total: 4
2019-03-15 17:09:47,966 INFO (StartupInfoLogger.java:50)- Starting AnswerSystemApplication on haoluo with PID 10279 (/home/haoluo/Documents/workspaces/GitHub/AnswerSystem/answer_system/target/classes started by haoluo in /home/haoluo/Documents/workspaces/GitHub/AnswerSystem/answer_system)
2019-03-15 17:09:47,970 DEBUG (StartupInfoLogger.java:53)- Running with Spring Boot v2.1.3.RELEASE, Spring v5.1.5.RELEASE
2019-03-15 17:09:47,971 INFO (SpringApplication.java:679)- The following profiles are active: test
2019-03-15 17:09:49,851 INFO (DataSource1Config.java:49)- datasource1 开始初始化。
2019-03-15 17:09:51,665 INFO (StartupInfoLogger.java:59)- Started AnswerSystemApplication in 4.616 seconds (JVM running for 10.778)
2019-03-15 17:18:07,318 INFO (StartupInfoLogger.java:50)- Starting AnswerSystemApplication on haoluo with PID 10715 (/home/haoluo/Documents/workspaces/GitHub/AnswerSystem/answer_system/target/classes started by haoluo in /home/haoluo/Documents/workspaces/GitHub/AnswerSystem/answer_system)
2019-03-15 17:18:07,330 DEBUG (StartupInfoLogger.java:53)- Running with Spring Boot v2.1.3.RELEASE, Spring v5.1.5.RELEASE
2019-03-15 17:18:07,333 INFO (SpringApplication.java:679)- The following profiles are active: test
2019-03-15 17:18:10,730 INFO (DataSource1Config.java:49)- datasource1 开始初始化。
2019-03-15 17:18:12,435 INFO (StartupInfoLogger.java:59)- Started AnswerSystemApplication in 6.483 seconds (JVM running for 8.056)
2019-03-15 17:19:40,057 INFO (StartupInfoLogger.java:50)- Starting AnswerSystemApplication on haoluo with PID 10905 (/home/haoluo/Documents/workspaces/GitHub/AnswerSystem/answer_system/target/classes started by haoluo in /home/haoluo/Documents/workspaces/GitHub/AnswerSystem/answer_system)
2019-03-15 17:19:40,062 DEBUG (StartupInfoLogger.java:53)- Running with Spring Boot v2.1.3.RELEASE, Spring v5.1.5.RELEASE
2019-03-15 17:19:40,070 INFO (SpringApplication.java:679)- The following profiles are active: test
2019-03-15 17:19:43,511 INFO (DataSource1Config.java:49)- datasource1 开始初始化。
2019-03-15 17:19:45,437 INFO (StartupInfoLogger.java:59)- Started AnswerSystemApplication in 7.052 seconds (JVM running for 9.374)
2019-03-15 17:21:08,623 INFO (StartupInfoLogger.java:50)- Starting AnswerSystemApplication on haoluo with PID 11068 (/home/haoluo/Documents/workspaces/GitHub/AnswerSystem/answer_system/target/classes started by haoluo in /home/haoluo/Documents/workspaces/GitHub/AnswerSystem/answer_system)
2019-03-15 17:21:08,627 DEBUG (StartupInfoLogger.java:53)- Running with Spring Boot v2.1.3.RELEASE, Spring v5.1.5.RELEASE
2019-03-15 17:21:08,628 INFO (SpringApplication.java:679)- The following profiles are active: test
2019-03-15 17:21:11,212 INFO (DataSource1Config.java:49)- datasource1 开始初始化。
2019-03-15 17:21:13,355 INFO (StartupInfoLogger.java:59)- Started AnswerSystemApplication in 5.898 seconds (JVM running for 11.97)
2019-03-15 17:31:36,316 INFO (StartupInfoLogger.java:50)- Starting AnswerSystemApplication on haoluo with PID 11648 (/home/haoluo/Documents/workspaces/GitHub/AnswerSystem/answer_system/target/classes started by haoluo in /home/haoluo/Documents/workspaces/GitHub/AnswerSystem/answer_system)
2019-03-15 17:31:36,335 DEBUG (StartupInfoLogger.java:53)- Running with Spring Boot v2.1.3.RELEASE, Spring v5.1.5.RELEASE
2019-03-15 17:31:36,336 INFO (SpringApplication.java:679)- The following profiles are active: test
2019-03-15 17:31:41,750 INFO (DataSource1Config.java:49)- datasource1 开始初始化。
2019-03-15 17:31:43,696 INFO (StartupInfoLogger.java:59)- Started AnswerSystemApplication in 8.751 seconds (JVM running for 10.508)
2019-03-15 17:32:38,790 INFO (StartupInfoLogger.java:50)- Starting AnswerSystemApplication on haoluo with PID 11809 (/home/haoluo/Documents/workspaces/GitHub/AnswerSystem/answer_system/target/classes started by haoluo in /home/haoluo/Documents/workspaces/GitHub/AnswerSystem/answer_system)
2019-03-15 17:32:38,799 DEBUG (StartupInfoLogger.java:53)- Running with Spring Boot v2.1.3.RELEASE, Spring v5.1.5.RELEASE
2019-03-15 17:32:38,800 INFO (SpringApplication.java:679)- The following profiles are active: test
2019-03-15 17:32:43,133 INFO (DataSource1Config.java:49)- datasource1 开始初始化。
2019-03-15 17:32:44,825 INFO (StartupInfoLogger.java:59)- Started AnswerSystemApplication in 7.403 seconds (JVM running for 8.951)
2019-03-15 17:33:03,311 DEBUG (BaseJdbcLogger.java:159)- ==>  Preparing: INSERT INTO user ( userno,username,password,email,gender,status,newdate ) VALUES( ?,?,?,?,?,?,? ) 
2019-03-15 17:33:03,342 DEBUG (BaseJdbcLogger.java:159)- ==> Parameters: null, abc(String), abc(String), null, null, null, 123(String)
2019-03-15 17:33:03,384 DEBUG (BaseJdbcLogger.java:159)- <==    Updates: 1
2019-03-15 17:33:03,773 DEBUG (BaseJdbcLogger.java:159)- ==>  Preparing: SELECT userno,username,password,email,gender,status,newdate FROM user 
2019-03-15 17:33:03,774 DEBUG (BaseJdbcLogger.java:159)- ==> Parameters: 
2019-03-15 17:33:03,798 DEBUG (BaseJdbcLogger.java:159)- <==      Total: 5
2019-03-15 17:33:54,007 INFO (StartupInfoLogger.java:50)- Starting AnswerSystemApplication on haoluo with PID 11981 (/home/haoluo/Documents/workspaces/GitHub/AnswerSystem/answer_system/target/classes started by haoluo in /home/haoluo/Documents/workspaces/GitHub/AnswerSystem/answer_system)
2019-03-15 17:33:54,027 DEBUG (StartupInfoLogger.java:53)- Running with Spring Boot v2.1.3.RELEASE, Spring v5.1.5.RELEASE
2019-03-15 17:33:54,028 INFO (SpringApplication.java:679)- The following profiles are active: test
2019-03-15 17:33:58,660 INFO (DataSource1Config.java:49)- datasource1 开始初始化。
2019-03-15 17:34:00,511 INFO (StartupInfoLogger.java:59)- Started AnswerSystemApplication in 8.051 seconds (JVM running for 9.732)
2019-03-15 17:34:55,853 INFO (StartupInfoLogger.java:50)- Starting AnswerSystemApplication on haoluo with PID 12124 (/home/haoluo/Documents/workspaces/GitHub/AnswerSystem/answer_system/target/classes started by haoluo in /home/haoluo/Documents/workspaces/GitHub/AnswerSystem/answer_system)
2019-03-15 17:34:55,868 DEBUG (StartupInfoLogger.java:53)- Running with Spring Boot v2.1.3.RELEASE, Spring v5.1.5.RELEASE
2019-03-15 17:34:55,870 INFO (SpringApplication.java:679)- The following profiles are active: test
2019-03-15 17:34:59,494 INFO (DataSource1Config.java:49)- datasource1 开始初始化。
2019-03-15 17:35:01,189 INFO (StartupInfoLogger.java:59)- Started AnswerSystemApplication in 6.727 seconds (JVM running for 7.991)
2019-03-15 17:36:10,515 DEBUG (BaseJdbcLogger.java:159)- ==>  Preparing: SELECT userno,username,password,email,gender,status,newdate FROM user 
2019-03-15 17:36:10,568 DEBUG (BaseJdbcLogger.java:159)- ==> Parameters: 
2019-03-15 17:36:10,669 DEBUG (BaseJdbcLogger.java:159)- <==      Total: 5
2019-03-15 17:36:15,873 DEBUG (BaseJdbcLogger.java:159)- ==>  Preparing: SELECT userno,username,password,email,gender,status,newdate FROM user 
2019-03-15 17:36:15,874 DEBUG (BaseJdbcLogger.java:159)- ==> Parameters: 
2019-03-15 17:36:15,882 DEBUG (BaseJdbcLogger.java:159)- <==      Total: 5
2019-03-15 17:36:29,227 DEBUG (BaseJdbcLogger.java:159)- ==>  Preparing: SELECT userno,username,password,email,gender,status,newdate FROM user 
2019-03-15 17:36:29,228 DEBUG (BaseJdbcLogger.java:159)- ==> Parameters: 
2019-03-15 17:36:29,232 DEBUG (BaseJdbcLogger.java:159)- <==      Total: 5
2019-03-15 17:38:20,484 INFO (StartupInfoLogger.java:50)- Starting AnswerSystemApplication on haoluo with PID 12348 (/home/haoluo/Documents/workspaces/GitHub/AnswerSystem/answer_system/target/classes started by haoluo in /home/haoluo/Documents/workspaces/GitHub/AnswerSystem/answer_system)
2019-03-15 17:38:20,495 DEBUG (StartupInfoLogger.java:53)- Running with Spring Boot v2.1.3.RELEASE, Spring v5.1.5.RELEASE
2019-03-15 17:38:20,497 INFO (SpringApplication.java:679)- The following profiles are active: test
2019-03-15 17:38:25,371 INFO (DataSource1Config.java:49)- datasource1 开始初始化。
2019-03-15 17:38:27,095 INFO (StartupInfoLogger.java:59)- Started AnswerSystemApplication in 8.219 seconds (JVM running for 9.776)
2019-03-15 17:38:40,315 INFO (StartupInfoLogger.java:50)- Starting AnswerSystemApplication on haoluo with PID 12473 (/home/haoluo/Documents/workspaces/GitHub/AnswerSystem/answer_system/target/classes started by haoluo in /home/haoluo/Documents/workspaces/GitHub/AnswerSystem/answer_system)
2019-03-15 17:38:40,334 DEBUG (StartupInfoLogger.java:53)- Running with Spring Boot v2.1.3.RELEASE, Spring v5.1.5.RELEASE
2019-03-15 17:38:40,342 INFO (SpringApplication.java:679)- The following profiles are active: test
2019-03-15 17:38:44,205 INFO (DataSource1Config.java:49)- datasource1 开始初始化。
2019-03-15 17:38:46,181 INFO (StartupInfoLogger.java:59)- Started AnswerSystemApplication in 7.568 seconds (JVM running for 9.063)
2019-03-15 17:41:00,362 DEBUG (BaseJdbcLogger.java:159)- ==>  Preparing: SELECT userno,username,password,email,gender,status,newdate FROM user 
2019-03-15 17:41:00,440 DEBUG (BaseJdbcLogger.java:159)- ==> Parameters: 
2019-03-15 17:41:00,462 DEBUG (BaseJdbcLogger.java:159)- <==      Total: 5
2019-03-15 17:41:04,447 DEBUG (BaseJdbcLogger.java:159)- ==>  Preparing: SELECT userno,username,password,email,gender,status,newdate FROM user 
2019-03-15 17:41:04,448 DEBUG (BaseJdbcLogger.java:159)- ==> Parameters: 
2019-03-15 17:41:04,452 DEBUG (BaseJdbcLogger.java:159)- <==      Total: 5
2019-03-15 17:42:47,250 INFO (StartupInfoLogger.java:50)- Starting AnswerSystemApplication on haoluo with PID 12767 (/home/haoluo/Documents/workspaces/GitHub/AnswerSystem/answer_system/target/classes started by haoluo in /home/haoluo/Documents/workspaces/GitHub/AnswerSystem/answer_system)
2019-03-15 17:42:47,284 DEBUG (StartupInfoLogger.java:53)- Running with Spring Boot v2.1.3.RELEASE, Spring v5.1.5.RELEASE
2019-03-15 17:42:47,285 INFO (SpringApplication.java:679)- The following profiles are active: test
2019-03-15 17:42:51,186 INFO (DataSource1Config.java:49)- datasource1 开始初始化。
2019-03-15 17:42:53,570 INFO (StartupInfoLogger.java:59)- Started AnswerSystemApplication in 8.198 seconds (JVM running for 9.808)
2019-03-15 17:45:21,929 DEBUG (BaseJdbcLogger.java:159)- ==>  Preparing: SELECT userno,username,password,email,gender,status,newdate FROM user 
2019-03-15 17:45:21,968 DEBUG (BaseJdbcLogger.java:159)- ==> Parameters: 
2019-03-15 17:45:21,998 DEBUG (BaseJdbcLogger.java:159)- <==      Total: 5
2019-03-15 17:47:54,335 DEBUG (BaseJdbcLogger.java:159)- ==>  Preparing: SELECT userno,username,password,email,gender,status,newdate FROM user 
2019-03-15 17:47:54,337 DEBUG (BaseJdbcLogger.java:159)- ==> Parameters: 
2019-03-15 17:47:54,343 DEBUG (BaseJdbcLogger.java:159)- <==      Total: 5
2019-03-15 17:48:08,884 DEBUG (BaseJdbcLogger.java:159)- ==>  Preparing: SELECT userno,username,password,email,gender,status,newdate FROM user 
2019-03-15 17:48:08,885 DEBUG (BaseJdbcLogger.java:159)- ==> Parameters: 
2019-03-15 17:48:08,888 DEBUG (BaseJdbcLogger.java:159)- <==      Total: 5
2019-03-15 17:49:52,097 DEBUG (BaseJdbcLogger.java:159)- ==>  Preparing: SELECT userno,username,password,email,gender,status,newdate FROM user 
2019-03-15 17:49:52,098 DEBUG (BaseJdbcLogger.java:159)- ==> Parameters: 
2019-03-15 17:49:52,109 DEBUG (BaseJdbcLogger.java:159)- <==      Total: 5
2019-03-15 17:52:10,994 INFO (StartupInfoLogger.java:50)- Starting AnswerSystemApplication on haoluo with PID 13376 (/home/haoluo/Documents/workspaces/GitHub/AnswerSystem/answer_system/target/classes started by haoluo in /home/haoluo/Documents/workspaces/GitHub/AnswerSystem/answer_system)
2019-03-15 17:52:11,016 DEBUG (StartupInfoLogger.java:53)- Running with Spring Boot v2.1.3.RELEASE, Spring v5.1.5.RELEASE
2019-03-15 17:52:11,018 INFO (SpringApplication.java:679)- The following profiles are active: test
2019-03-15 17:52:16,025 INFO (DataSource1Config.java:49)- datasource1 开始初始化。
2019-03-15 17:52:17,977 INFO (StartupInfoLogger.java:59)- Started AnswerSystemApplication in 8.993 seconds (JVM running for 10.535)
2019-03-15 17:52:26,549 DEBUG (BaseJdbcLogger.java:159)- ==>  Preparing: SELECT userno,username,password,email,gender,status,newdate FROM user 
2019-03-15 17:52:26,584 DEBUG (BaseJdbcLogger.java:159)- ==> Parameters: 
2019-03-15 17:52:26,712 DEBUG (BaseJdbcLogger.java:159)- <==      Total: 5
2019-03-15 17:53:46,770 INFO (StartupInfoLogger.java:50)- Starting AnswerSystemApplication on haoluo with PID 13555 (/home/haoluo/Documents/workspaces/GitHub/AnswerSystem/answer_system/target/classes started by haoluo in /home/haoluo/Documents/workspaces/GitHub/AnswerSystem/answer_system)
2019-03-15 17:53:46,781 DEBUG (StartupInfoLogger.java:53)- Running with Spring Boot v2.1.3.RELEASE, Spring v5.1.5.RELEASE
2019-03-15 17:53:46,783 INFO (SpringApplication.java:679)- The following profiles are active: test
2019-03-15 17:53:51,530 INFO (DataSource1Config.java:49)- datasource1 开始初始化。
2019-03-15 17:53:53,507 INFO (StartupInfoLogger.java:59)- Started AnswerSystemApplication in 7.832 seconds (JVM running for 9.952)
2019-03-15 17:56:52,558 DEBUG (BaseJdbcLogger.java:159)- ==>  Preparing: SELECT userno,username,password,email,gender,status,newdate FROM user 
2019-03-15 17:56:52,588 DEBUG (BaseJdbcLogger.java:159)- ==> Parameters: 
2019-03-15 17:56:52,625 DEBUG (BaseJdbcLogger.java:159)- <==      Total: 5
2019-03-15 17:57:00,962 DEBUG (BaseJdbcLogger.java:159)- ==>  Preparing: SELECT userno,username,password,email,gender,status,newdate FROM user 
2019-03-15 17:57:00,965 DEBUG (BaseJdbcLogger.java:159)- ==> Parameters: 
2019-03-15 17:57:00,981 DEBUG (BaseJdbcLogger.java:159)- <==      Total: 5
2019-03-15 17:57:37,104 DEBUG (BaseJdbcLogger.java:159)- ==>  Preparing: INSERT INTO user ( userno,username,password,email,gender,status,newdate ) VALUES( ?,?,?,?,?,?,? ) 
2019-03-15 17:57:37,106 DEBUG (BaseJdbcLogger.java:159)- ==> Parameters: null, abc(String), abc(String), null, null, null, 123(String)
2019-03-15 17:57:37,374 DEBUG (BaseJdbcLogger.java:159)- <==    Updates: 1
2019-03-15 17:57:37,494 DEBUG (BaseJdbcLogger.java:159)- ==>  Preparing: SELECT userno,username,password,email,gender,status,newdate FROM user 
2019-03-15 17:57:37,495 DEBUG (BaseJdbcLogger.java:159)- ==> Parameters: 
2019-03-15 17:57:37,501 DEBUG (BaseJdbcLogger.java:159)- <==      Total: 6
2019-03-15 17:57:50,716 DEBUG (BaseJdbcLogger.java:159)- ==>  Preparing: SELECT userno,username,password,email,gender,status,newdate FROM user 
2019-03-15 17:57:50,717 DEBUG (BaseJdbcLogger.java:159)- ==> Parameters: 
2019-03-15 17:57:50,723 DEBUG (BaseJdbcLogger.java:159)- <==      Total: 6
2019-03-15 17:57:53,819 DEBUG (BaseJdbcLogger.java:159)- ==>  Preparing: SELECT userno,username,password,email,gender,status,newdate FROM user 
2019-03-15 17:57:53,820 DEBUG (BaseJdbcLogger.java:159)- ==> Parameters: 
2019-03-15 17:57:53,823 DEBUG (BaseJdbcLogger.java:159)- <==      Total: 6
2019-03-15 17:57:57,812 DEBUG (BaseJdbcLogger.java:159)- ==>  Preparing: SELECT userno,username,password,email,gender,status,newdate FROM user 
2019-03-15 17:57:57,813 DEBUG (BaseJdbcLogger.java:159)- ==> Parameters: 
2019-03-15 17:57:57,816 DEBUG (BaseJdbcLogger.java:159)- <==      Total: 6
2019-03-15 17:58:19,047 INFO (StartupInfoLogger.java:50)- Starting AnswerSystemApplication on haoluo with PID 13890 (/home/haoluo/Documents/workspaces/GitHub/AnswerSystem/answer_system/target/classes started by haoluo in /home/haoluo/Documents/workspaces/GitHub/AnswerSystem/answer_system)
2019-03-15 17:58:19,056 DEBUG (StartupInfoLogger.java:53)- Running with Spring Boot v2.1.3.RELEASE, Spring v5.1.5.RELEASE
2019-03-15 17:58:19,058 INFO (SpringApplication.java:679)- The following profiles are active: test
2019-03-15 17:58:23,326 INFO (DataSource1Config.java:49)- datasource1 开始初始化。
2019-03-15 17:58:25,306 INFO (StartupInfoLogger.java:59)- Started AnswerSystemApplication in 7.676 seconds (JVM running for 8.965)
2019-03-15 17:58:29,258 DEBUG (BaseJdbcLogger.java:159)- ==>  Preparing: DELETE FROM user WHERE userno = ? 
2019-03-15 17:58:29,282 DEBUG (BaseJdbcLogger.java:159)- ==> Parameters: 6(Integer)
2019-03-15 17:58:29,572 DEBUG (BaseJdbcLogger.java:159)- <==    Updates: 1
2019-03-15 17:58:29,671 DEBUG (BaseJdbcLogger.java:159)- ==>  Preparing: SELECT userno,username,password,email,gender,status,newdate FROM user 
2019-03-15 17:58:29,675 DEBUG (BaseJdbcLogger.java:159)- ==> Parameters: 
2019-03-15 17:58:29,718 DEBUG (BaseJdbcLogger.java:159)- <==      Total: 5
2019-03-15 17:58:32,713 DEBUG (BaseJdbcLogger.java:159)- ==>  Preparing: DELETE FROM user WHERE userno = ? 
2019-03-15 17:58:32,714 DEBUG (BaseJdbcLogger.java:159)- ==> Parameters: 5(Integer)
2019-03-15 17:58:32,771 DEBUG (BaseJdbcLogger.java:159)- <==    Updates: 1
2019-03-15 17:58:32,794 DEBUG (BaseJdbcLogger.java:159)- ==>  Preparing: SELECT userno,username,password,email,gender,status,newdate FROM user 
2019-03-15 17:58:32,795 DEBUG (BaseJdbcLogger.java:159)- ==> Parameters: 
2019-03-15 17:58:32,797 DEBUG (BaseJdbcLogger.java:159)- <==      Total: 4
2019-03-15 17:58:35,422 DEBUG (BaseJdbcLogger.java:159)- ==>  Preparing: SELECT userno,username,password,email,gender,status,newdate FROM user 
2019-03-15 17:58:35,423 DEBUG (BaseJdbcLogger.java:159)- ==> Parameters: 
2019-03-15 17:58:35,426 DEBUG (BaseJdbcLogger.java:159)- <==      Total: 4
2019-03-15 18:01:50,735 INFO (StartupInfoLogger.java:50)- Starting AnswerSystemApplication on haoluo with PID 14162 (/home/haoluo/Documents/workspaces/GitHub/AnswerSystem/answer_system/target/classes started by haoluo in /home/haoluo/Documents/workspaces/GitHub/AnswerSystem/answer_system)
2019-03-15 18:01:50,759 DEBUG (StartupInfoLogger.java:53)- Running with Spring Boot v2.1.3.RELEASE, Spring v5.1.5.RELEASE
2019-03-15 18:01:50,762 INFO (SpringApplication.java:679)- The following profiles are active: test
2019-03-15 18:01:56,717 INFO (DataSource1Config.java:49)- datasource1 开始初始化。
2019-03-15 18:01:59,306 INFO (StartupInfoLogger.java:59)- Started AnswerSystemApplication in 9.945 seconds (JVM running for 11.304)
2019-03-15 18:06:47,399 INFO (StartupInfoLogger.java:50)- Starting AnswerSystemApplication on haoluo with PID 14520 (/home/haoluo/Documents/workspaces/GitHub/AnswerSystem/answer_system/target/classes started by haoluo in /home/haoluo/Documents/workspaces/GitHub/AnswerSystem/answer_system)
2019-03-15 18:06:47,425 DEBUG (StartupInfoLogger.java:53)- Running with Spring Boot v2.1.3.RELEASE, Spring v5.1.5.RELEASE
2019-03-15 18:06:47,426 INFO (SpringApplication.java:679)- The following profiles are active: test
2019-03-15 18:06:51,297 INFO (DataSource1Config.java:49)- datasource1 开始初始化。
2019-03-15 18:06:53,165 INFO (StartupInfoLogger.java:59)- Started AnswerSystemApplication in 7.387 seconds (JVM running for 9.629)
2019-03-15 18:07:31,126 DEBUG (BaseJdbcLogger.java:159)- ==>  Preparing: UPDATE user SET userno = userno,username = ?,password = ?,newdate = ? WHERE userno = ? 
2019-03-15 18:07:31,182 DEBUG (BaseJdbcLogger.java:159)- ==> Parameters: xyz(String), 123(String), 123(String), null
2019-03-15 18:07:31,229 DEBUG (BaseJdbcLogger.java:159)- <==    Updates: 0
2019-03-15 18:07:31,598 DEBUG (BaseJdbcLogger.java:159)- ==>  Preparing: SELECT userno,username,password,email,gender,status,newdate FROM user 
2019-03-15 18:07:31,599 DEBUG (BaseJdbcLogger.java:159)- ==> Parameters: 
2019-03-15 18:07:31,623 DEBUG (BaseJdbcLogger.java:159)- <==      Total: 4
