2019-03-16 09:40:06,063 INFO (StartupInfoLogger.java:50)- Starting AnswerSystemApplication on haoluo with PID 6257 (/home/haoluo/Documents/workspaces/GitHub/AnswerSystem/answer_system/target/classes started by haoluo in /home/haoluo/Documents/workspaces/GitHub/AnswerSystem/answer_system)
2019-03-16 09:40:06,070 DEBUG (StartupInfoLogger.java:53)- Running with Spring Boot v2.1.3.RELEASE, Spring v5.1.5.RELEASE
2019-03-16 09:40:06,071 INFO (SpringApplication.java:679)- The following profiles are active: test
2019-03-16 09:40:10,201 INFO (DataSource1Config.java:49)- datasource1 开始初始化。
2019-03-16 09:40:12,503 INFO (StartupInfoLogger.java:59)- Started AnswerSystemApplication in 10.398 seconds (JVM running for 12.609)
2019-03-16 09:45:47,337 DEBUG (BaseJdbcLogger.java:159)- ==>  Preparing: SELECT userno,username,password,email,gender,status,newdate FROM user 
2019-03-16 09:45:47,357 DEBUG (BaseJdbcLogger.java:159)- ==> Parameters: 
2019-03-16 09:45:47,404 DEBUG (BaseJdbcLogger.java:159)- <==      Total: 4
2019-03-16 10:13:40,664 INFO (StartupInfoLogger.java:50)- Starting AnswerSystemApplication on haoluo with PID 8036 (/home/haoluo/Documents/workspaces/GitHub/AnswerSystem/answer_system/target/classes started by haoluo in /home/haoluo/Documents/workspaces/GitHub/AnswerSystem/answer_system)
2019-03-16 10:13:40,691 DEBUG (StartupInfoLogger.java:53)- Running with Spring Boot v2.1.3.RELEASE, Spring v5.1.5.RELEASE
2019-03-16 10:13:40,693 INFO (SpringApplication.java:679)- The following profiles are active: test
2019-03-16 10:13:45,390 INFO (DataSource1Config.java:49)- datasource1 开始初始化。
2019-03-16 10:13:47,774 INFO (StartupInfoLogger.java:59)- Started AnswerSystemApplication in 9.132 seconds (JVM running for 11.468)
2019-03-16 10:19:18,550 DEBUG (BaseJdbcLogger.java:159)- ==>  Preparing: SELECT id,name,des,time,status FROM examination 
2019-03-16 10:19:18,581 DEBUG (BaseJdbcLogger.java:159)- ==> Parameters: 
2019-03-16 10:19:18,608 DEBUG (BaseJdbcLogger.java:159)- <==      Total: 11
2019-03-16 10:19:56,438 DEBUG (BaseJdbcLogger.java:159)- ==>  Preparing: SELECT id,name,des,time,status FROM examination 
2019-03-16 10:19:56,439 DEBUG (BaseJdbcLogger.java:159)- ==> Parameters: 
2019-03-16 10:19:56,446 DEBUG (BaseJdbcLogger.java:159)- <==      Total: 11
2019-03-16 10:20:28,201 DEBUG (BaseJdbcLogger.java:159)- ==>  Preparing: SELECT id,name,des,time,status FROM examination 
2019-03-16 10:20:28,202 DEBUG (BaseJdbcLogger.java:159)- ==> Parameters: 
2019-03-16 10:20:28,211 DEBUG (BaseJdbcLogger.java:159)- <==      Total: 11
2019-03-16 10:24:35,770 INFO (StartupInfoLogger.java:50)- Starting AnswerSystemApplication on haoluo with PID 8443 (/home/haoluo/Documents/workspaces/GitHub/AnswerSystem/answer_system/target/classes started by haoluo in /home/haoluo/Documents/workspaces/GitHub/AnswerSystem/answer_system)
2019-03-16 10:24:35,779 DEBUG (StartupInfoLogger.java:53)- Running with Spring Boot v2.1.3.RELEASE, Spring v5.1.5.RELEASE
2019-03-16 10:24:35,784 INFO (SpringApplication.java:679)- The following profiles are active: test
2019-03-16 10:24:38,691 INFO (DataSource1Config.java:49)- datasource1 开始初始化。
2019-03-16 10:24:40,402 INFO (StartupInfoLogger.java:59)- Started AnswerSystemApplication in 5.601 seconds (JVM running for 6.985)
2019-03-16 10:25:57,476 DEBUG (BaseJdbcLogger.java:159)- ==>  Preparing: SELECT id,name,des,time,status FROM examination 
2019-03-16 10:25:57,530 DEBUG (BaseJdbcLogger.java:159)- ==> Parameters: 
2019-03-16 10:25:57,570 DEBUG (BaseJdbcLogger.java:159)- <==      Total: 11
2019-03-16 10:28:01,771 DEBUG (BaseJdbcLogger.java:159)- ==>  Preparing: SELECT id,name,des,time,status FROM examination 
2019-03-16 10:28:01,773 DEBUG (BaseJdbcLogger.java:159)- ==> Parameters: 
2019-03-16 10:28:01,785 DEBUG (BaseJdbcLogger.java:159)- <==      Total: 11
2019-03-16 10:40:36,536 DEBUG (BaseJdbcLogger.java:159)- ==>  Preparing: SELECT id,name,des,time,status FROM examination 
2019-03-16 10:40:36,537 DEBUG (BaseJdbcLogger.java:159)- ==> Parameters: 
2019-03-16 10:40:36,545 DEBUG (BaseJdbcLogger.java:159)- <==      Total: 11
2019-03-16 10:40:49,158 DEBUG (BaseJdbcLogger.java:159)- ==>  Preparing: SELECT id,name,des,time,status FROM examination 
2019-03-16 10:40:49,161 DEBUG (BaseJdbcLogger.java:159)- ==> Parameters: 
2019-03-16 10:40:49,176 DEBUG (BaseJdbcLogger.java:159)- <==      Total: 11
2019-03-16 10:42:04,334 DEBUG (BaseJdbcLogger.java:159)- ==>  Preparing: SELECT id,name,des,time,status FROM examination 
2019-03-16 10:42:04,335 DEBUG (BaseJdbcLogger.java:159)- ==> Parameters: 
2019-03-16 10:42:04,339 DEBUG (BaseJdbcLogger.java:159)- <==      Total: 11
2019-03-16 10:52:00,909 DEBUG (BaseJdbcLogger.java:159)- ==>  Preparing: SELECT id,name,des,time,status FROM examination 
2019-03-16 10:52:00,911 DEBUG (BaseJdbcLogger.java:159)- ==> Parameters: 
2019-03-16 10:52:00,917 DEBUG (BaseJdbcLogger.java:159)- <==      Total: 11
2019-03-16 10:52:18,932 DEBUG (BaseJdbcLogger.java:159)- ==>  Preparing: SELECT id,name,des,time,status FROM examination 
2019-03-16 10:52:18,932 DEBUG (BaseJdbcLogger.java:159)- ==> Parameters: 
2019-03-16 10:52:18,936 DEBUG (BaseJdbcLogger.java:159)- <==      Total: 11
2019-03-16 10:53:00,333 DEBUG (BaseJdbcLogger.java:159)- ==>  Preparing: SELECT id,name,des,time,status FROM examination 
2019-03-16 10:53:00,336 DEBUG (BaseJdbcLogger.java:159)- ==> Parameters: 
2019-03-16 10:53:00,343 DEBUG (BaseJdbcLogger.java:159)- <==      Total: 11
2019-03-16 10:53:04,324 DEBUG (BaseJdbcLogger.java:159)- ==>  Preparing: SELECT id,name,des,time,status FROM examination 
2019-03-16 10:53:04,325 DEBUG (BaseJdbcLogger.java:159)- ==> Parameters: 
2019-03-16 10:53:04,328 DEBUG (BaseJdbcLogger.java:159)- <==      Total: 11
2019-03-16 11:03:54,291 INFO (StartupInfoLogger.java:50)- Starting AnswerSystemApplication on haoluo with PID 10389 (/home/haoluo/Documents/workspaces/GitHub/AnswerSystem/answer_system/target/classes started by haoluo in /home/haoluo/Documents/workspaces/GitHub/AnswerSystem/answer_system)
2019-03-16 11:03:54,305 DEBUG (StartupInfoLogger.java:53)- Running with Spring Boot v2.1.3.RELEASE, Spring v5.1.5.RELEASE
2019-03-16 11:03:54,307 INFO (SpringApplication.java:679)- The following profiles are active: test
2019-03-16 11:03:58,472 INFO (DataSource1Config.java:49)- datasource1 开始初始化。
2019-03-16 11:04:00,579 INFO (StartupInfoLogger.java:59)- Started AnswerSystemApplication in 8.846 seconds (JVM running for 10.448)
2019-03-16 11:05:03,585 DEBUG (BaseJdbcLogger.java:159)- ==>  Preparing: SELECT userno,username,password,email,gender,status,newdate FROM user 
2019-03-16 11:05:03,676 DEBUG (BaseJdbcLogger.java:159)- ==> Parameters: 
2019-03-16 11:05:03,707 DEBUG (BaseJdbcLogger.java:159)- <==      Total: 4
2019-03-16 11:05:05,418 DEBUG (BaseJdbcLogger.java:159)- ==>  Preparing: SELECT id,name,des,time,status FROM examination 
2019-03-16 11:05:05,420 DEBUG (BaseJdbcLogger.java:159)- ==> Parameters: 
2019-03-16 11:05:05,431 DEBUG (BaseJdbcLogger.java:159)- <==      Total: 11
2019-03-16 11:07:43,000 INFO (StartupInfoLogger.java:50)- Starting AnswerSystemApplication on haoluo with PID 10699 (/home/haoluo/Documents/workspaces/GitHub/AnswerSystem/answer_system/target/classes started by haoluo in /home/haoluo/Documents/workspaces/GitHub/AnswerSystem/answer_system)
2019-03-16 11:07:43,007 DEBUG (StartupInfoLogger.java:53)- Running with Spring Boot v2.1.3.RELEASE, Spring v5.1.5.RELEASE
2019-03-16 11:07:43,008 INFO (SpringApplication.java:679)- The following profiles are active: test
2019-03-16 11:07:46,204 INFO (DataSource1Config.java:49)- datasource1 开始初始化。
2019-03-16 11:07:48,091 INFO (StartupInfoLogger.java:59)- Started AnswerSystemApplication in 6.233 seconds (JVM running for 7.581)
2019-03-16 11:16:24,984 DEBUG (BaseJdbcLogger.java:159)- ==>  Preparing: SELECT id,name,des,time,status FROM examination 
2019-03-16 11:16:25,008 DEBUG (BaseJdbcLogger.java:159)- ==> Parameters: 
2019-03-16 11:16:25,028 DEBUG (BaseJdbcLogger.java:159)- <==      Total: 11
2019-03-16 11:17:55,011 DEBUG (BaseJdbcLogger.java:159)- ==>  Preparing: SELECT id,name,des,time,status FROM examination 
2019-03-16 11:17:55,013 DEBUG (BaseJdbcLogger.java:159)- ==> Parameters: 
2019-03-16 11:17:55,032 DEBUG (BaseJdbcLogger.java:159)- <==      Total: 11
2019-03-16 11:18:46,469 DEBUG (BaseJdbcLogger.java:159)- ==>  Preparing: SELECT id,name,des,time,status FROM examination 
2019-03-16 11:18:46,470 DEBUG (BaseJdbcLogger.java:159)- ==> Parameters: 
2019-03-16 11:18:46,475 DEBUG (BaseJdbcLogger.java:159)- <==      Total: 11
2019-03-16 11:21:01,027 DEBUG (BaseJdbcLogger.java:159)- ==>  Preparing: SELECT id,name,des,time,status FROM examination 
2019-03-16 11:21:01,028 DEBUG (BaseJdbcLogger.java:159)- ==> Parameters: 
2019-03-16 11:21:01,035 DEBUG (BaseJdbcLogger.java:159)- <==      Total: 11
2019-03-16 11:31:34,713 DEBUG (BaseJdbcLogger.java:159)- ==>  Preparing: SELECT id,name,des,time,status FROM examination 
2019-03-16 11:31:34,714 DEBUG (BaseJdbcLogger.java:159)- ==> Parameters: 
2019-03-16 11:31:34,717 DEBUG (BaseJdbcLogger.java:159)- <==      Total: 11
2019-03-16 11:33:47,120 INFO (StartupInfoLogger.java:50)- Starting AnswerSystemApplication on haoluo with PID 12114 (/home/haoluo/Documents/workspaces/GitHub/AnswerSystem/answer_system/target/classes started by haoluo in /home/haoluo/Documents/workspaces/GitHub/AnswerSystem/answer_system)
2019-03-16 11:33:47,123 DEBUG (StartupInfoLogger.java:53)- Running with Spring Boot v2.1.3.RELEASE, Spring v5.1.5.RELEASE
2019-03-16 11:33:47,124 INFO (SpringApplication.java:679)- The following profiles are active: test
2019-03-16 11:33:49,364 INFO (DataSource1Config.java:49)- datasource1 开始初始化。
2019-03-16 11:33:51,058 INFO (StartupInfoLogger.java:59)- Started AnswerSystemApplication in 5.006 seconds (JVM running for 6.9)
2019-03-16 11:37:08,910 INFO (StartupInfoLogger.java:50)- Starting AnswerSystemApplication on haoluo with PID 12400 (/home/haoluo/Documents/workspaces/GitHub/AnswerSystem/answer_system/target/classes started by haoluo in /home/haoluo/Documents/workspaces/GitHub/AnswerSystem/answer_system)
2019-03-16 11:37:08,919 DEBUG (StartupInfoLogger.java:53)- Running with Spring Boot v2.1.3.RELEASE, Spring v5.1.5.RELEASE
2019-03-16 11:37:08,920 INFO (SpringApplication.java:679)- The following profiles are active: test
2019-03-16 11:37:12,040 INFO (DataSource1Config.java:49)- datasource1 开始初始化。
2019-03-16 11:37:13,946 INFO (StartupInfoLogger.java:59)- Started AnswerSystemApplication in 6.063 seconds (JVM running for 7.35)
2019-03-16 11:39:05,735 INFO (StartupInfoLogger.java:50)- Starting AnswerSystemApplication on haoluo with PID 12566 (/home/haoluo/Documents/workspaces/GitHub/AnswerSystem/answer_system/target/classes started by haoluo in /home/haoluo/Documents/workspaces/GitHub/AnswerSystem/answer_system)
2019-03-16 11:39:05,740 DEBUG (StartupInfoLogger.java:53)- Running with Spring Boot v2.1.3.RELEASE, Spring v5.1.5.RELEASE
2019-03-16 11:39:05,741 INFO (SpringApplication.java:679)- The following profiles are active: test
2019-03-16 11:39:10,426 INFO (DataSource1Config.java:49)- datasource1 开始初始化。
2019-03-16 11:39:12,383 INFO (StartupInfoLogger.java:59)- Started AnswerSystemApplication in 7.807 seconds (JVM running for 8.83)
2019-03-16 11:39:55,590 DEBUG (BaseJdbcLogger.java:159)- ==>  Preparing: SELECT id,name,des,time,status FROM examination 
2019-03-16 11:39:55,618 DEBUG (BaseJdbcLogger.java:159)- ==> Parameters: 
2019-03-16 11:39:55,638 DEBUG (BaseJdbcLogger.java:159)- <==      Total: 11
2019-03-16 11:41:37,614 DEBUG (BaseJdbcLogger.java:159)- ==>  Preparing: SELECT id,name,des,time,status FROM examination 
2019-03-16 11:41:37,615 DEBUG (BaseJdbcLogger.java:159)- ==> Parameters: 
2019-03-16 11:41:37,635 DEBUG (BaseJdbcLogger.java:159)- <==      Total: 11
2019-03-16 11:42:35,502 DEBUG (BaseJdbcLogger.java:159)- ==>  Preparing: SELECT id,name,des,time,status FROM examination 
2019-03-16 11:42:35,504 DEBUG (BaseJdbcLogger.java:159)- ==> Parameters: 
2019-03-16 11:42:35,513 DEBUG (BaseJdbcLogger.java:159)- <==      Total: 11
2019-03-16 11:44:48,680 INFO (StartupInfoLogger.java:50)- Starting AnswerSystemApplication on haoluo with PID 12923 (/home/haoluo/Documents/workspaces/GitHub/AnswerSystem/answer_system/target/classes started by haoluo in /home/haoluo/Documents/workspaces/GitHub/AnswerSystem/answer_system)
2019-03-16 11:44:48,685 DEBUG (StartupInfoLogger.java:53)- Running with Spring Boot v2.1.3.RELEASE, Spring v5.1.5.RELEASE
2019-03-16 11:44:48,686 INFO (SpringApplication.java:679)- The following profiles are active: test
2019-03-16 11:44:51,280 INFO (DataSource1Config.java:49)- datasource1 开始初始化。
2019-03-16 11:44:53,034 INFO (StartupInfoLogger.java:59)- Started AnswerSystemApplication in 5.264 seconds (JVM running for 6.32)
2019-03-16 11:49:50,627 DEBUG (BaseJdbcLogger.java:159)- ==>  Preparing: SELECT id,name,des,time,status FROM examination 
2019-03-16 11:49:50,653 DEBUG (BaseJdbcLogger.java:159)- ==> Parameters: 
2019-03-16 11:49:50,679 DEBUG (BaseJdbcLogger.java:159)- <==      Total: 11
2019-03-16 15:23:26,364 DEBUG (BaseJdbcLogger.java:159)- ==>  Preparing: SELECT userno,username,password,email,gender,status,newdate FROM user 
2019-03-16 15:23:26,366 DEBUG (BaseJdbcLogger.java:159)- ==> Parameters: 
2019-03-16 15:23:26,385 DEBUG (BaseJdbcLogger.java:159)- <==      Total: 4
2019-03-16 17:28:36,641 DEBUG (BaseJdbcLogger.java:159)- ==>  Preparing: SELECT id,name,des,time,status FROM examination 
2019-03-16 17:28:36,670 DEBUG (BaseJdbcLogger.java:159)- ==> Parameters: 
2019-03-16 17:28:36,783 DEBUG (BaseJdbcLogger.java:159)- <==      Total: 11
2019-03-16 17:28:54,452 DEBUG (BaseJdbcLogger.java:159)- ==>  Preparing: SELECT id,name,des,time,status FROM examination 
2019-03-16 17:28:54,454 DEBUG (BaseJdbcLogger.java:159)- ==> Parameters: 
2019-03-16 17:28:54,462 DEBUG (BaseJdbcLogger.java:159)- <==      Total: 11
2019-03-16 17:33:26,040 DEBUG (BaseJdbcLogger.java:159)- ==>  Preparing: SELECT id,name,des,time,status FROM examination 
2019-03-16 17:33:26,041 DEBUG (BaseJdbcLogger.java:159)- ==> Parameters: 
2019-03-16 17:33:26,046 DEBUG (BaseJdbcLogger.java:159)- <==      Total: 11
2019-03-16 17:39:11,498 DEBUG (BaseJdbcLogger.java:159)- ==>  Preparing: SELECT id,name,des,time,status FROM examination 
2019-03-16 17:39:11,498 DEBUG (BaseJdbcLogger.java:159)- ==> Parameters: 
2019-03-16 17:39:11,501 DEBUG (BaseJdbcLogger.java:159)- <==      Total: 11
