2019-03-21 13:07:40,622 INFO (StartupInfoLogger.java:50)- Starting AnswerSystemApplication on haoluo with PID 4990 (/home/haoluo/Documents/workspaces/GitHub/AnswerSystem/answer_system/target/classes started by haoluo in /home/haoluo/Documents/workspaces/GitHub/AnswerSystem/answer_system)
2019-03-21 13:07:40,646 DEBUG (StartupInfoLogger.java:53)- Running with Spring Boot v2.1.3.RELEASE, Spring v5.1.5.RELEASE
2019-03-21 13:07:40,647 INFO (SpringApplication.java:679)- The following profiles are active: test
2019-03-21 13:07:47,964 INFO (DataSource1Config.java:49)- datasource1 开始初始化。
2019-03-21 13:07:55,324 INFO (StartupInfoLogger.java:59)- Started AnswerSystemApplication in 18.063 seconds (JVM running for 20.714)
2019-03-21 13:11:16,472 DEBUG (BaseJdbcLogger.java:159)- ==>  Preparing: SELECT id,user,acnumber,ernumber,scope,examination,examinationName,username FROM records 
2019-03-21 13:11:16,480 DEBUG (BaseJdbcLogger.java:159)- ==>  Preparing: SELECT userno,username,password,email,gender,status,newdate FROM user 
2019-03-21 13:11:16,480 DEBUG (BaseJdbcLogger.java:159)- ==>  Preparing: SELECT id,name,des,time,status,type FROM examination 
2019-03-21 13:11:16,506 DEBUG (BaseJdbcLogger.java:159)- ==> Parameters: 
2019-03-21 13:11:16,506 DEBUG (BaseJdbcLogger.java:159)- ==> Parameters: 
2019-03-21 13:11:16,506 DEBUG (BaseJdbcLogger.java:159)- ==> Parameters: 
2019-03-21 13:11:16,541 DEBUG (BaseJdbcLogger.java:159)- <==      Total: 4
2019-03-21 13:11:16,543 DEBUG (BaseJdbcLogger.java:159)- <==      Total: 11
2019-03-21 13:11:16,556 DEBUG (BaseJdbcLogger.java:159)- <==      Total: 1
2019-03-21 13:11:37,408 DEBUG (BaseJdbcLogger.java:159)- ==>  Preparing: SELECT id,user,acnumber,ernumber,scope,examination,examinationName,username FROM records 
2019-03-21 13:11:37,409 DEBUG (BaseJdbcLogger.java:159)- ==> Parameters: 
2019-03-21 13:11:37,412 DEBUG (BaseJdbcLogger.java:159)- <==      Total: 1
2019-03-21 13:11:38,235 DEBUG (BaseJdbcLogger.java:159)- ==>  Preparing: SELECT id,name,des,time,status,type FROM examination 
2019-03-21 13:11:38,236 DEBUG (BaseJdbcLogger.java:159)- ==> Parameters: 
2019-03-21 13:11:38,243 DEBUG (BaseJdbcLogger.java:159)- <==      Total: 11
2019-03-21 13:11:40,088 DEBUG (BaseJdbcLogger.java:159)- ==>  Preparing: SELECT id,title,answer,reason,examination,score,type,typeparse,token FROM question WHERE ( examination = ? ) 
2019-03-21 13:11:40,089 DEBUG (BaseJdbcLogger.java:159)- ==> Parameters: 4(Integer)
2019-03-21 13:11:40,112 DEBUG (BaseJdbcLogger.java:159)- <==      Total: 1
2019-03-21 13:11:40,120 DEBUG (BaseJdbcLogger.java:159)- ==>  Preparing: SELECT id,name,question,score FROM items WHERE ( question = ? ) 
2019-03-21 13:11:40,121 DEBUG (BaseJdbcLogger.java:159)- ==> Parameters: 1(Integer)
2019-03-21 13:11:40,131 DEBUG (BaseJdbcLogger.java:159)- <==      Total: 2
2019-03-21 13:12:07,242 DEBUG (BaseJdbcLogger.java:159)- ==>  Preparing: SELECT fn.id, fn.`name`, fn.parse, fv.id AS value_id, fv.tag, fv.field_name, fv.`value`, fv.parse AS value_parse, fv.properties FROM sys_field_name fn LEFT JOIN sys_field_value fv ON fv.field_name = fn.id 
2019-03-21 13:12:07,243 DEBUG (BaseJdbcLogger.java:159)- ==> Parameters: 
2019-03-21 13:12:07,268 DEBUG (BaseJdbcLogger.java:159)- <==      Total: 12
2019-03-21 13:12:07,287 DEBUG (BaseJdbcLogger.java:159)- ==>  Preparing: INSERT INTO question ( id,title,answer,reason,examination,score,type,typeparse,token ) VALUES( ?,?,?,?,?,?,?,?,? ) 
2019-03-21 13:12:07,289 DEBUG (BaseJdbcLogger.java:159)- ==> Parameters: null, 多选题(String), 6(String), (String), null, 2(Integer), 2(Integer), 判断题(String), 785ba60d91744f239005bd6c482e9fef(String)
2019-03-21 13:12:07,291 DEBUG (BaseJdbcLogger.java:159)- <==    Updates: 1
2019-03-21 13:12:07,296 DEBUG (BaseJdbcLogger.java:159)- ==>  Executing: SELECT LAST_INSERT_ID() 
2019-03-21 13:12:07,298 DEBUG (BaseJdbcLogger.java:159)- <==      Total: 1
2019-03-21 13:12:07,300 DEBUG (BaseJdbcLogger.java:159)- ==>  Preparing: SELECT id,title,answer,reason,examination,score,type,typeparse,token FROM question WHERE ( token = ? ) 
2019-03-21 13:12:07,307 DEBUG (BaseJdbcLogger.java:159)- ==> Parameters: 785ba60d91744f239005bd6c482e9fef(String)
2019-03-21 13:12:07,309 DEBUG (BaseJdbcLogger.java:159)- <==      Total: 1
2019-03-21 13:12:07,312 DEBUG (BaseJdbcLogger.java:159)- ==>  Preparing: INSERT INTO items ( name,question,score ) VALUES ( ?,?,? ) , ( ?,?,? ) , ( ?,?,? ) , ( ?,?,? ) 
2019-03-21 13:12:07,313 DEBUG (BaseJdbcLogger.java:159)- ==> Parameters: a(String), 5(Integer), 1(Integer), b(String), 5(Integer), 2(Integer), c(String), 5(Integer), 4(Integer), d(String), 5(Integer), 8(Integer)
2019-03-21 13:12:07,382 DEBUG (BaseJdbcLogger.java:159)- <==    Updates: 4
2019-03-21 13:12:07,630 DEBUG (BaseJdbcLogger.java:159)- ==>  Preparing: SELECT id,title,answer,reason,examination,score,type,typeparse,token FROM question WHERE ( examination = ? ) 
2019-03-21 13:12:07,631 DEBUG (BaseJdbcLogger.java:159)- ==> Parameters: 4(Integer)
2019-03-21 13:12:07,634 DEBUG (BaseJdbcLogger.java:159)- <==      Total: 1
2019-03-21 13:12:07,636 DEBUG (BaseJdbcLogger.java:159)- ==>  Preparing: SELECT id,name,question,score FROM items WHERE ( question = ? ) 
2019-03-21 13:12:07,637 DEBUG (BaseJdbcLogger.java:159)- ==> Parameters: 1(Integer)
2019-03-21 13:12:07,638 DEBUG (BaseJdbcLogger.java:159)- <==      Total: 2
2019-03-21 13:12:12,007 DEBUG (BaseJdbcLogger.java:159)- ==>  Preparing: SELECT id,title,answer,reason,examination,score,type,typeparse,token FROM question WHERE ( examination = ? ) 
2019-03-21 13:12:12,008 DEBUG (BaseJdbcLogger.java:159)- ==> Parameters: 4(Integer)
2019-03-21 13:12:12,010 DEBUG (BaseJdbcLogger.java:159)- <==      Total: 1
2019-03-21 13:12:12,012 DEBUG (BaseJdbcLogger.java:159)- ==>  Preparing: SELECT id,name,question,score FROM items WHERE ( question = ? ) 
2019-03-21 13:12:12,013 DEBUG (BaseJdbcLogger.java:159)- ==> Parameters: 1(Integer)
2019-03-21 13:12:12,015 DEBUG (BaseJdbcLogger.java:159)- <==      Total: 2
2019-03-21 13:12:30,667 DEBUG (BaseJdbcLogger.java:159)- ==>  Preparing: SELECT id,name,des,time,status,type FROM examination 
2019-03-21 13:12:30,668 DEBUG (BaseJdbcLogger.java:159)- ==> Parameters: 
2019-03-21 13:12:30,671 DEBUG (BaseJdbcLogger.java:159)- <==      Total: 11
2019-03-21 13:12:31,380 DEBUG (BaseJdbcLogger.java:159)- ==>  Preparing: SELECT id,user,acnumber,ernumber,scope,examination,examinationName,username FROM records 
2019-03-21 13:12:31,381 DEBUG (BaseJdbcLogger.java:159)- ==> Parameters: 
2019-03-21 13:12:31,384 DEBUG (BaseJdbcLogger.java:159)- <==      Total: 1
2019-03-21 13:12:32,192 DEBUG (BaseJdbcLogger.java:159)- ==>  Preparing: SELECT id,name,des,time,status,type FROM examination 
2019-03-21 13:12:32,194 DEBUG (BaseJdbcLogger.java:159)- ==> Parameters: 
2019-03-21 13:12:32,199 DEBUG (BaseJdbcLogger.java:159)- <==      Total: 11
2019-03-21 13:12:33,324 DEBUG (BaseJdbcLogger.java:159)- ==>  Preparing: SELECT id,title,answer,reason,examination,score,type,typeparse,token FROM question WHERE ( examination = ? ) 
2019-03-21 13:12:33,325 DEBUG (BaseJdbcLogger.java:159)- ==> Parameters: 4(Integer)
2019-03-21 13:12:33,327 DEBUG (BaseJdbcLogger.java:159)- <==      Total: 1
2019-03-21 13:12:33,329 DEBUG (BaseJdbcLogger.java:159)- ==>  Preparing: SELECT id,name,question,score FROM items WHERE ( question = ? ) 
2019-03-21 13:12:33,330 DEBUG (BaseJdbcLogger.java:159)- ==> Parameters: 1(Integer)
2019-03-21 13:12:33,331 DEBUG (BaseJdbcLogger.java:159)- <==      Total: 2
2019-03-21 13:15:26,385 DEBUG (BaseJdbcLogger.java:159)- ==>  Preparing: SELECT id,title,answer,reason,examination,score,type,typeparse,token FROM question WHERE ( examination = ? ) 
2019-03-21 13:15:26,386 DEBUG (BaseJdbcLogger.java:159)- ==> Parameters: 4(Integer)
2019-03-21 13:15:26,388 DEBUG (BaseJdbcLogger.java:159)- <==      Total: 2
2019-03-21 13:15:26,397 DEBUG (BaseJdbcLogger.java:159)- ==>  Preparing: SELECT id,name,question,score FROM items WHERE ( question = ? ) 
2019-03-21 13:15:26,398 DEBUG (BaseJdbcLogger.java:159)- ==> Parameters: 1(Integer)
2019-03-21 13:15:26,400 DEBUG (BaseJdbcLogger.java:159)- <==      Total: 2
2019-03-21 13:15:26,402 DEBUG (BaseJdbcLogger.java:159)- ==>  Preparing: SELECT id,name,question,score FROM items WHERE ( question = ? ) 
2019-03-21 13:15:26,403 DEBUG (BaseJdbcLogger.java:159)- ==> Parameters: 5(Integer)
2019-03-21 13:15:26,407 DEBUG (BaseJdbcLogger.java:159)- <==      Total: 4
2019-03-21 13:16:26,043 DEBUG (BaseJdbcLogger.java:159)- ==>  Preparing: SELECT id,title,answer,reason,examination,score,type,typeparse,token FROM question WHERE ( examination = ? ) 
2019-03-21 13:16:26,044 DEBUG (BaseJdbcLogger.java:159)- ==> Parameters: 4(Integer)
2019-03-21 13:16:26,046 DEBUG (BaseJdbcLogger.java:159)- <==      Total: 2
2019-03-21 13:16:26,048 DEBUG (BaseJdbcLogger.java:159)- ==>  Preparing: SELECT id,name,question,score FROM items WHERE ( question = ? ) 
2019-03-21 13:16:26,049 DEBUG (BaseJdbcLogger.java:159)- ==> Parameters: 1(Integer)
2019-03-21 13:16:26,051 DEBUG (BaseJdbcLogger.java:159)- <==      Total: 2
2019-03-21 13:16:26,057 DEBUG (BaseJdbcLogger.java:159)- ==>  Preparing: SELECT id,name,question,score FROM items WHERE ( question = ? ) 
2019-03-21 13:16:26,058 DEBUG (BaseJdbcLogger.java:159)- ==> Parameters: 5(Integer)
2019-03-21 13:16:26,060 DEBUG (BaseJdbcLogger.java:159)- <==      Total: 4
2019-03-21 13:19:09,371 DEBUG (BaseJdbcLogger.java:159)- ==>  Preparing: SELECT id,title,answer,reason,examination,score,type,typeparse,token FROM question WHERE ( examination = ? ) 
2019-03-21 13:19:09,372 DEBUG (BaseJdbcLogger.java:159)- ==> Parameters: 4(Integer)
2019-03-21 13:19:09,375 DEBUG (BaseJdbcLogger.java:159)- <==      Total: 2
2019-03-21 13:19:09,377 DEBUG (BaseJdbcLogger.java:159)- ==>  Preparing: SELECT id,name,question,score FROM items WHERE ( question = ? ) 
2019-03-21 13:19:09,378 DEBUG (BaseJdbcLogger.java:159)- ==> Parameters: 1(Integer)
2019-03-21 13:19:09,380 DEBUG (BaseJdbcLogger.java:159)- <==      Total: 2
2019-03-21 13:19:09,382 DEBUG (BaseJdbcLogger.java:159)- ==>  Preparing: SELECT id,name,question,score FROM items WHERE ( question = ? ) 
2019-03-21 13:19:09,382 DEBUG (BaseJdbcLogger.java:159)- ==> Parameters: 5(Integer)
2019-03-21 13:19:09,384 DEBUG (BaseJdbcLogger.java:159)- <==      Total: 4
2019-03-21 13:21:57,428 DEBUG (BaseJdbcLogger.java:159)- ==>  Preparing: SELECT id,title,answer,reason,examination,score,type,typeparse,token FROM question WHERE ( examination = ? ) 
2019-03-21 13:21:57,429 DEBUG (BaseJdbcLogger.java:159)- ==> Parameters: 4(Integer)
2019-03-21 13:21:57,432 DEBUG (BaseJdbcLogger.java:159)- <==      Total: 2
2019-03-21 13:21:57,434 DEBUG (BaseJdbcLogger.java:159)- ==>  Preparing: SELECT id,name,question,score FROM items WHERE ( question = ? ) 
2019-03-21 13:21:57,435 DEBUG (BaseJdbcLogger.java:159)- ==> Parameters: 1(Integer)
2019-03-21 13:21:57,442 DEBUG (BaseJdbcLogger.java:159)- <==      Total: 2
2019-03-21 13:21:57,444 DEBUG (BaseJdbcLogger.java:159)- ==>  Preparing: SELECT id,name,question,score FROM items WHERE ( question = ? ) 
2019-03-21 13:21:57,447 DEBUG (BaseJdbcLogger.java:159)- ==> Parameters: 5(Integer)
2019-03-21 13:21:57,450 DEBUG (BaseJdbcLogger.java:159)- <==      Total: 4
2019-03-21 13:23:12,094 DEBUG (BaseJdbcLogger.java:159)- ==>  Preparing: SELECT id,user,acnumber,ernumber,scope,examination,examinationName,username FROM records 
2019-03-21 13:23:12,095 DEBUG (BaseJdbcLogger.java:159)- ==> Parameters: 
2019-03-21 13:23:12,098 DEBUG (BaseJdbcLogger.java:159)- <==      Total: 1
2019-03-21 13:23:13,453 DEBUG (BaseJdbcLogger.java:159)- ==>  Preparing: SELECT id,name,des,time,status,type FROM examination 
2019-03-21 13:23:13,453 DEBUG (BaseJdbcLogger.java:159)- ==> Parameters: 
2019-03-21 13:23:13,455 DEBUG (BaseJdbcLogger.java:159)- <==      Total: 11
2019-03-21 13:23:15,285 DEBUG (BaseJdbcLogger.java:159)- ==>  Preparing: SELECT id,title,answer,reason,examination,score,type,typeparse,token FROM question WHERE ( examination = ? ) 
2019-03-21 13:23:15,286 DEBUG (BaseJdbcLogger.java:159)- ==> Parameters: 4(Integer)
2019-03-21 13:23:15,292 DEBUG (BaseJdbcLogger.java:159)- <==      Total: 2
2019-03-21 13:23:15,295 DEBUG (BaseJdbcLogger.java:159)- ==>  Preparing: SELECT id,name,question,score FROM items WHERE ( question = ? ) 
2019-03-21 13:23:15,296 DEBUG (BaseJdbcLogger.java:159)- ==> Parameters: 1(Integer)
2019-03-21 13:23:15,299 DEBUG (BaseJdbcLogger.java:159)- <==      Total: 2
2019-03-21 13:23:15,305 DEBUG (BaseJdbcLogger.java:159)- ==>  Preparing: SELECT id,name,question,score FROM items WHERE ( question = ? ) 
2019-03-21 13:23:15,306 DEBUG (BaseJdbcLogger.java:159)- ==> Parameters: 5(Integer)
2019-03-21 13:23:15,313 DEBUG (BaseJdbcLogger.java:159)- <==      Total: 4
2019-03-21 13:25:35,348 DEBUG (BaseJdbcLogger.java:159)- ==>  Preparing: SELECT id,name,des,time,status,type FROM examination 
2019-03-21 13:25:35,349 DEBUG (BaseJdbcLogger.java:159)- ==> Parameters: 
2019-03-21 13:25:35,353 DEBUG (BaseJdbcLogger.java:159)- <==      Total: 11
2019-03-21 13:25:37,094 DEBUG (BaseJdbcLogger.java:159)- ==>  Preparing: SELECT id,title,answer,reason,examination,score,type,typeparse,token FROM question WHERE ( examination = ? ) 
2019-03-21 13:25:37,095 DEBUG (BaseJdbcLogger.java:159)- ==> Parameters: 11(Integer)
2019-03-21 13:25:37,097 DEBUG (BaseJdbcLogger.java:159)- <==      Total: 0
2019-03-21 13:25:40,793 DEBUG (BaseJdbcLogger.java:159)- ==>  Preparing: SELECT id,name,des,time,status,type FROM examination 
2019-03-21 13:25:40,795 DEBUG (BaseJdbcLogger.java:159)- ==> Parameters: 
2019-03-21 13:25:40,800 DEBUG (BaseJdbcLogger.java:159)- <==      Total: 11
2019-03-21 13:25:42,679 DEBUG (BaseJdbcLogger.java:159)- ==>  Preparing: SELECT id,title,answer,reason,examination,score,type,typeparse,token FROM question WHERE ( examination = ? ) 
2019-03-21 13:25:42,680 DEBUG (BaseJdbcLogger.java:159)- ==> Parameters: 4(Integer)
2019-03-21 13:25:42,682 DEBUG (BaseJdbcLogger.java:159)- <==      Total: 2
2019-03-21 13:25:42,688 DEBUG (BaseJdbcLogger.java:159)- ==>  Preparing: SELECT id,name,question,score FROM items WHERE ( question = ? ) 
2019-03-21 13:25:42,688 DEBUG (BaseJdbcLogger.java:159)- ==> Parameters: 1(Integer)
2019-03-21 13:25:42,690 DEBUG (BaseJdbcLogger.java:159)- <==      Total: 2
2019-03-21 13:25:42,692 DEBUG (BaseJdbcLogger.java:159)- ==>  Preparing: SELECT id,name,question,score FROM items WHERE ( question = ? ) 
2019-03-21 13:25:42,693 DEBUG (BaseJdbcLogger.java:159)- ==> Parameters: 5(Integer)
2019-03-21 13:25:42,702 DEBUG (BaseJdbcLogger.java:159)- <==      Total: 4
2019-03-21 13:25:55,293 DEBUG (BaseJdbcLogger.java:159)- ==>  Preparing: SELECT id,name,des,time,status,type FROM examination 
2019-03-21 13:25:55,293 DEBUG (BaseJdbcLogger.java:159)- ==> Parameters: 
2019-03-21 13:25:55,295 DEBUG (BaseJdbcLogger.java:159)- <==      Total: 11
2019-03-21 13:25:59,808 DEBUG (BaseJdbcLogger.java:159)- ==>  Preparing: SELECT id,title,answer,reason,examination,score,type,typeparse,token FROM question WHERE ( examination = ? ) 
2019-03-21 13:25:59,809 DEBUG (BaseJdbcLogger.java:159)- ==> Parameters: 4(Integer)
2019-03-21 13:25:59,810 DEBUG (BaseJdbcLogger.java:159)- <==      Total: 2
2019-03-21 13:25:59,812 DEBUG (BaseJdbcLogger.java:159)- ==>  Preparing: SELECT id,name,question,score FROM items WHERE ( question = ? ) 
2019-03-21 13:25:59,813 DEBUG (BaseJdbcLogger.java:159)- ==> Parameters: 1(Integer)
2019-03-21 13:25:59,814 DEBUG (BaseJdbcLogger.java:159)- <==      Total: 2
2019-03-21 13:25:59,816 DEBUG (BaseJdbcLogger.java:159)- ==>  Preparing: SELECT id,name,question,score FROM items WHERE ( question = ? ) 
2019-03-21 13:25:59,817 DEBUG (BaseJdbcLogger.java:159)- ==> Parameters: 5(Integer)
2019-03-21 13:25:59,823 DEBUG (BaseJdbcLogger.java:159)- <==      Total: 4
2019-03-21 13:27:23,714 DEBUG (BaseJdbcLogger.java:159)- ==>  Preparing: SELECT id,name,des,time,status,type FROM examination 
2019-03-21 13:27:23,714 DEBUG (BaseJdbcLogger.java:159)- ==> Parameters: 
2019-03-21 13:27:23,716 DEBUG (BaseJdbcLogger.java:159)- <==      Total: 11
2019-03-21 13:27:25,277 DEBUG (BaseJdbcLogger.java:159)- ==>  Preparing: SELECT id,title,answer,reason,examination,score,type,typeparse,token FROM question WHERE ( examination = ? ) 
2019-03-21 13:27:25,278 DEBUG (BaseJdbcLogger.java:159)- ==> Parameters: 4(Integer)
2019-03-21 13:27:25,279 DEBUG (BaseJdbcLogger.java:159)- <==      Total: 2
2019-03-21 13:27:25,281 DEBUG (BaseJdbcLogger.java:159)- ==>  Preparing: SELECT id,name,question,score FROM items WHERE ( question = ? ) 
2019-03-21 13:27:25,281 DEBUG (BaseJdbcLogger.java:159)- ==> Parameters: 1(Integer)
2019-03-21 13:27:25,282 DEBUG (BaseJdbcLogger.java:159)- <==      Total: 2
2019-03-21 13:27:25,284 DEBUG (BaseJdbcLogger.java:159)- ==>  Preparing: SELECT id,name,question,score FROM items WHERE ( question = ? ) 
2019-03-21 13:27:25,285 DEBUG (BaseJdbcLogger.java:159)- ==> Parameters: 5(Integer)
2019-03-21 13:27:25,286 DEBUG (BaseJdbcLogger.java:159)- <==      Total: 4
2019-03-21 13:28:36,813 DEBUG (BaseJdbcLogger.java:159)- ==>  Preparing: SELECT id,name,des,time,status,type FROM examination 
2019-03-21 13:28:36,815 DEBUG (BaseJdbcLogger.java:159)- ==> Parameters: 
2019-03-21 13:28:36,820 DEBUG (BaseJdbcLogger.java:159)- <==      Total: 11
2019-03-21 13:28:38,090 DEBUG (BaseJdbcLogger.java:159)- ==>  Preparing: SELECT id,title,answer,reason,examination,score,type,typeparse,token FROM question WHERE ( examination = ? ) 
2019-03-21 13:28:38,090 DEBUG (BaseJdbcLogger.java:159)- ==> Parameters: 4(Integer)
2019-03-21 13:28:38,092 DEBUG (BaseJdbcLogger.java:159)- <==      Total: 2
2019-03-21 13:28:38,093 DEBUG (BaseJdbcLogger.java:159)- ==>  Preparing: SELECT id,name,question,score FROM items WHERE ( question = ? ) 
2019-03-21 13:28:38,094 DEBUG (BaseJdbcLogger.java:159)- ==> Parameters: 1(Integer)
2019-03-21 13:28:38,095 DEBUG (BaseJdbcLogger.java:159)- <==      Total: 2
2019-03-21 13:28:38,097 DEBUG (BaseJdbcLogger.java:159)- ==>  Preparing: SELECT id,name,question,score FROM items WHERE ( question = ? ) 
2019-03-21 13:28:38,097 DEBUG (BaseJdbcLogger.java:159)- ==> Parameters: 5(Integer)
2019-03-21 13:28:38,098 DEBUG (BaseJdbcLogger.java:159)- <==      Total: 4
2019-03-21 13:30:15,992 DEBUG (BaseJdbcLogger.java:159)- ==>  Preparing: SELECT userno,username,password,email,gender,status,newdate FROM user 
2019-03-21 13:30:15,993 DEBUG (BaseJdbcLogger.java:159)- ==> Parameters: 
2019-03-21 13:30:15,995 DEBUG (BaseJdbcLogger.java:159)- <==      Total: 4
2019-03-21 13:30:19,062 DEBUG (BaseJdbcLogger.java:159)- ==>  Preparing: SELECT id,user,acnumber,ernumber,scope,examination,examinationName,username FROM records WHERE ( user = ? ) 
2019-03-21 13:30:19,063 DEBUG (BaseJdbcLogger.java:159)- ==> Parameters: 3(Integer)
2019-03-21 13:30:19,065 DEBUG (BaseJdbcLogger.java:159)- <==      Total: 1
2019-03-21 13:30:20,746 DEBUG (BaseJdbcLogger.java:159)- ==>  Preparing: SELECT id,name,des,time,status,type FROM examination 
2019-03-21 13:30:20,746 DEBUG (BaseJdbcLogger.java:159)- ==> Parameters: 
2019-03-21 13:30:20,748 DEBUG (BaseJdbcLogger.java:159)- <==      Total: 11
2019-03-21 13:30:22,859 DEBUG (BaseJdbcLogger.java:159)- ==>  Preparing: SELECT id,user,acnumber,ernumber,scope,examination,examinationName,username FROM records WHERE ( examination = ? ) 
2019-03-21 13:30:22,860 DEBUG (BaseJdbcLogger.java:159)- ==> Parameters: 8(Integer)
2019-03-21 13:30:22,861 DEBUG (BaseJdbcLogger.java:159)- <==      Total: 0
2019-03-21 13:30:27,279 DEBUG (BaseJdbcLogger.java:159)- ==>  Preparing: SELECT id,name,des,time,status,type FROM examination 
2019-03-21 13:30:27,280 DEBUG (BaseJdbcLogger.java:159)- ==> Parameters: 
2019-03-21 13:30:27,282 DEBUG (BaseJdbcLogger.java:159)- <==      Total: 11
2019-03-21 13:30:31,287 DEBUG (BaseJdbcLogger.java:159)- ==>  Preparing: SELECT id,name,des,time,status,type FROM examination 
2019-03-21 13:30:31,287 DEBUG (BaseJdbcLogger.java:159)- ==> Parameters: 
2019-03-21 13:30:31,289 DEBUG (BaseJdbcLogger.java:159)- <==      Total: 11
2019-03-21 13:32:26,706 DEBUG (BaseJdbcLogger.java:159)- ==>  Preparing: SELECT id,title,answer,reason,examination,score,type,typeparse,token FROM question WHERE ( examination = ? ) 
2019-03-21 13:32:26,707 DEBUG (BaseJdbcLogger.java:159)- ==> Parameters: 4(Integer)
2019-03-21 13:32:26,708 DEBUG (BaseJdbcLogger.java:159)- <==      Total: 2
2019-03-21 13:32:26,710 DEBUG (BaseJdbcLogger.java:159)- ==>  Preparing: SELECT id,name,question,score FROM items WHERE ( question = ? ) 
2019-03-21 13:32:26,711 DEBUG (BaseJdbcLogger.java:159)- ==> Parameters: 1(Integer)
2019-03-21 13:32:26,714 DEBUG (BaseJdbcLogger.java:159)- <==      Total: 2
2019-03-21 13:32:26,715 DEBUG (BaseJdbcLogger.java:159)- ==>  Preparing: SELECT id,name,question,score FROM items WHERE ( question = ? ) 
2019-03-21 13:32:26,716 DEBUG (BaseJdbcLogger.java:159)- ==> Parameters: 5(Integer)
2019-03-21 13:32:26,719 DEBUG (BaseJdbcLogger.java:159)- <==      Total: 4
2019-03-21 13:32:35,904 DEBUG (BaseJdbcLogger.java:159)- ==>  Preparing: SELECT id,title,answer,reason,examination,score,type,typeparse,token FROM question WHERE ( examination = ? ) 
2019-03-21 13:32:35,906 DEBUG (BaseJdbcLogger.java:159)- ==> Parameters: 4(Integer)
2019-03-21 13:32:35,909 DEBUG (BaseJdbcLogger.java:159)- <==      Total: 2
2019-03-21 13:32:35,912 DEBUG (BaseJdbcLogger.java:159)- ==>  Preparing: SELECT id,name,question,score FROM items WHERE ( question = ? ) 
2019-03-21 13:32:35,913 DEBUG (BaseJdbcLogger.java:159)- ==> Parameters: 1(Integer)
2019-03-21 13:32:35,917 DEBUG (BaseJdbcLogger.java:159)- <==      Total: 2
2019-03-21 13:32:35,922 DEBUG (BaseJdbcLogger.java:159)- ==>  Preparing: SELECT id,name,question,score FROM items WHERE ( question = ? ) 
2019-03-21 13:32:35,923 DEBUG (BaseJdbcLogger.java:159)- ==> Parameters: 5(Integer)
2019-03-21 13:32:35,925 DEBUG (BaseJdbcLogger.java:159)- <==      Total: 4
2019-03-21 13:32:41,016 DEBUG (BaseJdbcLogger.java:159)- ==>  Preparing: SELECT id,title,answer,reason,examination,score,type,typeparse,token FROM question WHERE ( examination = ? ) 
2019-03-21 13:32:41,022 DEBUG (BaseJdbcLogger.java:159)- ==> Parameters: 4(Integer)
2019-03-21 13:32:41,023 DEBUG (BaseJdbcLogger.java:159)- <==      Total: 2
2019-03-21 13:32:41,025 DEBUG (BaseJdbcLogger.java:159)- ==>  Preparing: SELECT id,name,question,score FROM items WHERE ( question = ? ) 
2019-03-21 13:32:41,026 DEBUG (BaseJdbcLogger.java:159)- ==> Parameters: 1(Integer)
2019-03-21 13:32:41,027 DEBUG (BaseJdbcLogger.java:159)- <==      Total: 2
2019-03-21 13:32:41,029 DEBUG (BaseJdbcLogger.java:159)- ==>  Preparing: SELECT id,name,question,score FROM items WHERE ( question = ? ) 
2019-03-21 13:32:41,029 DEBUG (BaseJdbcLogger.java:159)- ==> Parameters: 5(Integer)
2019-03-21 13:32:41,034 DEBUG (BaseJdbcLogger.java:159)- <==      Total: 4
2019-03-21 13:32:48,733 DEBUG (BaseJdbcLogger.java:159)- ==>  Preparing: SELECT id,title,answer,reason,examination,score,type,typeparse,token FROM question WHERE ( examination = ? ) 
2019-03-21 13:32:48,734 DEBUG (BaseJdbcLogger.java:159)- ==> Parameters: 4(Integer)
2019-03-21 13:32:48,735 DEBUG (BaseJdbcLogger.java:159)- <==      Total: 2
2019-03-21 13:32:48,737 DEBUG (BaseJdbcLogger.java:159)- ==>  Preparing: SELECT id,name,question,score FROM items WHERE ( question = ? ) 
2019-03-21 13:32:48,737 DEBUG (BaseJdbcLogger.java:159)- ==> Parameters: 1(Integer)
2019-03-21 13:32:48,738 DEBUG (BaseJdbcLogger.java:159)- <==      Total: 2
2019-03-21 13:32:48,741 DEBUG (BaseJdbcLogger.java:159)- ==>  Preparing: SELECT id,name,question,score FROM items WHERE ( question = ? ) 
2019-03-21 13:32:48,743 DEBUG (BaseJdbcLogger.java:159)- ==> Parameters: 5(Integer)
2019-03-21 13:32:48,745 DEBUG (BaseJdbcLogger.java:159)- <==      Total: 4
2019-03-21 13:35:06,728 DEBUG (BaseJdbcLogger.java:159)- ==>  Preparing: SELECT id,title,answer,reason,examination,score,type,typeparse,token FROM question WHERE ( examination = ? ) 
2019-03-21 13:35:06,729 DEBUG (BaseJdbcLogger.java:159)- ==> Parameters: 4(Integer)
2019-03-21 13:35:06,734 DEBUG (BaseJdbcLogger.java:159)- <==      Total: 2
2019-03-21 13:35:06,737 DEBUG (BaseJdbcLogger.java:159)- ==>  Preparing: SELECT id,name,question,score FROM items WHERE ( question = ? ) 
2019-03-21 13:35:06,741 DEBUG (BaseJdbcLogger.java:159)- ==> Parameters: 1(Integer)
2019-03-21 13:35:06,743 DEBUG (BaseJdbcLogger.java:159)- <==      Total: 2
2019-03-21 13:35:06,752 DEBUG (BaseJdbcLogger.java:159)- ==>  Preparing: SELECT id,name,question,score FROM items WHERE ( question = ? ) 
2019-03-21 13:35:06,753 DEBUG (BaseJdbcLogger.java:159)- ==> Parameters: 5(Integer)
2019-03-21 13:35:06,757 DEBUG (BaseJdbcLogger.java:159)- <==      Total: 4
2019-03-21 13:35:11,544 DEBUG (BaseJdbcLogger.java:159)- ==>  Preparing: SELECT id,title,answer,reason,examination,score,type,typeparse,token FROM question WHERE ( examination = ? ) 
2019-03-21 13:35:11,544 DEBUG (BaseJdbcLogger.java:159)- ==> Parameters: 4(Integer)
2019-03-21 13:35:11,546 DEBUG (BaseJdbcLogger.java:159)- <==      Total: 2
2019-03-21 13:35:11,547 DEBUG (BaseJdbcLogger.java:159)- ==>  Preparing: SELECT id,name,question,score FROM items WHERE ( question = ? ) 
2019-03-21 13:35:11,548 DEBUG (BaseJdbcLogger.java:159)- ==> Parameters: 1(Integer)
2019-03-21 13:35:11,551 DEBUG (BaseJdbcLogger.java:159)- <==      Total: 2
2019-03-21 13:35:11,553 DEBUG (BaseJdbcLogger.java:159)- ==>  Preparing: SELECT id,name,question,score FROM items WHERE ( question = ? ) 
2019-03-21 13:35:11,554 DEBUG (BaseJdbcLogger.java:159)- ==> Parameters: 5(Integer)
2019-03-21 13:35:11,560 DEBUG (BaseJdbcLogger.java:159)- <==      Total: 4
2019-03-21 13:36:36,017 DEBUG (BaseJdbcLogger.java:159)- ==>  Preparing: SELECT id,name,des,time,status,type FROM examination 
2019-03-21 13:36:36,018 DEBUG (BaseJdbcLogger.java:159)- ==> Parameters: 
2019-03-21 13:36:36,019 DEBUG (BaseJdbcLogger.java:159)- <==      Total: 11
2019-03-21 13:36:38,897 DEBUG (BaseJdbcLogger.java:159)- ==>  Preparing: SELECT id,title,answer,reason,examination,score,type,typeparse,token FROM question WHERE ( examination = ? ) 
2019-03-21 13:36:38,898 DEBUG (BaseJdbcLogger.java:159)- ==> Parameters: 4(Integer)
2019-03-21 13:36:38,899 DEBUG (BaseJdbcLogger.java:159)- <==      Total: 2
2019-03-21 13:36:38,900 DEBUG (BaseJdbcLogger.java:159)- ==>  Preparing: SELECT id,name,question,score FROM items WHERE ( question = ? ) 
2019-03-21 13:36:38,901 DEBUG (BaseJdbcLogger.java:159)- ==> Parameters: 1(Integer)
2019-03-21 13:36:38,903 DEBUG (BaseJdbcLogger.java:159)- <==      Total: 2
2019-03-21 13:36:38,904 DEBUG (BaseJdbcLogger.java:159)- ==>  Preparing: SELECT id,name,question,score FROM items WHERE ( question = ? ) 
2019-03-21 13:36:38,905 DEBUG (BaseJdbcLogger.java:159)- ==> Parameters: 5(Integer)
2019-03-21 13:36:38,907 DEBUG (BaseJdbcLogger.java:159)- <==      Total: 4
2019-03-21 13:39:55,028 DEBUG (BaseJdbcLogger.java:159)- ==>  Preparing: SELECT id,name,des,time,status,type FROM examination 
2019-03-21 13:39:55,028 DEBUG (BaseJdbcLogger.java:159)- ==> Parameters: 
2019-03-21 13:39:55,030 DEBUG (BaseJdbcLogger.java:159)- <==      Total: 11
2019-03-21 13:39:56,642 DEBUG (BaseJdbcLogger.java:159)- ==>  Preparing: SELECT id,title,answer,reason,examination,score,type,typeparse,token FROM question WHERE ( examination = ? ) 
2019-03-21 13:39:56,643 DEBUG (BaseJdbcLogger.java:159)- ==> Parameters: 4(Integer)
2019-03-21 13:39:56,645 DEBUG (BaseJdbcLogger.java:159)- <==      Total: 2
2019-03-21 13:39:56,646 DEBUG (BaseJdbcLogger.java:159)- ==>  Preparing: SELECT id,name,question,score FROM items WHERE ( question = ? ) 
2019-03-21 13:39:56,647 DEBUG (BaseJdbcLogger.java:159)- ==> Parameters: 1(Integer)
2019-03-21 13:39:56,648 DEBUG (BaseJdbcLogger.java:159)- <==      Total: 2
2019-03-21 13:39:56,650 DEBUG (BaseJdbcLogger.java:159)- ==>  Preparing: SELECT id,name,question,score FROM items WHERE ( question = ? ) 
2019-03-21 13:39:56,651 DEBUG (BaseJdbcLogger.java:159)- ==> Parameters: 5(Integer)
2019-03-21 13:39:56,652 DEBUG (BaseJdbcLogger.java:159)- <==      Total: 4
2019-03-21 13:40:29,416 DEBUG (BaseJdbcLogger.java:159)- ==>  Preparing: SELECT id,name,des,time,status,type FROM examination 
2019-03-21 13:40:29,416 DEBUG (BaseJdbcLogger.java:159)- ==> Parameters: 
2019-03-21 13:40:29,419 DEBUG (BaseJdbcLogger.java:159)- <==      Total: 11
2019-03-21 13:40:30,866 DEBUG (BaseJdbcLogger.java:159)- ==>  Preparing: SELECT id,title,answer,reason,examination,score,type,typeparse,token FROM question WHERE ( examination = ? ) 
2019-03-21 13:40:30,867 DEBUG (BaseJdbcLogger.java:159)- ==> Parameters: 4(Integer)
2019-03-21 13:40:30,869 DEBUG (BaseJdbcLogger.java:159)- <==      Total: 2
2019-03-21 13:40:30,871 DEBUG (BaseJdbcLogger.java:159)- ==>  Preparing: SELECT id,name,question,score FROM items WHERE ( question = ? ) 
2019-03-21 13:40:30,872 DEBUG (BaseJdbcLogger.java:159)- ==> Parameters: 1(Integer)
2019-03-21 13:40:30,874 DEBUG (BaseJdbcLogger.java:159)- <==      Total: 2
2019-03-21 13:40:30,875 DEBUG (BaseJdbcLogger.java:159)- ==>  Preparing: SELECT id,name,question,score FROM items WHERE ( question = ? ) 
2019-03-21 13:40:30,876 DEBUG (BaseJdbcLogger.java:159)- ==> Parameters: 5(Integer)
2019-03-21 13:40:30,877 DEBUG (BaseJdbcLogger.java:159)- <==      Total: 4
2019-03-21 13:40:39,575 DEBUG (BaseJdbcLogger.java:159)- ==>  Preparing: SELECT id,name,des,time,status,type FROM examination 
2019-03-21 13:40:39,575 DEBUG (BaseJdbcLogger.java:159)- ==> Parameters: 
2019-03-21 13:40:39,577 DEBUG (BaseJdbcLogger.java:159)- <==      Total: 11
2019-03-21 13:41:13,313 DEBUG (BaseJdbcLogger.java:159)- ==>  Preparing: SELECT id,title,answer,reason,examination,score,type,typeparse,token FROM question WHERE ( examination = ? ) 
2019-03-21 13:41:13,315 DEBUG (BaseJdbcLogger.java:159)- ==> Parameters: 4(Integer)
2019-03-21 13:41:13,316 DEBUG (BaseJdbcLogger.java:159)- <==      Total: 2
2019-03-21 13:41:13,318 DEBUG (BaseJdbcLogger.java:159)- ==>  Preparing: SELECT id,name,question,score FROM items WHERE ( question = ? ) 
2019-03-21 13:41:13,319 DEBUG (BaseJdbcLogger.java:159)- ==> Parameters: 1(Integer)
2019-03-21 13:41:13,320 DEBUG (BaseJdbcLogger.java:159)- <==      Total: 2
2019-03-21 13:41:13,322 DEBUG (BaseJdbcLogger.java:159)- ==>  Preparing: SELECT id,name,question,score FROM items WHERE ( question = ? ) 
2019-03-21 13:41:13,322 DEBUG (BaseJdbcLogger.java:159)- ==> Parameters: 5(Integer)
2019-03-21 13:41:13,323 DEBUG (BaseJdbcLogger.java:159)- <==      Total: 4
2019-03-21 13:41:21,771 DEBUG (BaseJdbcLogger.java:159)- ==>  Preparing: SELECT id,title,answer,reason,examination,score,type,typeparse,token FROM question WHERE ( examination = ? ) 
2019-03-21 13:41:21,775 DEBUG (BaseJdbcLogger.java:159)- ==> Parameters: 4(Integer)
2019-03-21 13:41:21,780 DEBUG (BaseJdbcLogger.java:159)- <==      Total: 2
2019-03-21 13:41:21,788 DEBUG (BaseJdbcLogger.java:159)- ==>  Preparing: SELECT id,name,question,score FROM items WHERE ( question = ? ) 
2019-03-21 13:41:21,789 DEBUG (BaseJdbcLogger.java:159)- ==> Parameters: 1(Integer)
2019-03-21 13:41:21,794 DEBUG (BaseJdbcLogger.java:159)- <==      Total: 2
2019-03-21 13:41:21,796 DEBUG (BaseJdbcLogger.java:159)- ==>  Preparing: SELECT id,name,question,score FROM items WHERE ( question = ? ) 
2019-03-21 13:41:21,799 DEBUG (BaseJdbcLogger.java:159)- ==> Parameters: 5(Integer)
2019-03-21 13:41:21,811 DEBUG (BaseJdbcLogger.java:159)- <==      Total: 4
2019-03-21 13:41:44,395 DEBUG (BaseJdbcLogger.java:159)- ==>  Preparing: SELECT id,title,answer,reason,examination,score,type,typeparse,token FROM question WHERE ( examination = ? ) 
2019-03-21 13:41:44,396 DEBUG (BaseJdbcLogger.java:159)- ==> Parameters: 4(Integer)
2019-03-21 13:41:44,400 DEBUG (BaseJdbcLogger.java:159)- <==      Total: 2
2019-03-21 13:41:44,401 DEBUG (BaseJdbcLogger.java:159)- ==>  Preparing: SELECT id,name,question,score FROM items WHERE ( question = ? ) 
2019-03-21 13:41:44,402 DEBUG (BaseJdbcLogger.java:159)- ==> Parameters: 1(Integer)
2019-03-21 13:41:44,403 DEBUG (BaseJdbcLogger.java:159)- <==      Total: 2
2019-03-21 13:41:44,405 DEBUG (BaseJdbcLogger.java:159)- ==>  Preparing: SELECT id,name,question,score FROM items WHERE ( question = ? ) 
2019-03-21 13:41:44,406 DEBUG (BaseJdbcLogger.java:159)- ==> Parameters: 5(Integer)
2019-03-21 13:41:44,407 DEBUG (BaseJdbcLogger.java:159)- <==      Total: 4
2019-03-21 13:43:10,746 DEBUG (BaseJdbcLogger.java:159)- ==>  Preparing: SELECT id,title,answer,reason,examination,score,type,typeparse,token FROM question WHERE ( examination = ? ) 
2019-03-21 13:43:10,746 DEBUG (BaseJdbcLogger.java:159)- ==> Parameters: 4(Integer)
2019-03-21 13:43:10,747 DEBUG (BaseJdbcLogger.java:159)- <==      Total: 2
2019-03-21 13:43:10,749 DEBUG (BaseJdbcLogger.java:159)- ==>  Preparing: SELECT id,name,question,score FROM items WHERE ( question = ? ) 
2019-03-21 13:43:10,750 DEBUG (BaseJdbcLogger.java:159)- ==> Parameters: 1(Integer)
2019-03-21 13:43:10,751 DEBUG (BaseJdbcLogger.java:159)- <==      Total: 2
2019-03-21 13:43:10,752 DEBUG (BaseJdbcLogger.java:159)- ==>  Preparing: SELECT id,name,question,score FROM items WHERE ( question = ? ) 
2019-03-21 13:43:10,753 DEBUG (BaseJdbcLogger.java:159)- ==> Parameters: 5(Integer)
2019-03-21 13:43:10,755 DEBUG (BaseJdbcLogger.java:159)- <==      Total: 4
2019-03-21 13:43:34,266 DEBUG (BaseJdbcLogger.java:159)- ==>  Preparing: SELECT id,title,answer,reason,examination,score,type,typeparse,token FROM question WHERE ( examination = ? ) 
2019-03-21 13:43:34,266 DEBUG (BaseJdbcLogger.java:159)- ==> Parameters: 4(Integer)
2019-03-21 13:43:34,268 DEBUG (BaseJdbcLogger.java:159)- <==      Total: 2
2019-03-21 13:43:34,269 DEBUG (BaseJdbcLogger.java:159)- ==>  Preparing: SELECT id,name,question,score FROM items WHERE ( question = ? ) 
2019-03-21 13:43:34,270 DEBUG (BaseJdbcLogger.java:159)- ==> Parameters: 1(Integer)
2019-03-21 13:43:34,271 DEBUG (BaseJdbcLogger.java:159)- <==      Total: 2
2019-03-21 13:43:34,272 DEBUG (BaseJdbcLogger.java:159)- ==>  Preparing: SELECT id,name,question,score FROM items WHERE ( question = ? ) 
2019-03-21 13:43:34,273 DEBUG (BaseJdbcLogger.java:159)- ==> Parameters: 5(Integer)
2019-03-21 13:43:34,275 DEBUG (BaseJdbcLogger.java:159)- <==      Total: 4
2019-03-21 13:43:49,840 DEBUG (BaseJdbcLogger.java:159)- ==>  Preparing: SELECT id,title,answer,reason,examination,score,type,typeparse,token FROM question WHERE ( examination = ? ) 
2019-03-21 13:43:49,841 DEBUG (BaseJdbcLogger.java:159)- ==> Parameters: 4(Integer)
2019-03-21 13:43:49,842 DEBUG (BaseJdbcLogger.java:159)- <==      Total: 2
2019-03-21 13:43:49,844 DEBUG (BaseJdbcLogger.java:159)- ==>  Preparing: SELECT id,name,question,score FROM items WHERE ( question = ? ) 
2019-03-21 13:43:49,844 DEBUG (BaseJdbcLogger.java:159)- ==> Parameters: 1(Integer)
2019-03-21 13:43:49,846 DEBUG (BaseJdbcLogger.java:159)- <==      Total: 2
2019-03-21 13:43:49,848 DEBUG (BaseJdbcLogger.java:159)- ==>  Preparing: SELECT id,name,question,score FROM items WHERE ( question = ? ) 
2019-03-21 13:43:49,848 DEBUG (BaseJdbcLogger.java:159)- ==> Parameters: 5(Integer)
2019-03-21 13:43:49,850 DEBUG (BaseJdbcLogger.java:159)- <==      Total: 4
2019-03-21 13:44:10,549 DEBUG (BaseJdbcLogger.java:159)- ==>  Preparing: SELECT id,title,answer,reason,examination,score,type,typeparse,token FROM question WHERE ( examination = ? ) 
2019-03-21 13:44:10,549 DEBUG (BaseJdbcLogger.java:159)- ==> Parameters: 4(Integer)
2019-03-21 13:44:10,550 DEBUG (BaseJdbcLogger.java:159)- <==      Total: 2
2019-03-21 13:44:10,553 DEBUG (BaseJdbcLogger.java:159)- ==>  Preparing: SELECT id,name,question,score FROM items WHERE ( question = ? ) 
2019-03-21 13:44:10,554 DEBUG (BaseJdbcLogger.java:159)- ==> Parameters: 1(Integer)
2019-03-21 13:44:10,555 DEBUG (BaseJdbcLogger.java:159)- <==      Total: 2
2019-03-21 13:44:10,557 DEBUG (BaseJdbcLogger.java:159)- ==>  Preparing: SELECT id,name,question,score FROM items WHERE ( question = ? ) 
2019-03-21 13:44:10,558 DEBUG (BaseJdbcLogger.java:159)- ==> Parameters: 5(Integer)
2019-03-21 13:44:10,559 DEBUG (BaseJdbcLogger.java:159)- <==      Total: 4
2019-03-21 13:44:18,193 DEBUG (BaseJdbcLogger.java:159)- ==>  Preparing: SELECT id,title,answer,reason,examination,score,type,typeparse,token FROM question WHERE ( examination = ? ) 
2019-03-21 13:44:18,194 DEBUG (BaseJdbcLogger.java:159)- ==> Parameters: 4(Integer)
2019-03-21 13:44:18,195 DEBUG (BaseJdbcLogger.java:159)- <==      Total: 2
2019-03-21 13:44:18,196 DEBUG (BaseJdbcLogger.java:159)- ==>  Preparing: SELECT id,name,question,score FROM items WHERE ( question = ? ) 
2019-03-21 13:44:18,197 DEBUG (BaseJdbcLogger.java:159)- ==> Parameters: 1(Integer)
2019-03-21 13:44:18,198 DEBUG (BaseJdbcLogger.java:159)- <==      Total: 2
2019-03-21 13:44:18,200 DEBUG (BaseJdbcLogger.java:159)- ==>  Preparing: SELECT id,name,question,score FROM items WHERE ( question = ? ) 
2019-03-21 13:44:18,200 DEBUG (BaseJdbcLogger.java:159)- ==> Parameters: 5(Integer)
2019-03-21 13:44:18,202 DEBUG (BaseJdbcLogger.java:159)- <==      Total: 4
2019-03-21 13:45:01,555 DEBUG (BaseJdbcLogger.java:159)- ==>  Preparing: SELECT id,title,answer,reason,examination,score,type,typeparse,token FROM question WHERE ( examination = ? ) 
2019-03-21 13:45:01,556 DEBUG (BaseJdbcLogger.java:159)- ==> Parameters: 4(Integer)
2019-03-21 13:45:01,557 DEBUG (BaseJdbcLogger.java:159)- <==      Total: 2
2019-03-21 13:45:01,558 DEBUG (BaseJdbcLogger.java:159)- ==>  Preparing: SELECT id,name,question,score FROM items WHERE ( question = ? ) 
2019-03-21 13:45:01,559 DEBUG (BaseJdbcLogger.java:159)- ==> Parameters: 1(Integer)
2019-03-21 13:45:01,560 DEBUG (BaseJdbcLogger.java:159)- <==      Total: 2
2019-03-21 13:45:01,562 DEBUG (BaseJdbcLogger.java:159)- ==>  Preparing: SELECT id,name,question,score FROM items WHERE ( question = ? ) 
2019-03-21 13:45:01,563 DEBUG (BaseJdbcLogger.java:159)- ==> Parameters: 5(Integer)
2019-03-21 13:45:01,566 DEBUG (BaseJdbcLogger.java:159)- <==      Total: 4
2019-03-21 13:45:07,298 DEBUG (BaseJdbcLogger.java:159)- ==>  Preparing: SELECT id,title,answer,reason,examination,score,type,typeparse,token FROM question WHERE ( examination = ? ) 
2019-03-21 13:45:07,299 DEBUG (BaseJdbcLogger.java:159)- ==> Parameters: 4(Integer)
2019-03-21 13:45:07,301 DEBUG (BaseJdbcLogger.java:159)- <==      Total: 2
2019-03-21 13:45:07,304 DEBUG (BaseJdbcLogger.java:159)- ==>  Preparing: SELECT id,name,question,score FROM items WHERE ( question = ? ) 
2019-03-21 13:45:07,305 DEBUG (BaseJdbcLogger.java:159)- ==> Parameters: 1(Integer)
2019-03-21 13:45:07,307 DEBUG (BaseJdbcLogger.java:159)- <==      Total: 2
2019-03-21 13:45:07,316 DEBUG (BaseJdbcLogger.java:159)- ==>  Preparing: SELECT id,name,question,score FROM items WHERE ( question = ? ) 
2019-03-21 13:45:07,323 DEBUG (BaseJdbcLogger.java:159)- ==> Parameters: 5(Integer)
2019-03-21 13:45:07,325 DEBUG (BaseJdbcLogger.java:159)- <==      Total: 4
2019-03-21 13:45:10,327 DEBUG (BaseJdbcLogger.java:159)- ==>  Preparing: SELECT id,title,answer,reason,examination,score,type,typeparse,token FROM question WHERE ( examination = ? ) 
2019-03-21 13:45:10,327 DEBUG (BaseJdbcLogger.java:159)- ==> Parameters: 4(Integer)
2019-03-21 13:45:10,329 DEBUG (BaseJdbcLogger.java:159)- <==      Total: 2
2019-03-21 13:45:10,332 DEBUG (BaseJdbcLogger.java:159)- ==>  Preparing: SELECT id,name,question,score FROM items WHERE ( question = ? ) 
2019-03-21 13:45:10,332 DEBUG (BaseJdbcLogger.java:159)- ==> Parameters: 1(Integer)
2019-03-21 13:45:10,334 DEBUG (BaseJdbcLogger.java:159)- <==      Total: 2
2019-03-21 13:45:10,335 DEBUG (BaseJdbcLogger.java:159)- ==>  Preparing: SELECT id,name,question,score FROM items WHERE ( question = ? ) 
2019-03-21 13:45:10,336 DEBUG (BaseJdbcLogger.java:159)- ==> Parameters: 5(Integer)
2019-03-21 13:45:10,337 DEBUG (BaseJdbcLogger.java:159)- <==      Total: 4
2019-03-21 13:46:37,303 DEBUG (BaseJdbcLogger.java:159)- ==>  Preparing: SELECT id,title,answer,reason,examination,score,type,typeparse,token FROM question WHERE ( examination = ? ) 
2019-03-21 13:46:37,303 DEBUG (BaseJdbcLogger.java:159)- ==> Parameters: 4(Integer)
2019-03-21 13:46:37,304 DEBUG (BaseJdbcLogger.java:159)- <==      Total: 2
2019-03-21 13:46:37,306 DEBUG (BaseJdbcLogger.java:159)- ==>  Preparing: SELECT id,name,question,score FROM items WHERE ( question = ? ) 
2019-03-21 13:46:37,307 DEBUG (BaseJdbcLogger.java:159)- ==> Parameters: 1(Integer)
2019-03-21 13:46:37,309 DEBUG (BaseJdbcLogger.java:159)- <==      Total: 2
2019-03-21 13:46:37,311 DEBUG (BaseJdbcLogger.java:159)- ==>  Preparing: SELECT id,name,question,score FROM items WHERE ( question = ? ) 
2019-03-21 13:46:37,311 DEBUG (BaseJdbcLogger.java:159)- ==> Parameters: 5(Integer)
2019-03-21 13:46:37,316 DEBUG (BaseJdbcLogger.java:159)- <==      Total: 4
2019-03-21 13:47:34,872 DEBUG (BaseJdbcLogger.java:159)- ==>  Preparing: SELECT id,title,answer,reason,examination,score,type,typeparse,token FROM question WHERE ( examination = ? ) 
2019-03-21 13:47:34,873 DEBUG (BaseJdbcLogger.java:159)- ==> Parameters: 4(Integer)
2019-03-21 13:47:34,877 DEBUG (BaseJdbcLogger.java:159)- <==      Total: 2
2019-03-21 13:47:34,879 DEBUG (BaseJdbcLogger.java:159)- ==>  Preparing: SELECT id,name,question,score FROM items WHERE ( question = ? ) 
2019-03-21 13:47:34,881 DEBUG (BaseJdbcLogger.java:159)- ==> Parameters: 1(Integer)
2019-03-21 13:47:34,882 DEBUG (BaseJdbcLogger.java:159)- <==      Total: 2
2019-03-21 13:47:34,883 DEBUG (BaseJdbcLogger.java:159)- ==>  Preparing: SELECT id,name,question,score FROM items WHERE ( question = ? ) 
2019-03-21 13:47:34,884 DEBUG (BaseJdbcLogger.java:159)- ==> Parameters: 5(Integer)
2019-03-21 13:47:34,886 DEBUG (BaseJdbcLogger.java:159)- <==      Total: 4
2019-03-21 13:48:07,530 DEBUG (BaseJdbcLogger.java:159)- ==>  Preparing: SELECT id,title,answer,reason,examination,score,type,typeparse,token FROM question WHERE ( examination = ? ) 
2019-03-21 13:48:07,531 DEBUG (BaseJdbcLogger.java:159)- ==> Parameters: 4(Integer)
2019-03-21 13:48:07,533 DEBUG (BaseJdbcLogger.java:159)- <==      Total: 2
2019-03-21 13:48:07,536 DEBUG (BaseJdbcLogger.java:159)- ==>  Preparing: SELECT id,name,question,score FROM items WHERE ( question = ? ) 
2019-03-21 13:48:07,536 DEBUG (BaseJdbcLogger.java:159)- ==> Parameters: 1(Integer)
2019-03-21 13:48:07,538 DEBUG (BaseJdbcLogger.java:159)- <==      Total: 2
2019-03-21 13:48:07,542 DEBUG (BaseJdbcLogger.java:159)- ==>  Preparing: SELECT id,name,question,score FROM items WHERE ( question = ? ) 
2019-03-21 13:48:07,543 DEBUG (BaseJdbcLogger.java:159)- ==> Parameters: 5(Integer)
2019-03-21 13:48:07,544 DEBUG (BaseJdbcLogger.java:159)- <==      Total: 4
2019-03-21 13:57:55,778 DEBUG (BaseJdbcLogger.java:159)- ==>  Preparing: SELECT id,title,answer,reason,examination,score,type,typeparse,token FROM question WHERE ( examination = ? ) 
2019-03-21 13:57:55,778 DEBUG (BaseJdbcLogger.java:159)- ==> Parameters: 4(Integer)
2019-03-21 13:57:55,780 DEBUG (BaseJdbcLogger.java:159)- <==      Total: 2
2019-03-21 13:57:55,781 DEBUG (BaseJdbcLogger.java:159)- ==>  Preparing: SELECT id,name,question,score FROM items WHERE ( question = ? ) 
2019-03-21 13:57:55,782 DEBUG (BaseJdbcLogger.java:159)- ==> Parameters: 1(Integer)
2019-03-21 13:57:55,783 DEBUG (BaseJdbcLogger.java:159)- <==      Total: 2
2019-03-21 13:57:55,785 DEBUG (BaseJdbcLogger.java:159)- ==>  Preparing: SELECT id,name,question,score FROM items WHERE ( question = ? ) 
2019-03-21 13:57:55,785 DEBUG (BaseJdbcLogger.java:159)- ==> Parameters: 5(Integer)
2019-03-21 13:57:55,786 DEBUG (BaseJdbcLogger.java:159)- <==      Total: 4
2019-03-21 13:59:31,408 DEBUG (BaseJdbcLogger.java:159)- ==>  Preparing: SELECT id,title,answer,reason,examination,score,type,typeparse,token FROM question WHERE ( examination = ? ) 
2019-03-21 13:59:31,426 DEBUG (BaseJdbcLogger.java:159)- ==> Parameters: 4(Integer)
2019-03-21 13:59:31,427 DEBUG (BaseJdbcLogger.java:159)- <==      Total: 2
2019-03-21 13:59:31,429 DEBUG (BaseJdbcLogger.java:159)- ==>  Preparing: SELECT id,name,question,score FROM items WHERE ( question = ? ) 
2019-03-21 13:59:31,429 DEBUG (BaseJdbcLogger.java:159)- ==> Parameters: 1(Integer)
2019-03-21 13:59:31,430 DEBUG (BaseJdbcLogger.java:159)- <==      Total: 2
2019-03-21 13:59:31,432 DEBUG (BaseJdbcLogger.java:159)- ==>  Preparing: SELECT id,name,question,score FROM items WHERE ( question = ? ) 
2019-03-21 13:59:31,433 DEBUG (BaseJdbcLogger.java:159)- ==> Parameters: 5(Integer)
2019-03-21 13:59:31,434 DEBUG (BaseJdbcLogger.java:159)- <==      Total: 4
2019-03-21 14:01:00,688 DEBUG (BaseJdbcLogger.java:159)- ==>  Preparing: SELECT id,name,des,time,status,type FROM examination 
2019-03-21 14:01:00,689 DEBUG (BaseJdbcLogger.java:159)- ==> Parameters: 
2019-03-21 14:01:00,690 DEBUG (BaseJdbcLogger.java:159)- <==      Total: 11
2019-03-21 14:01:02,974 DEBUG (BaseJdbcLogger.java:159)- ==>  Preparing: SELECT id,title,answer,reason,examination,score,type,typeparse,token FROM question WHERE ( examination = ? ) 
2019-03-21 14:01:02,974 DEBUG (BaseJdbcLogger.java:159)- ==> Parameters: 4(Integer)
2019-03-21 14:01:02,976 DEBUG (BaseJdbcLogger.java:159)- <==      Total: 2
2019-03-21 14:01:02,978 DEBUG (BaseJdbcLogger.java:159)- ==>  Preparing: SELECT id,name,question,score FROM items WHERE ( question = ? ) 
2019-03-21 14:01:02,979 DEBUG (BaseJdbcLogger.java:159)- ==> Parameters: 1(Integer)
2019-03-21 14:01:02,981 DEBUG (BaseJdbcLogger.java:159)- <==      Total: 2
2019-03-21 14:01:02,982 DEBUG (BaseJdbcLogger.java:159)- ==>  Preparing: SELECT id,name,question,score FROM items WHERE ( question = ? ) 
2019-03-21 14:01:02,983 DEBUG (BaseJdbcLogger.java:159)- ==> Parameters: 5(Integer)
2019-03-21 14:01:02,985 DEBUG (BaseJdbcLogger.java:159)- <==      Total: 4
2019-03-21 14:01:44,775 DEBUG (BaseJdbcLogger.java:159)- ==>  Preparing: SELECT id,name,des,time,status,type FROM examination 
2019-03-21 14:01:44,776 DEBUG (BaseJdbcLogger.java:159)- ==> Parameters: 
2019-03-21 14:01:44,778 DEBUG (BaseJdbcLogger.java:159)- <==      Total: 11
2019-03-21 14:01:48,409 DEBUG (BaseJdbcLogger.java:159)- ==>  Preparing: SELECT id,title,answer,reason,examination,score,type,typeparse,token FROM question WHERE ( examination = ? ) 
2019-03-21 14:01:48,410 DEBUG (BaseJdbcLogger.java:159)- ==> Parameters: 4(Integer)
2019-03-21 14:01:48,411 DEBUG (BaseJdbcLogger.java:159)- <==      Total: 2
2019-03-21 14:01:48,412 DEBUG (BaseJdbcLogger.java:159)- ==>  Preparing: SELECT id,name,question,score FROM items WHERE ( question = ? ) 
2019-03-21 14:01:48,413 DEBUG (BaseJdbcLogger.java:159)- ==> Parameters: 1(Integer)
2019-03-21 14:01:48,414 DEBUG (BaseJdbcLogger.java:159)- <==      Total: 2
2019-03-21 14:01:48,417 DEBUG (BaseJdbcLogger.java:159)- ==>  Preparing: SELECT id,name,question,score FROM items WHERE ( question = ? ) 
2019-03-21 14:01:48,418 DEBUG (BaseJdbcLogger.java:159)- ==> Parameters: 5(Integer)
2019-03-21 14:01:48,420 DEBUG (BaseJdbcLogger.java:159)- <==      Total: 4
2019-03-21 14:03:04,468 DEBUG (BaseJdbcLogger.java:159)- ==>  Preparing: SELECT id,title,answer,reason,examination,score,type,typeparse,token FROM question WHERE ( examination = ? ) 
2019-03-21 14:03:04,469 DEBUG (BaseJdbcLogger.java:159)- ==> Parameters: 4(Integer)
2019-03-21 14:03:04,470 DEBUG (BaseJdbcLogger.java:159)- <==      Total: 2
2019-03-21 14:03:04,471 DEBUG (BaseJdbcLogger.java:159)- ==>  Preparing: SELECT id,name,question,score FROM items WHERE ( question = ? ) 
2019-03-21 14:03:04,472 DEBUG (BaseJdbcLogger.java:159)- ==> Parameters: 1(Integer)
2019-03-21 14:03:04,473 DEBUG (BaseJdbcLogger.java:159)- <==      Total: 2
2019-03-21 14:03:04,474 DEBUG (BaseJdbcLogger.java:159)- ==>  Preparing: SELECT id,name,question,score FROM items WHERE ( question = ? ) 
2019-03-21 14:03:04,475 DEBUG (BaseJdbcLogger.java:159)- ==> Parameters: 5(Integer)
2019-03-21 14:03:04,476 DEBUG (BaseJdbcLogger.java:159)- <==      Total: 4
2019-03-21 14:03:46,042 DEBUG (BaseJdbcLogger.java:159)- ==>  Preparing: SELECT id,title,answer,reason,examination,score,type,typeparse,token FROM question WHERE ( examination = ? ) 
2019-03-21 14:03:46,043 DEBUG (BaseJdbcLogger.java:159)- ==> Parameters: 4(Integer)
2019-03-21 14:03:46,044 DEBUG (BaseJdbcLogger.java:159)- <==      Total: 2
2019-03-21 14:03:46,046 DEBUG (BaseJdbcLogger.java:159)- ==>  Preparing: SELECT id,name,question,score FROM items WHERE ( question = ? ) 
2019-03-21 14:03:46,046 DEBUG (BaseJdbcLogger.java:159)- ==> Parameters: 1(Integer)
2019-03-21 14:03:46,048 DEBUG (BaseJdbcLogger.java:159)- <==      Total: 2
2019-03-21 14:03:46,049 DEBUG (BaseJdbcLogger.java:159)- ==>  Preparing: SELECT id,name,question,score FROM items WHERE ( question = ? ) 
2019-03-21 14:03:46,050 DEBUG (BaseJdbcLogger.java:159)- ==> Parameters: 5(Integer)
2019-03-21 14:03:46,051 DEBUG (BaseJdbcLogger.java:159)- <==      Total: 4
2019-03-21 14:04:45,101 DEBUG (BaseJdbcLogger.java:159)- ==>  Preparing: SELECT id,title,answer,reason,examination,score,type,typeparse,token FROM question WHERE ( examination = ? ) 
2019-03-21 14:04:45,101 DEBUG (BaseJdbcLogger.java:159)- ==> Parameters: 4(Integer)
2019-03-21 14:04:45,103 DEBUG (BaseJdbcLogger.java:159)- <==      Total: 2
2019-03-21 14:04:45,105 DEBUG (BaseJdbcLogger.java:159)- ==>  Preparing: SELECT id,name,question,score FROM items WHERE ( question = ? ) 
2019-03-21 14:04:45,106 DEBUG (BaseJdbcLogger.java:159)- ==> Parameters: 1(Integer)
2019-03-21 14:04:45,107 DEBUG (BaseJdbcLogger.java:159)- <==      Total: 2
2019-03-21 14:04:45,110 DEBUG (BaseJdbcLogger.java:159)- ==>  Preparing: SELECT id,name,question,score FROM items WHERE ( question = ? ) 
2019-03-21 14:04:45,111 DEBUG (BaseJdbcLogger.java:159)- ==> Parameters: 5(Integer)
2019-03-21 14:04:45,113 DEBUG (BaseJdbcLogger.java:159)- <==      Total: 4
2019-03-21 14:06:22,146 DEBUG (BaseJdbcLogger.java:159)- ==>  Preparing: SELECT id,title,answer,reason,examination,score,type,typeparse,token FROM question WHERE ( examination = ? ) 
2019-03-21 14:06:22,148 DEBUG (BaseJdbcLogger.java:159)- ==> Parameters: 4(Integer)
2019-03-21 14:06:22,150 DEBUG (BaseJdbcLogger.java:159)- <==      Total: 2
2019-03-21 14:06:22,153 DEBUG (BaseJdbcLogger.java:159)- ==>  Preparing: SELECT id,name,question,score FROM items WHERE ( question = ? ) 
2019-03-21 14:06:22,154 DEBUG (BaseJdbcLogger.java:159)- ==> Parameters: 1(Integer)
2019-03-21 14:06:22,157 DEBUG (BaseJdbcLogger.java:159)- <==      Total: 2
2019-03-21 14:06:22,164 DEBUG (BaseJdbcLogger.java:159)- ==>  Preparing: SELECT id,name,question,score FROM items WHERE ( question = ? ) 
2019-03-21 14:06:22,165 DEBUG (BaseJdbcLogger.java:159)- ==> Parameters: 5(Integer)
2019-03-21 14:06:22,167 DEBUG (BaseJdbcLogger.java:159)- <==      Total: 4
2019-03-21 14:07:46,506 DEBUG (BaseJdbcLogger.java:159)- ==>  Preparing: UPDATE question SET id = id,title = ?,answer = ?,reason = ?,examination = ?,score = ?,type = ? WHERE id = ? 
2019-03-21 14:07:46,507 DEBUG (BaseJdbcLogger.java:159)- ==> Parameters: 多选题(String), 6(String), abc(String), 4(Integer), 2(Integer), 2(Integer), 5(Integer)
2019-03-21 14:07:46,523 DEBUG (BaseJdbcLogger.java:159)- <==    Updates: 1
2019-03-21 14:07:55,954 DEBUG (BaseJdbcLogger.java:159)- ==>  Preparing: UPDATE question SET id = id,title = ?,answer = ?,reason = ?,examination = ?,score = ?,type = ? WHERE id = ? 
2019-03-21 14:07:55,956 DEBUG (BaseJdbcLogger.java:159)- ==> Parameters: 多选题(String), 0(String), abc(String), 4(Integer), 2(Integer), 2(Integer), 5(Integer)
2019-03-21 14:07:55,959 DEBUG (BaseJdbcLogger.java:159)- <==    Updates: 1
2019-03-21 14:08:43,178 DEBUG (BaseJdbcLogger.java:159)- ==>  Preparing: SELECT id,title,answer,reason,examination,score,type,typeparse,token FROM question WHERE ( examination = ? ) 
2019-03-21 14:08:43,180 DEBUG (BaseJdbcLogger.java:159)- ==> Parameters: 4(Integer)
2019-03-21 14:08:43,182 DEBUG (BaseJdbcLogger.java:159)- <==      Total: 2
2019-03-21 14:08:43,185 DEBUG (BaseJdbcLogger.java:159)- ==>  Preparing: SELECT id,name,question,score FROM items WHERE ( question = ? ) 
2019-03-21 14:08:43,186 DEBUG (BaseJdbcLogger.java:159)- ==> Parameters: 1(Integer)
2019-03-21 14:08:43,188 DEBUG (BaseJdbcLogger.java:159)- <==      Total: 2
2019-03-21 14:08:43,190 DEBUG (BaseJdbcLogger.java:159)- ==>  Preparing: SELECT id,name,question,score FROM items WHERE ( question = ? ) 
2019-03-21 14:08:43,191 DEBUG (BaseJdbcLogger.java:159)- ==> Parameters: 5(Integer)
2019-03-21 14:08:43,195 DEBUG (BaseJdbcLogger.java:159)- <==      Total: 4
2019-03-21 14:08:51,738 DEBUG (BaseJdbcLogger.java:159)- ==>  Preparing: UPDATE question SET id = id,title = ?,answer = ?,reason = ?,examination = ?,score = ?,type = ? WHERE id = ? 
2019-03-21 14:08:51,739 DEBUG (BaseJdbcLogger.java:159)- ==> Parameters: 多选题(String), 6(String), abc(String), 4(Integer), 2(Integer), 2(Integer), 5(Integer)
2019-03-21 14:08:51,741 DEBUG (BaseJdbcLogger.java:159)- <==    Updates: 1
2019-03-21 14:09:00,207 DEBUG (BaseJdbcLogger.java:159)- ==>  Preparing: SELECT id,title,answer,reason,examination,score,type,typeparse,token FROM question WHERE ( examination = ? ) 
2019-03-21 14:09:00,208 DEBUG (BaseJdbcLogger.java:159)- ==> Parameters: 4(Integer)
2019-03-21 14:09:00,209 DEBUG (BaseJdbcLogger.java:159)- <==      Total: 2
2019-03-21 14:09:00,211 DEBUG (BaseJdbcLogger.java:159)- ==>  Preparing: SELECT id,name,question,score FROM items WHERE ( question = ? ) 
2019-03-21 14:09:00,211 DEBUG (BaseJdbcLogger.java:159)- ==> Parameters: 1(Integer)
2019-03-21 14:09:00,212 DEBUG (BaseJdbcLogger.java:159)- <==      Total: 2
2019-03-21 14:09:00,214 DEBUG (BaseJdbcLogger.java:159)- ==>  Preparing: SELECT id,name,question,score FROM items WHERE ( question = ? ) 
2019-03-21 14:09:00,214 DEBUG (BaseJdbcLogger.java:159)- ==> Parameters: 5(Integer)
2019-03-21 14:09:00,216 DEBUG (BaseJdbcLogger.java:159)- <==      Total: 4
2019-03-21 14:09:04,243 DEBUG (BaseJdbcLogger.java:159)- ==>  Preparing: SELECT id,title,answer,reason,examination,score,type,typeparse,token FROM question WHERE ( examination = ? ) 
2019-03-21 14:09:04,244 DEBUG (BaseJdbcLogger.java:159)- ==> Parameters: 4(Integer)
2019-03-21 14:09:04,245 DEBUG (BaseJdbcLogger.java:159)- <==      Total: 2
2019-03-21 14:09:04,248 DEBUG (BaseJdbcLogger.java:159)- ==>  Preparing: SELECT id,name,question,score FROM items WHERE ( question = ? ) 
2019-03-21 14:09:04,248 DEBUG (BaseJdbcLogger.java:159)- ==> Parameters: 1(Integer)
2019-03-21 14:09:04,250 DEBUG (BaseJdbcLogger.java:159)- <==      Total: 2
2019-03-21 14:09:04,251 DEBUG (BaseJdbcLogger.java:159)- ==>  Preparing: SELECT id,name,question,score FROM items WHERE ( question = ? ) 
2019-03-21 14:09:04,252 DEBUG (BaseJdbcLogger.java:159)- ==> Parameters: 5(Integer)
2019-03-21 14:09:04,253 DEBUG (BaseJdbcLogger.java:159)- <==      Total: 4
2019-03-21 14:10:44,643 DEBUG (BaseJdbcLogger.java:159)- ==>  Preparing: UPDATE question SET id = id,title = ?,answer = ?,reason = ?,examination = ?,score = ?,type = ? WHERE id = ? 
2019-03-21 14:10:44,644 DEBUG (BaseJdbcLogger.java:159)- ==> Parameters: 多选题(String), 6(String), abc(String), 4(Integer), 2(Integer), 2(Integer), 5(Integer)
2019-03-21 14:10:44,646 DEBUG (BaseJdbcLogger.java:159)- <==    Updates: 1
2019-03-21 14:11:24,162 DEBUG (BaseJdbcLogger.java:159)- ==>  Preparing: SELECT id,title,answer,reason,examination,score,type,typeparse,token FROM question WHERE ( examination = ? ) 
2019-03-21 14:11:24,163 DEBUG (BaseJdbcLogger.java:159)- ==> Parameters: 4(Integer)
2019-03-21 14:11:24,164 DEBUG (BaseJdbcLogger.java:159)- <==      Total: 2
2019-03-21 14:11:24,165 DEBUG (BaseJdbcLogger.java:159)- ==>  Preparing: SELECT id,name,question,score FROM items WHERE ( question = ? ) 
2019-03-21 14:11:24,166 DEBUG (BaseJdbcLogger.java:159)- ==> Parameters: 1(Integer)
2019-03-21 14:11:24,167 DEBUG (BaseJdbcLogger.java:159)- <==      Total: 2
2019-03-21 14:11:24,169 DEBUG (BaseJdbcLogger.java:159)- ==>  Preparing: SELECT id,name,question,score FROM items WHERE ( question = ? ) 
2019-03-21 14:11:24,169 DEBUG (BaseJdbcLogger.java:159)- ==> Parameters: 5(Integer)
2019-03-21 14:11:24,170 DEBUG (BaseJdbcLogger.java:159)- <==      Total: 4
2019-03-21 14:13:07,631 INFO (StartupInfoLogger.java:50)- Starting AnswerSystemApplication on haoluo with PID 7378 (/home/haoluo/Documents/workspaces/GitHub/AnswerSystem/answer_system/target/classes started by haoluo in /home/haoluo/Documents/workspaces/GitHub/AnswerSystem/answer_system)
2019-03-21 14:13:07,634 DEBUG (StartupInfoLogger.java:53)- Running with Spring Boot v2.1.3.RELEASE, Spring v5.1.5.RELEASE
2019-03-21 14:13:07,635 INFO (SpringApplication.java:679)- The following profiles are active: test
2019-03-21 14:13:11,331 INFO (DataSource1Config.java:49)- datasource1 开始初始化。
2019-03-21 14:13:13,606 INFO (StartupInfoLogger.java:59)- Started AnswerSystemApplication in 7.187 seconds (JVM running for 13.944)
2019-03-21 14:14:09,620 DEBUG (BaseJdbcLogger.java:159)- ==>  Preparing: UPDATE question SET id = id,title = ?,answer = ?,reason = ?,examination = ?,score = ?,type = ? WHERE id = ? 
2019-03-21 14:14:09,649 DEBUG (BaseJdbcLogger.java:159)- ==> Parameters: 多选题1(String), 6(String), abcd(String), 4(Integer), 2(Integer), 2(Integer), 5(Integer)
2019-03-21 14:14:09,660 DEBUG (BaseJdbcLogger.java:159)- <==    Updates: 1
2019-03-21 14:14:09,663 DEBUG (BaseJdbcLogger.java:159)- ==>  Preparing: UPDATE items SET id = id,name = ?,question = ?,score = ? WHERE id = ? 
2019-03-21 14:14:09,665 DEBUG (BaseJdbcLogger.java:159)- ==> Parameters: A(String), 5(Integer), 1(Integer), 17(Integer)
2019-03-21 14:14:09,667 DEBUG (BaseJdbcLogger.java:159)- <==    Updates: 1
2019-03-21 14:14:09,668 DEBUG (BaseJdbcLogger.java:159)- ==>  Preparing: UPDATE items SET id = id,name = ?,question = ?,score = ? WHERE id = ? 
2019-03-21 14:14:09,670 DEBUG (BaseJdbcLogger.java:159)- ==> Parameters: b(String), 5(Integer), 2(Integer), 18(Integer)
2019-03-21 14:14:09,672 DEBUG (BaseJdbcLogger.java:159)- <==    Updates: 1
2019-03-21 14:14:09,673 DEBUG (BaseJdbcLogger.java:159)- ==>  Preparing: UPDATE items SET id = id,name = ?,question = ?,score = ? WHERE id = ? 
2019-03-21 14:14:09,674 DEBUG (BaseJdbcLogger.java:159)- ==> Parameters: c(String), 5(Integer), 4(Integer), 19(Integer)
2019-03-21 14:14:09,676 DEBUG (BaseJdbcLogger.java:159)- <==    Updates: 1
2019-03-21 14:14:09,678 DEBUG (BaseJdbcLogger.java:159)- ==>  Preparing: UPDATE items SET id = id,name = ?,question = ?,score = ? WHERE id = ? 
2019-03-21 14:14:09,681 DEBUG (BaseJdbcLogger.java:159)- ==> Parameters: d(String), 5(Integer), 8(Integer), 20(Integer)
2019-03-21 14:14:09,683 DEBUG (BaseJdbcLogger.java:159)- <==    Updates: 1
2019-03-21 14:14:09,905 DEBUG (BaseJdbcLogger.java:159)- ==>  Preparing: SELECT id,title,answer,reason,examination,score,type,typeparse,token FROM question WHERE ( examination = ? ) 
2019-03-21 14:14:09,907 DEBUG (BaseJdbcLogger.java:159)- ==> Parameters: 4(Integer)
2019-03-21 14:14:09,929 DEBUG (BaseJdbcLogger.java:159)- <==      Total: 2
2019-03-21 14:14:09,932 DEBUG (BaseJdbcLogger.java:159)- ==>  Preparing: SELECT id,name,question,score FROM items WHERE ( question = ? ) 
2019-03-21 14:14:09,933 DEBUG (BaseJdbcLogger.java:159)- ==> Parameters: 1(Integer)
2019-03-21 14:14:09,936 DEBUG (BaseJdbcLogger.java:159)- <==      Total: 2
2019-03-21 14:14:09,938 DEBUG (BaseJdbcLogger.java:159)- ==>  Preparing: SELECT id,name,question,score FROM items WHERE ( question = ? ) 
2019-03-21 14:14:09,939 DEBUG (BaseJdbcLogger.java:159)- ==> Parameters: 5(Integer)
2019-03-21 14:14:09,943 DEBUG (BaseJdbcLogger.java:159)- <==      Total: 4
2019-03-21 14:14:19,853 DEBUG (BaseJdbcLogger.java:159)- ==>  Preparing: SELECT id,title,answer,reason,examination,score,type,typeparse,token FROM question WHERE ( examination = ? ) 
2019-03-21 14:14:19,855 DEBUG (BaseJdbcLogger.java:159)- ==> Parameters: 4(Integer)
2019-03-21 14:14:19,857 DEBUG (BaseJdbcLogger.java:159)- <==      Total: 2
2019-03-21 14:14:19,859 DEBUG (BaseJdbcLogger.java:159)- ==>  Preparing: SELECT id,name,question,score FROM items WHERE ( question = ? ) 
2019-03-21 14:14:19,860 DEBUG (BaseJdbcLogger.java:159)- ==> Parameters: 1(Integer)
2019-03-21 14:14:19,863 DEBUG (BaseJdbcLogger.java:159)- <==      Total: 2
2019-03-21 14:14:19,871 DEBUG (BaseJdbcLogger.java:159)- ==>  Preparing: SELECT id,name,question,score FROM items WHERE ( question = ? ) 
2019-03-21 14:14:19,874 DEBUG (BaseJdbcLogger.java:159)- ==> Parameters: 5(Integer)
2019-03-21 14:14:19,883 DEBUG (BaseJdbcLogger.java:159)- <==      Total: 4
2019-03-21 14:15:49,974 DEBUG (BaseJdbcLogger.java:159)- ==>  Preparing: SELECT id,title,answer,reason,examination,score,type,typeparse,token FROM question WHERE ( examination = ? ) 
2019-03-21 14:15:49,975 DEBUG (BaseJdbcLogger.java:159)- ==> Parameters: 4(Integer)
2019-03-21 14:15:49,978 DEBUG (BaseJdbcLogger.java:159)- <==      Total: 2
2019-03-21 14:15:49,982 DEBUG (BaseJdbcLogger.java:159)- ==>  Preparing: SELECT id,name,question,score FROM items WHERE ( question = ? ) 
2019-03-21 14:15:49,984 DEBUG (BaseJdbcLogger.java:159)- ==> Parameters: 1(Integer)
2019-03-21 14:15:49,991 DEBUG (BaseJdbcLogger.java:159)- <==      Total: 3
2019-03-21 14:15:50,003 DEBUG (BaseJdbcLogger.java:159)- ==>  Preparing: SELECT id,name,question,score FROM items WHERE ( question = ? ) 
2019-03-21 14:15:50,004 DEBUG (BaseJdbcLogger.java:159)- ==> Parameters: 5(Integer)
2019-03-21 14:15:50,007 DEBUG (BaseJdbcLogger.java:159)- <==      Total: 4
2019-03-21 14:16:28,396 DEBUG (BaseJdbcLogger.java:159)- ==>  Preparing: SELECT id,title,answer,reason,examination,score,type,typeparse,token FROM question WHERE ( examination = ? ) 
2019-03-21 14:16:28,397 DEBUG (BaseJdbcLogger.java:159)- ==> Parameters: 4(Integer)
2019-03-21 14:16:28,406 DEBUG (BaseJdbcLogger.java:159)- <==      Total: 2
2019-03-21 14:16:28,410 DEBUG (BaseJdbcLogger.java:159)- ==>  Preparing: SELECT id,name,question,score FROM items WHERE ( question = ? ) 
2019-03-21 14:16:28,413 DEBUG (BaseJdbcLogger.java:159)- ==> Parameters: 1(Integer)
2019-03-21 14:16:28,421 DEBUG (BaseJdbcLogger.java:159)- <==      Total: 4
2019-03-21 14:16:28,424 DEBUG (BaseJdbcLogger.java:159)- ==>  Preparing: SELECT id,name,question,score FROM items WHERE ( question = ? ) 
2019-03-21 14:16:28,425 DEBUG (BaseJdbcLogger.java:159)- ==> Parameters: 5(Integer)
2019-03-21 14:16:28,428 DEBUG (BaseJdbcLogger.java:159)- <==      Total: 4
2019-03-21 14:16:34,224 DEBUG (BaseJdbcLogger.java:159)- ==>  Preparing: UPDATE question SET id = id,title = ?,answer = ?,reason = ?,examination = ?,score = ?,type = ? WHERE id = ? 
2019-03-21 14:16:34,236 DEBUG (BaseJdbcLogger.java:159)- ==> Parameters: test1(String), 1(String), reason(String), 4(Integer), 1(Integer), 1(Integer), 1(Integer)
2019-03-21 14:16:34,238 DEBUG (BaseJdbcLogger.java:159)- <==    Updates: 1
2019-03-21 14:16:34,239 DEBUG (BaseJdbcLogger.java:159)- ==>  Preparing: UPDATE items SET id = id,name = ?,question = ?,score = ? WHERE id = ? 
2019-03-21 14:16:34,240 DEBUG (BaseJdbcLogger.java:159)- ==> Parameters: 正确(String), 1(Integer), 1(Integer), 1(Integer)
2019-03-21 14:16:34,243 DEBUG (BaseJdbcLogger.java:159)- <==    Updates: 1
2019-03-21 14:16:34,244 DEBUG (BaseJdbcLogger.java:159)- ==>  Preparing: UPDATE items SET id = id,name = ?,question = ?,score = ? WHERE id = ? 
2019-03-21 14:16:34,245 DEBUG (BaseJdbcLogger.java:159)- ==> Parameters: 错误(String), 1(Integer), 2(Integer), 2(Integer)
2019-03-21 14:16:34,247 DEBUG (BaseJdbcLogger.java:159)- <==    Updates: 1
2019-03-21 14:16:34,249 DEBUG (BaseJdbcLogger.java:159)- ==>  Preparing: UPDATE items SET id = id,name = ?,question = ?,score = ? WHERE id = ? 
2019-03-21 14:16:34,250 DEBUG (BaseJdbcLogger.java:159)- ==> Parameters: C(String), 1(Integer), 4(Integer), 3(Integer)
2019-03-21 14:16:34,252 DEBUG (BaseJdbcLogger.java:159)- <==    Updates: 1
2019-03-21 14:16:34,254 DEBUG (BaseJdbcLogger.java:159)- ==>  Preparing: UPDATE items SET id = id,name = ?,question = ?,score = ? WHERE id = ? 
2019-03-21 14:16:34,255 DEBUG (BaseJdbcLogger.java:159)- ==> Parameters: D(String), 1(Integer), 8(Integer), 4(Integer)
2019-03-21 14:16:34,257 DEBUG (BaseJdbcLogger.java:159)- <==    Updates: 1
2019-03-21 14:16:34,448 DEBUG (BaseJdbcLogger.java:159)- ==>  Preparing: SELECT id,title,answer,reason,examination,score,type,typeparse,token FROM question WHERE ( examination = ? ) 
2019-03-21 14:16:34,450 DEBUG (BaseJdbcLogger.java:159)- ==> Parameters: 4(Integer)
2019-03-21 14:16:34,453 DEBUG (BaseJdbcLogger.java:159)- <==      Total: 2
2019-03-21 14:16:34,464 DEBUG (BaseJdbcLogger.java:159)- ==>  Preparing: SELECT id,name,question,score FROM items WHERE ( question = ? ) 
2019-03-21 14:16:34,465 DEBUG (BaseJdbcLogger.java:159)- ==> Parameters: 1(Integer)
2019-03-21 14:16:34,470 DEBUG (BaseJdbcLogger.java:159)- <==      Total: 4
2019-03-21 14:16:34,474 DEBUG (BaseJdbcLogger.java:159)- ==>  Preparing: SELECT id,name,question,score FROM items WHERE ( question = ? ) 
2019-03-21 14:16:34,474 DEBUG (BaseJdbcLogger.java:159)- ==> Parameters: 5(Integer)
2019-03-21 14:16:34,477 DEBUG (BaseJdbcLogger.java:159)- <==      Total: 4
2019-03-21 14:17:04,574 DEBUG (BaseJdbcLogger.java:159)- ==>  Preparing: SELECT fn.id, fn.`name`, fn.parse, fv.id AS value_id, fv.tag, fv.field_name, fv.`value`, fv.parse AS value_parse, fv.properties FROM sys_field_name fn LEFT JOIN sys_field_value fv ON fv.field_name = fn.id 
2019-03-21 14:17:04,575 DEBUG (BaseJdbcLogger.java:159)- ==> Parameters: 
2019-03-21 14:17:04,587 DEBUG (BaseJdbcLogger.java:159)- <==      Total: 12
2019-03-21 14:17:04,589 DEBUG (QuestionController.java:64)- null
2019-03-21 14:20:51,641 INFO (StartupInfoLogger.java:50)- Starting AnswerSystemApplication on haoluo with PID 7833 (/home/haoluo/Documents/workspaces/GitHub/AnswerSystem/answer_system/target/classes started by haoluo in /home/haoluo/Documents/workspaces/GitHub/AnswerSystem/answer_system)
2019-03-21 14:20:51,656 DEBUG (StartupInfoLogger.java:53)- Running with Spring Boot v2.1.3.RELEASE, Spring v5.1.5.RELEASE
2019-03-21 14:20:51,658 INFO (SpringApplication.java:679)- The following profiles are active: test
2019-03-21 14:20:54,646 INFO (DataSource1Config.java:49)- datasource1 开始初始化。
2019-03-21 14:20:56,793 INFO (StartupInfoLogger.java:59)- Started AnswerSystemApplication in 6.579 seconds (JVM running for 8.332)
2019-03-21 14:21:55,758 DEBUG (BaseJdbcLogger.java:159)- ==>  Preparing: SELECT fn.id, fn.`name`, fn.parse, fv.id AS value_id, fv.tag, fv.field_name, fv.`value`, fv.parse AS value_parse, fv.properties FROM sys_field_name fn LEFT JOIN sys_field_value fv ON fv.field_name = fn.id 
2019-03-21 14:21:55,780 DEBUG (BaseJdbcLogger.java:159)- ==> Parameters: 
2019-03-21 14:21:55,803 DEBUG (BaseJdbcLogger.java:159)- <==      Total: 12
2019-03-21 14:21:55,850 DEBUG (BaseJdbcLogger.java:159)- ==>  Preparing: INSERT INTO question ( id,title,answer,reason,examination,score,type,typeparse,token ) VALUES( ?,?,?,?,?,?,?,?,? ) 
2019-03-21 14:21:55,853 DEBUG (BaseJdbcLogger.java:159)- ==> Parameters: null, 判断(String), 1(String), (String), 4(Integer), 1(Integer), 3(Integer), 判断题(String), 352fa1aec3454dff838caf77993b40a2(String)
2019-03-21 14:21:55,948 DEBUG (BaseJdbcLogger.java:159)- <==    Updates: 1
2019-03-21 14:21:55,953 DEBUG (BaseJdbcLogger.java:159)- ==>  Executing: SELECT LAST_INSERT_ID() 
2019-03-21 14:21:55,982 DEBUG (BaseJdbcLogger.java:159)- <==      Total: 1
2019-03-21 14:21:56,318 DEBUG (BaseJdbcLogger.java:159)- ==>  Preparing: SELECT id,title,answer,reason,examination,score,type,typeparse,token FROM question WHERE ( examination = ? ) 
2019-03-21 14:21:56,320 DEBUG (BaseJdbcLogger.java:159)- ==> Parameters: 4(Integer)
2019-03-21 14:21:56,325 DEBUG (BaseJdbcLogger.java:159)- <==      Total: 3
2019-03-21 14:21:56,330 DEBUG (BaseJdbcLogger.java:159)- ==>  Preparing: SELECT id,name,question,score FROM items WHERE ( question = ? ) 
2019-03-21 14:21:56,332 DEBUG (BaseJdbcLogger.java:159)- ==> Parameters: 1(Integer)
2019-03-21 14:21:56,336 DEBUG (BaseJdbcLogger.java:159)- <==      Total: 4
2019-03-21 14:21:56,341 DEBUG (BaseJdbcLogger.java:159)- ==>  Preparing: SELECT id,name,question,score FROM items WHERE ( question = ? ) 
2019-03-21 14:21:56,343 DEBUG (BaseJdbcLogger.java:159)- ==> Parameters: 5(Integer)
2019-03-21 14:21:56,346 DEBUG (BaseJdbcLogger.java:159)- <==      Total: 4
2019-03-21 14:21:56,351 DEBUG (BaseJdbcLogger.java:159)- ==>  Preparing: SELECT id,name,question,score FROM items WHERE ( question = ? ) 
2019-03-21 14:21:56,353 DEBUG (BaseJdbcLogger.java:159)- ==> Parameters: 6(Integer)
2019-03-21 14:21:56,356 DEBUG (BaseJdbcLogger.java:159)- <==      Total: 0
2019-03-21 14:22:04,932 DEBUG (BaseJdbcLogger.java:159)- ==>  Preparing: UPDATE question SET id = id,title = ?,answer = ?,reason = ?,examination = ?,score = ?,type = ? WHERE id = ? 
2019-03-21 14:22:04,935 DEBUG (BaseJdbcLogger.java:159)- ==> Parameters: 判断(String), 1(String), ab(String), 4(Integer), 1(Integer), 3(Integer), 6(Integer)
2019-03-21 14:22:04,939 DEBUG (BaseJdbcLogger.java:159)- <==    Updates: 1
2019-03-21 14:22:05,239 DEBUG (BaseJdbcLogger.java:159)- ==>  Preparing: SELECT id,title,answer,reason,examination,score,type,typeparse,token FROM question WHERE ( examination = ? ) 
2019-03-21 14:22:05,243 DEBUG (BaseJdbcLogger.java:159)- ==> Parameters: 4(Integer)
2019-03-21 14:22:05,258 DEBUG (BaseJdbcLogger.java:159)- <==      Total: 3
2019-03-21 14:22:05,262 DEBUG (BaseJdbcLogger.java:159)- ==>  Preparing: SELECT id,name,question,score FROM items WHERE ( question = ? ) 
2019-03-21 14:22:05,268 DEBUG (BaseJdbcLogger.java:159)- ==> Parameters: 1(Integer)
2019-03-21 14:22:05,274 DEBUG (BaseJdbcLogger.java:159)- <==      Total: 4
2019-03-21 14:22:05,278 DEBUG (BaseJdbcLogger.java:159)- ==>  Preparing: SELECT id,name,question,score FROM items WHERE ( question = ? ) 
2019-03-21 14:22:05,279 DEBUG (BaseJdbcLogger.java:159)- ==> Parameters: 5(Integer)
2019-03-21 14:22:05,294 DEBUG (BaseJdbcLogger.java:159)- <==      Total: 4
2019-03-21 14:22:05,301 DEBUG (BaseJdbcLogger.java:159)- ==>  Preparing: SELECT id,name,question,score FROM items WHERE ( question = ? ) 
2019-03-21 14:22:05,303 DEBUG (BaseJdbcLogger.java:159)- ==> Parameters: 6(Integer)
2019-03-21 14:22:05,309 DEBUG (BaseJdbcLogger.java:159)- <==      Total: 0
2019-03-21 14:23:05,636 DEBUG (BaseJdbcLogger.java:159)- ==>  Preparing: SELECT id,name,des,time,status,type FROM examination 
2019-03-21 14:23:05,637 DEBUG (BaseJdbcLogger.java:159)- ==> Parameters: 
2019-03-21 14:23:05,641 DEBUG (BaseJdbcLogger.java:159)- <==      Total: 11
2019-03-21 16:43:26,879 INFO (StartupInfoLogger.java:50)- Starting AnswerSystemApplication on haoluo with PID 4968 (/home/haoluo/Documents/workspaces/GitHub/AnswerSystem/answer_system/target/classes started by haoluo in /home/haoluo/Documents/workspaces/GitHub/AnswerSystem/answer_system)
2019-03-21 16:43:26,916 DEBUG (StartupInfoLogger.java:53)- Running with Spring Boot v2.1.3.RELEASE, Spring v5.1.5.RELEASE
2019-03-21 16:43:26,917 INFO (SpringApplication.java:679)- The following profiles are active: test
2019-03-21 16:43:30,482 INFO (DataSource1Config.java:49)- datasource1 开始初始化。
2019-03-21 16:43:32,513 INFO (StartupInfoLogger.java:59)- Started AnswerSystemApplication in 8.19 seconds (JVM running for 10.366)
2019-03-21 16:44:15,381 DEBUG (BaseJdbcLogger.java:159)- ==>  Preparing: SELECT id,name,des,time,status,type FROM examination WHERE id = ? 
2019-03-21 16:44:15,404 DEBUG (BaseJdbcLogger.java:159)- ==> Parameters: 4(Integer)
2019-03-21 16:44:15,419 DEBUG (BaseJdbcLogger.java:159)- <==      Total: 1
2019-03-21 16:44:15,426 DEBUG (ExaminationController.java:133)- 法学
2019-03-21 16:44:15,434 DEBUG (BaseJdbcLogger.java:159)- ==>  Preparing: SELECT qut.id, qut.title, qut.answer, qut.reason, qut.examination, qut.score,qut.type,qut.typeparse,qut.token, itm.id as item_id,itm.name, itm.question, itm score AS item_score FROM answerSystem.question AS qut LEFT JOIN answerSystem.items AS itm ON qut.id= itm.question WHERE qut.examination=? ORDER BY qut.id,qut.type,itm.score 
2019-03-21 16:44:15,435 DEBUG (BaseJdbcLogger.java:159)- ==> Parameters: 4(Integer)
2019-03-21 16:47:46,962 INFO (StartupInfoLogger.java:50)- Starting AnswerSystemApplication on haoluo with PID 5205 (/home/haoluo/Documents/workspaces/GitHub/AnswerSystem/answer_system/target/classes started by haoluo in /home/haoluo/Documents/workspaces/GitHub/AnswerSystem/answer_system)
2019-03-21 16:47:46,978 DEBUG (StartupInfoLogger.java:53)- Running with Spring Boot v2.1.3.RELEASE, Spring v5.1.5.RELEASE
2019-03-21 16:47:46,981 INFO (SpringApplication.java:679)- The following profiles are active: test
2019-03-21 16:47:50,404 INFO (DataSource1Config.java:49)- datasource1 开始初始化。
2019-03-21 16:47:52,752 INFO (StartupInfoLogger.java:59)- Started AnswerSystemApplication in 7.653 seconds (JVM running for 9.294)
2019-03-21 16:47:57,391 DEBUG (BaseJdbcLogger.java:159)- ==>  Preparing: SELECT id,name,des,time,status,type FROM examination WHERE id = ? 
2019-03-21 16:47:57,418 DEBUG (BaseJdbcLogger.java:159)- ==> Parameters: 4(Integer)
2019-03-21 16:47:57,437 DEBUG (BaseJdbcLogger.java:159)- <==      Total: 1
2019-03-21 16:47:57,446 DEBUG (ExaminationController.java:133)- 法学
2019-03-21 16:47:57,454 DEBUG (BaseJdbcLogger.java:159)- ==>  Preparing: SELECT qut.id, qut.title, qut.answer, qut.reason, qut.examination, qut.score,qut.type,qut.typeparse,qut.token, itm.id as item_id,itm.name, itm.question, itm.score AS item_score FROM answerSystem.question AS qut LEFT JOIN answerSystem.items AS itm ON qut.id= itm.question WHERE qut.examination=? ORDER BY qut.id,qut.type,itm.score 
2019-03-21 16:47:57,455 DEBUG (BaseJdbcLogger.java:159)- ==> Parameters: 4(Integer)
2019-03-21 16:47:57,467 DEBUG (BaseJdbcLogger.java:159)- <==      Total: 9
2019-03-21 16:51:48,644 DEBUG (BaseJdbcLogger.java:159)- ==>  Preparing: SELECT id,name,des,time,status,type FROM examination WHERE id = ? 
2019-03-21 16:51:48,646 DEBUG (BaseJdbcLogger.java:159)- ==> Parameters: 4(Integer)
2019-03-21 16:51:48,649 DEBUG (BaseJdbcLogger.java:159)- <==      Total: 1
2019-03-21 16:51:48,651 DEBUG (ExaminationController.java:133)- 法学
2019-03-21 16:51:48,652 DEBUG (BaseJdbcLogger.java:159)- ==>  Preparing: SELECT qut.id, qut.title, qut.answer, qut.reason, qut.examination, qut.score,qut.type,qut.typeparse,qut.token, itm.id as item_id,itm.name, itm.question, itm.score AS item_score FROM answerSystem.question AS qut LEFT JOIN answerSystem.items AS itm ON qut.id= itm.question WHERE qut.examination=? ORDER BY qut.id,qut.type,itm.score 
2019-03-21 16:51:48,653 DEBUG (BaseJdbcLogger.java:159)- ==> Parameters: 4(Integer)
2019-03-21 16:51:48,662 DEBUG (BaseJdbcLogger.java:159)- <==      Total: 9
2019-03-21 16:56:10,912 INFO (StartupInfoLogger.java:50)- Starting AnswerSystemApplication on haoluo with PID 5607 (/home/haoluo/Documents/workspaces/GitHub/AnswerSystem/answer_system/target/classes started by haoluo in /home/haoluo/Documents/workspaces/GitHub/AnswerSystem/answer_system)
2019-03-21 16:56:10,915 DEBUG (StartupInfoLogger.java:53)- Running with Spring Boot v2.1.3.RELEASE, Spring v5.1.5.RELEASE
2019-03-21 16:56:10,916 INFO (SpringApplication.java:679)- The following profiles are active: test
2019-03-21 16:56:14,117 INFO (DataSource1Config.java:49)- datasource1 开始初始化。
2019-03-21 16:56:16,305 INFO (StartupInfoLogger.java:59)- Started AnswerSystemApplication in 6.282 seconds (JVM running for 7.698)
2019-03-21 16:56:22,066 DEBUG (BaseJdbcLogger.java:159)- ==>  Preparing: SELECT id,name,des,time,status,type FROM examination WHERE id = ? 
2019-03-21 16:56:22,088 DEBUG (BaseJdbcLogger.java:159)- ==> Parameters: 4(Integer)
2019-03-21 16:56:22,103 DEBUG (BaseJdbcLogger.java:159)- <==      Total: 1
2019-03-21 16:56:22,110 DEBUG (ExaminationController.java:133)- 法学
2019-03-21 16:56:22,117 DEBUG (BaseJdbcLogger.java:159)- ==>  Preparing: SELECT qut.id, qut.title, qut.answer, qut.reason, qut.examination, qut.score,qut.type,qut.typeparse,qut.token, itm.id as item_id,itm.name, itm.question, itm.score AS item_score FROM answerSystem.question AS qut LEFT JOIN answerSystem.items AS itm ON qut.id= itm.question WHERE qut.examination=? ORDER BY qut.id,qut.type,itm.score 
2019-03-21 16:56:22,118 DEBUG (BaseJdbcLogger.java:159)- ==> Parameters: 4(Integer)
2019-03-21 16:56:22,125 DEBUG (BaseJdbcLogger.java:159)- <==      Total: 9
2019-03-21 16:58:31,960 INFO (StartupInfoLogger.java:50)- Starting AnswerSystemApplication on haoluo with PID 5791 (/home/haoluo/Documents/workspaces/GitHub/AnswerSystem/answer_system/target/classes started by haoluo in /home/haoluo/Documents/workspaces/GitHub/AnswerSystem/answer_system)
2019-03-21 16:58:31,964 DEBUG (StartupInfoLogger.java:53)- Running with Spring Boot v2.1.3.RELEASE, Spring v5.1.5.RELEASE
2019-03-21 16:58:31,965 INFO (SpringApplication.java:679)- The following profiles are active: test
2019-03-21 16:58:35,970 INFO (DataSource1Config.java:49)- datasource1 开始初始化。
2019-03-21 16:58:38,330 INFO (StartupInfoLogger.java:59)- Started AnswerSystemApplication in 7.494 seconds (JVM running for 8.732)
2019-03-21 16:58:52,490 DEBUG (BaseJdbcLogger.java:159)- ==>  Preparing: SELECT id,name,des,time,status,type FROM examination WHERE id = ? 
2019-03-21 16:58:52,518 DEBUG (BaseJdbcLogger.java:159)- ==> Parameters: 4(Integer)
2019-03-21 16:58:52,532 DEBUG (BaseJdbcLogger.java:159)- <==      Total: 1
2019-03-21 16:58:52,538 DEBUG (ExaminationController.java:133)- 法学
2019-03-21 16:58:52,546 DEBUG (BaseJdbcLogger.java:159)- ==>  Preparing: SELECT qut.id, qut.title, qut.answer, qut.reason, qut.examination, qut.score,qut.type,qut.typeparse,qut.token, itm.id as item_id,itm.name, itm.question, itm.score AS item_score FROM answerSystem.question AS qut LEFT JOIN answerSystem.items AS itm ON qut.id= itm.question WHERE qut.examination=? ORDER BY qut.id,qut.type,itm.score 
2019-03-21 16:58:52,547 DEBUG (BaseJdbcLogger.java:159)- ==> Parameters: 4(Integer)
2019-03-21 16:58:52,555 DEBUG (BaseJdbcLogger.java:159)- <==      Total: 9
2019-03-21 17:03:16,375 INFO (StartupInfoLogger.java:50)- Starting AnswerSystemApplication on haoluo with PID 6091 (/home/haoluo/Documents/workspaces/GitHub/AnswerSystem/answer_system/target/classes started by haoluo in /home/haoluo/Documents/workspaces/GitHub/AnswerSystem/answer_system)
2019-03-21 17:03:16,398 DEBUG (StartupInfoLogger.java:53)- Running with Spring Boot v2.1.3.RELEASE, Spring v5.1.5.RELEASE
2019-03-21 17:03:16,400 INFO (SpringApplication.java:679)- The following profiles are active: test
2019-03-21 17:03:19,291 INFO (DataSource1Config.java:49)- datasource1 开始初始化。
2019-03-21 17:03:21,252 INFO (StartupInfoLogger.java:59)- Started AnswerSystemApplication in 6.026 seconds (JVM running for 7.997)
2019-03-21 17:03:27,388 DEBUG (BaseJdbcLogger.java:159)- ==>  Preparing: SELECT id,name,des,time,status,type FROM examination WHERE id = ? 
2019-03-21 17:03:27,410 DEBUG (BaseJdbcLogger.java:159)- ==> Parameters: 4(Integer)
2019-03-21 17:03:27,425 DEBUG (BaseJdbcLogger.java:159)- <==      Total: 1
2019-03-21 17:03:27,434 DEBUG (ExaminationController.java:133)- 法学
2019-03-21 17:03:27,444 DEBUG (BaseJdbcLogger.java:159)- ==>  Preparing: SELECT qut.id, qut.title, qut.answer, qut.reason, qut.examination, qut.score,qut.type,qut.typeparse,qut.token, itm.id as item_id,itm.name, itm.question, itm.score AS item_score FROM answerSystem.question AS qut LEFT JOIN answerSystem.items AS itm ON qut.id= itm.question WHERE qut.examination=? ORDER BY qut.id,qut.type,itm.score 
2019-03-21 17:03:27,445 DEBUG (BaseJdbcLogger.java:159)- ==> Parameters: 4(Integer)
2019-03-21 17:03:27,460 DEBUG (BaseJdbcLogger.java:159)- <==      Total: 9
2019-03-21 17:03:27,475 DEBUG (ExaminationController.java:151)- 分发试卷:ExaminationView(id=4, name=法学, describe=64200-1531897166806-法学.png, time=null, questions=[QuestionView(id=1, title=test1, score=1, type=1, typeparse=单选题, items=[ItemsView(name=正确), ItemsView(name=错误), ItemsView(name=C), ItemsView(name=D)]), QuestionView(id=5, title=多选题1, score=2, type=2, typeparse=多选题, items=[ItemsView(name=A), ItemsView(name=b), ItemsView(name=c), ItemsView(name=d)]), QuestionView(id=6, title=判断, score=1, type=3, typeparse=判断题, items=[])])
2019-03-21 17:10:31,903 INFO (StartupInfoLogger.java:50)- Starting AnswerSystemApplication on haoluo with PID 6970 (/home/haoluo/Documents/workspaces/GitHub/AnswerSystem/answer_system/target/classes started by haoluo in /home/haoluo/Documents/workspaces/GitHub/AnswerSystem/answer_system)
2019-03-21 17:10:31,909 DEBUG (StartupInfoLogger.java:53)- Running with Spring Boot v2.1.3.RELEASE, Spring v5.1.5.RELEASE
2019-03-21 17:10:31,910 INFO (SpringApplication.java:679)- The following profiles are active: test
2019-03-21 17:10:36,108 INFO (DataSource1Config.java:49)- datasource1 开始初始化。
2019-03-21 17:10:38,566 INFO (StartupInfoLogger.java:59)- Started AnswerSystemApplication in 8.018 seconds (JVM running for 11.032)
2019-03-21 17:18:24,536 DEBUG (BaseJdbcLogger.java:159)- ==>  Preparing: SELECT userno,username,password,email,gender,status,newdate FROM user 
2019-03-21 17:18:24,565 DEBUG (BaseJdbcLogger.java:159)- ==> Parameters: 
2019-03-21 17:18:24,585 DEBUG (BaseJdbcLogger.java:159)- <==      Total: 4
2019-03-21 17:18:26,969 DEBUG (BaseJdbcLogger.java:159)- ==>  Preparing: SELECT id,name,des,time,status,type FROM examination 
2019-03-21 17:18:26,970 DEBUG (BaseJdbcLogger.java:159)- ==> Parameters: 
2019-03-21 17:18:26,975 DEBUG (BaseJdbcLogger.java:159)- <==      Total: 11
2019-03-21 17:18:28,082 DEBUG (BaseJdbcLogger.java:159)- ==>  Preparing: SELECT userno,username,password,email,gender,status,newdate FROM user 
2019-03-21 17:18:28,083 DEBUG (BaseJdbcLogger.java:159)- ==> Parameters: 
2019-03-21 17:18:28,086 DEBUG (BaseJdbcLogger.java:159)- <==      Total: 4
2019-03-21 17:18:29,178 DEBUG (BaseJdbcLogger.java:159)- ==>  Preparing: SELECT id,name,des,time,status,type FROM examination 
2019-03-21 17:18:29,178 DEBUG (BaseJdbcLogger.java:159)- ==> Parameters: 
2019-03-21 17:18:29,186 DEBUG (BaseJdbcLogger.java:159)- <==      Total: 11
2019-03-21 17:24:30,571 DEBUG (BaseJdbcLogger.java:159)- ==>  Preparing: SELECT id,name,des,time,status,type FROM examination 
2019-03-21 17:24:30,572 DEBUG (BaseJdbcLogger.java:159)- ==> Parameters: 
2019-03-21 17:24:30,577 DEBUG (BaseJdbcLogger.java:159)- <==      Total: 11
2019-03-21 17:24:33,965 DEBUG (BaseJdbcLogger.java:159)- ==>  Preparing: SELECT id,name,des,time,status,type FROM examination 
2019-03-21 17:24:33,967 DEBUG (BaseJdbcLogger.java:159)- ==> Parameters: 
2019-03-21 17:24:33,974 DEBUG (BaseJdbcLogger.java:159)- <==      Total: 11
2019-03-21 17:25:09,963 DEBUG (BaseJdbcLogger.java:159)- ==>  Preparing: SELECT id,name,des,time,status,type FROM examination 
2019-03-21 17:25:09,963 DEBUG (BaseJdbcLogger.java:159)- ==> Parameters: 
2019-03-21 17:25:09,967 DEBUG (BaseJdbcLogger.java:159)- <==      Total: 11
2019-03-21 17:25:39,371 DEBUG (BaseJdbcLogger.java:159)- ==>  Preparing: SELECT id,name,des,time,status,type FROM examination 
2019-03-21 17:25:39,373 DEBUG (BaseJdbcLogger.java:159)- ==> Parameters: 
2019-03-21 17:25:39,377 DEBUG (BaseJdbcLogger.java:159)- <==      Total: 11
2019-03-21 17:25:55,584 DEBUG (BaseJdbcLogger.java:159)- ==>  Preparing: UPDATE examination SET id = id,name = ?,des = ?,time = ?,status = ? WHERE id = ? 
2019-03-21 17:25:55,586 DEBUG (BaseJdbcLogger.java:159)- ==> Parameters: 法学(String), 64200-1531897166806-法学.png(String), 60(Integer), 1(Integer), 4(Integer)
2019-03-21 17:25:55,673 DEBUG (BaseJdbcLogger.java:159)- <==    Updates: 1
2019-03-21 17:25:55,760 DEBUG (BaseJdbcLogger.java:159)- ==>  Preparing: SELECT id,name,des,time,status,type FROM examination 
2019-03-21 17:25:55,761 DEBUG (BaseJdbcLogger.java:159)- ==> Parameters: 
2019-03-21 17:25:55,763 DEBUG (BaseJdbcLogger.java:159)- <==      Total: 11
2019-03-21 17:26:32,638 DEBUG (BaseJdbcLogger.java:159)- ==>  Preparing: SELECT id,name,des,time,status,type FROM examination 
2019-03-21 17:26:32,639 DEBUG (BaseJdbcLogger.java:159)- ==> Parameters: 
2019-03-21 17:26:32,641 DEBUG (BaseJdbcLogger.java:159)- <==      Total: 11
2019-03-21 17:26:37,519 DEBUG (BaseJdbcLogger.java:159)- ==>  Preparing: SELECT id,name,des,time,status,type FROM examination 
2019-03-21 17:26:37,519 DEBUG (BaseJdbcLogger.java:159)- ==> Parameters: 
2019-03-21 17:26:37,522 DEBUG (BaseJdbcLogger.java:159)- <==      Total: 11
2019-03-21 17:30:04,628 DEBUG (BaseJdbcLogger.java:159)- ==>  Preparing: SELECT id,name,des,time,status,type FROM examination 
2019-03-21 17:30:04,629 DEBUG (BaseJdbcLogger.java:159)- ==> Parameters: 
2019-03-21 17:30:04,632 DEBUG (BaseJdbcLogger.java:159)- <==      Total: 11
2019-03-21 17:30:06,139 DEBUG (BaseJdbcLogger.java:159)- ==>  Preparing: SELECT qut.id, qut.title, qut.answer, qut.reason, qut.examination, qut.score,qut.type,qut.typeparse,qut.token, itm.id as item_id,itm.name, itm.question, itm.score AS item_score FROM answerSystem.question AS qut LEFT JOIN answerSystem.items AS itm ON qut.id= itm.question WHERE qut.examination=? ORDER BY qut.id,qut.type,itm.score 
2019-03-21 17:30:06,141 DEBUG (BaseJdbcLogger.java:159)- ==> Parameters: 4(Integer)
2019-03-21 17:30:06,146 DEBUG (BaseJdbcLogger.java:159)- <==      Total: 9
2019-03-21 17:30:09,043 DEBUG (BaseJdbcLogger.java:159)- ==>  Preparing: SELECT id,name,des,time,status,type FROM examination 
2019-03-21 17:30:09,044 DEBUG (BaseJdbcLogger.java:159)- ==> Parameters: 
2019-03-21 17:30:09,046 DEBUG (BaseJdbcLogger.java:159)- <==      Total: 11
2019-03-21 17:30:19,454 DEBUG (BaseJdbcLogger.java:159)- ==>  Preparing: SELECT id,name,des,time,status,type FROM examination 
2019-03-21 17:30:19,456 DEBUG (BaseJdbcLogger.java:159)- ==> Parameters: 
2019-03-21 17:30:19,458 DEBUG (BaseJdbcLogger.java:159)- <==      Total: 11
2019-03-21 17:31:31,479 DEBUG (BaseJdbcLogger.java:159)- ==>  Preparing: SELECT id,name,des,time,status,type FROM examination 
2019-03-21 17:31:31,480 DEBUG (BaseJdbcLogger.java:159)- ==> Parameters: 
2019-03-21 17:31:31,483 DEBUG (BaseJdbcLogger.java:159)- <==      Total: 11
2019-03-21 17:32:11,626 DEBUG (BaseJdbcLogger.java:159)- ==>  Preparing: SELECT id,name,des,time,status,type FROM examination 
2019-03-21 17:32:11,626 DEBUG (BaseJdbcLogger.java:159)- ==> Parameters: 
2019-03-21 17:32:11,631 DEBUG (BaseJdbcLogger.java:159)- <==      Total: 11
2019-03-21 17:32:18,737 DEBUG (BaseJdbcLogger.java:159)- ==>  Preparing: SELECT id,name,des,time,status,type FROM examination 
2019-03-21 17:32:18,738 DEBUG (BaseJdbcLogger.java:159)- ==> Parameters: 
2019-03-21 17:32:18,740 DEBUG (BaseJdbcLogger.java:159)- <==      Total: 11
2019-03-21 17:32:50,703 DEBUG (BaseJdbcLogger.java:159)- ==>  Preparing: SELECT id,name,des,time,status,type FROM examination 
2019-03-21 17:32:50,705 DEBUG (BaseJdbcLogger.java:159)- ==> Parameters: 
2019-03-21 17:32:50,708 DEBUG (BaseJdbcLogger.java:159)- <==      Total: 11
2019-03-21 17:56:03,091 DEBUG (UserController.java:66)- user-email=xxxxx@qq.com/npwd=xxx
2019-03-21 17:56:03,149 DEBUG (BaseJdbcLogger.java:159)- ==>  Preparing: SELECT userno,username,password,email,gender,status,newdate FROM user WHERE ( email = ? ) 
2019-03-21 17:56:03,151 DEBUG (BaseJdbcLogger.java:159)- ==> Parameters: xxxxx@qq.com(String)
2019-03-21 17:56:03,152 DEBUG (BaseJdbcLogger.java:159)- <==      Total: 1
2019-03-21 17:56:06,380 DEBUG (BaseJdbcLogger.java:159)- ==>  Preparing: select examination.id, examination.name, examination.des, examination.status from examination WHERE status = 1 and id not in ( select examination from records where user = ? ) 
2019-03-21 17:56:06,381 DEBUG (BaseJdbcLogger.java:159)- ==> Parameters: 3(Integer)
2019-03-21 17:56:06,434 DEBUG (BaseJdbcLogger.java:159)- <==      Total: 9
2019-03-21 17:56:10,867 DEBUG (BaseJdbcLogger.java:159)- ==>  Preparing: SELECT id,user,acnumber,ernumber,scope,examination,examinationName,username FROM records WHERE ( user = ? ) 
2019-03-21 17:56:10,868 DEBUG (BaseJdbcLogger.java:159)- ==> Parameters: 3(Integer)
2019-03-21 17:56:10,871 DEBUG (BaseJdbcLogger.java:159)- <==      Total: 1
2019-03-21 17:56:12,094 DEBUG (BaseJdbcLogger.java:159)- ==>  Preparing: SELECT userno,username,password,email,gender,status,newdate FROM user WHERE userno = ? 
2019-03-21 17:56:12,095 DEBUG (BaseJdbcLogger.java:159)- ==> Parameters: 3(Integer)
2019-03-21 17:56:12,097 DEBUG (BaseJdbcLogger.java:159)- <==      Total: 1
2019-03-21 17:56:12,813 DEBUG (BaseJdbcLogger.java:159)- ==>  Preparing: select examination.id, examination.name, examination.des, examination.status from examination WHERE status = 1 and id not in ( select examination from records where user = ? ) 
2019-03-21 17:56:12,815 DEBUG (BaseJdbcLogger.java:159)- ==> Parameters: 3(Integer)
2019-03-21 17:56:12,818 DEBUG (BaseJdbcLogger.java:159)- <==      Total: 9
