2019-03-19 13:07:53,001 INFO (StartupInfoLogger.java:50)- Starting AnswerSystemApplication on haoluo with PID 8185 (/home/haoluo/Documents/workspaces/GitHub/AnswerSystem/answer_system/target/classes started by haoluo in /home/haoluo/Documents/workspaces/GitHub/AnswerSystem/answer_system)
2019-03-19 13:07:53,014 DEBUG (StartupInfoLogger.java:53)- Running with Spring Boot v2.1.3.RELEASE, Spring v5.1.5.RELEASE
2019-03-19 13:07:53,015 INFO (SpringApplication.java:679)- The following profiles are active: test
2019-03-19 13:07:56,657 INFO (DataSource1Config.java:49)- datasource1 开始初始化。
2019-03-19 13:07:58,947 INFO (StartupInfoLogger.java:59)- Started AnswerSystemApplication in 8.793 seconds (JVM running for 11.025)
2019-03-19 13:16:19,343 DEBUG (UserController.java:47)- user-email=xxxxx@qq.com/npwd=xxx
2019-03-19 13:16:19,873 DEBUG (BaseJdbcLogger.java:159)- ==>  Preparing: SELECT userno,username,password,email,gender,status,newdate FROM user WHERE ( email = ? ) 
2019-03-19 13:16:19,900 DEBUG (BaseJdbcLogger.java:159)- ==> Parameters: xxxxx@qq.com(String)
2019-03-19 13:16:19,969 DEBUG (BaseJdbcLogger.java:159)- <==      Total: 1
2019-03-19 13:43:49,905 DEBUG (BaseJdbcLogger.java:159)- ==>  Preparing: SELECT userno,username,password,email,gender,status,newdate FROM user 
2019-03-19 13:43:49,906 DEBUG (BaseJdbcLogger.java:159)- ==> Parameters: 
2019-03-19 13:43:49,910 DEBUG (BaseJdbcLogger.java:159)- <==      Total: 3
2019-03-19 13:46:45,256 DEBUG (BaseJdbcLogger.java:159)- ==>  Preparing: SELECT userno,username,password,email,gender,status,newdate FROM user 
2019-03-19 13:46:45,257 DEBUG (BaseJdbcLogger.java:159)- ==> Parameters: 
2019-03-19 13:46:45,259 DEBUG (BaseJdbcLogger.java:159)- <==      Total: 3
2019-03-19 13:49:22,730 DEBUG (BaseJdbcLogger.java:159)- ==>  Preparing: SELECT id,name,des,time,status FROM examination WHERE ( status = ? ) 
2019-03-19 13:49:22,731 DEBUG (BaseJdbcLogger.java:159)- ==> Parameters: 1(Integer)
2019-03-19 13:49:22,842 DEBUG (BaseJdbcLogger.java:159)- <==      Total: 11
2019-03-19 13:49:23,784 DEBUG (BaseJdbcLogger.java:159)- ==>  Preparing: SELECT id,user,acnumber,ernumber,scope,examination,examinationName,username FROM records 
2019-03-19 13:49:23,785 DEBUG (BaseJdbcLogger.java:159)- ==> Parameters: 
2019-03-19 13:49:23,809 DEBUG (BaseJdbcLogger.java:159)- <==      Total: 1
2019-03-19 13:49:24,761 DEBUG (BaseJdbcLogger.java:159)- ==>  Preparing: SELECT id,name,des,time,status FROM examination WHERE ( status = ? ) 
2019-03-19 13:49:24,762 DEBUG (BaseJdbcLogger.java:159)- ==> Parameters: 1(Integer)
2019-03-19 13:49:24,767 DEBUG (BaseJdbcLogger.java:159)- <==      Total: 11
2019-03-19 14:11:46,965 DEBUG (BaseJdbcLogger.java:159)- ==>  Preparing: SELECT id,name,des,time,status FROM examination WHERE ( status = ? ) 
2019-03-19 14:11:46,967 DEBUG (BaseJdbcLogger.java:159)- ==> Parameters: 1(Integer)
2019-03-19 14:11:46,972 DEBUG (BaseJdbcLogger.java:159)- <==      Total: 11
2019-03-19 14:11:50,315 DEBUG (BaseJdbcLogger.java:159)- ==>  Preparing: SELECT userno,username,password,email,gender,status,newdate FROM user 
2019-03-19 14:11:50,316 DEBUG (BaseJdbcLogger.java:159)- ==> Parameters: 
2019-03-19 14:11:50,318 DEBUG (BaseJdbcLogger.java:159)- <==      Total: 3
2019-03-19 14:40:35,214 INFO (StartupInfoLogger.java:50)- Starting AnswerSystemApplication on haoluo with PID 11481 (/home/haoluo/Documents/workspaces/GitHub/AnswerSystem/answer_system/target/classes started by haoluo in /home/haoluo/Documents/workspaces/GitHub/AnswerSystem/answer_system)
2019-03-19 14:40:35,222 DEBUG (StartupInfoLogger.java:53)- Running with Spring Boot v2.1.3.RELEASE, Spring v5.1.5.RELEASE
2019-03-19 14:40:35,223 INFO (SpringApplication.java:679)- The following profiles are active: test
2019-03-19 14:40:40,091 INFO (DataSource1Config.java:49)- datasource1 开始初始化。
2019-03-19 14:40:43,043 INFO (StartupInfoLogger.java:59)- Started AnswerSystemApplication in 10.441 seconds (JVM running for 12.443)
2019-03-19 14:46:58,179 INFO (StartupInfoLogger.java:50)- Starting AnswerSystemApplication on haoluo with PID 11874 (/home/haoluo/Documents/workspaces/GitHub/AnswerSystem/answer_system/target/classes started by haoluo in /home/haoluo/Documents/workspaces/GitHub/AnswerSystem/answer_system)
2019-03-19 14:46:58,188 DEBUG (StartupInfoLogger.java:53)- Running with Spring Boot v2.1.3.RELEASE, Spring v5.1.5.RELEASE
2019-03-19 14:46:58,188 INFO (SpringApplication.java:679)- The following profiles are active: test
2019-03-19 14:47:01,309 INFO (DataSource1Config.java:49)- datasource1 开始初始化。
2019-03-19 14:47:03,289 INFO (StartupInfoLogger.java:59)- Started AnswerSystemApplication in 6.389 seconds (JVM running for 7.937)
2019-03-19 14:50:19,466 INFO (StartupInfoLogger.java:50)- Starting AnswerSystemApplication on haoluo with PID 12105 (/home/haoluo/Documents/workspaces/GitHub/AnswerSystem/answer_system/target/classes started by haoluo in /home/haoluo/Documents/workspaces/GitHub/AnswerSystem/answer_system)
2019-03-19 14:50:19,471 DEBUG (StartupInfoLogger.java:53)- Running with Spring Boot v2.1.3.RELEASE, Spring v5.1.5.RELEASE
2019-03-19 14:50:19,471 INFO (SpringApplication.java:679)- The following profiles are active: test
2019-03-19 14:50:23,405 INFO (DataSource1Config.java:49)- datasource1 开始初始化。
2019-03-19 14:50:25,012 INFO (StartupInfoLogger.java:59)- Started AnswerSystemApplication in 6.768 seconds (JVM running for 8.024)
2019-03-19 14:50:36,609 DEBUG (AdminsController.java:30)- user-email=/npwd=
2019-03-19 14:50:37,052 DEBUG (BaseJdbcLogger.java:159)- ==>  Preparing: SELECT id,adminname,password FROM admins WHERE ( adminname = ? ) 
2019-03-19 14:50:37,084 DEBUG (BaseJdbcLogger.java:159)- ==> Parameters: (String)
2019-03-19 14:50:37,119 DEBUG (BaseJdbcLogger.java:159)- <==      Total: 0
2019-03-19 14:54:18,808 INFO (StartupInfoLogger.java:50)- Starting AnswerSystemApplication on haoluo with PID 12602 (/home/haoluo/Documents/workspaces/GitHub/AnswerSystem/answer_system/target/classes started by haoluo in /home/haoluo/Documents/workspaces/GitHub/AnswerSystem/answer_system)
2019-03-19 14:54:18,823 DEBUG (StartupInfoLogger.java:53)- Running with Spring Boot v2.1.3.RELEASE, Spring v5.1.5.RELEASE
2019-03-19 14:54:18,824 INFO (SpringApplication.java:679)- The following profiles are active: test
2019-03-19 14:54:22,049 INFO (DataSource1Config.java:49)- datasource1 开始初始化。
2019-03-19 14:54:24,017 INFO (StartupInfoLogger.java:59)- Started AnswerSystemApplication in 6.737 seconds (JVM running for 7.935)
2019-03-19 15:05:47,439 INFO (StartupInfoLogger.java:50)- Starting AnswerSystemApplication on haoluo with PID 13277 (/home/haoluo/Documents/workspaces/GitHub/AnswerSystem/answer_system/target/classes started by haoluo in /home/haoluo/Documents/workspaces/GitHub/AnswerSystem/answer_system)
2019-03-19 15:05:47,443 DEBUG (StartupInfoLogger.java:53)- Running with Spring Boot v2.1.3.RELEASE, Spring v5.1.5.RELEASE
2019-03-19 15:05:47,444 INFO (SpringApplication.java:679)- The following profiles are active: test
2019-03-19 15:05:51,038 INFO (DataSource1Config.java:49)- datasource1 开始初始化。
2019-03-19 15:05:52,870 INFO (StartupInfoLogger.java:59)- Started AnswerSystemApplication in 6.389 seconds (JVM running for 7.99)
2019-03-19 15:10:21,155 DEBUG (AdminsController.java:28)- user-email=admin/npwd=admin
2019-03-19 15:10:21,489 DEBUG (BaseJdbcLogger.java:159)- ==>  Preparing: SELECT id,adminname,password FROM admins WHERE ( adminname = ? ) 
2019-03-19 15:10:21,528 DEBUG (BaseJdbcLogger.java:159)- ==> Parameters: admin(String)
2019-03-19 15:10:21,547 DEBUG (BaseJdbcLogger.java:159)- <==      Total: 0
2019-03-19 15:11:46,050 DEBUG (AdminsController.java:28)- user-email=admin/npwd=admin
2019-03-19 15:11:46,057 DEBUG (BaseJdbcLogger.java:159)- ==>  Preparing: SELECT id,adminname,password FROM admins WHERE ( adminname = ? ) 
2019-03-19 15:11:46,058 DEBUG (BaseJdbcLogger.java:159)- ==> Parameters: admin(String)
2019-03-19 15:11:46,059 DEBUG (BaseJdbcLogger.java:159)- <==      Total: 0
2019-03-19 15:18:32,499 INFO (StartupInfoLogger.java:50)- Starting AnswerSystemApplication on haoluo with PID 13946 (/home/haoluo/Documents/workspaces/GitHub/AnswerSystem/answer_system/target/classes started by haoluo in /home/haoluo/Documents/workspaces/GitHub/AnswerSystem/answer_system)
2019-03-19 15:18:32,506 DEBUG (StartupInfoLogger.java:53)- Running with Spring Boot v2.1.3.RELEASE, Spring v5.1.5.RELEASE
2019-03-19 15:18:32,509 INFO (SpringApplication.java:679)- The following profiles are active: test
2019-03-19 15:18:37,326 INFO (DataSource1Config.java:49)- datasource1 开始初始化。
2019-03-19 15:18:39,084 INFO (StartupInfoLogger.java:59)- Started AnswerSystemApplication in 7.594 seconds (JVM running for 9.063)
2019-03-19 15:20:02,317 DEBUG (AdminsController.java:28)- user-email=admin/npwd=admin
2019-03-19 15:20:02,651 DEBUG (BaseJdbcLogger.java:159)- ==>  Preparing: SELECT id,adminname,password FROM admins WHERE ( adminname = ? ) 
2019-03-19 15:20:02,676 DEBUG (BaseJdbcLogger.java:159)- ==> Parameters: admin(String)
2019-03-19 15:20:02,691 DEBUG (BaseJdbcLogger.java:159)- <==      Total: 0
2019-03-19 15:29:55,936 DEBUG (AdminsController.java:28)- user-email=admin/npwd=admin
2019-03-19 15:29:55,944 DEBUG (BaseJdbcLogger.java:159)- ==>  Preparing: SELECT id,adminname,password FROM admins WHERE ( adminname = ? ) 
2019-03-19 15:29:55,945 DEBUG (BaseJdbcLogger.java:159)- ==> Parameters: admin(String)
2019-03-19 15:29:55,946 DEBUG (BaseJdbcLogger.java:159)- <==      Total: 0
2019-03-19 15:30:55,452 DEBUG (AdminsController.java:28)- user-email=root/npwd=root
2019-03-19 15:30:55,456 DEBUG (BaseJdbcLogger.java:159)- ==>  Preparing: SELECT id,adminname,password FROM admins WHERE ( adminname = ? ) 
2019-03-19 15:30:55,457 DEBUG (BaseJdbcLogger.java:159)- ==> Parameters: root(String)
2019-03-19 15:30:55,460 DEBUG (BaseJdbcLogger.java:159)- <==      Total: 1
2019-03-19 15:32:31,446 DEBUG (AdminsController.java:28)- user-email=root/npwd=root
2019-03-19 15:32:31,447 DEBUG (BaseJdbcLogger.java:159)- ==>  Preparing: SELECT id,adminname,password FROM admins WHERE ( adminname = ? ) 
2019-03-19 15:32:31,448 DEBUG (BaseJdbcLogger.java:159)- ==> Parameters: root(String)
2019-03-19 15:32:31,450 DEBUG (BaseJdbcLogger.java:159)- <==      Total: 1
2019-03-19 15:33:48,123 DEBUG (AdminsController.java:28)- user-email=root/npwd=root
2019-03-19 15:33:48,124 DEBUG (BaseJdbcLogger.java:159)- ==>  Preparing: SELECT id,adminname,password FROM admins WHERE ( adminname = ? ) 
2019-03-19 15:33:48,126 DEBUG (BaseJdbcLogger.java:159)- ==> Parameters: root(String)
2019-03-19 15:33:48,128 DEBUG (BaseJdbcLogger.java:159)- <==      Total: 1
2019-03-19 15:36:00,217 DEBUG (AdminsController.java:28)- user-email=root/npwd=root
2019-03-19 15:36:00,219 DEBUG (BaseJdbcLogger.java:159)- ==>  Preparing: SELECT id,adminname,password FROM admins WHERE ( adminname = ? ) 
2019-03-19 15:36:00,220 DEBUG (BaseJdbcLogger.java:159)- ==> Parameters: root(String)
2019-03-19 15:36:00,222 DEBUG (BaseJdbcLogger.java:159)- <==      Total: 1
2019-03-19 15:37:54,530 DEBUG (AdminsController.java:28)- user-email=root/npwd=root
2019-03-19 15:37:54,532 DEBUG (BaseJdbcLogger.java:159)- ==>  Preparing: SELECT id,adminname,password FROM admins WHERE ( adminname = ? ) 
2019-03-19 15:37:54,532 DEBUG (BaseJdbcLogger.java:159)- ==> Parameters: root(String)
2019-03-19 15:37:54,534 DEBUG (BaseJdbcLogger.java:159)- <==      Total: 1
2019-03-19 15:38:35,026 DEBUG (AdminsController.java:28)- user-email=root/npwd=root
2019-03-19 15:38:35,028 DEBUG (BaseJdbcLogger.java:159)- ==>  Preparing: SELECT id,adminname,password FROM admins WHERE ( adminname = ? ) 
2019-03-19 15:38:35,029 DEBUG (BaseJdbcLogger.java:159)- ==> Parameters: root(String)
2019-03-19 15:38:35,031 DEBUG (BaseJdbcLogger.java:159)- <==      Total: 1
2019-03-19 15:39:27,920 DEBUG (AdminsController.java:28)- user-email=root/npwd=root
2019-03-19 15:39:27,921 DEBUG (BaseJdbcLogger.java:159)- ==>  Preparing: SELECT id,adminname,password FROM admins WHERE ( adminname = ? ) 
2019-03-19 15:39:27,922 DEBUG (BaseJdbcLogger.java:159)- ==> Parameters: root(String)
2019-03-19 15:39:27,923 DEBUG (BaseJdbcLogger.java:159)- <==      Total: 1
2019-03-19 15:41:19,087 DEBUG (AdminsController.java:28)- user-email=root/npwd=root
2019-03-19 15:41:19,089 DEBUG (BaseJdbcLogger.java:159)- ==>  Preparing: SELECT id,adminname,password FROM admins WHERE ( adminname = ? ) 
2019-03-19 15:41:19,090 DEBUG (BaseJdbcLogger.java:159)- ==> Parameters: root(String)
2019-03-19 15:41:19,093 DEBUG (BaseJdbcLogger.java:159)- <==      Total: 1
2019-03-19 15:41:27,155 DEBUG (AdminsController.java:28)- user-email=root/npwd=root
2019-03-19 15:41:27,157 DEBUG (BaseJdbcLogger.java:159)- ==>  Preparing: SELECT id,adminname,password FROM admins WHERE ( adminname = ? ) 
2019-03-19 15:41:27,158 DEBUG (BaseJdbcLogger.java:159)- ==> Parameters: root(String)
2019-03-19 15:41:27,159 DEBUG (BaseJdbcLogger.java:159)- <==      Total: 1
2019-03-19 15:42:42,128 DEBUG (AdminsController.java:28)- user-email=root/npwd=root
2019-03-19 15:42:42,130 DEBUG (BaseJdbcLogger.java:159)- ==>  Preparing: SELECT id,adminname,password FROM admins WHERE ( adminname = ? ) 
2019-03-19 15:42:42,131 DEBUG (BaseJdbcLogger.java:159)- ==> Parameters: root(String)
2019-03-19 15:42:42,135 DEBUG (BaseJdbcLogger.java:159)- <==      Total: 1
2019-03-19 15:43:07,143 DEBUG (AdminsController.java:28)- user-email=root/npwd=toot
2019-03-19 15:43:07,144 DEBUG (BaseJdbcLogger.java:159)- ==>  Preparing: SELECT id,adminname,password FROM admins WHERE ( adminname = ? ) 
2019-03-19 15:43:07,145 DEBUG (BaseJdbcLogger.java:159)- ==> Parameters: root(String)
2019-03-19 15:43:07,147 DEBUG (BaseJdbcLogger.java:159)- <==      Total: 1
2019-03-19 15:43:12,863 DEBUG (AdminsController.java:28)- user-email=root/npwd=root
2019-03-19 15:43:12,867 DEBUG (BaseJdbcLogger.java:159)- ==>  Preparing: SELECT id,adminname,password FROM admins WHERE ( adminname = ? ) 
2019-03-19 15:43:12,869 DEBUG (BaseJdbcLogger.java:159)- ==> Parameters: root(String)
2019-03-19 15:43:12,871 DEBUG (BaseJdbcLogger.java:159)- <==      Total: 1
2019-03-19 15:45:46,717 DEBUG (AdminsController.java:28)- user-email=root/npwd=root
2019-03-19 15:45:46,719 DEBUG (BaseJdbcLogger.java:159)- ==>  Preparing: SELECT id,adminname,password FROM admins WHERE ( adminname = ? ) 
2019-03-19 15:45:46,720 DEBUG (BaseJdbcLogger.java:159)- ==> Parameters: root(String)
2019-03-19 15:45:46,722 DEBUG (BaseJdbcLogger.java:159)- <==      Total: 1
2019-03-19 15:45:47,077 DEBUG (AdminsController.java:28)- user-email=root/npwd=root
2019-03-19 15:45:47,081 DEBUG (BaseJdbcLogger.java:159)- ==>  Preparing: SELECT id,adminname,password FROM admins WHERE ( adminname = ? ) 
2019-03-19 15:45:47,083 DEBUG (BaseJdbcLogger.java:159)- ==> Parameters: root(String)
2019-03-19 15:45:47,086 DEBUG (BaseJdbcLogger.java:159)- <==      Total: 1
2019-03-19 15:45:48,069 DEBUG (AdminsController.java:28)- user-email=root/npwd=root
2019-03-19 15:45:48,072 DEBUG (BaseJdbcLogger.java:159)- ==>  Preparing: SELECT id,adminname,password FROM admins WHERE ( adminname = ? ) 
2019-03-19 15:45:48,073 DEBUG (BaseJdbcLogger.java:159)- ==> Parameters: root(String)
2019-03-19 15:45:48,075 DEBUG (BaseJdbcLogger.java:159)- <==      Total: 1
2019-03-19 15:45:57,295 DEBUG (AdminsController.java:28)- user-email=root/npwd=root
2019-03-19 15:45:57,296 DEBUG (BaseJdbcLogger.java:159)- ==>  Preparing: SELECT id,adminname,password FROM admins WHERE ( adminname = ? ) 
2019-03-19 15:45:57,297 DEBUG (BaseJdbcLogger.java:159)- ==> Parameters: root(String)
2019-03-19 15:45:57,300 DEBUG (BaseJdbcLogger.java:159)- <==      Total: 1
2019-03-19 15:46:09,162 DEBUG (AdminsController.java:28)- user-email=root/npwd=root
2019-03-19 15:46:09,165 DEBUG (BaseJdbcLogger.java:159)- ==>  Preparing: SELECT id,adminname,password FROM admins WHERE ( adminname = ? ) 
2019-03-19 15:46:09,165 DEBUG (BaseJdbcLogger.java:159)- ==> Parameters: root(String)
2019-03-19 15:46:09,166 DEBUG (BaseJdbcLogger.java:159)- <==      Total: 1
2019-03-19 15:49:36,350 DEBUG (AdminsController.java:28)- user-email=root/npwd=root
2019-03-19 15:49:36,352 DEBUG (BaseJdbcLogger.java:159)- ==>  Preparing: SELECT id,adminname,password FROM admins WHERE ( adminname = ? ) 
2019-03-19 15:49:36,353 DEBUG (BaseJdbcLogger.java:159)- ==> Parameters: root(String)
2019-03-19 15:49:36,355 DEBUG (BaseJdbcLogger.java:159)- <==      Total: 1
2019-03-19 15:50:39,653 DEBUG (BaseJdbcLogger.java:159)- ==>  Preparing: SELECT userno,username,password,email,gender,status,newdate FROM user 
2019-03-19 15:50:39,654 DEBUG (BaseJdbcLogger.java:159)- ==> Parameters: 
2019-03-19 15:50:39,658 DEBUG (BaseJdbcLogger.java:159)- <==      Total: 3
2019-03-19 15:50:41,694 DEBUG (BaseJdbcLogger.java:159)- ==>  Preparing: SELECT userno,username,password,email,gender,status,newdate FROM user 
2019-03-19 15:50:41,694 DEBUG (BaseJdbcLogger.java:159)- ==> Parameters: 
2019-03-19 15:50:41,696 DEBUG (BaseJdbcLogger.java:159)- <==      Total: 3
2019-03-19 16:02:25,741 DEBUG (AdminsController.java:28)- user-email=root/npwd=root
2019-03-19 16:02:25,744 DEBUG (BaseJdbcLogger.java:159)- ==>  Preparing: SELECT id,adminname,password FROM admins WHERE ( adminname = ? ) 
2019-03-19 16:02:25,745 DEBUG (BaseJdbcLogger.java:159)- ==> Parameters: root(String)
2019-03-19 16:02:25,747 DEBUG (BaseJdbcLogger.java:159)- <==      Total: 1
2019-03-19 16:02:25,962 DEBUG (BaseJdbcLogger.java:159)- ==>  Preparing: SELECT userno,username,password,email,gender,status,newdate FROM user 
2019-03-19 16:02:25,962 DEBUG (BaseJdbcLogger.java:159)- ==> Parameters: 
2019-03-19 16:02:25,964 DEBUG (BaseJdbcLogger.java:159)- <==      Total: 3
2019-03-19 16:02:37,351 DEBUG (BaseJdbcLogger.java:159)- ==>  Preparing: SELECT id,name,des,time,status FROM examination WHERE ( status = ? ) 
2019-03-19 16:02:37,352 DEBUG (BaseJdbcLogger.java:159)- ==> Parameters: 1(Integer)
2019-03-19 16:02:37,405 DEBUG (BaseJdbcLogger.java:159)- <==      Total: 11
2019-03-19 16:02:39,359 DEBUG (BaseJdbcLogger.java:159)- ==>  Preparing: SELECT userno,username,password,email,gender,status,newdate FROM user 
2019-03-19 16:02:39,359 DEBUG (BaseJdbcLogger.java:159)- ==> Parameters: 
2019-03-19 16:02:39,363 DEBUG (BaseJdbcLogger.java:159)- <==      Total: 3
2019-03-19 16:04:44,358 DEBUG (BaseJdbcLogger.java:159)- ==>  Preparing: SELECT id,user,acnumber,ernumber,scope,examination,examinationName,username FROM records 
2019-03-19 16:04:44,359 DEBUG (BaseJdbcLogger.java:159)- ==> Parameters: 
2019-03-19 16:04:44,362 DEBUG (BaseJdbcLogger.java:159)- <==      Total: 1
2019-03-19 16:04:46,752 DEBUG (BaseJdbcLogger.java:159)- ==>  Preparing: SELECT userno,username,password,email,gender,status,newdate FROM user 
2019-03-19 16:04:46,754 DEBUG (BaseJdbcLogger.java:159)- ==> Parameters: 
2019-03-19 16:04:46,759 DEBUG (BaseJdbcLogger.java:159)- <==      Total: 3
2019-03-19 16:04:53,975 DEBUG (BaseJdbcLogger.java:159)- ==>  Preparing: UPDATE user SET userno = userno,username = ?,password = ?,newdate = ? WHERE userno = ? 
2019-03-19 16:04:53,977 DEBUG (BaseJdbcLogger.java:159)- ==> Parameters: ab(String), 123(String), 123(String), null
2019-03-19 16:04:54,419 DEBUG (BaseJdbcLogger.java:159)- <==    Updates: 0
2019-03-19 16:04:54,504 DEBUG (BaseJdbcLogger.java:159)- ==>  Preparing: SELECT userno,username,password,email,gender,status,newdate FROM user 
2019-03-19 16:04:54,514 DEBUG (BaseJdbcLogger.java:159)- ==> Parameters: 
2019-03-19 16:04:54,521 DEBUG (BaseJdbcLogger.java:159)- <==      Total: 3
2019-03-19 16:05:09,462 DEBUG (BaseJdbcLogger.java:159)- ==>  Preparing: SELECT id,name,des,time,status FROM examination WHERE ( status = ? ) 
2019-03-19 16:05:09,463 DEBUG (BaseJdbcLogger.java:159)- ==> Parameters: 1(Integer)
2019-03-19 16:05:09,471 DEBUG (BaseJdbcLogger.java:159)- <==      Total: 11
2019-03-19 16:05:10,136 DEBUG (BaseJdbcLogger.java:159)- ==>  Preparing: SELECT userno,username,password,email,gender,status,newdate FROM user 
2019-03-19 16:05:10,137 DEBUG (BaseJdbcLogger.java:159)- ==> Parameters: 
2019-03-19 16:05:10,139 DEBUG (BaseJdbcLogger.java:159)- <==      Total: 3
2019-03-19 16:07:33,733 DEBUG (BaseJdbcLogger.java:159)- ==>  Preparing: UPDATE user SET userno = userno,username = ?,password = ?,newdate = ? WHERE userno = ? 
2019-03-19 16:07:33,734 DEBUG (BaseJdbcLogger.java:159)- ==> Parameters: ab(String), 123(String), 123(String), null
2019-03-19 16:07:33,736 DEBUG (BaseJdbcLogger.java:159)- <==    Updates: 0
2019-03-19 16:07:33,890 DEBUG (BaseJdbcLogger.java:159)- ==>  Preparing: SELECT userno,username,password,email,gender,status,newdate FROM user 
2019-03-19 16:07:33,891 DEBUG (BaseJdbcLogger.java:159)- ==> Parameters: 
2019-03-19 16:07:33,893 DEBUG (BaseJdbcLogger.java:159)- <==      Total: 3
2019-03-19 16:09:35,190 INFO (StartupInfoLogger.java:50)- Starting AnswerSystemApplication on haoluo with PID 16374 (/home/haoluo/Documents/workspaces/GitHub/AnswerSystem/answer_system/target/classes started by haoluo in /home/haoluo/Documents/workspaces/GitHub/AnswerSystem/answer_system)
2019-03-19 16:09:35,194 DEBUG (StartupInfoLogger.java:53)- Running with Spring Boot v2.1.3.RELEASE, Spring v5.1.5.RELEASE
2019-03-19 16:09:35,194 INFO (SpringApplication.java:679)- The following profiles are active: test
2019-03-19 16:09:43,836 INFO (DataSource1Config.java:49)- datasource1 开始初始化。
2019-03-19 16:09:45,825 INFO (StartupInfoLogger.java:59)- Started AnswerSystemApplication in 12.95 seconds (JVM running for 16.055)
2019-03-19 16:10:42,458 DEBUG (BaseJdbcLogger.java:159)- ==>  Preparing: UPDATE user SET userno = userno,username = ?,password = ?,newdate = ? WHERE userno = ? 
2019-03-19 16:10:42,488 DEBUG (BaseJdbcLogger.java:159)- ==> Parameters: ab(String), abc(String), 123(String), 7(Integer)
2019-03-19 16:10:42,668 DEBUG (BaseJdbcLogger.java:159)- <==    Updates: 1
2019-03-19 16:10:42,865 DEBUG (BaseJdbcLogger.java:159)- ==>  Preparing: SELECT userno,username,password,email,gender,status,newdate FROM user 
2019-03-19 16:10:42,866 DEBUG (BaseJdbcLogger.java:159)- ==> Parameters: 
2019-03-19 16:10:42,902 DEBUG (BaseJdbcLogger.java:159)- <==      Total: 3
2019-03-19 16:10:57,038 DEBUG (BaseJdbcLogger.java:159)- ==>  Preparing: INSERT INTO user ( userno,username,password,email,gender,status,newdate ) VALUES( ?,?,?,?,?,?,? ) 
2019-03-19 16:10:57,039 DEBUG (BaseJdbcLogger.java:159)- ==> Parameters: null, test(String), test(String), null, null, null, 123(String)
2019-03-19 16:10:57,103 DEBUG (BaseJdbcLogger.java:159)- <==    Updates: 1
2019-03-19 16:10:57,195 DEBUG (BaseJdbcLogger.java:159)- ==>  Preparing: SELECT userno,username,password,email,gender,status,newdate FROM user 
2019-03-19 16:10:57,196 DEBUG (BaseJdbcLogger.java:159)- ==> Parameters: 
2019-03-19 16:10:57,199 DEBUG (BaseJdbcLogger.java:159)- <==      Total: 4
2019-03-19 16:11:02,797 DEBUG (BaseJdbcLogger.java:159)- ==>  Preparing: DELETE FROM user WHERE userno = ? 
2019-03-19 16:11:02,798 DEBUG (BaseJdbcLogger.java:159)- ==> Parameters: 8(Integer)
2019-03-19 16:11:02,884 DEBUG (BaseJdbcLogger.java:159)- <==    Updates: 1
2019-03-19 16:11:02,904 DEBUG (BaseJdbcLogger.java:159)- ==>  Preparing: SELECT userno,username,password,email,gender,status,newdate FROM user 
2019-03-19 16:11:02,905 DEBUG (BaseJdbcLogger.java:159)- ==> Parameters: 
2019-03-19 16:11:02,909 DEBUG (BaseJdbcLogger.java:159)- <==      Total: 3
2019-03-19 16:11:39,866 DEBUG (BaseJdbcLogger.java:159)- ==>  Preparing: SELECT id,user,acnumber,ernumber,scope,examination,examinationName,username FROM records WHERE ( user = ? ) 
2019-03-19 16:11:39,867 DEBUG (BaseJdbcLogger.java:159)- ==> Parameters: 3(Integer)
2019-03-19 16:11:39,870 DEBUG (BaseJdbcLogger.java:159)- <==      Total: 1
2019-03-19 16:11:42,347 DEBUG (BaseJdbcLogger.java:159)- ==>  Preparing: SELECT userno,username,password,email,gender,status,newdate FROM user 
2019-03-19 16:11:42,348 DEBUG (BaseJdbcLogger.java:159)- ==> Parameters: 
2019-03-19 16:11:42,352 DEBUG (BaseJdbcLogger.java:159)- <==      Total: 3
2019-03-19 16:13:19,490 DEBUG (BaseJdbcLogger.java:159)- ==>  Preparing: SELECT userno,username,password,email,gender,status,newdate FROM user 
2019-03-19 16:13:19,491 DEBUG (BaseJdbcLogger.java:159)- ==> Parameters: 
2019-03-19 16:13:19,497 DEBUG (BaseJdbcLogger.java:159)- <==      Total: 3
2019-03-19 16:13:58,234 DEBUG (BaseJdbcLogger.java:159)- ==>  Preparing: SELECT userno,username,password,email,gender,status,newdate FROM user 
2019-03-19 16:13:58,235 DEBUG (BaseJdbcLogger.java:159)- ==> Parameters: 
2019-03-19 16:13:58,237 DEBUG (BaseJdbcLogger.java:159)- <==      Total: 3
2019-03-19 16:14:35,064 DEBUG (BaseJdbcLogger.java:159)- ==>  Preparing: SELECT id,name,des,time,status FROM examination WHERE ( status = ? ) 
2019-03-19 16:14:35,065 DEBUG (BaseJdbcLogger.java:159)- ==> Parameters: 1(Integer)
2019-03-19 16:14:35,068 DEBUG (BaseJdbcLogger.java:159)- <==      Total: 11
2019-03-19 16:14:38,961 DEBUG (BaseJdbcLogger.java:159)- ==>  Preparing: SELECT id,user,acnumber,ernumber,scope,examination,examinationName,username FROM records WHERE ( examination = ? ) 
2019-03-19 16:14:38,962 DEBUG (BaseJdbcLogger.java:159)- ==> Parameters: 4(Integer)
2019-03-19 16:14:38,964 DEBUG (BaseJdbcLogger.java:159)- <==      Total: 1
2019-03-19 16:14:40,805 DEBUG (BaseJdbcLogger.java:159)- ==>  Preparing: SELECT id,name,des,time,status FROM examination WHERE ( status = ? ) 
2019-03-19 16:14:40,806 DEBUG (BaseJdbcLogger.java:159)- ==> Parameters: 1(Integer)
2019-03-19 16:14:40,813 DEBUG (BaseJdbcLogger.java:159)- <==      Total: 11
2019-03-19 16:14:44,796 DEBUG (BaseJdbcLogger.java:159)- ==>  Preparing: UPDATE examination SET id = id,name = ?,des = ?,status = ? WHERE id = ? 
2019-03-19 16:14:44,797 DEBUG (BaseJdbcLogger.java:159)- ==> Parameters: 法学(String), 64200-1531897166806-法学.png(String), 1(Integer), 4(Integer)
2019-03-19 16:14:44,847 DEBUG (BaseJdbcLogger.java:159)- <==    Updates: 1
2019-03-19 16:14:44,930 DEBUG (BaseJdbcLogger.java:159)- ==>  Preparing: SELECT id,name,des,time,status FROM examination WHERE ( status = ? ) 
2019-03-19 16:14:44,932 DEBUG (BaseJdbcLogger.java:159)- ==> Parameters: 1(Integer)
2019-03-19 16:14:44,936 DEBUG (BaseJdbcLogger.java:159)- <==      Total: 11
2019-03-19 16:14:51,005 DEBUG (BaseJdbcLogger.java:159)- ==>  Preparing: UPDATE examination SET id = id,name = ?,des = ?,status = ? WHERE id = ? 
2019-03-19 16:14:51,007 DEBUG (BaseJdbcLogger.java:159)- ==> Parameters: 法学(String), 64200-1531897166806-法学.png(String), 0(Integer), 4(Integer)
2019-03-19 16:14:51,115 DEBUG (BaseJdbcLogger.java:159)- <==    Updates: 1
2019-03-19 16:14:51,205 DEBUG (BaseJdbcLogger.java:159)- ==>  Preparing: SELECT id,name,des,time,status FROM examination WHERE ( status = ? ) 
2019-03-19 16:14:51,206 DEBUG (BaseJdbcLogger.java:159)- ==> Parameters: 1(Integer)
2019-03-19 16:14:51,221 DEBUG (BaseJdbcLogger.java:159)- <==      Total: 10
2019-03-19 16:15:25,572 DEBUG (BaseJdbcLogger.java:159)- ==>  Preparing: UPDATE examination SET id = id,name = ?,des = ?,status = ? WHERE id = ? 
2019-03-19 16:15:25,572 DEBUG (BaseJdbcLogger.java:159)- ==> Parameters: 2016司考真题(String), 70653-1531897216648-法学.png(String), 0(Integer), 5(Integer)
2019-03-19 16:15:25,641 DEBUG (BaseJdbcLogger.java:159)- <==    Updates: 1
2019-03-19 16:15:25,724 DEBUG (BaseJdbcLogger.java:159)- ==>  Preparing: SELECT id,name,des,time,status FROM examination WHERE ( status = ? ) 
2019-03-19 16:15:25,724 DEBUG (BaseJdbcLogger.java:159)- ==> Parameters: 1(Integer)
2019-03-19 16:15:25,726 DEBUG (BaseJdbcLogger.java:159)- <==      Total: 9
2019-03-19 16:15:37,271 DEBUG (BaseJdbcLogger.java:159)- ==>  Preparing: UPDATE examination SET id = id,name = ?,des = ?,status = ? WHERE id = ? 
2019-03-19 16:15:37,273 DEBUG (BaseJdbcLogger.java:159)- ==> Parameters: 真题1(String), 84721-1523713433798-法律.png(String), 0(Integer), 6(Integer)
2019-03-19 16:15:37,413 DEBUG (BaseJdbcLogger.java:159)- <==    Updates: 1
2019-03-19 16:15:37,516 DEBUG (BaseJdbcLogger.java:159)- ==>  Preparing: SELECT id,name,des,time,status FROM examination WHERE ( status = ? ) 
2019-03-19 16:15:37,518 DEBUG (BaseJdbcLogger.java:159)- ==> Parameters: 1(Integer)
2019-03-19 16:15:37,523 DEBUG (BaseJdbcLogger.java:159)- <==      Total: 8
2019-03-19 16:19:59,249 DEBUG (BaseJdbcLogger.java:159)- ==>  Preparing: SELECT id,name,des,time,status FROM examination WHERE ( status = ? ) 
2019-03-19 16:19:59,250 DEBUG (BaseJdbcLogger.java:159)- ==> Parameters: 1(Integer)
2019-03-19 16:19:59,253 DEBUG (BaseJdbcLogger.java:159)- <==      Total: 8
2019-03-19 16:24:32,321 DEBUG (BaseJdbcLogger.java:159)- ==>  Preparing: SELECT id,name,des,time,status FROM examination WHERE ( status = ? ) 
2019-03-19 16:24:32,321 DEBUG (BaseJdbcLogger.java:159)- ==> Parameters: 1(Integer)
2019-03-19 16:24:32,328 DEBUG (BaseJdbcLogger.java:159)- <==      Total: 8
2019-03-19 16:24:37,878 DEBUG (BaseJdbcLogger.java:159)- ==>  Preparing: SELECT id,name,des,time,status FROM examination WHERE ( status = ? ) 
2019-03-19 16:24:37,879 DEBUG (BaseJdbcLogger.java:159)- ==> Parameters: 1(Integer)
2019-03-19 16:24:37,884 DEBUG (BaseJdbcLogger.java:159)- <==      Total: 8
2019-03-19 16:25:08,296 DEBUG (BaseJdbcLogger.java:159)- ==>  Preparing: SELECT userno,username,password,email,gender,status,newdate FROM user 
2019-03-19 16:25:08,297 DEBUG (BaseJdbcLogger.java:159)- ==> Parameters: 
2019-03-19 16:25:08,298 DEBUG (BaseJdbcLogger.java:159)- <==      Total: 3
2019-03-19 16:25:10,000 DEBUG (BaseJdbcLogger.java:159)- ==>  Preparing: SELECT id,name,des,time,status FROM examination WHERE ( status = ? ) 
2019-03-19 16:25:10,001 DEBUG (BaseJdbcLogger.java:159)- ==> Parameters: 1(Integer)
2019-03-19 16:25:10,003 DEBUG (BaseJdbcLogger.java:159)- <==      Total: 8
2019-03-19 16:25:11,514 DEBUG (BaseJdbcLogger.java:159)- ==>  Preparing: SELECT userno,username,password,email,gender,status,newdate FROM user 
2019-03-19 16:25:11,515 DEBUG (BaseJdbcLogger.java:159)- ==> Parameters: 
2019-03-19 16:25:11,516 DEBUG (BaseJdbcLogger.java:159)- <==      Total: 3
2019-03-19 16:25:15,061 DEBUG (BaseJdbcLogger.java:159)- ==>  Preparing: SELECT userno,username,password,email,gender,status,newdate FROM user 
2019-03-19 16:25:15,061 DEBUG (BaseJdbcLogger.java:159)- ==> Parameters: 
2019-03-19 16:25:15,063 DEBUG (BaseJdbcLogger.java:159)- <==      Total: 3
2019-03-19 16:25:17,909 DEBUG (BaseJdbcLogger.java:159)- ==>  Preparing: SELECT id,user,acnumber,ernumber,scope,examination,examinationName,username FROM records WHERE ( user = ? ) 
2019-03-19 16:25:17,911 DEBUG (BaseJdbcLogger.java:159)- ==> Parameters: 3(Integer)
2019-03-19 16:25:17,913 DEBUG (BaseJdbcLogger.java:159)- <==      Total: 1
2019-03-19 16:25:19,646 DEBUG (BaseJdbcLogger.java:159)- ==>  Preparing: SELECT userno,username,password,email,gender,status,newdate FROM user 
2019-03-19 16:25:19,646 DEBUG (BaseJdbcLogger.java:159)- ==> Parameters: 
2019-03-19 16:25:19,648 DEBUG (BaseJdbcLogger.java:159)- <==      Total: 3
2019-03-19 16:25:22,462 DEBUG (BaseJdbcLogger.java:159)- ==>  Preparing: SELECT id,name,des,time,status FROM examination WHERE ( status = ? ) 
2019-03-19 16:25:22,463 DEBUG (BaseJdbcLogger.java:159)- ==> Parameters: 1(Integer)
2019-03-19 16:25:22,465 DEBUG (BaseJdbcLogger.java:159)- <==      Total: 8
2019-03-19 16:28:59,724 DEBUG (BaseJdbcLogger.java:159)- ==>  Preparing: SELECT userno,username,password,email,gender,status,newdate FROM user 
2019-03-19 16:28:59,724 DEBUG (BaseJdbcLogger.java:159)- ==> Parameters: 
2019-03-19 16:28:59,726 DEBUG (BaseJdbcLogger.java:159)- <==      Total: 3
2019-03-19 16:29:01,470 DEBUG (BaseJdbcLogger.java:159)- ==>  Preparing: SELECT id,name,des,time,status FROM examination WHERE ( status = ? ) 
2019-03-19 16:29:01,471 DEBUG (BaseJdbcLogger.java:159)- ==> Parameters: 1(Integer)
2019-03-19 16:29:01,472 DEBUG (BaseJdbcLogger.java:159)- <==      Total: 8
2019-03-19 16:29:07,271 DEBUG (BaseJdbcLogger.java:159)- ==>  Preparing: SELECT id,name,des,time,status FROM examination WHERE ( status = ? ) 
2019-03-19 16:29:07,272 DEBUG (BaseJdbcLogger.java:159)- ==> Parameters: 1(Integer)
2019-03-19 16:29:07,281 DEBUG (BaseJdbcLogger.java:159)- <==      Total: 8
2019-03-19 16:30:08,905 INFO (StartupInfoLogger.java:50)- Starting AnswerSystemApplication on haoluo with PID 17480 (/home/haoluo/Documents/workspaces/GitHub/AnswerSystem/answer_system/target/classes started by haoluo in /home/haoluo/Documents/workspaces/GitHub/AnswerSystem/answer_system)
2019-03-19 16:30:09,061 DEBUG (StartupInfoLogger.java:53)- Running with Spring Boot v2.1.3.RELEASE, Spring v5.1.5.RELEASE
2019-03-19 16:30:09,063 INFO (SpringApplication.java:679)- The following profiles are active: test
2019-03-19 16:30:14,761 INFO (DataSource1Config.java:49)- datasource1 开始初始化。
2019-03-19 16:30:17,170 INFO (StartupInfoLogger.java:59)- Started AnswerSystemApplication in 9.948 seconds (JVM running for 11.896)
2019-03-19 16:30:19,404 DEBUG (BaseJdbcLogger.java:159)- ==>  Preparing: SELECT userno,username,password,email,gender,status,newdate FROM user 
2019-03-19 16:30:19,429 DEBUG (BaseJdbcLogger.java:159)- ==> Parameters: 
2019-03-19 16:30:19,447 DEBUG (BaseJdbcLogger.java:159)- <==      Total: 3
2019-03-19 16:30:19,760 DEBUG (BaseJdbcLogger.java:159)- ==>  Preparing: SELECT id,name,des,time,status FROM examination 
2019-03-19 16:30:19,761 DEBUG (BaseJdbcLogger.java:159)- ==> Parameters: 
2019-03-19 16:30:19,766 DEBUG (BaseJdbcLogger.java:159)- <==      Total: 11
2019-03-19 16:30:26,950 DEBUG (BaseJdbcLogger.java:159)- ==>  Preparing: UPDATE examination SET id = id,name = ?,des = ?,status = ? WHERE id = ? 
2019-03-19 16:30:26,951 DEBUG (BaseJdbcLogger.java:159)- ==> Parameters: 法学(String), 64200-1531897166806-法学.png(String), 1(Integer), 4(Integer)
2019-03-19 16:30:27,395 DEBUG (BaseJdbcLogger.java:159)- <==    Updates: 1
2019-03-19 16:30:27,490 DEBUG (BaseJdbcLogger.java:159)- ==>  Preparing: SELECT id,name,des,time,status FROM examination 
2019-03-19 16:30:27,490 DEBUG (BaseJdbcLogger.java:159)- ==> Parameters: 
2019-03-19 16:30:27,495 DEBUG (BaseJdbcLogger.java:159)- <==      Total: 11
2019-03-19 16:30:31,965 DEBUG (BaseJdbcLogger.java:159)- ==>  Preparing: UPDATE examination SET id = id,name = ?,des = ?,status = ? WHERE id = ? 
2019-03-19 16:30:31,966 DEBUG (BaseJdbcLogger.java:159)- ==> Parameters: 2016司考真题(String), 70653-1531897216648-法学.png(String), 1(Integer), 5(Integer)
2019-03-19 16:30:32,492 DEBUG (BaseJdbcLogger.java:159)- <==    Updates: 1
2019-03-19 16:30:32,555 DEBUG (BaseJdbcLogger.java:159)- ==>  Preparing: SELECT id,name,des,time,status FROM examination 
2019-03-19 16:30:32,556 DEBUG (BaseJdbcLogger.java:159)- ==> Parameters: 
2019-03-19 16:30:32,559 DEBUG (BaseJdbcLogger.java:159)- <==      Total: 11
2019-03-19 16:31:06,965 DEBUG (BaseJdbcLogger.java:159)- ==>  Preparing: SELECT id,user,acnumber,ernumber,scope,examination,examinationName,username FROM records 
2019-03-19 16:31:06,966 DEBUG (BaseJdbcLogger.java:159)- ==> Parameters: 
2019-03-19 16:31:06,968 DEBUG (BaseJdbcLogger.java:159)- <==      Total: 1
2019-03-19 16:32:51,842 DEBUG (BaseJdbcLogger.java:159)- ==>  Preparing: SELECT userno,username,password,email,gender,status,newdate FROM user 
2019-03-19 16:32:51,843 DEBUG (BaseJdbcLogger.java:159)- ==> Parameters: 
2019-03-19 16:32:51,845 DEBUG (BaseJdbcLogger.java:159)- <==      Total: 3
2019-03-19 16:32:54,314 DEBUG (BaseJdbcLogger.java:159)- ==>  Preparing: SELECT id,name,des,time,status FROM examination 
2019-03-19 16:32:54,315 DEBUG (BaseJdbcLogger.java:159)- ==> Parameters: 
2019-03-19 16:32:54,319 DEBUG (BaseJdbcLogger.java:159)- <==      Total: 11
2019-03-19 16:33:06,720 DEBUG (BaseJdbcLogger.java:159)- ==>  Preparing: SELECT userno,username,password,email,gender,status,newdate FROM user 
2019-03-19 16:33:06,721 DEBUG (BaseJdbcLogger.java:159)- ==> Parameters: 
2019-03-19 16:33:06,723 DEBUG (BaseJdbcLogger.java:159)- <==      Total: 3
2019-03-19 16:33:07,697 DEBUG (BaseJdbcLogger.java:159)- ==>  Preparing: SELECT id,user,acnumber,ernumber,scope,examination,examinationName,username FROM records 
2019-03-19 16:33:07,701 DEBUG (BaseJdbcLogger.java:159)- ==> Parameters: 
2019-03-19 16:33:07,703 DEBUG (BaseJdbcLogger.java:159)- <==      Total: 1
2019-03-19 16:33:11,087 DEBUG (BaseJdbcLogger.java:159)- ==>  Preparing: SELECT userno,username,password,email,gender,status,newdate FROM user 
2019-03-19 16:33:11,088 DEBUG (BaseJdbcLogger.java:159)- ==> Parameters: 
2019-03-19 16:33:11,090 DEBUG (BaseJdbcLogger.java:159)- <==      Total: 3
2019-03-19 16:33:13,095 DEBUG (BaseJdbcLogger.java:159)- ==>  Preparing: SELECT id,name,des,time,status FROM examination 
2019-03-19 16:33:13,096 DEBUG (BaseJdbcLogger.java:159)- ==> Parameters: 
2019-03-19 16:33:13,099 DEBUG (BaseJdbcLogger.java:159)- <==      Total: 11
2019-03-19 16:33:20,754 DEBUG (BaseJdbcLogger.java:159)- ==>  Preparing: SELECT id,title,answer,reason,examination,score,token FROM question WHERE ( examination = ? ) 
2019-03-19 16:33:20,755 DEBUG (BaseJdbcLogger.java:159)- ==> Parameters: 4(Integer)
2019-03-19 16:33:20,757 DEBUG (BaseJdbcLogger.java:159)- <==      Total: 1
2019-03-19 16:33:20,765 DEBUG (BaseJdbcLogger.java:159)- ==>  Preparing: SELECT id,name,question FROM items WHERE ( question = ? ) 
2019-03-19 16:33:20,766 DEBUG (BaseJdbcLogger.java:159)- ==> Parameters: 1(Integer)
2019-03-19 16:33:20,767 DEBUG (BaseJdbcLogger.java:159)- <==      Total: 4
2019-03-19 16:41:24,823 DEBUG (UserController.java:47)- user-email=xxxxx@qq.com/npwd=xxx
2019-03-19 16:41:24,828 DEBUG (BaseJdbcLogger.java:159)- ==>  Preparing: SELECT userno,username,password,email,gender,status,newdate FROM user WHERE ( email = ? ) 
2019-03-19 16:41:24,832 DEBUG (BaseJdbcLogger.java:159)- ==> Parameters: xxxxx@qq.com(String)
2019-03-19 16:41:24,918 DEBUG (BaseJdbcLogger.java:159)- <==      Total: 1
2019-03-19 16:46:01,835 DEBUG (BaseJdbcLogger.java:159)- ==>  Preparing: SELECT id,name,des,time,status FROM examination WHERE ( status = ? ) 
2019-03-19 16:46:01,836 DEBUG (BaseJdbcLogger.java:159)- ==> Parameters: 1(Integer)
2019-03-19 16:46:01,839 DEBUG (BaseJdbcLogger.java:159)- <==      Total: 10
2019-03-19 16:47:03,136 DEBUG (BaseJdbcLogger.java:159)- ==>  Preparing: SELECT id,name,des,time,status FROM examination WHERE ( status = ? ) 
2019-03-19 16:47:03,137 DEBUG (BaseJdbcLogger.java:159)- ==> Parameters: 1(Integer)
2019-03-19 16:47:03,148 DEBUG (BaseJdbcLogger.java:159)- <==      Total: 10
2019-03-19 16:47:09,526 DEBUG (BaseJdbcLogger.java:159)- ==>  Preparing: SELECT id,name,des,time,status FROM examination WHERE ( status = ? ) 
2019-03-19 16:47:09,538 DEBUG (BaseJdbcLogger.java:159)- ==> Parameters: 1(Integer)
2019-03-19 16:47:09,544 DEBUG (BaseJdbcLogger.java:159)- <==      Total: 10
2019-03-19 16:47:18,030 DEBUG (BaseJdbcLogger.java:159)- ==>  Preparing: SELECT id,name,des,time,status FROM examination WHERE ( status = ? ) 
2019-03-19 16:47:18,031 DEBUG (BaseJdbcLogger.java:159)- ==> Parameters: 1(Integer)
2019-03-19 16:47:18,037 DEBUG (BaseJdbcLogger.java:159)- <==      Total: 10
2019-03-19 16:47:25,839 DEBUG (BaseJdbcLogger.java:159)- ==>  Preparing: SELECT id,user,acnumber,ernumber,scope,examination,examinationName,username FROM records WHERE ( user = ? ) 
2019-03-19 16:47:25,840 DEBUG (BaseJdbcLogger.java:159)- ==> Parameters: 1(Integer)
2019-03-19 16:47:25,842 DEBUG (BaseJdbcLogger.java:159)- <==      Total: 0
2019-03-19 16:47:29,007 DEBUG (BaseJdbcLogger.java:159)- ==>  Preparing: SELECT id,user,acnumber,ernumber,scope,examination,examinationName,username FROM records WHERE ( user = ? ) 
2019-03-19 16:47:29,009 DEBUG (BaseJdbcLogger.java:159)- ==> Parameters: 1(Integer)
2019-03-19 16:47:29,011 DEBUG (BaseJdbcLogger.java:159)- <==      Total: 0
2019-03-19 16:47:29,890 DEBUG (BaseJdbcLogger.java:159)- ==>  Preparing: SELECT id,name,des,time,status FROM examination WHERE ( status = ? ) 
2019-03-19 16:47:29,890 DEBUG (BaseJdbcLogger.java:159)- ==> Parameters: 1(Integer)
2019-03-19 16:47:29,893 DEBUG (BaseJdbcLogger.java:159)- <==      Total: 10
2019-03-19 16:47:30,963 DEBUG (BaseJdbcLogger.java:159)- ==>  Preparing: SELECT id,user,acnumber,ernumber,scope,examination,examinationName,username FROM records WHERE ( user = ? ) 
2019-03-19 16:47:30,964 DEBUG (BaseJdbcLogger.java:159)- ==> Parameters: 1(Integer)
2019-03-19 16:47:30,965 DEBUG (BaseJdbcLogger.java:159)- <==      Total: 0
2019-03-19 16:47:36,131 DEBUG (BaseJdbcLogger.java:159)- ==>  Preparing: SELECT id,name,des,time,status FROM examination WHERE ( status = ? ) 
2019-03-19 16:47:36,132 DEBUG (BaseJdbcLogger.java:159)- ==> Parameters: 1(Integer)
2019-03-19 16:47:36,144 DEBUG (BaseJdbcLogger.java:159)- <==      Total: 10
2019-03-19 16:59:47,903 INFO (StartupInfoLogger.java:50)- Starting AnswerSystemApplication on haoluo with PID 18640 (/home/haoluo/Documents/workspaces/GitHub/AnswerSystem/answer_system/target/classes started by haoluo in /home/haoluo/Documents/workspaces/GitHub/AnswerSystem/answer_system)
2019-03-19 16:59:47,907 DEBUG (StartupInfoLogger.java:53)- Running with Spring Boot v2.1.3.RELEASE, Spring v5.1.5.RELEASE
2019-03-19 16:59:47,907 INFO (SpringApplication.java:679)- The following profiles are active: test
2019-03-19 16:59:51,145 INFO (DataSource1Config.java:49)- datasource1 开始初始化。
2019-03-19 17:03:03,911 INFO (StartupInfoLogger.java:50)- Starting AnswerSystemApplication on haoluo with PID 18806 (/home/haoluo/Documents/workspaces/GitHub/AnswerSystem/answer_system/target/classes started by haoluo in /home/haoluo/Documents/workspaces/GitHub/AnswerSystem/answer_system)
2019-03-19 17:03:03,919 DEBUG (StartupInfoLogger.java:53)- Running with Spring Boot v2.1.3.RELEASE, Spring v5.1.5.RELEASE
2019-03-19 17:03:03,920 INFO (SpringApplication.java:679)- The following profiles are active: test
2019-03-19 17:03:06,859 INFO (DataSource1Config.java:49)- datasource1 开始初始化。
2019-03-19 17:03:08,910 INFO (StartupInfoLogger.java:59)- Started AnswerSystemApplication in 6.078 seconds (JVM running for 7.258)
2019-03-19 17:08:38,989 INFO (StartupInfoLogger.java:50)- Starting AnswerSystemApplication on haoluo with PID 19228 (/home/haoluo/Documents/workspaces/GitHub/AnswerSystem/answer_system/target/classes started by haoluo in /home/haoluo/Documents/workspaces/GitHub/AnswerSystem/answer_system)
2019-03-19 17:08:39,006 DEBUG (StartupInfoLogger.java:53)- Running with Spring Boot v2.1.3.RELEASE, Spring v5.1.5.RELEASE
2019-03-19 17:08:39,007 INFO (SpringApplication.java:679)- The following profiles are active: test
2019-03-19 17:08:42,737 INFO (DataSource1Config.java:49)- datasource1 开始初始化。
2019-03-19 17:10:51,758 INFO (StartupInfoLogger.java:50)- Starting AnswerSystemApplication on haoluo with PID 19416 (/home/haoluo/Documents/workspaces/GitHub/AnswerSystem/answer_system/target/classes started by haoluo in /home/haoluo/Documents/workspaces/GitHub/AnswerSystem/answer_system)
2019-03-19 17:10:51,770 DEBUG (StartupInfoLogger.java:53)- Running with Spring Boot v2.1.3.RELEASE, Spring v5.1.5.RELEASE
2019-03-19 17:10:51,771 INFO (SpringApplication.java:679)- The following profiles are active: test
2019-03-19 17:10:56,475 INFO (DataSource1Config.java:49)- datasource1 开始初始化。
2019-03-19 17:12:51,335 INFO (StartupInfoLogger.java:50)- Starting AnswerSystemApplication on haoluo with PID 19639 (/home/haoluo/Documents/workspaces/GitHub/AnswerSystem/answer_system/target/classes started by haoluo in /home/haoluo/Documents/workspaces/GitHub/AnswerSystem/answer_system)
2019-03-19 17:12:51,352 DEBUG (StartupInfoLogger.java:53)- Running with Spring Boot v2.1.3.RELEASE, Spring v5.1.5.RELEASE
2019-03-19 17:12:51,352 INFO (SpringApplication.java:679)- The following profiles are active: test
2019-03-19 17:12:54,422 INFO (DataSource1Config.java:49)- datasource1 开始初始化。
2019-03-19 17:19:08,632 INFO (StartupInfoLogger.java:50)- Starting AnswerSystemApplication on haoluo with PID 20137 (/home/haoluo/Documents/workspaces/GitHub/AnswerSystem/answer_system/target/classes started by haoluo in /home/haoluo/Documents/workspaces/GitHub/AnswerSystem/answer_system)
2019-03-19 17:19:08,637 DEBUG (StartupInfoLogger.java:53)- Running with Spring Boot v2.1.3.RELEASE, Spring v5.1.5.RELEASE
2019-03-19 17:19:08,638 INFO (SpringApplication.java:679)- The following profiles are active: test
2019-03-19 17:19:11,851 INFO (DataSource1Config.java:49)- datasource1 开始初始化。
2019-03-19 17:19:13,661 INFO (StartupInfoLogger.java:59)- Started AnswerSystemApplication in 6.293 seconds (JVM running for 7.426)
2019-03-19 17:22:39,584 INFO (StartupInfoLogger.java:50)- Starting AnswerSystemApplication on haoluo with PID 20433 (/home/haoluo/Documents/workspaces/GitHub/AnswerSystem/answer_system/target/classes started by haoluo in /home/haoluo/Documents/workspaces/GitHub/AnswerSystem/answer_system)
2019-03-19 17:22:39,595 DEBUG (StartupInfoLogger.java:53)- Running with Spring Boot v2.1.3.RELEASE, Spring v5.1.5.RELEASE
2019-03-19 17:22:39,597 INFO (SpringApplication.java:679)- The following profiles are active: test
2019-03-19 17:22:42,963 INFO (DataSource1Config.java:49)- datasource1 开始初始化。
2019-03-19 17:24:41,499 INFO (StartupInfoLogger.java:50)- Starting AnswerSystemApplication on haoluo with PID 20565 (/home/haoluo/Documents/workspaces/GitHub/AnswerSystem/answer_system/target/classes started by haoluo in /home/haoluo/Documents/workspaces/GitHub/AnswerSystem/answer_system)
2019-03-19 17:24:41,503 DEBUG (StartupInfoLogger.java:53)- Running with Spring Boot v2.1.3.RELEASE, Spring v5.1.5.RELEASE
2019-03-19 17:24:41,503 INFO (SpringApplication.java:679)- The following profiles are active: test
2019-03-19 17:24:46,098 INFO (DataSource1Config.java:49)- datasource1 开始初始化。
2019-03-19 17:26:18,775 INFO (StartupInfoLogger.java:50)- Starting AnswerSystemApplication on haoluo with PID 20725 (/home/haoluo/Documents/workspaces/GitHub/AnswerSystem/answer_system/target/classes started by haoluo in /home/haoluo/Documents/workspaces/GitHub/AnswerSystem/answer_system)
2019-03-19 17:26:18,790 DEBUG (StartupInfoLogger.java:53)- Running with Spring Boot v2.1.3.RELEASE, Spring v5.1.5.RELEASE
2019-03-19 17:26:18,791 INFO (SpringApplication.java:679)- The following profiles are active: test
2019-03-19 17:26:21,823 INFO (DataSource1Config.java:49)- datasource1 开始初始化。
2019-03-19 17:26:23,951 INFO (StartupInfoLogger.java:59)- Started AnswerSystemApplication in 7.109 seconds (JVM running for 8.593)
2019-03-19 17:26:35,130 DEBUG (BaseJdbcLogger.java:159)- ==>  Preparing: 
2019-03-19 17:26:35,160 DEBUG (BaseJdbcLogger.java:159)- ==> Parameters: 
2019-03-19 17:29:25,186 INFO (StartupInfoLogger.java:50)- Starting AnswerSystemApplication on haoluo with PID 21033 (/home/haoluo/Documents/workspaces/GitHub/AnswerSystem/answer_system/target/classes started by haoluo in /home/haoluo/Documents/workspaces/GitHub/AnswerSystem/answer_system)
2019-03-19 17:29:25,193 DEBUG (StartupInfoLogger.java:53)- Running with Spring Boot v2.1.3.RELEASE, Spring v5.1.5.RELEASE
2019-03-19 17:29:25,194 INFO (SpringApplication.java:679)- The following profiles are active: test
2019-03-19 17:29:28,405 INFO (DataSource1Config.java:49)- datasource1 开始初始化。
2019-03-19 17:29:30,369 INFO (StartupInfoLogger.java:59)- Started AnswerSystemApplication in 6.313 seconds (JVM running for 7.553)
2019-03-19 17:31:03,234 INFO (StartupInfoLogger.java:50)- Starting AnswerSystemApplication on haoluo with PID 21195 (/home/haoluo/Documents/workspaces/GitHub/AnswerSystem/answer_system/target/classes started by haoluo in /home/haoluo/Documents/workspaces/GitHub/AnswerSystem/answer_system)
2019-03-19 17:31:03,243 DEBUG (StartupInfoLogger.java:53)- Running with Spring Boot v2.1.3.RELEASE, Spring v5.1.5.RELEASE
2019-03-19 17:31:03,244 INFO (SpringApplication.java:679)- The following profiles are active: test
2019-03-19 17:31:06,005 INFO (DataSource1Config.java:49)- datasource1 开始初始化。
2019-03-19 17:31:07,862 INFO (StartupInfoLogger.java:59)- Started AnswerSystemApplication in 5.591 seconds (JVM running for 6.703)
2019-03-19 17:31:57,480 DEBUG (BaseJdbcLogger.java:159)- ==>  Preparing: select examination.id, examination.name, examination.des, examination.status from examination WHERE status = 1 and id not in ( select examination from records where user = ? ) 
2019-03-19 17:31:57,501 DEBUG (BaseJdbcLogger.java:159)- ==> Parameters: 3(Integer)
2019-03-19 17:31:57,526 DEBUG (BaseJdbcLogger.java:159)- <==      Total: 9
2019-03-19 17:32:27,476 DEBUG (BaseJdbcLogger.java:159)- ==>  Preparing: SELECT id,user,acnumber,ernumber,scope,examination,examinationName,username FROM records WHERE ( user = ? ) 
2019-03-19 17:32:27,479 DEBUG (BaseJdbcLogger.java:159)- ==> Parameters: 1(Integer)
2019-03-19 17:32:27,480 DEBUG (BaseJdbcLogger.java:159)- <==      Total: 0
2019-03-19 17:33:11,128 DEBUG (BaseJdbcLogger.java:159)- ==>  Preparing: SELECT id,user,acnumber,ernumber,scope,examination,examinationName,username FROM records WHERE ( user = ? ) 
2019-03-19 17:33:11,129 DEBUG (BaseJdbcLogger.java:159)- ==> Parameters: 1(Integer)
2019-03-19 17:33:11,130 DEBUG (BaseJdbcLogger.java:159)- <==      Total: 0
2019-03-19 17:33:29,269 DEBUG (BaseJdbcLogger.java:159)- ==>  Preparing: SELECT id,user,acnumber,ernumber,scope,examination,examinationName,username FROM records WHERE ( user = ? ) 
2019-03-19 17:33:29,270 DEBUG (BaseJdbcLogger.java:159)- ==> Parameters: 1(Integer)
2019-03-19 17:33:29,272 DEBUG (BaseJdbcLogger.java:159)- <==      Total: 0
2019-03-19 17:33:59,911 DEBUG (BaseJdbcLogger.java:159)- ==>  Preparing: SELECT id,user,acnumber,ernumber,scope,examination,examinationName,username FROM records WHERE ( user = ? ) 
2019-03-19 17:33:59,912 DEBUG (BaseJdbcLogger.java:159)- ==> Parameters: 3(Integer)
2019-03-19 17:33:59,917 DEBUG (BaseJdbcLogger.java:159)- <==      Total: 1
2019-03-19 17:34:07,587 DEBUG (BaseJdbcLogger.java:159)- ==>  Preparing: SELECT userno,username,password,email,gender,status,newdate FROM user WHERE userno = ? 
2019-03-19 17:34:07,587 DEBUG (BaseJdbcLogger.java:159)- ==> Parameters: 3(Integer)
2019-03-19 17:34:07,590 DEBUG (BaseJdbcLogger.java:159)- <==      Total: 1
2019-03-19 17:37:16,400 DEBUG (BaseJdbcLogger.java:159)- ==>  Preparing: SELECT userno,username,password,email,gender,status,newdate FROM user WHERE userno = ? 
2019-03-19 17:37:16,402 DEBUG (BaseJdbcLogger.java:159)- ==> Parameters: 3(Integer)
2019-03-19 17:37:16,404 DEBUG (BaseJdbcLogger.java:159)- <==      Total: 1
2019-03-19 17:37:17,606 DEBUG (BaseJdbcLogger.java:159)- ==>  Preparing: SELECT id,user,acnumber,ernumber,scope,examination,examinationName,username FROM records WHERE ( user = ? ) 
2019-03-19 17:37:17,608 DEBUG (BaseJdbcLogger.java:159)- ==> Parameters: 3(Integer)
2019-03-19 17:37:17,610 DEBUG (BaseJdbcLogger.java:159)- <==      Total: 1
2019-03-19 17:37:18,244 DEBUG (BaseJdbcLogger.java:159)- ==>  Preparing: SELECT userno,username,password,email,gender,status,newdate FROM user WHERE userno = ? 
2019-03-19 17:37:18,245 DEBUG (BaseJdbcLogger.java:159)- ==> Parameters: 3(Integer)
2019-03-19 17:37:18,247 DEBUG (BaseJdbcLogger.java:159)- <==      Total: 1
2019-03-19 17:37:22,205 DEBUG (BaseJdbcLogger.java:159)- ==>  Preparing: SELECT userno,username,password,email,gender,status,newdate FROM user WHERE userno = ? 
2019-03-19 17:37:22,206 DEBUG (BaseJdbcLogger.java:159)- ==> Parameters: 3(Integer)
2019-03-19 17:37:22,208 DEBUG (BaseJdbcLogger.java:159)- <==      Total: 1
2019-03-19 17:37:24,369 DEBUG (BaseJdbcLogger.java:159)- ==>  Preparing: SELECT userno,username,password,email,gender,status,newdate FROM user WHERE userno = ? 
2019-03-19 17:37:24,370 DEBUG (BaseJdbcLogger.java:159)- ==> Parameters: 3(Integer)
2019-03-19 17:37:24,376 DEBUG (BaseJdbcLogger.java:159)- <==      Total: 1
2019-03-19 17:37:27,635 DEBUG (BaseJdbcLogger.java:159)- ==>  Preparing: SELECT userno,username,password,email,gender,status,newdate FROM user WHERE userno = ? 
2019-03-19 17:37:27,636 DEBUG (BaseJdbcLogger.java:159)- ==> Parameters: 3(Integer)
2019-03-19 17:37:27,638 DEBUG (BaseJdbcLogger.java:159)- <==      Total: 1
2019-03-19 17:37:29,531 DEBUG (BaseJdbcLogger.java:159)- ==>  Preparing: SELECT userno,username,password,email,gender,status,newdate FROM user WHERE userno = ? 
2019-03-19 17:37:29,532 DEBUG (BaseJdbcLogger.java:159)- ==> Parameters: 3(Integer)
2019-03-19 17:37:29,533 DEBUG (BaseJdbcLogger.java:159)- <==      Total: 1
2019-03-19 17:37:35,756 DEBUG (BaseJdbcLogger.java:159)- ==>  Preparing: SELECT userno,username,password,email,gender,status,newdate FROM user WHERE userno = ? 
2019-03-19 17:37:35,760 DEBUG (BaseJdbcLogger.java:159)- ==> Parameters: 3(Integer)
2019-03-19 17:37:35,766 DEBUG (BaseJdbcLogger.java:159)- <==      Total: 1
2019-03-19 17:37:37,020 DEBUG (BaseJdbcLogger.java:159)- ==>  Preparing: SELECT userno,username,password,email,gender,status,newdate FROM user WHERE userno = ? 
2019-03-19 17:37:37,021 DEBUG (BaseJdbcLogger.java:159)- ==> Parameters: 3(Integer)
2019-03-19 17:37:37,023 DEBUG (BaseJdbcLogger.java:159)- <==      Total: 1
2019-03-19 17:39:35,312 DEBUG (BaseJdbcLogger.java:159)- ==>  Preparing: SELECT id,user,acnumber,ernumber,scope,examination,examinationName,username FROM records WHERE ( user = ? ) 
2019-03-19 17:39:35,314 DEBUG (BaseJdbcLogger.java:159)- ==> Parameters: 3(Integer)
2019-03-19 17:39:35,317 DEBUG (BaseJdbcLogger.java:159)- <==      Total: 1
2019-03-19 17:39:36,036 DEBUG (BaseJdbcLogger.java:159)- ==>  Preparing: select examination.id, examination.name, examination.des, examination.status from examination WHERE status = 1 and id not in ( select examination from records where user = ? ) 
2019-03-19 17:39:36,037 DEBUG (BaseJdbcLogger.java:159)- ==> Parameters: 3(Integer)
2019-03-19 17:39:36,043 DEBUG (BaseJdbcLogger.java:159)- <==      Total: 9
2019-03-19 17:39:37,835 DEBUG (BaseJdbcLogger.java:159)- ==>  Preparing: select examination.id, examination.name, examination.des, examination.status from examination WHERE status = 1 and id not in ( select examination from records where user = ? ) 
2019-03-19 17:39:37,837 DEBUG (BaseJdbcLogger.java:159)- ==> Parameters: 3(Integer)
2019-03-19 17:39:37,839 DEBUG (BaseJdbcLogger.java:159)- <==      Total: 9
2019-03-19 17:39:38,711 DEBUG (BaseJdbcLogger.java:159)- ==>  Preparing: SELECT id,user,acnumber,ernumber,scope,examination,examinationName,username FROM records WHERE ( user = ? ) 
2019-03-19 17:39:38,713 DEBUG (BaseJdbcLogger.java:159)- ==> Parameters: 3(Integer)
2019-03-19 17:39:38,715 DEBUG (BaseJdbcLogger.java:159)- <==      Total: 1
2019-03-19 17:39:44,909 DEBUG (BaseJdbcLogger.java:159)- ==>  Preparing: SELECT userno,username,password,email,gender,status,newdate FROM user WHERE userno = ? 
2019-03-19 17:39:44,910 DEBUG (BaseJdbcLogger.java:159)- ==> Parameters: 3(Integer)
2019-03-19 17:39:44,915 DEBUG (BaseJdbcLogger.java:159)- <==      Total: 1
2019-03-19 17:39:45,659 DEBUG (BaseJdbcLogger.java:159)- ==>  Preparing: select examination.id, examination.name, examination.des, examination.status from examination WHERE status = 1 and id not in ( select examination from records where user = ? ) 
2019-03-19 17:39:45,660 DEBUG (BaseJdbcLogger.java:159)- ==> Parameters: 3(Integer)
2019-03-19 17:39:45,662 DEBUG (BaseJdbcLogger.java:159)- <==      Total: 9
2019-03-19 17:39:47,657 DEBUG (BaseJdbcLogger.java:159)- ==>  Preparing: select examination.id, examination.name, examination.des, examination.status from examination WHERE status = 1 and id not in ( select examination from records where user = ? ) 
2019-03-19 17:39:47,658 DEBUG (BaseJdbcLogger.java:159)- ==> Parameters: 3(Integer)
2019-03-19 17:39:47,660 DEBUG (BaseJdbcLogger.java:159)- <==      Total: 9
2019-03-19 23:40:58,650 INFO (StartupInfoLogger.java:50)- Starting AnswerSystemApplication on haoluo with PID 5225 (/home/haoluo/Documents/workspaces/GitHub/AnswerSystem/answer_system/target/classes started by haoluo in /home/haoluo/Documents/workspaces/GitHub/AnswerSystem/answer_system)
2019-03-19 23:40:58,689 DEBUG (StartupInfoLogger.java:53)- Running with Spring Boot v2.1.3.RELEASE, Spring v5.1.5.RELEASE
2019-03-19 23:40:58,689 INFO (SpringApplication.java:679)- The following profiles are active: test
2019-03-19 23:41:09,492 INFO (DataSource1Config.java:49)- datasource1 开始初始化。
2019-03-19 23:42:53,488 INFO (StartupInfoLogger.java:50)- Starting AnswerSystemApplication on haoluo with PID 5514 (/home/haoluo/Documents/workspaces/GitHub/AnswerSystem/answer_system/target/classes started by haoluo in /home/haoluo/Documents/workspaces/GitHub/AnswerSystem/answer_system)
2019-03-19 23:42:53,506 DEBUG (StartupInfoLogger.java:53)- Running with Spring Boot v2.1.3.RELEASE, Spring v5.1.5.RELEASE
2019-03-19 23:42:53,517 INFO (SpringApplication.java:679)- The following profiles are active: test
2019-03-19 23:42:56,369 INFO (DataSource1Config.java:49)- datasource1 开始初始化。
2019-03-19 23:45:09,916 INFO (StartupInfoLogger.java:50)- Starting AnswerSystemApplication on haoluo with PID 5649 (/home/haoluo/Documents/workspaces/GitHub/AnswerSystem/answer_system/target/classes started by haoluo in /home/haoluo/Documents/workspaces/GitHub/AnswerSystem/answer_system)
2019-03-19 23:45:09,927 DEBUG (StartupInfoLogger.java:53)- Running with Spring Boot v2.1.3.RELEASE, Spring v5.1.5.RELEASE
2019-03-19 23:45:09,928 INFO (SpringApplication.java:679)- The following profiles are active: test
2019-03-19 23:45:12,836 INFO (DataSource1Config.java:49)- datasource1 开始初始化。
2019-03-19 23:45:14,535 INFO (StartupInfoLogger.java:59)- Started AnswerSystemApplication in 5.436 seconds (JVM running for 6.919)
2019-03-19 23:49:33,318 DEBUG (BaseJdbcLogger.java:159)- ==>  Preparing: SELECT userno,username,password,email,gender,status,newdate FROM user WHERE ( email = ? ) 
2019-03-19 23:49:33,343 DEBUG (BaseJdbcLogger.java:159)- ==> Parameters: 18852985129@163.com(String)
2019-03-19 23:49:33,358 DEBUG (BaseJdbcLogger.java:159)- <==      Total: 0
2019-03-19 23:51:59,527 INFO (StartupInfoLogger.java:50)- Starting AnswerSystemApplication on haoluo with PID 6064 (/home/haoluo/Documents/workspaces/GitHub/AnswerSystem/answer_system/target/classes started by haoluo in /home/haoluo/Documents/workspaces/GitHub/AnswerSystem/answer_system)
2019-03-19 23:51:59,531 DEBUG (StartupInfoLogger.java:53)- Running with Spring Boot v2.1.3.RELEASE, Spring v5.1.5.RELEASE
2019-03-19 23:51:59,531 INFO (SpringApplication.java:679)- The following profiles are active: test
2019-03-19 23:52:02,804 INFO (DataSource1Config.java:49)- datasource1 开始初始化。
2019-03-19 23:52:04,629 INFO (StartupInfoLogger.java:59)- Started AnswerSystemApplication in 6.083 seconds (JVM running for 7.373)
2019-03-19 23:52:28,884 DEBUG (BaseJdbcLogger.java:159)- ==>  Preparing: SELECT userno,username,password,email,gender,status,newdate FROM user WHERE ( email = ? ) 
2019-03-19 23:52:28,905 DEBUG (BaseJdbcLogger.java:159)- ==> Parameters: 18852985129@163.com(String)
2019-03-19 23:52:28,921 DEBUG (BaseJdbcLogger.java:159)- <==      Total: 0
