2019-03-18 14:26:41,637 INFO (StartupInfoLogger.java:50)- Starting AnswerSystemApplication on haoluo with PID 4400 (/home/haoluo/Documents/workspaces/GitHub/AnswerSystem/answer_system/target/classes started by haoluo in /home/haoluo/Documents/workspaces/GitHub/AnswerSystem/answer_system)
2019-03-18 14:26:41,643 DEBUG (StartupInfoLogger.java:53)- Running with Spring Boot v2.1.3.RELEASE, Spring v5.1.5.RELEASE
2019-03-18 14:26:41,644 INFO (SpringApplication.java:679)- The following profiles are active: test
2019-03-18 14:26:51,148 INFO (DataSource1Config.java:49)- datasource1 开始初始化。
2019-03-18 14:26:54,979 INFO (StartupInfoLogger.java:59)- Started AnswerSystemApplication in 20.279 seconds (JVM running for 25.877)
2019-03-18 14:27:20,443 DEBUG (BaseJdbcLogger.java:159)- ==>  Preparing: SELECT userno,username,password,email,gender,status,newdate FROM user 
2019-03-18 14:27:20,467 DEBUG (BaseJdbcLogger.java:159)- ==> Parameters: 
2019-03-18 14:27:20,506 DEBUG (BaseJdbcLogger.java:159)- <==      Total: 4
2019-03-18 14:28:12,883 DEBUG (BaseJdbcLogger.java:159)- ==>  Preparing: SELECT id,name,des,time,status FROM examination 
2019-03-18 14:28:12,884 DEBUG (BaseJdbcLogger.java:159)- ==> Parameters: 
2019-03-18 14:28:12,907 DEBUG (BaseJdbcLogger.java:159)- <==      Total: 11
2019-03-18 14:28:24,512 DEBUG (ExaminationController.java:42)- null
2019-03-18 14:28:47,142 DEBUG (ExaminationController.java:42)- null
2019-03-18 14:32:27,799 INFO (StartupInfoLogger.java:50)- Starting AnswerSystemApplication on haoluo with PID 4911 (/home/haoluo/Documents/workspaces/GitHub/AnswerSystem/answer_system/target/classes started by haoluo in /home/haoluo/Documents/workspaces/GitHub/AnswerSystem/answer_system)
2019-03-18 14:32:27,814 DEBUG (StartupInfoLogger.java:53)- Running with Spring Boot v2.1.3.RELEASE, Spring v5.1.5.RELEASE
2019-03-18 14:32:27,815 INFO (SpringApplication.java:679)- The following profiles are active: test
2019-03-18 14:32:30,506 INFO (DataSource1Config.java:49)- datasource1 开始初始化。
2019-03-18 14:32:32,484 INFO (StartupInfoLogger.java:59)- Started AnswerSystemApplication in 5.908 seconds (JVM running for 7.753)
2019-03-18 14:32:51,663 DEBUG (ExaminationController.java:42)- 19
2019-03-18 14:32:51,665 DEBUG (ExaminationController.java:43)- null
2019-03-18 14:34:38,331 INFO (StartupInfoLogger.java:50)- Starting AnswerSystemApplication on haoluo with PID 5079 (/home/haoluo/Documents/workspaces/GitHub/AnswerSystem/answer_system/target/classes started by haoluo in /home/haoluo/Documents/workspaces/GitHub/AnswerSystem/answer_system)
2019-03-18 14:34:38,335 DEBUG (StartupInfoLogger.java:53)- Running with Spring Boot v2.1.3.RELEASE, Spring v5.1.5.RELEASE
2019-03-18 14:34:38,336 INFO (SpringApplication.java:679)- The following profiles are active: test
2019-03-18 14:34:43,087 INFO (DataSource1Config.java:49)- datasource1 开始初始化。
2019-03-18 14:34:44,950 INFO (StartupInfoLogger.java:59)- Started AnswerSystemApplication in 7.448 seconds (JVM running for 8.745)
2019-03-18 14:34:51,419 DEBUG (ExaminationController.java:43)- null
2019-03-18 14:35:27,458 INFO (StartupInfoLogger.java:50)- Starting AnswerSystemApplication on haoluo with PID 5236 (/home/haoluo/Documents/workspaces/GitHub/AnswerSystem/answer_system/target/classes started by haoluo in /home/haoluo/Documents/workspaces/GitHub/AnswerSystem/answer_system)
2019-03-18 14:35:27,470 DEBUG (StartupInfoLogger.java:53)- Running with Spring Boot v2.1.3.RELEASE, Spring v5.1.5.RELEASE
2019-03-18 14:35:27,471 INFO (SpringApplication.java:679)- The following profiles are active: test
2019-03-18 14:35:29,738 INFO (DataSource1Config.java:49)- datasource1 开始初始化。
2019-03-18 14:35:31,522 INFO (StartupInfoLogger.java:59)- Started AnswerSystemApplication in 5.261 seconds (JVM running for 6.521)
2019-03-18 14:35:38,531 DEBUG (ExaminationController.java:44)- null
2019-03-18 14:38:06,715 INFO (StartupInfoLogger.java:50)- Starting AnswerSystemApplication on haoluo with PID 5437 (/home/haoluo/Documents/workspaces/GitHub/AnswerSystem/answer_system/target/classes started by haoluo in /home/haoluo/Documents/workspaces/GitHub/AnswerSystem/answer_system)
2019-03-18 14:38:06,733 DEBUG (StartupInfoLogger.java:53)- Running with Spring Boot v2.1.3.RELEASE, Spring v5.1.5.RELEASE
2019-03-18 14:38:06,734 INFO (SpringApplication.java:679)- The following profiles are active: test
2019-03-18 14:38:09,951 INFO (DataSource1Config.java:49)- datasource1 开始初始化。
2019-03-18 14:38:11,830 INFO (StartupInfoLogger.java:59)- Started AnswerSystemApplication in 6.628 seconds (JVM running for 7.817)
2019-03-18 14:38:32,681 DEBUG (BaseJdbcLogger.java:159)- ==>  Preparing: DELETE FROM examination WHERE id = ? 
2019-03-18 14:38:32,703 DEBUG (BaseJdbcLogger.java:159)- ==> Parameters: 19(Integer)
2019-03-18 14:38:32,763 DEBUG (BaseJdbcLogger.java:159)- <==    Updates: 1
2019-03-18 14:38:32,858 DEBUG (BaseJdbcLogger.java:159)- ==>  Preparing: SELECT id,name,des,time,status FROM examination 
2019-03-18 14:38:32,865 DEBUG (BaseJdbcLogger.java:159)- ==> Parameters: 
2019-03-18 14:38:32,883 DEBUG (BaseJdbcLogger.java:159)- <==      Total: 10
2019-03-18 14:39:06,914 DEBUG (BaseJdbcLogger.java:159)- ==>  Preparing: INSERT INTO examination ( id,name,des,time,status ) VALUES( ?,?,?,?,? ) 
2019-03-18 14:39:06,916 DEBUG (BaseJdbcLogger.java:159)- ==> Parameters: null, 英语(String), 英语(String), null, 1(Integer)
2019-03-18 14:39:06,948 DEBUG (BaseJdbcLogger.java:159)- <==    Updates: 1
2019-03-18 14:39:06,953 DEBUG (BaseJdbcLogger.java:159)- ==>  Executing: SELECT LAST_INSERT_ID() 
2019-03-18 14:39:06,954 DEBUG (BaseJdbcLogger.java:159)- <==      Total: 1
2019-03-18 14:39:07,038 DEBUG (BaseJdbcLogger.java:159)- ==>  Preparing: SELECT id,name,des,time,status FROM examination 
2019-03-18 14:39:07,039 DEBUG (BaseJdbcLogger.java:159)- ==> Parameters: 
2019-03-18 14:39:07,046 DEBUG (BaseJdbcLogger.java:159)- <==      Total: 11
2019-03-18 14:39:16,389 DEBUG (BaseJdbcLogger.java:159)- ==>  Preparing: UPDATE examination SET id = id,name = ?,des = ?,status = ? WHERE id = ? 
2019-03-18 14:39:16,390 DEBUG (BaseJdbcLogger.java:159)- ==> Parameters: 英语(String), 英语(String), 0(Integer), 20(Integer)
2019-03-18 14:39:16,504 DEBUG (BaseJdbcLogger.java:159)- <==    Updates: 1
2019-03-18 14:39:16,583 DEBUG (BaseJdbcLogger.java:159)- ==>  Preparing: SELECT id,name,des,time,status FROM examination 
2019-03-18 14:39:16,585 DEBUG (BaseJdbcLogger.java:159)- ==> Parameters: 
2019-03-18 14:39:16,590 DEBUG (BaseJdbcLogger.java:159)- <==      Total: 11
2019-03-18 14:39:25,067 DEBUG (BaseJdbcLogger.java:159)- ==>  Preparing: UPDATE examination SET id = id,name = ?,des = ?,status = ? WHERE id = ? 
2019-03-18 14:39:25,069 DEBUG (BaseJdbcLogger.java:159)- ==> Parameters: 英语(String), 英语(String), 1(Integer), 20(Integer)
2019-03-18 14:39:25,170 DEBUG (BaseJdbcLogger.java:159)- <==    Updates: 1
2019-03-18 14:39:25,243 DEBUG (BaseJdbcLogger.java:159)- ==>  Preparing: SELECT id,name,des,time,status FROM examination 
2019-03-18 14:39:25,244 DEBUG (BaseJdbcLogger.java:159)- ==> Parameters: 
2019-03-18 14:39:25,250 DEBUG (BaseJdbcLogger.java:159)- <==      Total: 11
2019-03-18 14:39:33,664 DEBUG (BaseJdbcLogger.java:159)- ==>  Preparing: SELECT id,title,answer,reason,examination,score,token FROM question WHERE ( examination = ? ) 
2019-03-18 14:39:33,666 DEBUG (BaseJdbcLogger.java:159)- ==> Parameters: 20(Integer)
2019-03-18 14:39:33,667 DEBUG (BaseJdbcLogger.java:159)- <==      Total: 0
2019-03-18 14:41:05,541 DEBUG (BaseJdbcLogger.java:159)- ==>  Preparing: INSERT INTO question ( id,title,answer,reason,examination,score,token ) VALUES( ?,?,?,?,?,?,? ) 
2019-03-18 14:41:05,543 DEBUG (BaseJdbcLogger.java:159)- ==> Parameters: null, 题目一(String), 0(String), 无(String), null, 1(Integer), null
2019-03-18 14:41:05,545 DEBUG (BaseJdbcLogger.java:159)- <==    Updates: 1
2019-03-18 14:41:05,546 DEBUG (BaseJdbcLogger.java:159)- ==>  Executing: SELECT LAST_INSERT_ID() 
2019-03-18 14:41:05,547 DEBUG (BaseJdbcLogger.java:159)- <==      Total: 1
2019-03-18 14:41:05,551 DEBUG (BaseJdbcLogger.java:159)- ==>  Preparing: SELECT id,title,answer,reason,examination,score,token FROM question WHERE ( token = ? ) 
2019-03-18 14:41:05,552 DEBUG (BaseJdbcLogger.java:159)- ==> Parameters: 9d33ebc2a6914ef7b69f61246cc19211(String)
2019-03-18 14:41:05,554 DEBUG (BaseJdbcLogger.java:159)- <==      Total: 0
2019-03-18 14:41:05,566 DEBUG (BaseJdbcLogger.java:159)- ==>  Preparing: INSERT INTO items ( name,question ) VALUES ( ?,? ) , ( ?,? ) , ( ?,? ) , ( ?,? ) 
2019-03-18 14:41:05,568 DEBUG (BaseJdbcLogger.java:159)- ==> Parameters: A(String), 0(Integer), B(String), 0(Integer), C(String), 0(Integer), D(String), 0(Integer)
2019-03-18 14:41:05,570 DEBUG (BaseJdbcLogger.java:159)- <==    Updates: 4
2019-03-18 14:41:05,735 DEBUG (BaseJdbcLogger.java:159)- ==>  Preparing: SELECT id,title,answer,reason,examination,score,token FROM question WHERE ( examination = ? ) 
2019-03-18 14:41:05,736 DEBUG (BaseJdbcLogger.java:159)- ==> Parameters: 20(Integer)
2019-03-18 14:41:05,738 DEBUG (BaseJdbcLogger.java:159)- <==      Total: 0
2019-03-18 14:43:45,990 INFO (StartupInfoLogger.java:50)- Starting AnswerSystemApplication on haoluo with PID 5780 (/home/haoluo/Documents/workspaces/GitHub/AnswerSystem/answer_system/target/classes started by haoluo in /home/haoluo/Documents/workspaces/GitHub/AnswerSystem/answer_system)
2019-03-18 14:43:45,996 DEBUG (StartupInfoLogger.java:53)- Running with Spring Boot v2.1.3.RELEASE, Spring v5.1.5.RELEASE
2019-03-18 14:43:45,997 INFO (SpringApplication.java:679)- The following profiles are active: test
2019-03-18 14:43:48,699 INFO (DataSource1Config.java:49)- datasource1 开始初始化。
2019-03-18 14:43:50,500 INFO (StartupInfoLogger.java:59)- Started AnswerSystemApplication in 5.695 seconds (JVM running for 7.157)
2019-03-18 14:44:09,158 DEBUG (BaseJdbcLogger.java:159)- ==>  Preparing: INSERT INTO question ( id,title,answer,reason,examination,score,token ) VALUES( ?,?,?,?,?,?,? ) 
2019-03-18 14:44:09,180 DEBUG (BaseJdbcLogger.java:159)- ==> Parameters: null, 题目一(String), 0(String), 无(String), null, 1(Integer), 1e1aab8658d54075b9b59142d9646cd0(String)
2019-03-18 14:44:09,182 DEBUG (BaseJdbcLogger.java:159)- <==    Updates: 1
2019-03-18 14:44:09,187 DEBUG (BaseJdbcLogger.java:159)- ==>  Executing: SELECT LAST_INSERT_ID() 
2019-03-18 14:44:09,201 DEBUG (BaseJdbcLogger.java:159)- <==      Total: 1
2019-03-18 14:44:09,219 DEBUG (BaseJdbcLogger.java:159)- ==>  Preparing: SELECT id,title,answer,reason,examination,score,token FROM question WHERE ( token = ? ) 
2019-03-18 14:44:09,220 DEBUG (BaseJdbcLogger.java:159)- ==> Parameters: 1e1aab8658d54075b9b59142d9646cd0(String)
2019-03-18 14:44:09,222 DEBUG (BaseJdbcLogger.java:159)- <==      Total: 1
2019-03-18 14:44:09,225 DEBUG (BaseJdbcLogger.java:159)- ==>  Preparing: INSERT INTO items ( name,question ) VALUES ( ?,? ) , ( ?,? ) , ( ?,? ) , ( ?,? ) 
2019-03-18 14:44:09,226 DEBUG (BaseJdbcLogger.java:159)- ==> Parameters: A(String), 3(Integer), B(String), 3(Integer), C(String), 3(Integer), D(String), 3(Integer)
2019-03-18 14:44:09,228 DEBUG (BaseJdbcLogger.java:159)- <==    Updates: 4
2019-03-18 14:44:09,476 DEBUG (BaseJdbcLogger.java:159)- ==>  Preparing: SELECT id,title,answer,reason,examination,score,token FROM question WHERE ( examination = ? ) 
2019-03-18 14:44:09,482 DEBUG (BaseJdbcLogger.java:159)- ==> Parameters: 20(Integer)
2019-03-18 14:44:09,483 DEBUG (BaseJdbcLogger.java:159)- <==      Total: 0
2019-03-18 14:46:08,153 INFO (StartupInfoLogger.java:50)- Starting AnswerSystemApplication on haoluo with PID 6008 (/home/haoluo/Documents/workspaces/GitHub/AnswerSystem/answer_system/target/classes started by haoluo in /home/haoluo/Documents/workspaces/GitHub/AnswerSystem/answer_system)
2019-03-18 14:46:08,157 DEBUG (StartupInfoLogger.java:53)- Running with Spring Boot v2.1.3.RELEASE, Spring v5.1.5.RELEASE
2019-03-18 14:46:08,157 INFO (SpringApplication.java:679)- The following profiles are active: test
2019-03-18 14:46:10,745 INFO (DataSource1Config.java:49)- datasource1 开始初始化。
2019-03-18 14:46:12,629 INFO (StartupInfoLogger.java:59)- Started AnswerSystemApplication in 5.74 seconds (JVM running for 7.173)
2019-03-18 14:46:20,716 DEBUG (BaseJdbcLogger.java:159)- ==>  Preparing: SELECT id,title,answer,reason,examination,score,token FROM question WHERE ( examination = ? ) 
2019-03-18 14:46:20,742 DEBUG (BaseJdbcLogger.java:159)- ==> Parameters: 20(Integer)
2019-03-18 14:46:20,758 DEBUG (BaseJdbcLogger.java:159)- <==      Total: 0
2019-03-18 14:46:24,925 DEBUG (BaseJdbcLogger.java:159)- ==>  Preparing: SELECT id,title,answer,reason,examination,score,token FROM question WHERE ( examination = ? ) 
2019-03-18 14:46:24,926 DEBUG (BaseJdbcLogger.java:159)- ==> Parameters: 20(Integer)
2019-03-18 14:46:24,928 DEBUG (BaseJdbcLogger.java:159)- <==      Total: 0
2019-03-18 14:46:28,752 DEBUG (BaseJdbcLogger.java:159)- ==>  Preparing: SELECT id,name,des,time,status FROM examination 
2019-03-18 14:46:28,753 DEBUG (BaseJdbcLogger.java:159)- ==> Parameters: 
2019-03-18 14:46:28,761 DEBUG (BaseJdbcLogger.java:159)- <==      Total: 11
2019-03-18 14:46:34,163 DEBUG (BaseJdbcLogger.java:159)- ==>  Preparing: SELECT id,title,answer,reason,examination,score,token FROM question WHERE ( examination = ? ) 
2019-03-18 14:46:34,165 DEBUG (BaseJdbcLogger.java:159)- ==> Parameters: 20(Integer)
2019-03-18 14:46:34,170 DEBUG (BaseJdbcLogger.java:159)- <==      Total: 0
2019-03-18 14:50:02,900 INFO (StartupInfoLogger.java:50)- Starting AnswerSystemApplication on haoluo with PID 6233 (/home/haoluo/Documents/workspaces/GitHub/AnswerSystem/answer_system/target/classes started by haoluo in /home/haoluo/Documents/workspaces/GitHub/AnswerSystem/answer_system)
2019-03-18 14:50:02,910 DEBUG (StartupInfoLogger.java:53)- Running with Spring Boot v2.1.3.RELEASE, Spring v5.1.5.RELEASE
2019-03-18 14:50:02,911 INFO (SpringApplication.java:679)- The following profiles are active: test
2019-03-18 14:50:05,925 INFO (DataSource1Config.java:49)- datasource1 开始初始化。
2019-03-18 14:50:07,920 INFO (StartupInfoLogger.java:59)- Started AnswerSystemApplication in 6.254 seconds (JVM running for 7.351)
2019-03-18 14:50:20,897 DEBUG (BaseJdbcLogger.java:159)- ==>  Preparing: SELECT id,title,answer,reason,examination,score,token FROM question WHERE ( examination = ? ) 
2019-03-18 14:50:20,927 DEBUG (BaseJdbcLogger.java:159)- ==> Parameters: 20(Integer)
2019-03-18 14:50:20,946 DEBUG (BaseJdbcLogger.java:159)- <==      Total: 1
2019-03-18 14:50:20,968 DEBUG (BaseJdbcLogger.java:159)- ==>  Preparing: SELECT id,name,question FROM items WHERE ( question = ? ) 
2019-03-18 14:50:20,970 DEBUG (BaseJdbcLogger.java:159)- ==> Parameters: 3(Integer)
2019-03-18 14:50:20,974 DEBUG (BaseJdbcLogger.java:159)- <==      Total: 4
2019-03-18 14:51:32,224 DEBUG (BaseJdbcLogger.java:159)- ==>  Preparing: UPDATE question SET id = id,title = ?,answer = ?,reason = ?,examination = ?,score = ? WHERE id = ? 
2019-03-18 14:51:32,227 DEBUG (BaseJdbcLogger.java:159)- ==> Parameters: 题目一(String), 0(String), 无(String), 20(Integer), 2(Integer), 3(Integer)
2019-03-18 14:51:32,229 DEBUG (BaseJdbcLogger.java:159)- <==    Updates: 1
2019-03-18 14:51:32,231 DEBUG (BaseJdbcLogger.java:159)- ==>  Preparing: UPDATE items SET id = id,name = ?,question = ? WHERE id = ? 
2019-03-18 14:51:32,233 DEBUG (BaseJdbcLogger.java:159)- ==> Parameters: A(String), 3(Integer), 9(Integer)
2019-03-18 14:51:32,235 DEBUG (BaseJdbcLogger.java:159)- <==    Updates: 1
2019-03-18 14:51:32,237 DEBUG (BaseJdbcLogger.java:159)- ==>  Preparing: UPDATE items SET id = id,name = ?,question = ? WHERE id = ? 
2019-03-18 14:51:32,238 DEBUG (BaseJdbcLogger.java:159)- ==> Parameters: B(String), 3(Integer), 10(Integer)
2019-03-18 14:51:32,240 DEBUG (BaseJdbcLogger.java:159)- <==    Updates: 1
2019-03-18 14:51:32,242 DEBUG (BaseJdbcLogger.java:159)- ==>  Preparing: UPDATE items SET id = id,name = ?,question = ? WHERE id = ? 
2019-03-18 14:51:32,243 DEBUG (BaseJdbcLogger.java:159)- ==> Parameters: C(String), 3(Integer), 11(Integer)
2019-03-18 14:51:32,244 DEBUG (BaseJdbcLogger.java:159)- <==    Updates: 1
2019-03-18 14:51:32,245 DEBUG (BaseJdbcLogger.java:159)- ==>  Preparing: UPDATE items SET id = id,name = ?,question = ? WHERE id = ? 
2019-03-18 14:51:32,246 DEBUG (BaseJdbcLogger.java:159)- ==> Parameters: D(String), 3(Integer), 12(Integer)
2019-03-18 14:51:32,247 DEBUG (BaseJdbcLogger.java:159)- <==    Updates: 1
2019-03-18 14:51:32,545 DEBUG (BaseJdbcLogger.java:159)- ==>  Preparing: SELECT id,title,answer,reason,examination,score,token FROM question WHERE ( examination = ? ) 
2019-03-18 14:51:32,546 DEBUG (BaseJdbcLogger.java:159)- ==> Parameters: 20(Integer)
2019-03-18 14:51:32,549 DEBUG (BaseJdbcLogger.java:159)- <==      Total: 1
2019-03-18 14:51:32,551 DEBUG (BaseJdbcLogger.java:159)- ==>  Preparing: SELECT id,name,question FROM items WHERE ( question = ? ) 
2019-03-18 14:51:32,553 DEBUG (BaseJdbcLogger.java:159)- ==> Parameters: 3(Integer)
2019-03-18 14:51:32,557 DEBUG (BaseJdbcLogger.java:159)- <==      Total: 4
2019-03-18 14:51:46,577 DEBUG (BaseJdbcLogger.java:159)- ==>  Preparing: SELECT id,title,answer,reason,examination,score,token FROM question WHERE ( examination = ? ) 
2019-03-18 14:51:46,579 DEBUG (BaseJdbcLogger.java:159)- ==> Parameters: 20(Integer)
2019-03-18 14:51:46,582 DEBUG (BaseJdbcLogger.java:159)- <==      Total: 1
2019-03-18 14:51:46,585 DEBUG (BaseJdbcLogger.java:159)- ==>  Preparing: SELECT id,name,question FROM items WHERE ( question = ? ) 
2019-03-18 14:51:46,587 DEBUG (BaseJdbcLogger.java:159)- ==> Parameters: 3(Integer)
2019-03-18 14:51:46,595 DEBUG (BaseJdbcLogger.java:159)- <==      Total: 4
2019-03-18 14:52:43,778 DEBUG (BaseJdbcLogger.java:159)- ==>  Preparing: INSERT INTO question ( id,title,answer,reason,examination,score,token ) VALUES( ?,?,?,?,?,?,? ) 
2019-03-18 14:52:43,780 DEBUG (BaseJdbcLogger.java:159)- ==> Parameters: null, 题目二(String), 0(String), no(String), null, 1(Integer), fb7776d8943c4d668be382c7a27ca749(String)
2019-03-18 14:52:43,784 DEBUG (BaseJdbcLogger.java:159)- <==    Updates: 1
2019-03-18 14:52:43,789 DEBUG (BaseJdbcLogger.java:159)- ==>  Executing: SELECT LAST_INSERT_ID() 
2019-03-18 14:52:43,791 DEBUG (BaseJdbcLogger.java:159)- <==      Total: 1
2019-03-18 14:52:43,793 DEBUG (BaseJdbcLogger.java:159)- ==>  Preparing: SELECT id,title,answer,reason,examination,score,token FROM question WHERE ( token = ? ) 
2019-03-18 14:52:43,794 DEBUG (BaseJdbcLogger.java:159)- ==> Parameters: fb7776d8943c4d668be382c7a27ca749(String)
2019-03-18 14:52:43,795 DEBUG (BaseJdbcLogger.java:159)- <==      Total: 1
2019-03-18 14:52:43,799 DEBUG (BaseJdbcLogger.java:159)- ==>  Preparing: INSERT INTO items ( name,question ) VALUES ( ?,? ) , ( ?,? ) , ( ?,? ) , ( ?,? ) 
2019-03-18 14:52:43,806 DEBUG (BaseJdbcLogger.java:159)- ==> Parameters: A(String), 4(Integer), B(String), 4(Integer), C(String), 4(Integer), D(String), 4(Integer)
2019-03-18 14:52:43,809 DEBUG (BaseJdbcLogger.java:159)- <==    Updates: 4
2019-03-18 14:52:43,958 DEBUG (BaseJdbcLogger.java:159)- ==>  Preparing: SELECT id,title,answer,reason,examination,score,token FROM question WHERE ( examination = ? ) 
2019-03-18 14:52:43,959 DEBUG (BaseJdbcLogger.java:159)- ==> Parameters: 20(Integer)
2019-03-18 14:52:43,961 DEBUG (BaseJdbcLogger.java:159)- <==      Total: 1
2019-03-18 14:52:43,968 DEBUG (BaseJdbcLogger.java:159)- ==>  Preparing: SELECT id,name,question FROM items WHERE ( question = ? ) 
2019-03-18 14:52:43,969 DEBUG (BaseJdbcLogger.java:159)- ==> Parameters: 3(Integer)
2019-03-18 14:52:43,973 DEBUG (BaseJdbcLogger.java:159)- <==      Total: 4
2019-03-18 14:54:26,942 INFO (StartupInfoLogger.java:50)- Starting AnswerSystemApplication on haoluo with PID 6448 (/home/haoluo/Documents/workspaces/GitHub/AnswerSystem/answer_system/target/classes started by haoluo in /home/haoluo/Documents/workspaces/GitHub/AnswerSystem/answer_system)
2019-03-18 14:54:26,951 DEBUG (StartupInfoLogger.java:53)- Running with Spring Boot v2.1.3.RELEASE, Spring v5.1.5.RELEASE
2019-03-18 14:54:26,956 INFO (SpringApplication.java:679)- The following profiles are active: test
2019-03-18 14:54:29,400 INFO (DataSource1Config.java:49)- datasource1 开始初始化。
2019-03-18 14:54:31,477 INFO (StartupInfoLogger.java:59)- Started AnswerSystemApplication in 6.49 seconds (JVM running for 7.853)
2019-03-18 14:56:42,171 DEBUG (BaseJdbcLogger.java:159)- ==>  Preparing: SELECT id,title,answer,reason,examination,score,token FROM question WHERE ( examination = ? ) 
2019-03-18 14:56:42,194 DEBUG (BaseJdbcLogger.java:159)- ==> Parameters: 20(Integer)
2019-03-18 14:56:42,210 DEBUG (BaseJdbcLogger.java:159)- <==      Total: 2
2019-03-18 14:56:42,221 DEBUG (BaseJdbcLogger.java:159)- ==>  Preparing: SELECT id,name,question FROM items WHERE ( question = ? ) 
2019-03-18 14:56:42,222 DEBUG (BaseJdbcLogger.java:159)- ==> Parameters: 3(Integer)
2019-03-18 14:56:42,225 DEBUG (BaseJdbcLogger.java:159)- <==      Total: 4
2019-03-18 14:56:42,227 DEBUG (BaseJdbcLogger.java:159)- ==>  Preparing: SELECT id,name,question FROM items WHERE ( question = ? ) 
2019-03-18 14:56:42,228 DEBUG (BaseJdbcLogger.java:159)- ==> Parameters: 4(Integer)
2019-03-18 14:56:42,230 DEBUG (BaseJdbcLogger.java:159)- <==      Total: 4
2019-03-18 14:58:19,106 DEBUG (BaseJdbcLogger.java:159)- ==>  Preparing: SELECT id,title,answer,reason,examination,score,token FROM question WHERE ( examination = ? ) 
2019-03-18 14:58:19,107 DEBUG (BaseJdbcLogger.java:159)- ==> Parameters: 20(Integer)
2019-03-18 14:58:19,118 DEBUG (BaseJdbcLogger.java:159)- <==      Total: 2
2019-03-18 14:58:19,124 DEBUG (BaseJdbcLogger.java:159)- ==>  Preparing: SELECT id,name,question FROM items WHERE ( question = ? ) 
2019-03-18 14:58:19,128 DEBUG (BaseJdbcLogger.java:159)- ==> Parameters: 3(Integer)
2019-03-18 14:58:19,130 DEBUG (BaseJdbcLogger.java:159)- <==      Total: 4
2019-03-18 14:58:19,138 DEBUG (BaseJdbcLogger.java:159)- ==>  Preparing: SELECT id,name,question FROM items WHERE ( question = ? ) 
2019-03-18 14:58:19,139 DEBUG (BaseJdbcLogger.java:159)- ==> Parameters: 4(Integer)
2019-03-18 14:58:19,152 DEBUG (BaseJdbcLogger.java:159)- <==      Total: 4
2019-03-18 15:00:49,875 DEBUG (BaseJdbcLogger.java:159)- ==>  Preparing: SELECT id,title,answer,reason,examination,score,token FROM question WHERE ( examination = ? ) 
2019-03-18 15:00:49,876 DEBUG (BaseJdbcLogger.java:159)- ==> Parameters: 20(Integer)
2019-03-18 15:00:49,879 DEBUG (BaseJdbcLogger.java:159)- <==      Total: 2
2019-03-18 15:00:49,883 DEBUG (BaseJdbcLogger.java:159)- ==>  Preparing: SELECT id,name,question FROM items WHERE ( question = ? ) 
2019-03-18 15:00:49,884 DEBUG (BaseJdbcLogger.java:159)- ==> Parameters: 3(Integer)
2019-03-18 15:00:49,887 DEBUG (BaseJdbcLogger.java:159)- <==      Total: 4
2019-03-18 15:00:49,893 DEBUG (BaseJdbcLogger.java:159)- ==>  Preparing: SELECT id,name,question FROM items WHERE ( question = ? ) 
2019-03-18 15:00:49,895 DEBUG (BaseJdbcLogger.java:159)- ==> Parameters: 4(Integer)
2019-03-18 15:00:49,898 DEBUG (BaseJdbcLogger.java:159)- <==      Total: 4
2019-03-18 15:02:59,490 DEBUG (BaseJdbcLogger.java:159)- ==>  Preparing: SELECT id,title,answer,reason,examination,score,token FROM question WHERE ( examination = ? ) 
2019-03-18 15:02:59,491 DEBUG (BaseJdbcLogger.java:159)- ==> Parameters: 20(Integer)
2019-03-18 15:02:59,493 DEBUG (BaseJdbcLogger.java:159)- <==      Total: 2
2019-03-18 15:02:59,495 DEBUG (BaseJdbcLogger.java:159)- ==>  Preparing: SELECT id,name,question FROM items WHERE ( question = ? ) 
2019-03-18 15:02:59,496 DEBUG (BaseJdbcLogger.java:159)- ==> Parameters: 3(Integer)
2019-03-18 15:02:59,498 DEBUG (BaseJdbcLogger.java:159)- <==      Total: 4
2019-03-18 15:02:59,500 DEBUG (BaseJdbcLogger.java:159)- ==>  Preparing: SELECT id,name,question FROM items WHERE ( question = ? ) 
2019-03-18 15:02:59,501 DEBUG (BaseJdbcLogger.java:159)- ==> Parameters: 4(Integer)
2019-03-18 15:02:59,506 DEBUG (BaseJdbcLogger.java:159)- <==      Total: 4
2019-03-18 15:12:59,279 DEBUG (BaseJdbcLogger.java:159)- ==>  Preparing: SELECT id,title,answer,reason,examination,score,token FROM question WHERE ( examination = ? ) 
2019-03-18 15:12:59,281 DEBUG (BaseJdbcLogger.java:159)- ==> Parameters: 20(Integer)
2019-03-18 15:12:59,284 DEBUG (BaseJdbcLogger.java:159)- <==      Total: 2
2019-03-18 15:12:59,287 DEBUG (BaseJdbcLogger.java:159)- ==>  Preparing: SELECT id,name,question FROM items WHERE ( question = ? ) 
2019-03-18 15:12:59,288 DEBUG (BaseJdbcLogger.java:159)- ==> Parameters: 3(Integer)
2019-03-18 15:12:59,291 DEBUG (BaseJdbcLogger.java:159)- <==      Total: 4
2019-03-18 15:12:59,294 DEBUG (BaseJdbcLogger.java:159)- ==>  Preparing: SELECT id,name,question FROM items WHERE ( question = ? ) 
2019-03-18 15:12:59,296 DEBUG (BaseJdbcLogger.java:159)- ==> Parameters: 4(Integer)
2019-03-18 15:12:59,300 DEBUG (BaseJdbcLogger.java:159)- <==      Total: 4
2019-03-18 15:15:17,185 DEBUG (BaseJdbcLogger.java:159)- ==>  Preparing: SELECT userno,username,password,email,gender,status,newdate FROM user 
2019-03-18 15:15:17,188 DEBUG (BaseJdbcLogger.java:159)- ==> Parameters: 
2019-03-18 15:15:17,198 DEBUG (BaseJdbcLogger.java:159)- <==      Total: 4
2019-03-18 15:15:26,321 DEBUG (BaseJdbcLogger.java:159)- ==>  Preparing: DELETE FROM user WHERE userno = ? 
2019-03-18 15:15:26,323 DEBUG (BaseJdbcLogger.java:159)- ==> Parameters: 8(Integer)
2019-03-18 15:15:26,550 DEBUG (BaseJdbcLogger.java:159)- <==    Updates: 1
2019-03-18 15:15:26,567 DEBUG (BaseJdbcLogger.java:159)- ==>  Preparing: SELECT userno,username,password,email,gender,status,newdate FROM user 
2019-03-18 15:15:26,567 DEBUG (BaseJdbcLogger.java:159)- ==> Parameters: 
2019-03-18 15:15:26,569 DEBUG (BaseJdbcLogger.java:159)- <==      Total: 3
2019-03-18 15:15:30,947 DEBUG (BaseJdbcLogger.java:159)- ==>  Preparing: SELECT id,name,des,time,status FROM examination 
2019-03-18 15:15:30,947 DEBUG (BaseJdbcLogger.java:159)- ==> Parameters: 
2019-03-18 15:15:30,956 DEBUG (BaseJdbcLogger.java:159)- <==      Total: 11
2019-03-18 15:20:13,757 DEBUG (BaseJdbcLogger.java:159)- ==>  Preparing: SELECT id,name,des,time,status FROM examination 
2019-03-18 15:20:13,758 DEBUG (BaseJdbcLogger.java:159)- ==> Parameters: 
2019-03-18 15:20:13,764 DEBUG (BaseJdbcLogger.java:159)- <==      Total: 11
2019-03-18 15:20:18,048 DEBUG (BaseJdbcLogger.java:159)- ==>  Preparing: SELECT id,name,des,time,status FROM examination 
2019-03-18 15:20:18,049 DEBUG (BaseJdbcLogger.java:159)- ==> Parameters: 
2019-03-18 15:20:18,054 DEBUG (BaseJdbcLogger.java:159)- <==      Total: 11
2019-03-18 15:21:08,109 DEBUG (BaseJdbcLogger.java:159)- ==>  Preparing: SELECT userno,username,password,email,gender,status,newdate FROM user 
2019-03-18 15:21:08,111 DEBUG (BaseJdbcLogger.java:159)- ==> Parameters: 
2019-03-18 15:21:08,119 DEBUG (BaseJdbcLogger.java:159)- <==      Total: 3
2019-03-18 15:21:28,575 DEBUG (BaseJdbcLogger.java:159)- ==>  Preparing: SELECT userno,username,password,email,gender,status,newdate FROM user 
2019-03-18 15:21:28,576 DEBUG (BaseJdbcLogger.java:159)- ==> Parameters: 
2019-03-18 15:21:28,578 DEBUG (BaseJdbcLogger.java:159)- <==      Total: 3
2019-03-18 15:23:55,604 DEBUG (BaseJdbcLogger.java:159)- ==>  Preparing: SELECT userno,username,password,email,gender,status,newdate FROM user 
2019-03-18 15:23:55,605 DEBUG (BaseJdbcLogger.java:159)- ==> Parameters: 
2019-03-18 15:23:55,608 DEBUG (BaseJdbcLogger.java:159)- <==      Total: 3
2019-03-18 15:24:06,675 DEBUG (BaseJdbcLogger.java:159)- ==>  Preparing: SELECT userno,username,password,email,gender,status,newdate FROM user 
2019-03-18 15:24:06,676 DEBUG (BaseJdbcLogger.java:159)- ==> Parameters: 
2019-03-18 15:24:06,679 DEBUG (BaseJdbcLogger.java:159)- <==      Total: 3
2019-03-18 15:24:23,392 DEBUG (BaseJdbcLogger.java:159)- ==>  Preparing: SELECT userno,username,password,email,gender,status,newdate FROM user 
2019-03-18 15:24:23,393 DEBUG (BaseJdbcLogger.java:159)- ==> Parameters: 
2019-03-18 15:24:23,403 DEBUG (BaseJdbcLogger.java:159)- <==      Total: 3
2019-03-18 15:46:21,449 INFO (StartupInfoLogger.java:50)- Starting AnswerSystemApplication on haoluo with PID 9485 (/home/haoluo/Documents/workspaces/GitHub/AnswerSystem/answer_system/target/classes started by haoluo in /home/haoluo/Documents/workspaces/GitHub/AnswerSystem/answer_system)
2019-03-18 15:46:21,453 DEBUG (StartupInfoLogger.java:53)- Running with Spring Boot v2.1.3.RELEASE, Spring v5.1.5.RELEASE
2019-03-18 15:46:21,454 INFO (SpringApplication.java:679)- The following profiles are active: test
2019-03-18 15:46:25,414 INFO (DataSource1Config.java:49)- datasource1 开始初始化。
2019-03-18 15:46:27,371 INFO (StartupInfoLogger.java:59)- Started AnswerSystemApplication in 6.912 seconds (JVM running for 8.322)
2019-03-18 15:47:15,891 DEBUG (BaseJdbcLogger.java:159)- ==>  Preparing: SELECT id,user,acnumber,ernumber,scope,examination,examinationName,username FROM records 
2019-03-18 15:47:15,938 DEBUG (BaseJdbcLogger.java:159)- ==> Parameters: 
2019-03-18 15:47:15,967 DEBUG (BaseJdbcLogger.java:159)- <==      Total: 1
2019-03-18 15:47:30,864 DEBUG (BaseJdbcLogger.java:159)- ==>  Preparing: SELECT id,name,des,time,status FROM examination 
2019-03-18 15:47:30,866 DEBUG (BaseJdbcLogger.java:159)- ==> Parameters: 
2019-03-18 15:47:30,872 DEBUG (BaseJdbcLogger.java:159)- <==      Total: 11
2019-03-18 15:47:31,656 DEBUG (BaseJdbcLogger.java:159)- ==>  Preparing: SELECT id,user,acnumber,ernumber,scope,examination,examinationName,username FROM records 
2019-03-18 15:47:31,657 DEBUG (BaseJdbcLogger.java:159)- ==> Parameters: 
2019-03-18 15:47:31,662 DEBUG (BaseJdbcLogger.java:159)- <==      Total: 1
2019-03-18 15:47:48,144 DEBUG (BaseJdbcLogger.java:159)- ==>  Preparing: SELECT id,name,des,time,status FROM examination 
2019-03-18 15:47:48,145 DEBUG (BaseJdbcLogger.java:159)- ==> Parameters: 
2019-03-18 15:47:48,151 DEBUG (BaseJdbcLogger.java:159)- <==      Total: 11
2019-03-18 15:47:49,367 DEBUG (BaseJdbcLogger.java:159)- ==>  Preparing: SELECT id,user,acnumber,ernumber,scope,examination,examinationName,username FROM records 
2019-03-18 15:47:49,368 DEBUG (BaseJdbcLogger.java:159)- ==> Parameters: 
2019-03-18 15:47:49,375 DEBUG (BaseJdbcLogger.java:159)- <==      Total: 1
2019-03-18 15:48:33,041 DEBUG (BaseJdbcLogger.java:159)- ==>  Preparing: SELECT id,user,acnumber,ernumber,scope,examination,examinationName,username FROM records 
2019-03-18 15:48:33,043 DEBUG (BaseJdbcLogger.java:159)- ==> Parameters: 
2019-03-18 15:48:33,046 DEBUG (BaseJdbcLogger.java:159)- <==      Total: 1
2019-03-18 15:49:13,323 DEBUG (BaseJdbcLogger.java:159)- ==>  Preparing: SELECT id,user,acnumber,ernumber,scope,examination,examinationName,username FROM records 
2019-03-18 15:49:13,330 DEBUG (BaseJdbcLogger.java:159)- ==> Parameters: 
2019-03-18 15:49:13,343 DEBUG (BaseJdbcLogger.java:159)- <==      Total: 1
2019-03-18 15:50:26,002 DEBUG (BaseJdbcLogger.java:159)- ==>  Preparing: SELECT id,user,acnumber,ernumber,scope,examination,examinationName,username FROM records 
2019-03-18 15:50:26,004 DEBUG (BaseJdbcLogger.java:159)- ==> Parameters: 
2019-03-18 15:50:26,009 DEBUG (BaseJdbcLogger.java:159)- <==      Total: 1
2019-03-18 15:51:05,852 DEBUG (BaseJdbcLogger.java:159)- ==>  Preparing: SELECT id,user,acnumber,ernumber,scope,examination,examinationName,username FROM records 
2019-03-18 15:51:05,854 DEBUG (BaseJdbcLogger.java:159)- ==> Parameters: 
2019-03-18 15:51:05,856 DEBUG (BaseJdbcLogger.java:159)- <==      Total: 1
2019-03-18 15:52:23,024 DEBUG (BaseJdbcLogger.java:159)- ==>  Preparing: SELECT id,user,acnumber,ernumber,scope,examination,examinationName,username FROM records 
2019-03-18 15:52:23,025 DEBUG (BaseJdbcLogger.java:159)- ==> Parameters: 
2019-03-18 15:52:23,027 DEBUG (BaseJdbcLogger.java:159)- <==      Total: 1
2019-03-18 15:53:13,046 DEBUG (BaseJdbcLogger.java:159)- ==>  Preparing: SELECT id,user,acnumber,ernumber,scope,examination,examinationName,username FROM records 
2019-03-18 15:53:13,047 DEBUG (BaseJdbcLogger.java:159)- ==> Parameters: 
2019-03-18 15:53:13,049 DEBUG (BaseJdbcLogger.java:159)- <==      Total: 1
2019-03-18 15:53:27,164 DEBUG (BaseJdbcLogger.java:159)- ==>  Preparing: SELECT id,user,acnumber,ernumber,scope,examination,examinationName,username FROM records 
2019-03-18 15:53:27,164 DEBUG (BaseJdbcLogger.java:159)- ==> Parameters: 
2019-03-18 15:53:27,166 DEBUG (BaseJdbcLogger.java:159)- <==      Total: 1
2019-03-18 16:01:19,233 DEBUG (BaseJdbcLogger.java:159)- ==>  Preparing: SELECT id,user,acnumber,ernumber,scope,examination,examinationName,username FROM records 
2019-03-18 16:01:19,234 DEBUG (BaseJdbcLogger.java:159)- ==> Parameters: 
2019-03-18 16:01:19,236 DEBUG (BaseJdbcLogger.java:159)- <==      Total: 1
2019-03-18 16:02:13,111 DEBUG (BaseJdbcLogger.java:159)- ==>  Preparing: SELECT id,name,des,time,status FROM examination 
2019-03-18 16:02:13,112 DEBUG (BaseJdbcLogger.java:159)- ==> Parameters: 
2019-03-18 16:02:13,115 DEBUG (BaseJdbcLogger.java:159)- <==      Total: 11
2019-03-18 16:02:13,830 DEBUG (BaseJdbcLogger.java:159)- ==>  Preparing: SELECT id,user,acnumber,ernumber,scope,examination,examinationName,username FROM records 
2019-03-18 16:02:13,831 DEBUG (BaseJdbcLogger.java:159)- ==> Parameters: 
2019-03-18 16:02:13,833 DEBUG (BaseJdbcLogger.java:159)- <==      Total: 1
2019-03-18 16:02:32,271 DEBUG (BaseJdbcLogger.java:159)- ==>  Preparing: SELECT id,user,acnumber,ernumber,scope,examination,examinationName,username FROM records 
2019-03-18 16:02:32,273 DEBUG (BaseJdbcLogger.java:159)- ==> Parameters: 
2019-03-18 16:02:32,277 DEBUG (BaseJdbcLogger.java:159)- <==      Total: 1
2019-03-18 16:03:21,385 DEBUG (BaseJdbcLogger.java:159)- ==>  Preparing: SELECT id,user,acnumber,ernumber,scope,examination,examinationName,username FROM records 
2019-03-18 16:03:21,386 DEBUG (BaseJdbcLogger.java:159)- ==> Parameters: 
2019-03-18 16:03:21,391 DEBUG (BaseJdbcLogger.java:159)- <==      Total: 1
2019-03-18 16:06:30,210 DEBUG (BaseJdbcLogger.java:159)- ==>  Preparing: SELECT id,user,acnumber,ernumber,scope,examination,examinationName,username FROM records 
2019-03-18 16:06:30,211 DEBUG (BaseJdbcLogger.java:159)- ==> Parameters: 
2019-03-18 16:06:30,212 DEBUG (BaseJdbcLogger.java:159)- <==      Total: 1
2019-03-18 16:07:29,771 DEBUG (BaseJdbcLogger.java:159)- ==>  Preparing: SELECT id,user,acnumber,ernumber,scope,examination,examinationName,username FROM records 
2019-03-18 16:07:29,778 DEBUG (BaseJdbcLogger.java:159)- ==> Parameters: 
2019-03-18 16:07:29,796 DEBUG (BaseJdbcLogger.java:159)- <==      Total: 1
2019-03-18 16:07:34,291 DEBUG (BaseJdbcLogger.java:159)- ==>  Preparing: SELECT id,user,acnumber,ernumber,scope,examination,examinationName,username FROM records 
2019-03-18 16:07:34,292 DEBUG (BaseJdbcLogger.java:159)- ==> Parameters: 
2019-03-18 16:07:34,294 DEBUG (BaseJdbcLogger.java:159)- <==      Total: 1
2019-03-18 16:08:24,242 DEBUG (BaseJdbcLogger.java:159)- ==>  Preparing: SELECT id,user,acnumber,ernumber,scope,examination,examinationName,username FROM records 
2019-03-18 16:08:24,242 DEBUG (BaseJdbcLogger.java:159)- ==> Parameters: 
2019-03-18 16:08:24,244 DEBUG (BaseJdbcLogger.java:159)- <==      Total: 1
2019-03-18 16:12:49,991 DEBUG (BaseJdbcLogger.java:159)- ==>  Preparing: SELECT id,user,acnumber,ernumber,scope,examination,examinationName,username FROM records 
2019-03-18 16:12:49,992 DEBUG (BaseJdbcLogger.java:159)- ==> Parameters: 
2019-03-18 16:12:49,994 DEBUG (BaseJdbcLogger.java:159)- <==      Total: 1
2019-03-18 16:13:25,441 DEBUG (BaseJdbcLogger.java:159)- ==>  Preparing: SELECT id,user,acnumber,ernumber,scope,examination,examinationName,username FROM records 
2019-03-18 16:13:25,442 DEBUG (BaseJdbcLogger.java:159)- ==> Parameters: 
2019-03-18 16:13:25,444 DEBUG (BaseJdbcLogger.java:159)- <==      Total: 1
2019-03-18 16:13:41,193 DEBUG (BaseJdbcLogger.java:159)- ==>  Preparing: SELECT id,user,acnumber,ernumber,scope,examination,examinationName,username FROM records 
2019-03-18 16:13:41,193 DEBUG (BaseJdbcLogger.java:159)- ==> Parameters: 
2019-03-18 16:13:41,197 DEBUG (BaseJdbcLogger.java:159)- <==      Total: 1
2019-03-18 16:13:48,200 DEBUG (BaseJdbcLogger.java:159)- ==>  Preparing: SELECT id,user,acnumber,ernumber,scope,examination,examinationName,username FROM records 
2019-03-18 16:13:48,200 DEBUG (BaseJdbcLogger.java:159)- ==> Parameters: 
2019-03-18 16:13:48,202 DEBUG (BaseJdbcLogger.java:159)- <==      Total: 1
2019-03-18 16:15:29,753 DEBUG (BaseJdbcLogger.java:159)- ==>  Preparing: SELECT id,user,acnumber,ernumber,scope,examination,examinationName,username FROM records 
2019-03-18 16:15:29,760 DEBUG (BaseJdbcLogger.java:159)- ==> Parameters: 
2019-03-18 16:15:29,762 DEBUG (BaseJdbcLogger.java:159)- <==      Total: 1
2019-03-18 16:21:08,481 DEBUG (BaseJdbcLogger.java:159)- ==>  Preparing: SELECT id,user,acnumber,ernumber,scope,examination,examinationName,username FROM records 
2019-03-18 16:21:08,484 DEBUG (BaseJdbcLogger.java:159)- ==> Parameters: 
2019-03-18 16:21:08,490 DEBUG (BaseJdbcLogger.java:159)- <==      Total: 1
2019-03-18 16:21:18,962 DEBUG (BaseJdbcLogger.java:159)- ==>  Preparing: SELECT id,user,acnumber,ernumber,scope,examination,examinationName,username FROM records 
2019-03-18 16:21:18,971 DEBUG (BaseJdbcLogger.java:159)- ==> Parameters: 
2019-03-18 16:21:18,980 DEBUG (BaseJdbcLogger.java:159)- <==      Total: 1
2019-03-18 16:21:40,221 DEBUG (BaseJdbcLogger.java:159)- ==>  Preparing: SELECT id,user,acnumber,ernumber,scope,examination,examinationName,username FROM records 
2019-03-18 16:21:40,223 DEBUG (BaseJdbcLogger.java:159)- ==> Parameters: 
2019-03-18 16:21:40,224 DEBUG (BaseJdbcLogger.java:159)- <==      Total: 1
2019-03-18 16:21:53,310 DEBUG (BaseJdbcLogger.java:159)- ==>  Preparing: SELECT id,user,acnumber,ernumber,scope,examination,examinationName,username FROM records 
2019-03-18 16:21:53,311 DEBUG (BaseJdbcLogger.java:159)- ==> Parameters: 
2019-03-18 16:21:53,312 DEBUG (BaseJdbcLogger.java:159)- <==      Total: 1
2019-03-18 16:22:25,748 DEBUG (BaseJdbcLogger.java:159)- ==>  Preparing: SELECT id,user,acnumber,ernumber,scope,examination,examinationName,username FROM records 
2019-03-18 16:22:25,749 DEBUG (BaseJdbcLogger.java:159)- ==> Parameters: 
2019-03-18 16:22:25,759 DEBUG (BaseJdbcLogger.java:159)- <==      Total: 1
2019-03-18 16:22:31,223 DEBUG (BaseJdbcLogger.java:159)- ==>  Preparing: SELECT id,user,acnumber,ernumber,scope,examination,examinationName,username FROM records 
2019-03-18 16:22:31,224 DEBUG (BaseJdbcLogger.java:159)- ==> Parameters: 
2019-03-18 16:22:31,226 DEBUG (BaseJdbcLogger.java:159)- <==      Total: 1
2019-03-18 16:22:47,132 DEBUG (BaseJdbcLogger.java:159)- ==>  Preparing: SELECT id,user,acnumber,ernumber,scope,examination,examinationName,username FROM records 
2019-03-18 16:22:47,134 DEBUG (BaseJdbcLogger.java:159)- ==> Parameters: 
2019-03-18 16:22:47,140 DEBUG (BaseJdbcLogger.java:159)- <==      Total: 1
2019-03-18 16:23:18,259 DEBUG (BaseJdbcLogger.java:159)- ==>  Preparing: SELECT userno,username,password,email,gender,status,newdate FROM user 
2019-03-18 16:23:18,260 DEBUG (BaseJdbcLogger.java:159)- ==> Parameters: 
2019-03-18 16:23:18,263 DEBUG (BaseJdbcLogger.java:159)- <==      Total: 3
2019-03-18 16:23:59,202 DEBUG (BaseJdbcLogger.java:159)- ==>  Preparing: SELECT id,name,des,time,status FROM examination 
2019-03-18 16:23:59,202 DEBUG (BaseJdbcLogger.java:159)- ==> Parameters: 
2019-03-18 16:23:59,205 DEBUG (BaseJdbcLogger.java:159)- <==      Total: 11
2019-03-18 16:24:09,887 DEBUG (BaseJdbcLogger.java:159)- ==>  Preparing: SELECT id,title,answer,reason,examination,score,token FROM question WHERE ( examination = ? ) 
2019-03-18 16:24:09,889 DEBUG (BaseJdbcLogger.java:159)- ==> Parameters: 4(Integer)
2019-03-18 16:24:09,891 DEBUG (BaseJdbcLogger.java:159)- <==      Total: 1
2019-03-18 16:24:09,897 DEBUG (BaseJdbcLogger.java:159)- ==>  Preparing: SELECT id,name,question FROM items WHERE ( question = ? ) 
2019-03-18 16:24:09,898 DEBUG (BaseJdbcLogger.java:159)- ==> Parameters: 1(Integer)
2019-03-18 16:24:09,899 DEBUG (BaseJdbcLogger.java:159)- <==      Total: 4
2019-03-18 16:24:13,243 DEBUG (BaseJdbcLogger.java:159)- ==>  Preparing: SELECT id,name,des,time,status FROM examination 
2019-03-18 16:24:13,244 DEBUG (BaseJdbcLogger.java:159)- ==> Parameters: 
2019-03-18 16:24:13,247 DEBUG (BaseJdbcLogger.java:159)- <==      Total: 11
2019-03-18 16:26:32,173 DEBUG (BaseJdbcLogger.java:159)- ==>  Preparing: SELECT userno,username,password,email,gender,status,newdate FROM user 
2019-03-18 16:26:32,174 DEBUG (BaseJdbcLogger.java:159)- ==> Parameters: 
2019-03-18 16:26:32,175 DEBUG (BaseJdbcLogger.java:159)- <==      Total: 3
2019-03-18 16:27:19,627 DEBUG (BaseJdbcLogger.java:159)- ==>  Preparing: SELECT userno,username,password,email,gender,status,newdate FROM user 
2019-03-18 16:27:19,628 DEBUG (BaseJdbcLogger.java:159)- ==> Parameters: 
2019-03-18 16:27:19,632 DEBUG (BaseJdbcLogger.java:159)- <==      Total: 3
2019-03-18 16:28:34,327 DEBUG (BaseJdbcLogger.java:159)- ==>  Preparing: SELECT userno,username,password,email,gender,status,newdate FROM user 
2019-03-18 16:28:34,328 DEBUG (BaseJdbcLogger.java:159)- ==> Parameters: 
2019-03-18 16:28:34,331 DEBUG (BaseJdbcLogger.java:159)- <==      Total: 3
2019-03-18 16:29:19,072 DEBUG (BaseJdbcLogger.java:159)- ==>  Preparing: SELECT userno,username,password,email,gender,status,newdate FROM user 
2019-03-18 16:29:19,073 DEBUG (BaseJdbcLogger.java:159)- ==> Parameters: 
2019-03-18 16:29:19,075 DEBUG (BaseJdbcLogger.java:159)- <==      Total: 3
2019-03-18 16:29:51,096 DEBUG (BaseJdbcLogger.java:159)- ==>  Preparing: SELECT userno,username,password,email,gender,status,newdate FROM user 
2019-03-18 16:29:51,097 DEBUG (BaseJdbcLogger.java:159)- ==> Parameters: 
2019-03-18 16:29:51,102 DEBUG (BaseJdbcLogger.java:159)- <==      Total: 3
2019-03-18 16:37:00,636 INFO (StartupInfoLogger.java:50)- Starting AnswerSystemApplication on haoluo with PID 11404 (/home/haoluo/Documents/workspaces/GitHub/AnswerSystem/answer_system/target/classes started by haoluo in /home/haoluo/Documents/workspaces/GitHub/AnswerSystem/answer_system)
2019-03-18 16:37:00,640 DEBUG (StartupInfoLogger.java:53)- Running with Spring Boot v2.1.3.RELEASE, Spring v5.1.5.RELEASE
2019-03-18 16:37:00,641 INFO (SpringApplication.java:679)- The following profiles are active: test
2019-03-18 16:37:04,724 INFO (DataSource1Config.java:49)- datasource1 开始初始化。
2019-03-18 16:37:07,291 INFO (StartupInfoLogger.java:59)- Started AnswerSystemApplication in 8.595 seconds (JVM running for 9.969)
2019-03-18 16:37:11,335 DEBUG (BaseJdbcLogger.java:159)- ==>  Preparing: SELECT id,name,des,time,status FROM examination 
2019-03-18 16:37:11,357 DEBUG (BaseJdbcLogger.java:159)- ==> Parameters: 
2019-03-18 16:37:11,375 DEBUG (BaseJdbcLogger.java:159)- <==      Total: 11
2019-03-18 16:37:22,606 DEBUG (BaseJdbcLogger.java:159)- ==>  Preparing: SELECT id,name,des,time,status FROM examination 
2019-03-18 16:37:22,610 DEBUG (BaseJdbcLogger.java:159)- ==> Parameters: 
2019-03-18 16:37:22,625 DEBUG (BaseJdbcLogger.java:159)- <==      Total: 11
2019-03-18 16:39:43,850 INFO (StartupInfoLogger.java:50)- Starting AnswerSystemApplication on haoluo with PID 11685 (/home/haoluo/Documents/workspaces/GitHub/AnswerSystem/answer_system/target/classes started by haoluo in /home/haoluo/Documents/workspaces/GitHub/AnswerSystem/answer_system)
2019-03-18 16:39:43,877 DEBUG (StartupInfoLogger.java:53)- Running with Spring Boot v2.1.3.RELEASE, Spring v5.1.5.RELEASE
2019-03-18 16:39:43,889 INFO (SpringApplication.java:679)- The following profiles are active: test
2019-03-18 16:39:47,172 INFO (DataSource1Config.java:49)- datasource1 开始初始化。
2019-03-18 16:39:49,167 INFO (StartupInfoLogger.java:59)- Started AnswerSystemApplication in 7.028 seconds (JVM running for 8.498)
2019-03-18 16:39:54,515 DEBUG (BaseJdbcLogger.java:159)- ==>  Preparing: SELECT id,user,acnumber,ernumber,scope,examination,examinationName,username FROM records 
2019-03-18 16:39:54,551 DEBUG (BaseJdbcLogger.java:159)- ==> Parameters: 
2019-03-18 16:39:54,616 DEBUG (BaseJdbcLogger.java:159)- <==      Total: 1
2019-03-18 16:40:03,225 DEBUG (BaseJdbcLogger.java:159)- ==>  Preparing: SELECT id,name,des,time,status FROM examination 
2019-03-18 16:40:03,226 DEBUG (BaseJdbcLogger.java:159)- ==> Parameters: 
2019-03-18 16:40:03,232 DEBUG (BaseJdbcLogger.java:159)- <==      Total: 11
2019-03-18 16:40:04,091 DEBUG (BaseJdbcLogger.java:159)- ==>  Preparing: SELECT id,user,acnumber,ernumber,scope,examination,examinationName,username FROM records 
2019-03-18 16:40:04,092 DEBUG (BaseJdbcLogger.java:159)- ==> Parameters: 
2019-03-18 16:40:04,095 DEBUG (BaseJdbcLogger.java:159)- <==      Total: 1
2019-03-18 16:40:06,294 DEBUG (BaseJdbcLogger.java:159)- ==>  Preparing: SELECT userno,username,password,email,gender,status,newdate FROM user 
2019-03-18 16:40:06,295 DEBUG (BaseJdbcLogger.java:159)- ==> Parameters: 
2019-03-18 16:40:06,298 DEBUG (BaseJdbcLogger.java:159)- <==      Total: 3
2019-03-18 16:40:23,626 DEBUG (BaseJdbcLogger.java:159)- ==>  Preparing: SELECT userno,username,password,email,gender,status,newdate FROM user 
2019-03-18 16:40:23,627 DEBUG (BaseJdbcLogger.java:159)- ==> Parameters: 
2019-03-18 16:40:23,630 DEBUG (BaseJdbcLogger.java:159)- <==      Total: 3
2019-03-18 16:41:18,598 DEBUG (BaseJdbcLogger.java:159)- ==>  Preparing: SELECT id,name,des,time,status FROM examination 
2019-03-18 16:41:18,599 DEBUG (BaseJdbcLogger.java:159)- ==> Parameters: 
2019-03-18 16:41:18,606 DEBUG (BaseJdbcLogger.java:159)- <==      Total: 11
2019-03-18 16:41:19,492 DEBUG (BaseJdbcLogger.java:159)- ==>  Preparing: SELECT userno,username,password,email,gender,status,newdate FROM user 
2019-03-18 16:41:19,493 DEBUG (BaseJdbcLogger.java:159)- ==> Parameters: 
2019-03-18 16:41:19,497 DEBUG (BaseJdbcLogger.java:159)- <==      Total: 3
2019-03-18 16:43:06,048 DEBUG (BaseJdbcLogger.java:159)- ==>  Preparing: SELECT userno,username,password,email,gender,status,newdate FROM user 
2019-03-18 16:43:06,051 DEBUG (BaseJdbcLogger.java:159)- ==> Parameters: 
2019-03-18 16:43:06,057 DEBUG (BaseJdbcLogger.java:159)- <==      Total: 3
2019-03-18 16:43:12,151 DEBUG (BaseJdbcLogger.java:159)- ==>  Preparing: SELECT userno,username,password,email,gender,status,newdate FROM user 
2019-03-18 16:43:12,152 DEBUG (BaseJdbcLogger.java:159)- ==> Parameters: 
2019-03-18 16:43:12,155 DEBUG (BaseJdbcLogger.java:159)- <==      Total: 3
2019-03-18 16:43:56,383 DEBUG (BaseJdbcLogger.java:159)- ==>  Preparing: SELECT userno,username,password,email,gender,status,newdate FROM user 
2019-03-18 16:43:56,385 DEBUG (BaseJdbcLogger.java:159)- ==> Parameters: 
2019-03-18 16:43:56,416 DEBUG (BaseJdbcLogger.java:159)- <==      Total: 3
2019-03-18 16:45:13,854 DEBUG (BaseJdbcLogger.java:159)- ==>  Preparing: SELECT id,name,des,time,status FROM examination 
2019-03-18 16:45:13,854 DEBUG (BaseJdbcLogger.java:159)- ==> Parameters: 
2019-03-18 16:45:13,861 DEBUG (BaseJdbcLogger.java:159)- <==      Total: 11
2019-03-18 16:45:14,429 DEBUG (BaseJdbcLogger.java:159)- ==>  Preparing: SELECT userno,username,password,email,gender,status,newdate FROM user 
2019-03-18 16:45:14,430 DEBUG (BaseJdbcLogger.java:159)- ==> Parameters: 
2019-03-18 16:45:14,432 DEBUG (BaseJdbcLogger.java:159)- <==      Total: 3
2019-03-18 16:46:25,331 DEBUG (BaseJdbcLogger.java:159)- ==>  Preparing: SELECT id,name,des,time,status FROM examination 
2019-03-18 16:46:25,332 DEBUG (BaseJdbcLogger.java:159)- ==> Parameters: 
2019-03-18 16:46:25,335 DEBUG (BaseJdbcLogger.java:159)- <==      Total: 11
2019-03-18 16:46:25,973 DEBUG (BaseJdbcLogger.java:159)- ==>  Preparing: SELECT userno,username,password,email,gender,status,newdate FROM user 
2019-03-18 16:46:25,974 DEBUG (BaseJdbcLogger.java:159)- ==> Parameters: 
2019-03-18 16:46:25,976 DEBUG (BaseJdbcLogger.java:159)- <==      Total: 3
2019-03-18 16:47:40,854 DEBUG (BaseJdbcLogger.java:159)- ==>  Preparing: SELECT userno,username,password,email,gender,status,newdate FROM user 
2019-03-18 16:47:40,855 DEBUG (BaseJdbcLogger.java:159)- ==> Parameters: 
2019-03-18 16:47:40,865 DEBUG (BaseJdbcLogger.java:159)- <==      Total: 3
2019-03-18 16:48:59,694 DEBUG (BaseJdbcLogger.java:159)- ==>  Preparing: SELECT userno,username,password,email,gender,status,newdate FROM user 
2019-03-18 16:48:59,705 DEBUG (BaseJdbcLogger.java:159)- ==> Parameters: 
2019-03-18 16:48:59,710 DEBUG (BaseJdbcLogger.java:159)- <==      Total: 3
2019-03-18 16:49:22,204 DEBUG (BaseJdbcLogger.java:159)- ==>  Preparing: SELECT userno,username,password,email,gender,status,newdate FROM user 
2019-03-18 16:49:22,205 DEBUG (BaseJdbcLogger.java:159)- ==> Parameters: 
2019-03-18 16:49:22,206 DEBUG (BaseJdbcLogger.java:159)- <==      Total: 3
2019-03-18 16:51:12,181 DEBUG (BaseJdbcLogger.java:159)- ==>  Preparing: SELECT userno,username,password,email,gender,status,newdate FROM user 
2019-03-18 16:51:12,182 DEBUG (BaseJdbcLogger.java:159)- ==> Parameters: 
2019-03-18 16:51:12,184 DEBUG (BaseJdbcLogger.java:159)- <==      Total: 3
2019-03-18 16:51:45,898 DEBUG (BaseJdbcLogger.java:159)- ==>  Preparing: SELECT userno,username,password,email,gender,status,newdate FROM user 
2019-03-18 16:51:45,899 DEBUG (BaseJdbcLogger.java:159)- ==> Parameters: 
2019-03-18 16:51:45,901 DEBUG (BaseJdbcLogger.java:159)- <==      Total: 3
2019-03-18 16:53:16,235 DEBUG (BaseJdbcLogger.java:159)- ==>  Preparing: SELECT id,user,acnumber,ernumber,scope,examination,examinationName,username FROM records 
2019-03-18 16:53:16,236 DEBUG (BaseJdbcLogger.java:159)- ==> Parameters: 
2019-03-18 16:53:16,239 DEBUG (BaseJdbcLogger.java:159)- <==      Total: 1
2019-03-18 16:54:20,891 DEBUG (BaseJdbcLogger.java:159)- ==>  Preparing: SELECT userno,username,password,email,gender,status,newdate FROM user 
2019-03-18 16:54:20,892 DEBUG (BaseJdbcLogger.java:159)- ==> Parameters: 
2019-03-18 16:54:20,894 DEBUG (BaseJdbcLogger.java:159)- <==      Total: 3
2019-03-18 16:55:11,747 DEBUG (BaseJdbcLogger.java:159)- ==>  Preparing: SELECT userno,username,password,email,gender,status,newdate FROM user 
2019-03-18 16:55:11,748 DEBUG (BaseJdbcLogger.java:159)- ==> Parameters: 
2019-03-18 16:55:11,749 DEBUG (BaseJdbcLogger.java:159)- <==      Total: 3
2019-03-18 16:55:19,820 DEBUG (BaseJdbcLogger.java:159)- ==>  Preparing: SELECT userno,username,password,email,gender,status,newdate FROM user 
2019-03-18 16:55:19,821 DEBUG (BaseJdbcLogger.java:159)- ==> Parameters: 
2019-03-18 16:55:19,823 DEBUG (BaseJdbcLogger.java:159)- <==      Total: 3
2019-03-18 16:55:38,253 DEBUG (BaseJdbcLogger.java:159)- ==>  Preparing: SELECT userno,username,password,email,gender,status,newdate FROM user 
2019-03-18 16:55:38,253 DEBUG (BaseJdbcLogger.java:159)- ==> Parameters: 
2019-03-18 16:55:38,256 DEBUG (BaseJdbcLogger.java:159)- <==      Total: 3
2019-03-18 16:56:14,665 DEBUG (BaseJdbcLogger.java:159)- ==>  Preparing: SELECT id,name,des,time,status FROM examination 
2019-03-18 16:56:14,666 DEBUG (BaseJdbcLogger.java:159)- ==> Parameters: 
2019-03-18 16:56:14,668 DEBUG (BaseJdbcLogger.java:159)- <==      Total: 11
2019-03-18 16:56:17,538 DEBUG (BaseJdbcLogger.java:159)- ==>  Preparing: SELECT id,title,answer,reason,examination,score,token FROM question WHERE ( examination = ? ) 
2019-03-18 16:56:17,540 DEBUG (BaseJdbcLogger.java:159)- ==> Parameters: 4(Integer)
2019-03-18 16:56:17,595 DEBUG (BaseJdbcLogger.java:159)- <==      Total: 1
2019-03-18 16:56:17,605 DEBUG (BaseJdbcLogger.java:159)- ==>  Preparing: SELECT id,name,question FROM items WHERE ( question = ? ) 
2019-03-18 16:56:17,607 DEBUG (BaseJdbcLogger.java:159)- ==> Parameters: 1(Integer)
2019-03-18 16:56:17,610 DEBUG (BaseJdbcLogger.java:159)- <==      Total: 4
2019-03-18 16:56:22,747 DEBUG (BaseJdbcLogger.java:159)- ==>  Preparing: SELECT userno,username,password,email,gender,status,newdate FROM user 
2019-03-18 16:56:22,748 DEBUG (BaseJdbcLogger.java:159)- ==> Parameters: 
2019-03-18 16:56:22,750 DEBUG (BaseJdbcLogger.java:159)- <==      Total: 3
2019-03-18 16:57:22,979 DEBUG (BaseJdbcLogger.java:159)- ==>  Preparing: SELECT userno,username,password,email,gender,status,newdate FROM user 
2019-03-18 16:57:22,980 DEBUG (BaseJdbcLogger.java:159)- ==> Parameters: 
2019-03-18 16:57:22,984 DEBUG (BaseJdbcLogger.java:159)- <==      Total: 3
2019-03-18 16:57:57,769 DEBUG (BaseJdbcLogger.java:159)- ==>  Preparing: SELECT userno,username,password,email,gender,status,newdate FROM user 
2019-03-18 16:57:57,770 DEBUG (BaseJdbcLogger.java:159)- ==> Parameters: 
2019-03-18 16:57:57,773 DEBUG (BaseJdbcLogger.java:159)- <==      Total: 3
2019-03-18 16:59:56,900 INFO (StartupInfoLogger.java:50)- Starting AnswerSystemApplication on haoluo with PID 13234 (/home/haoluo/Documents/workspaces/GitHub/AnswerSystem/answer_system/target/classes started by haoluo in /home/haoluo/Documents/workspaces/GitHub/AnswerSystem/answer_system)
2019-03-18 16:59:56,913 DEBUG (StartupInfoLogger.java:53)- Running with Spring Boot v2.1.3.RELEASE, Spring v5.1.5.RELEASE
2019-03-18 16:59:56,914 INFO (SpringApplication.java:679)- The following profiles are active: test
2019-03-18 17:00:15,818 INFO (DataSource1Config.java:49)- datasource1 开始初始化。
2019-03-18 17:00:18,807 INFO (StartupInfoLogger.java:59)- Started AnswerSystemApplication in 24.94 seconds (JVM running for 27.506)
2019-03-18 17:00:22,036 DEBUG (BaseJdbcLogger.java:159)- ==>  Preparing: SELECT userno,username,password,email,gender,status,newdate FROM user 
2019-03-18 17:00:22,068 DEBUG (BaseJdbcLogger.java:159)- ==>  Preparing: SELECT id,name,des,time,status FROM examination 
2019-03-18 17:00:22,080 DEBUG (BaseJdbcLogger.java:159)- ==> Parameters: 
2019-03-18 17:00:22,080 DEBUG (BaseJdbcLogger.java:159)- ==> Parameters: 
2019-03-18 17:00:22,123 DEBUG (BaseJdbcLogger.java:159)- <==      Total: 3
2019-03-18 17:00:22,135 DEBUG (BaseJdbcLogger.java:159)- <==      Total: 11
2019-03-18 17:00:23,882 DEBUG (BaseJdbcLogger.java:159)- ==>  Preparing: SELECT id,title,answer,reason,examination,score,token FROM question WHERE ( examination = ? ) 
2019-03-18 17:00:23,883 DEBUG (BaseJdbcLogger.java:159)- ==> Parameters: 4(Integer)
2019-03-18 17:00:23,968 DEBUG (BaseJdbcLogger.java:159)- <==      Total: 1
2019-03-18 17:00:23,976 DEBUG (BaseJdbcLogger.java:159)- ==>  Preparing: SELECT id,name,question FROM items WHERE ( question = ? ) 
2019-03-18 17:00:23,977 DEBUG (BaseJdbcLogger.java:159)- ==> Parameters: 1(Integer)
2019-03-18 17:00:23,981 DEBUG (BaseJdbcLogger.java:159)- <==      Total: 4
2019-03-18 17:00:28,816 DEBUG (BaseJdbcLogger.java:159)- ==>  Preparing: SELECT id,name,des,time,status FROM examination 
2019-03-18 17:00:28,816 DEBUG (BaseJdbcLogger.java:159)- ==> Parameters: 
2019-03-18 17:00:28,822 DEBUG (BaseJdbcLogger.java:159)- <==      Total: 11
2019-03-18 17:00:30,278 DEBUG (BaseJdbcLogger.java:159)- ==>  Preparing: SELECT userno,username,password,email,gender,status,newdate FROM user 
2019-03-18 17:00:30,279 DEBUG (BaseJdbcLogger.java:159)- ==> Parameters: 
2019-03-18 17:00:30,282 DEBUG (BaseJdbcLogger.java:159)- <==      Total: 3
2019-03-18 17:00:31,697 DEBUG (BaseJdbcLogger.java:159)- ==>  Preparing: SELECT id,user,acnumber,ernumber,scope,examination,examinationName,username FROM records WHERE ( user = ? ) 
2019-03-18 17:00:31,699 DEBUG (BaseJdbcLogger.java:159)- ==> Parameters: 3(Integer)
2019-03-18 17:00:31,706 DEBUG (BaseJdbcLogger.java:159)- <==      Total: 0
2019-03-18 17:00:43,906 DEBUG (BaseJdbcLogger.java:159)- ==>  Preparing: SELECT userno,username,password,email,gender,status,newdate FROM user 
2019-03-18 17:00:43,907 DEBUG (BaseJdbcLogger.java:159)- ==> Parameters: 
2019-03-18 17:00:43,909 DEBUG (BaseJdbcLogger.java:159)- <==      Total: 3
2019-03-18 17:01:38,038 DEBUG (BaseJdbcLogger.java:159)- ==>  Preparing: SELECT id,user,acnumber,ernumber,scope,examination,examinationName,username FROM records WHERE ( user = ? ) 
2019-03-18 17:01:38,039 DEBUG (BaseJdbcLogger.java:159)- ==> Parameters: 3(Integer)
2019-03-18 17:01:38,041 DEBUG (BaseJdbcLogger.java:159)- <==      Total: 1
2019-03-18 17:01:43,499 DEBUG (BaseJdbcLogger.java:159)- ==>  Preparing: SELECT id,name,des,time,status FROM examination 
2019-03-18 17:01:43,500 DEBUG (BaseJdbcLogger.java:159)- ==> Parameters: 
2019-03-18 17:01:43,506 DEBUG (BaseJdbcLogger.java:159)- <==      Total: 11
2019-03-18 17:02:29,112 DEBUG (BaseJdbcLogger.java:159)- ==>  Preparing: SELECT id,name,des,time,status FROM examination 
2019-03-18 17:02:29,113 DEBUG (BaseJdbcLogger.java:159)- ==> Parameters: 
2019-03-18 17:02:29,117 DEBUG (BaseJdbcLogger.java:159)- <==      Total: 11
2019-03-18 17:04:13,492 DEBUG (BaseJdbcLogger.java:159)- ==>  Preparing: SELECT id,name,des,time,status FROM examination 
2019-03-18 17:04:13,493 DEBUG (BaseJdbcLogger.java:159)- ==> Parameters: 
2019-03-18 17:04:13,496 DEBUG (BaseJdbcLogger.java:159)- <==      Total: 11
2019-03-18 17:04:32,701 DEBUG (BaseJdbcLogger.java:159)- ==>  Preparing: SELECT id,name,des,time,status FROM examination 
2019-03-18 17:04:32,702 DEBUG (BaseJdbcLogger.java:159)- ==> Parameters: 
2019-03-18 17:04:32,705 DEBUG (BaseJdbcLogger.java:159)- <==      Total: 11
2019-03-18 17:04:37,003 DEBUG (BaseJdbcLogger.java:159)- ==>  Preparing: SELECT id,name,des,time,status FROM examination 
2019-03-18 17:04:37,004 DEBUG (BaseJdbcLogger.java:159)- ==> Parameters: 
2019-03-18 17:04:37,014 DEBUG (BaseJdbcLogger.java:159)- <==      Total: 11
2019-03-18 17:04:52,195 DEBUG (BaseJdbcLogger.java:159)- ==>  Preparing: SELECT id,name,des,time,status FROM examination 
2019-03-18 17:04:52,196 DEBUG (BaseJdbcLogger.java:159)- ==> Parameters: 
2019-03-18 17:04:52,206 DEBUG (BaseJdbcLogger.java:159)- <==      Total: 11
2019-03-18 17:05:17,400 DEBUG (BaseJdbcLogger.java:159)- ==>  Preparing: SELECT id,name,des,time,status FROM examination 
2019-03-18 17:05:17,408 DEBUG (BaseJdbcLogger.java:159)- ==> Parameters: 
2019-03-18 17:05:17,429 DEBUG (BaseJdbcLogger.java:159)- <==      Total: 11
2019-03-18 17:05:27,890 DEBUG (BaseJdbcLogger.java:159)- ==>  Preparing: SELECT id,name,des,time,status FROM examination 
2019-03-18 17:05:27,892 DEBUG (BaseJdbcLogger.java:159)- ==> Parameters: 
2019-03-18 17:05:27,900 DEBUG (BaseJdbcLogger.java:159)- <==      Total: 11
2019-03-18 17:10:38,022 INFO (StartupInfoLogger.java:50)- Starting AnswerSystemApplication on haoluo with PID 13769 (/home/haoluo/Documents/workspaces/GitHub/AnswerSystem/answer_system/target/classes started by haoluo in /home/haoluo/Documents/workspaces/GitHub/AnswerSystem/answer_system)
2019-03-18 17:10:38,025 DEBUG (StartupInfoLogger.java:53)- Running with Spring Boot v2.1.3.RELEASE, Spring v5.1.5.RELEASE
2019-03-18 17:10:38,025 INFO (SpringApplication.java:679)- The following profiles are active: test
2019-03-18 17:10:40,624 INFO (DataSource1Config.java:49)- datasource1 开始初始化。
2019-03-18 17:10:42,836 INFO (StartupInfoLogger.java:59)- Started AnswerSystemApplication in 34.877 seconds (JVM running for 41.046)
2019-03-18 17:11:14,868 DEBUG (BaseJdbcLogger.java:159)- ==>  Preparing: SELECT id,user,acnumber,ernumber,scope,examination,examinationName,username FROM records WHERE ( examination = ? ) 
2019-03-18 17:11:14,915 DEBUG (BaseJdbcLogger.java:159)- ==> Parameters: 5(Integer)
2019-03-18 17:11:14,939 DEBUG (BaseJdbcLogger.java:159)- <==      Total: 0
2019-03-18 17:11:47,622 DEBUG (BaseJdbcLogger.java:159)- ==>  Preparing: SELECT id,name,des,time,status FROM examination 
2019-03-18 17:11:47,624 DEBUG (BaseJdbcLogger.java:159)- ==> Parameters: 
2019-03-18 17:11:47,639 DEBUG (BaseJdbcLogger.java:159)- <==      Total: 11
2019-03-18 17:11:52,824 DEBUG (BaseJdbcLogger.java:159)- ==>  Preparing: SELECT id,user,acnumber,ernumber,scope,examination,examinationName,username FROM records WHERE ( examination = ? ) 
2019-03-18 17:11:52,826 DEBUG (BaseJdbcLogger.java:159)- ==> Parameters: 4(Integer)
2019-03-18 17:11:52,828 DEBUG (BaseJdbcLogger.java:159)- <==      Total: 1
2019-03-18 17:12:01,958 DEBUG (BaseJdbcLogger.java:159)- ==>  Preparing: SELECT id,name,des,time,status FROM examination 
2019-03-18 17:12:01,960 DEBUG (BaseJdbcLogger.java:159)- ==> Parameters: 
2019-03-18 17:12:01,971 DEBUG (BaseJdbcLogger.java:159)- <==      Total: 11
2019-03-18 17:12:06,054 DEBUG (BaseJdbcLogger.java:159)- ==>  Preparing: SELECT id,user,acnumber,ernumber,scope,examination,examinationName,username FROM records 
2019-03-18 17:12:06,055 DEBUG (BaseJdbcLogger.java:159)- ==> Parameters: 
2019-03-18 17:12:06,057 DEBUG (BaseJdbcLogger.java:159)- <==      Total: 1
2019-03-18 17:12:08,551 DEBUG (BaseJdbcLogger.java:159)- ==>  Preparing: SELECT userno,username,password,email,gender,status,newdate FROM user 
2019-03-18 17:12:08,552 DEBUG (BaseJdbcLogger.java:159)- ==> Parameters: 
2019-03-18 17:12:08,556 DEBUG (BaseJdbcLogger.java:159)- <==      Total: 3
2019-03-18 17:33:38,265 DEBUG (BaseJdbcLogger.java:159)- ==>  Preparing: SELECT userno,username,password,email,gender,status,newdate FROM user 
2019-03-18 17:33:38,267 DEBUG (BaseJdbcLogger.java:159)- ==> Parameters: 
2019-03-18 17:33:38,286 DEBUG (BaseJdbcLogger.java:159)- <==      Total: 3
2019-03-18 17:33:53,872 DEBUG (BaseJdbcLogger.java:159)- ==>  Preparing: SELECT userno,username,password,email,gender,status,newdate FROM user 
2019-03-18 17:33:53,873 DEBUG (BaseJdbcLogger.java:159)- ==> Parameters: 
2019-03-18 17:33:53,878 DEBUG (BaseJdbcLogger.java:159)- <==      Total: 3
2019-03-18 17:35:33,273 DEBUG (BaseJdbcLogger.java:159)- ==>  Preparing: SELECT userno,username,password,email,gender,status,newdate FROM user 
2019-03-18 17:35:33,279 DEBUG (BaseJdbcLogger.java:159)- ==> Parameters: 
2019-03-18 17:35:33,289 DEBUG (BaseJdbcLogger.java:159)- <==      Total: 3
2019-03-18 18:00:05,802 DEBUG (BaseJdbcLogger.java:159)- ==>  Preparing: SELECT userno,username,password,email,gender,status,newdate FROM user 
2019-03-18 18:00:05,803 DEBUG (BaseJdbcLogger.java:159)- ==> Parameters: 
2019-03-18 18:00:05,805 DEBUG (BaseJdbcLogger.java:159)- <==      Total: 3
2019-03-18 18:12:26,589 DEBUG (BaseJdbcLogger.java:159)- ==>  Preparing: SELECT userno,username,password,email,gender,status,newdate FROM user 
2019-03-18 18:12:26,589 DEBUG (BaseJdbcLogger.java:159)- ==> Parameters: 
2019-03-18 18:12:26,595 DEBUG (BaseJdbcLogger.java:159)- <==      Total: 3
2019-03-18 18:12:30,683 DEBUG (BaseJdbcLogger.java:159)- ==>  Preparing: SELECT id,name,des,time,status FROM examination 
2019-03-18 18:12:30,684 DEBUG (BaseJdbcLogger.java:159)- ==> Parameters: 
2019-03-18 18:12:30,687 DEBUG (BaseJdbcLogger.java:159)- <==      Total: 11
2019-03-18 18:12:31,956 DEBUG (BaseJdbcLogger.java:159)- ==>  Preparing: SELECT id,user,acnumber,ernumber,scope,examination,examinationName,username FROM records 
2019-03-18 18:12:31,956 DEBUG (BaseJdbcLogger.java:159)- ==> Parameters: 
2019-03-18 18:12:31,958 DEBUG (BaseJdbcLogger.java:159)- <==      Total: 1
2019-03-18 18:12:33,173 DEBUG (BaseJdbcLogger.java:159)- ==>  Preparing: SELECT id,name,des,time,status FROM examination 
2019-03-18 18:12:33,174 DEBUG (BaseJdbcLogger.java:159)- ==> Parameters: 
2019-03-18 18:12:33,177 DEBUG (BaseJdbcLogger.java:159)- <==      Total: 11
2019-03-18 18:12:34,949 DEBUG (BaseJdbcLogger.java:159)- ==>  Preparing: SELECT id,user,acnumber,ernumber,scope,examination,examinationName,username FROM records WHERE ( examination = ? ) 
2019-03-18 18:12:34,950 DEBUG (BaseJdbcLogger.java:159)- ==> Parameters: 4(Integer)
2019-03-18 18:12:34,952 DEBUG (BaseJdbcLogger.java:159)- <==      Total: 1
2019-03-18 18:12:40,112 DEBUG (BaseJdbcLogger.java:159)- ==>  Preparing: SELECT id,name,des,time,status FROM examination 
2019-03-18 18:12:40,113 DEBUG (BaseJdbcLogger.java:159)- ==> Parameters: 
2019-03-18 18:12:40,117 DEBUG (BaseJdbcLogger.java:159)- <==      Total: 11
2019-03-18 18:12:44,401 DEBUG (BaseJdbcLogger.java:159)- ==>  Preparing: SELECT id,title,answer,reason,examination,score,token FROM question WHERE ( examination = ? ) 
2019-03-18 18:12:44,402 DEBUG (BaseJdbcLogger.java:159)- ==> Parameters: 4(Integer)
2019-03-18 18:12:44,404 DEBUG (BaseJdbcLogger.java:159)- <==      Total: 1
2019-03-18 18:12:44,441 DEBUG (BaseJdbcLogger.java:159)- ==>  Preparing: SELECT id,name,question FROM items WHERE ( question = ? ) 
2019-03-18 18:12:44,442 DEBUG (BaseJdbcLogger.java:159)- ==> Parameters: 1(Integer)
2019-03-18 18:12:44,443 DEBUG (BaseJdbcLogger.java:159)- <==      Total: 4
2019-03-18 18:12:45,938 DEBUG (BaseJdbcLogger.java:159)- ==>  Preparing: SELECT id,user,acnumber,ernumber,scope,examination,examinationName,username FROM records 
2019-03-18 18:12:45,939 DEBUG (BaseJdbcLogger.java:159)- ==> Parameters: 
2019-03-18 18:12:45,940 DEBUG (BaseJdbcLogger.java:159)- <==      Total: 1
2019-03-18 19:21:40,045 INFO (StartupInfoLogger.java:50)- Starting AnswerSystemApplication on haoluo with PID 18409 (/home/haoluo/Documents/workspaces/GitHub/AnswerSystem/answer_system/target/classes started by haoluo in /home/haoluo/Documents/workspaces/GitHub/AnswerSystem/answer_system)
2019-03-18 19:21:40,164 DEBUG (StartupInfoLogger.java:53)- Running with Spring Boot v2.1.3.RELEASE, Spring v5.1.5.RELEASE
2019-03-18 19:21:40,164 INFO (SpringApplication.java:679)- The following profiles are active: test
2019-03-18 19:21:47,892 INFO (DataSource1Config.java:49)- datasource1 开始初始化。
2019-03-18 19:21:50,099 INFO (StartupInfoLogger.java:59)- Started AnswerSystemApplication in 13.484 seconds (JVM running for 16.95)
2019-03-18 19:22:42,294 DEBUG (BaseJdbcLogger.java:159)- ==>  Preparing: SELECT id,name,des,time,status FROM examination WHERE ( status = ? ) 
2019-03-18 19:22:42,322 DEBUG (BaseJdbcLogger.java:159)- ==> Parameters: 1(Integer)
2019-03-18 19:22:42,356 DEBUG (BaseJdbcLogger.java:159)- <==      Total: 11
2019-03-18 19:36:49,790 DEBUG (BaseJdbcLogger.java:159)- ==>  Preparing: SELECT id,name,des,time,status FROM examination WHERE ( status = ? ) 
2019-03-18 19:36:49,823 DEBUG (BaseJdbcLogger.java:159)- ==> Parameters: 1(Integer)
2019-03-18 19:36:50,110 DEBUG (BaseJdbcLogger.java:159)- <==      Total: 11
2019-03-18 19:37:01,418 DEBUG (BaseJdbcLogger.java:159)- ==>  Preparing: SELECT id,name,des,time,status FROM examination WHERE ( status = ? ) 
2019-03-18 19:37:01,420 DEBUG (BaseJdbcLogger.java:159)- ==> Parameters: 1(Integer)
2019-03-18 19:37:01,424 DEBUG (BaseJdbcLogger.java:159)- <==      Total: 11
2019-03-18 19:37:06,485 DEBUG (BaseJdbcLogger.java:159)- ==>  Preparing: SELECT id,name,des,time,status FROM examination WHERE ( status = ? ) 
2019-03-18 19:37:06,491 DEBUG (BaseJdbcLogger.java:159)- ==> Parameters: 1(Integer)
2019-03-18 19:37:06,510 DEBUG (BaseJdbcLogger.java:159)- <==      Total: 11
2019-03-18 20:16:05,789 DEBUG (BaseJdbcLogger.java:159)- ==>  Preparing: SELECT id,name,des,time,status FROM examination WHERE ( status = ? ) 
2019-03-18 20:16:05,842 DEBUG (BaseJdbcLogger.java:159)- ==> Parameters: 1(Integer)
2019-03-18 20:16:06,013 DEBUG (BaseJdbcLogger.java:159)- <==      Total: 11
2019-03-18 20:18:24,322 DEBUG (BaseJdbcLogger.java:159)- ==>  Preparing: SELECT id,name,des,time,status FROM examination WHERE ( status = ? ) 
2019-03-18 20:18:24,323 DEBUG (BaseJdbcLogger.java:159)- ==> Parameters: 1(Integer)
2019-03-18 20:18:24,328 DEBUG (BaseJdbcLogger.java:159)- <==      Total: 11
2019-03-18 20:19:37,575 DEBUG (BaseJdbcLogger.java:159)- ==>  Preparing: SELECT id,name,des,time,status FROM examination WHERE ( status = ? ) 
2019-03-18 20:19:37,577 DEBUG (BaseJdbcLogger.java:159)- ==> Parameters: 1(Integer)
2019-03-18 20:19:37,584 DEBUG (BaseJdbcLogger.java:159)- <==      Total: 11
2019-03-18 20:19:40,789 DEBUG (BaseJdbcLogger.java:159)- ==>  Preparing: SELECT id,name,des,time,status FROM examination WHERE ( status = ? ) 
2019-03-18 20:19:40,791 DEBUG (BaseJdbcLogger.java:159)- ==> Parameters: 1(Integer)
2019-03-18 20:19:40,793 DEBUG (BaseJdbcLogger.java:159)- <==      Total: 11
2019-03-18 21:35:06,596 INFO (StartupInfoLogger.java:50)- Starting AnswerSystemApplication on haoluo with PID 4958 (/home/haoluo/Documents/workspaces/GitHub/AnswerSystem/answer_system/target/classes started by haoluo in /home/haoluo/Documents/workspaces/GitHub/AnswerSystem/answer_system)
2019-03-18 21:35:06,735 DEBUG (StartupInfoLogger.java:53)- Running with Spring Boot v2.1.3.RELEASE, Spring v5.1.5.RELEASE
2019-03-18 21:35:06,736 INFO (SpringApplication.java:679)- The following profiles are active: test
2019-03-18 21:35:16,604 INFO (DataSource1Config.java:49)- datasource1 开始初始化。
2019-03-18 21:35:21,057 INFO (StartupInfoLogger.java:59)- Started AnswerSystemApplication in 23.52 seconds (JVM running for 37.969)
2019-03-18 21:37:14,980 DEBUG (BaseJdbcLogger.java:159)- ==>  Preparing: SELECT id,name,des,time,status FROM examination WHERE ( status = ? ) 
2019-03-18 21:37:15,100 DEBUG (BaseJdbcLogger.java:159)- ==> Parameters: 1(Integer)
2019-03-18 21:37:15,362 DEBUG (BaseJdbcLogger.java:159)- <==      Total: 11
2019-03-18 21:37:20,589 DEBUG (BaseJdbcLogger.java:159)- ==>  Preparing: SELECT id,name,des,time,status FROM examination WHERE ( status = ? ) 
2019-03-18 21:37:20,590 DEBUG (BaseJdbcLogger.java:159)- ==> Parameters: 1(Integer)
2019-03-18 21:37:20,595 DEBUG (BaseJdbcLogger.java:159)- <==      Total: 11
2019-03-18 21:37:33,518 DEBUG (BaseJdbcLogger.java:159)- ==>  Preparing: SELECT id,name,des,time,status FROM examination WHERE id = ? 
2019-03-18 21:37:33,519 DEBUG (BaseJdbcLogger.java:159)- ==> Parameters: 4(Integer)
2019-03-18 21:37:33,521 DEBUG (BaseJdbcLogger.java:159)- <==      Total: 1
2019-03-18 21:37:33,546 DEBUG (ExaminationController.java:117)- 法学
2019-03-18 21:37:33,555 DEBUG (BaseJdbcLogger.java:159)- ==>  Preparing: SELECT id,title,answer,reason,examination,score,token FROM question WHERE ( examination = ? ) 
2019-03-18 21:37:33,555 DEBUG (BaseJdbcLogger.java:159)- ==> Parameters: 4(Integer)
2019-03-18 21:37:33,580 DEBUG (BaseJdbcLogger.java:159)- <==      Total: 1
2019-03-18 21:37:33,583 DEBUG (BaseJdbcLogger.java:159)- ==>  Preparing: SELECT id,name,question FROM items WHERE ( question = ? ) 
2019-03-18 21:37:33,584 DEBUG (BaseJdbcLogger.java:159)- ==> Parameters: 1(Integer)
2019-03-18 21:37:33,598 DEBUG (BaseJdbcLogger.java:159)- <==      Total: 4
2019-03-18 21:39:44,982 DEBUG (BaseJdbcLogger.java:159)- ==>  Preparing: SELECT id,name,des,time,status FROM examination WHERE ( status = ? ) 
2019-03-18 21:39:44,996 DEBUG (BaseJdbcLogger.java:159)- ==> Parameters: 1(Integer)
2019-03-18 21:39:45,237 DEBUG (BaseJdbcLogger.java:159)- <==      Total: 11
2019-03-18 21:43:36,503 DEBUG (BaseJdbcLogger.java:159)- ==>  Preparing: SELECT id,name,des,time,status FROM examination WHERE ( status = ? ) 
2019-03-18 21:43:36,507 DEBUG (BaseJdbcLogger.java:159)- ==> Parameters: 1(Integer)
2019-03-18 21:43:36,520 DEBUG (BaseJdbcLogger.java:159)- <==      Total: 11
2019-03-18 21:43:51,798 DEBUG (BaseJdbcLogger.java:159)- ==>  Preparing: SELECT id,name,des,time,status FROM examination WHERE ( status = ? ) 
2019-03-18 21:43:51,800 DEBUG (BaseJdbcLogger.java:159)- ==> Parameters: 1(Integer)
2019-03-18 21:43:51,840 DEBUG (BaseJdbcLogger.java:159)- <==      Total: 11
2019-03-18 21:44:05,830 DEBUG (BaseJdbcLogger.java:159)- ==>  Preparing: SELECT id,name,des,time,status FROM examination WHERE ( status = ? ) 
2019-03-18 21:44:05,834 DEBUG (BaseJdbcLogger.java:159)- ==> Parameters: 1(Integer)
2019-03-18 21:44:05,838 DEBUG (BaseJdbcLogger.java:159)- <==      Total: 11
2019-03-18 21:46:16,698 DEBUG (BaseJdbcLogger.java:159)- ==>  Preparing: SELECT id,name,des,time,status FROM examination WHERE ( status = ? ) 
2019-03-18 21:46:16,700 DEBUG (BaseJdbcLogger.java:159)- ==> Parameters: 1(Integer)
2019-03-18 21:46:16,702 DEBUG (BaseJdbcLogger.java:159)- <==      Total: 11
2019-03-18 21:46:45,617 DEBUG (BaseJdbcLogger.java:159)- ==>  Preparing: SELECT id,user,acnumber,ernumber,scope,examination,examinationName,username FROM records WHERE ( user = ? ) 
2019-03-18 21:46:45,618 DEBUG (BaseJdbcLogger.java:159)- ==> Parameters: 1(Integer)
2019-03-18 21:46:45,619 DEBUG (BaseJdbcLogger.java:159)- <==      Total: 0
2019-03-18 21:47:08,630 DEBUG (BaseJdbcLogger.java:159)- ==>  Preparing: SELECT userno,username,password,email,gender,status,newdate FROM user 
2019-03-18 21:47:08,631 DEBUG (BaseJdbcLogger.java:159)- ==> Parameters: 
2019-03-18 21:47:08,633 DEBUG (BaseJdbcLogger.java:159)- <==      Total: 3
2019-03-18 21:48:53,755 DEBUG (BaseJdbcLogger.java:159)- ==>  Preparing: SELECT id,user,acnumber,ernumber,scope,examination,examinationName,username FROM records WHERE ( user = ? ) 
2019-03-18 21:48:53,756 DEBUG (BaseJdbcLogger.java:159)- ==> Parameters: 1(Integer)
2019-03-18 21:48:53,758 DEBUG (BaseJdbcLogger.java:159)- <==      Total: 0
2019-03-18 21:48:56,643 DEBUG (BaseJdbcLogger.java:159)- ==>  Preparing: SELECT id,user,acnumber,ernumber,scope,examination,examinationName,username FROM records WHERE ( user = ? ) 
2019-03-18 21:48:56,645 DEBUG (BaseJdbcLogger.java:159)- ==> Parameters: 1(Integer)
2019-03-18 21:48:56,648 DEBUG (BaseJdbcLogger.java:159)- <==      Total: 0
2019-03-18 21:48:58,756 DEBUG (BaseJdbcLogger.java:159)- ==>  Preparing: SELECT id,name,des,time,status FROM examination WHERE ( status = ? ) 
2019-03-18 21:48:58,758 DEBUG (BaseJdbcLogger.java:159)- ==> Parameters: 1(Integer)
2019-03-18 21:48:58,761 DEBUG (BaseJdbcLogger.java:159)- <==      Total: 11
2019-03-18 21:48:59,512 DEBUG (BaseJdbcLogger.java:159)- ==>  Preparing: SELECT id,user,acnumber,ernumber,scope,examination,examinationName,username FROM records WHERE ( user = ? ) 
2019-03-18 21:48:59,517 DEBUG (BaseJdbcLogger.java:159)- ==> Parameters: 1(Integer)
2019-03-18 21:48:59,521 DEBUG (BaseJdbcLogger.java:159)- <==      Total: 0
2019-03-18 21:49:01,128 DEBUG (BaseJdbcLogger.java:159)- ==>  Preparing: SELECT id,name,des,time,status FROM examination WHERE ( status = ? ) 
2019-03-18 21:49:01,134 DEBUG (BaseJdbcLogger.java:159)- ==> Parameters: 1(Integer)
2019-03-18 21:49:01,137 DEBUG (BaseJdbcLogger.java:159)- <==      Total: 11
2019-03-18 21:49:02,536 DEBUG (BaseJdbcLogger.java:159)- ==>  Preparing: SELECT id,user,acnumber,ernumber,scope,examination,examinationName,username FROM records WHERE ( user = ? ) 
2019-03-18 21:49:02,537 DEBUG (BaseJdbcLogger.java:159)- ==> Parameters: 1(Integer)
2019-03-18 21:49:02,539 DEBUG (BaseJdbcLogger.java:159)- <==      Total: 0
2019-03-18 21:49:12,199 DEBUG (BaseJdbcLogger.java:159)- ==>  Preparing: SELECT id,name,des,time,status FROM examination WHERE ( status = ? ) 
2019-03-18 21:49:12,199 DEBUG (BaseJdbcLogger.java:159)- ==> Parameters: 1(Integer)
2019-03-18 21:49:12,204 DEBUG (BaseJdbcLogger.java:159)- <==      Total: 11
2019-03-18 21:49:13,543 DEBUG (BaseJdbcLogger.java:159)- ==>  Preparing: SELECT id,user,acnumber,ernumber,scope,examination,examinationName,username FROM records WHERE ( user = ? ) 
2019-03-18 21:49:13,543 DEBUG (BaseJdbcLogger.java:159)- ==> Parameters: 1(Integer)
2019-03-18 21:49:13,544 DEBUG (BaseJdbcLogger.java:159)- <==      Total: 0
2019-03-18 21:56:41,228 DEBUG (BaseJdbcLogger.java:159)- ==>  Preparing: SELECT id,user,acnumber,ernumber,scope,examination,examinationName,username FROM records WHERE ( user = ? ) 
2019-03-18 21:56:41,231 DEBUG (BaseJdbcLogger.java:159)- ==> Parameters: 1(Integer)
2019-03-18 21:56:41,236 DEBUG (BaseJdbcLogger.java:159)- <==      Total: 0
2019-03-18 22:01:26,243 DEBUG (BaseJdbcLogger.java:159)- ==>  Preparing: SELECT id,user,acnumber,ernumber,scope,examination,examinationName,username FROM records WHERE ( user = ? ) 
2019-03-18 22:01:26,244 DEBUG (BaseJdbcLogger.java:159)- ==> Parameters: 1(Integer)
2019-03-18 22:01:26,245 DEBUG (BaseJdbcLogger.java:159)- <==      Total: 0
2019-03-18 22:03:52,043 DEBUG (BaseJdbcLogger.java:159)- ==>  Preparing: SELECT userno,username,password,email,gender,status,newdate FROM user 
2019-03-18 22:03:52,044 DEBUG (BaseJdbcLogger.java:159)- ==> Parameters: 
2019-03-18 22:03:52,053 DEBUG (BaseJdbcLogger.java:159)- <==      Total: 3
2019-03-18 22:03:55,112 DEBUG (BaseJdbcLogger.java:159)- ==>  Preparing: SELECT userno,username,password,email,gender,status,newdate FROM user 
2019-03-18 22:03:55,113 DEBUG (BaseJdbcLogger.java:159)- ==> Parameters: 
2019-03-18 22:03:55,115 DEBUG (BaseJdbcLogger.java:159)- <==      Total: 3
2019-03-18 22:28:33,099 DEBUG (BaseJdbcLogger.java:159)- ==>  Preparing: SELECT id,name,des,time,status FROM examination WHERE ( status = ? ) 
2019-03-18 22:28:33,100 DEBUG (BaseJdbcLogger.java:159)- ==> Parameters: 1(Integer)
2019-03-18 22:28:33,103 DEBUG (BaseJdbcLogger.java:159)- <==      Total: 11
2019-03-18 22:28:33,985 DEBUG (BaseJdbcLogger.java:159)- ==>  Preparing: SELECT id,user,acnumber,ernumber,scope,examination,examinationName,username FROM records WHERE ( user = ? ) 
2019-03-18 22:28:33,986 DEBUG (BaseJdbcLogger.java:159)- ==> Parameters: 1(Integer)
2019-03-18 22:28:33,987 DEBUG (BaseJdbcLogger.java:159)- <==      Total: 0
2019-03-18 22:28:35,461 DEBUG (BaseJdbcLogger.java:159)- ==>  Preparing: SELECT id,user,acnumber,ernumber,scope,examination,examinationName,username FROM records WHERE ( user = ? ) 
2019-03-18 22:28:35,463 DEBUG (BaseJdbcLogger.java:159)- ==> Parameters: 1(Integer)
2019-03-18 22:28:35,465 DEBUG (BaseJdbcLogger.java:159)- <==      Total: 0
2019-03-18 22:33:30,466 DEBUG (BaseJdbcLogger.java:159)- ==>  Preparing: SELECT userno,username,password,email,gender,status,newdate FROM user 
2019-03-18 22:33:30,467 DEBUG (BaseJdbcLogger.java:159)- ==> Parameters: 
2019-03-18 22:33:30,469 DEBUG (BaseJdbcLogger.java:159)- <==      Total: 3
2019-03-18 22:34:25,285 DEBUG (BaseJdbcLogger.java:159)- ==>  Preparing: SELECT userno,username,password,email,gender,status,newdate FROM user 
2019-03-18 22:34:25,286 DEBUG (BaseJdbcLogger.java:159)- ==> Parameters: 
2019-03-18 22:34:25,288 DEBUG (BaseJdbcLogger.java:159)- <==      Total: 3
2019-03-18 22:34:49,769 DEBUG (BaseJdbcLogger.java:159)- ==>  Preparing: SELECT userno,username,password,email,gender,status,newdate FROM user 
2019-03-18 22:34:49,769 DEBUG (BaseJdbcLogger.java:159)- ==> Parameters: 
2019-03-18 22:34:49,776 DEBUG (BaseJdbcLogger.java:159)- <==      Total: 3
2019-03-18 22:39:21,376 DEBUG (BaseJdbcLogger.java:159)- ==>  Preparing: SELECT id,user,acnumber,ernumber,scope,examination,examinationName,username FROM records WHERE ( user = ? ) 
2019-03-18 22:39:21,378 DEBUG (BaseJdbcLogger.java:159)- ==> Parameters: 1(Integer)
2019-03-18 22:39:21,379 DEBUG (BaseJdbcLogger.java:159)- <==      Total: 0
2019-03-18 22:39:21,385 DEBUG (BaseJdbcLogger.java:159)- ==>  Preparing: SELECT userno,username,password,email,gender,status,newdate FROM user 
2019-03-18 22:39:21,386 DEBUG (BaseJdbcLogger.java:159)- ==> Parameters: 
2019-03-18 22:39:21,395 DEBUG (BaseJdbcLogger.java:159)- <==      Total: 3
2019-03-18 22:39:34,318 DEBUG (BaseJdbcLogger.java:159)- ==>  Preparing: SELECT id,user,acnumber,ernumber,scope,examination,examinationName,username FROM records WHERE ( user = ? ) 
2019-03-18 22:39:34,326 DEBUG (BaseJdbcLogger.java:159)- ==> Parameters: 1(Integer)
2019-03-18 22:39:34,334 DEBUG (BaseJdbcLogger.java:159)- <==      Total: 0
2019-03-18 22:39:35,895 DEBUG (BaseJdbcLogger.java:159)- ==>  Preparing: SELECT userno,username,password,email,gender,status,newdate FROM user 
2019-03-18 22:39:35,895 DEBUG (BaseJdbcLogger.java:159)- ==> Parameters: 
2019-03-18 22:39:35,898 DEBUG (BaseJdbcLogger.java:159)- <==      Total: 3
2019-03-18 22:39:41,215 DEBUG (BaseJdbcLogger.java:159)- ==>  Preparing: SELECT id,user,acnumber,ernumber,scope,examination,examinationName,username FROM records WHERE ( user = ? ) 
2019-03-18 22:39:41,217 DEBUG (BaseJdbcLogger.java:159)- ==> Parameters: 1(Integer)
2019-03-18 22:39:41,218 DEBUG (BaseJdbcLogger.java:159)- <==      Total: 0
2019-03-18 22:39:43,412 DEBUG (BaseJdbcLogger.java:159)- ==>  Preparing: SELECT userno,username,password,email,gender,status,newdate FROM user 
2019-03-18 22:39:43,413 DEBUG (BaseJdbcLogger.java:159)- ==> Parameters: 
2019-03-18 22:39:43,414 DEBUG (BaseJdbcLogger.java:159)- <==      Total: 3
2019-03-18 22:39:52,374 DEBUG (BaseJdbcLogger.java:159)- ==>  Preparing: SELECT id,user,acnumber,ernumber,scope,examination,examinationName,username FROM records WHERE ( user = ? ) 
2019-03-18 22:39:52,375 DEBUG (BaseJdbcLogger.java:159)- ==> Parameters: 1(Integer)
2019-03-18 22:39:52,378 DEBUG (BaseJdbcLogger.java:159)- <==      Total: 0
2019-03-18 22:41:38,660 INFO (StartupInfoLogger.java:50)- Starting AnswerSystemApplication on haoluo with PID 7900 (/home/haoluo/Documents/workspaces/GitHub/AnswerSystem/answer_system/target/classes started by haoluo in /home/haoluo/Documents/workspaces/GitHub/AnswerSystem/answer_system)
2019-03-18 22:41:38,664 DEBUG (StartupInfoLogger.java:53)- Running with Spring Boot v2.1.3.RELEASE, Spring v5.1.5.RELEASE
2019-03-18 22:41:38,665 INFO (SpringApplication.java:679)- The following profiles are active: test
2019-03-18 22:41:44,560 INFO (DataSource1Config.java:49)- datasource1 开始初始化。
2019-03-18 22:41:46,753 INFO (StartupInfoLogger.java:59)- Started AnswerSystemApplication in 9.599 seconds (JVM running for 11.218)
2019-03-18 22:42:02,679 DEBUG (BaseJdbcLogger.java:159)- ==>  Preparing: SELECT userno,username,password,email,gender,status,newdate FROM user WHERE userno = ? 
2019-03-18 22:42:02,717 DEBUG (BaseJdbcLogger.java:159)- ==> Parameters: 3(Integer)
2019-03-18 22:42:02,741 DEBUG (BaseJdbcLogger.java:159)- <==      Total: 1
2019-03-18 22:43:19,971 DEBUG (BaseJdbcLogger.java:159)- ==>  Preparing: SELECT id,user,acnumber,ernumber,scope,examination,examinationName,username FROM records WHERE ( user = ? ) 
2019-03-18 22:43:19,972 DEBUG (BaseJdbcLogger.java:159)- ==> Parameters: 1(Integer)
2019-03-18 22:43:19,973 DEBUG (BaseJdbcLogger.java:159)- <==      Total: 0
2019-03-18 22:43:21,956 DEBUG (BaseJdbcLogger.java:159)- ==>  Preparing: SELECT id,user,acnumber,ernumber,scope,examination,examinationName,username FROM records WHERE ( user = ? ) 
2019-03-18 22:43:21,957 DEBUG (BaseJdbcLogger.java:159)- ==> Parameters: 1(Integer)
2019-03-18 22:43:21,958 DEBUG (BaseJdbcLogger.java:159)- <==      Total: 0
2019-03-18 22:43:23,164 DEBUG (BaseJdbcLogger.java:159)- ==>  Preparing: SELECT userno,username,password,email,gender,status,newdate FROM user WHERE userno = ? 
2019-03-18 22:43:23,166 DEBUG (BaseJdbcLogger.java:159)- ==> Parameters: 3(Integer)
2019-03-18 22:43:23,170 DEBUG (BaseJdbcLogger.java:159)- <==      Total: 1
