2019-03-22 00:28:18,040 INFO (StartupInfoLogger.java:50)- Starting AnswerSystemApplication on haoluo with PID 8801 (/home/haoluo/Documents/workspaces/GitHub/AnswerSystem/answer_system/target/classes started by haoluo in /home/haoluo/Documents/workspaces/GitHub/AnswerSystem/answer_system)
2019-03-22 00:28:18,049 DEBUG (StartupInfoLogger.java:53)- Running with Spring Boot v2.1.3.RELEASE, Spring v5.1.5.RELEASE
2019-03-22 00:28:18,050 INFO (SpringApplication.java:679)- The following profiles are active: test
2019-03-22 00:28:27,754 INFO (DataSource1Config.java:49)- datasource1 开始初始化。
2019-03-22 00:28:31,684 INFO (StartupInfoLogger.java:59)- Started AnswerSystemApplication in 18.324 seconds (JVM running for 26.686)
2019-03-22 00:43:27,082 DEBUG (UserController.java:66)- user-email=xxxxx@qq.com/npwd=xxx
2019-03-22 00:43:57,586 DEBUG (BaseJdbcLogger.java:159)- ==>  Preparing: SELECT userno,username,password,email,gender,status,newdate FROM user WHERE ( email = ? ) 
2019-03-22 00:43:57,609 DEBUG (BaseJdbcLogger.java:159)- ==> Parameters: xxxxx@qq.com(String)
2019-03-22 00:43:57,652 DEBUG (BaseJdbcLogger.java:159)- <==      Total: 1
2019-03-22 00:44:00,086 DEBUG (BaseJdbcLogger.java:159)- ==>  Preparing: select examination.id, examination.name, examination.des, examination.status from examination WHERE status = 1 and id not in ( select examination from records where user = ? ) 
2019-03-22 00:44:00,088 DEBUG (BaseJdbcLogger.java:159)- ==> Parameters: 3(Integer)
2019-03-22 00:44:00,124 DEBUG (BaseJdbcLogger.java:159)- <==      Total: 9
2019-03-22 11:32:41,706 INFO (StartupInfoLogger.java:50)- Starting AnswerSystemApplication on haoluo with PID 8813 (/home/haoluo/Documents/workspaces/GitHub/AnswerSystem/answer_system/target/classes started by haoluo in /home/haoluo/Documents/workspaces/GitHub/AnswerSystem/answer_system)
2019-03-22 11:32:41,728 DEBUG (StartupInfoLogger.java:53)- Running with Spring Boot v2.1.3.RELEASE, Spring v5.1.5.RELEASE
2019-03-22 11:32:41,729 INFO (SpringApplication.java:679)- The following profiles are active: test
2019-03-22 11:32:51,130 INFO (DataSource1Config.java:49)- datasource1 开始初始化。
2019-03-22 11:32:56,058 INFO (StartupInfoLogger.java:59)- Started AnswerSystemApplication in 17.539 seconds (JVM running for 21.796)
2019-03-22 11:33:32,240 DEBUG (UserController.java:66)- user-email=xxxx@qq.com/npwd=xxx
2019-03-22 11:33:32,563 DEBUG (BaseJdbcLogger.java:159)- ==>  Preparing: SELECT userno,username,password,email,gender,status,newdate FROM user WHERE ( email = ? ) 
2019-03-22 11:33:32,580 DEBUG (BaseJdbcLogger.java:159)- ==> Parameters: xxxx@qq.com(String)
2019-03-22 11:33:32,593 DEBUG (BaseJdbcLogger.java:159)- <==      Total: 0
2019-03-22 11:33:38,210 DEBUG (UserController.java:66)- user-email=xxxxx@qq.com/npwd=xxx
2019-03-22 11:33:38,213 DEBUG (BaseJdbcLogger.java:159)- ==>  Preparing: SELECT userno,username,password,email,gender,status,newdate FROM user WHERE ( email = ? ) 
2019-03-22 11:33:38,214 DEBUG (BaseJdbcLogger.java:159)- ==> Parameters: xxxxx@qq.com(String)
2019-03-22 11:33:38,218 DEBUG (BaseJdbcLogger.java:159)- <==      Total: 1
2019-03-22 11:33:41,113 DEBUG (BaseJdbcLogger.java:159)- ==>  Preparing: select examination.id, examination.name, examination.des, examination.status from examination WHERE status = 1 and id not in ( select examination from records where user = ? ) 
2019-03-22 11:33:41,114 DEBUG (BaseJdbcLogger.java:159)- ==> Parameters: 3(Integer)
2019-03-22 11:33:41,121 DEBUG (BaseJdbcLogger.java:159)- <==      Total: 9
2019-03-22 11:33:55,929 DEBUG (UserController.java:66)- user-email=xxxx@qq.com/npwd=xxx
2019-03-22 11:33:55,931 DEBUG (BaseJdbcLogger.java:159)- ==>  Preparing: SELECT userno,username,password,email,gender,status,newdate FROM user WHERE ( email = ? ) 
2019-03-22 11:33:55,932 DEBUG (BaseJdbcLogger.java:159)- ==> Parameters: xxxx@qq.com(String)
2019-03-22 11:33:55,933 DEBUG (BaseJdbcLogger.java:159)- <==      Total: 0
2019-03-22 11:34:00,856 DEBUG (UserController.java:66)- user-email=xxxxx@qq.com/npwd=xxx
2019-03-22 11:34:00,859 DEBUG (BaseJdbcLogger.java:159)- ==>  Preparing: SELECT userno,username,password,email,gender,status,newdate FROM user WHERE ( email = ? ) 
2019-03-22 11:34:00,860 DEBUG (BaseJdbcLogger.java:159)- ==> Parameters: xxxxx@qq.com(String)
2019-03-22 11:34:00,865 DEBUG (BaseJdbcLogger.java:159)- <==      Total: 1
2019-03-22 11:34:10,454 DEBUG (BaseJdbcLogger.java:159)- ==>  Preparing: select examination.id, examination.name, examination.des, examination.status from examination WHERE status = 1 and id not in ( select examination from records where user = ? ) 
2019-03-22 11:34:10,455 DEBUG (BaseJdbcLogger.java:159)- ==> Parameters: 3(Integer)
2019-03-22 11:34:10,460 DEBUG (BaseJdbcLogger.java:159)- <==      Total: 9
2019-03-22 11:37:49,971 DEBUG (BaseJdbcLogger.java:159)- ==>  Preparing: select examination.id, examination.name, examination.des, examination.status from examination WHERE status = 1 and id not in ( select examination from records where user = ? ) 
2019-03-22 11:37:49,972 DEBUG (BaseJdbcLogger.java:159)- ==> Parameters: 3(Integer)
2019-03-22 11:37:49,975 DEBUG (BaseJdbcLogger.java:159)- <==      Total: 9
2019-03-22 11:37:54,288 DEBUG (BaseJdbcLogger.java:159)- ==>  Preparing: select examination.id, examination.name, examination.des, examination.status from examination WHERE status = 1 and id not in ( select examination from records where user = ? ) 
2019-03-22 11:37:54,289 DEBUG (BaseJdbcLogger.java:159)- ==> Parameters: 3(Integer)
2019-03-22 11:37:54,297 DEBUG (BaseJdbcLogger.java:159)- <==      Total: 9
2019-03-22 11:41:31,261 DEBUG (UserController.java:66)- user-email=123@qq.com/npwd=123
2019-03-22 11:41:31,266 DEBUG (BaseJdbcLogger.java:159)- ==>  Preparing: SELECT userno,username,password,email,gender,status,newdate FROM user WHERE ( email = ? ) 
2019-03-22 11:41:31,267 DEBUG (BaseJdbcLogger.java:159)- ==> Parameters: 123@qq.com(String)
2019-03-22 11:41:31,269 DEBUG (BaseJdbcLogger.java:159)- <==      Total: 1
2019-03-22 11:41:33,621 DEBUG (BaseJdbcLogger.java:159)- ==>  Preparing: select examination.id, examination.name, examination.des, examination.status from examination WHERE status = 1 and id not in ( select examination from records where user = ? ) 
2019-03-22 11:41:33,622 DEBUG (BaseJdbcLogger.java:159)- ==> Parameters: 4(Integer)
2019-03-22 11:41:33,624 DEBUG (BaseJdbcLogger.java:159)- <==      Total: 10
2019-03-22 11:41:49,080 DEBUG (BaseJdbcLogger.java:159)- ==>  Preparing: select examination.id, examination.name, examination.des, examination.status from examination WHERE status = 1 and id not in ( select examination from records where user = ? ) 
2019-03-22 11:41:49,081 DEBUG (BaseJdbcLogger.java:159)- ==> Parameters: 4(Integer)
2019-03-22 11:41:49,089 DEBUG (BaseJdbcLogger.java:159)- <==      Total: 10
2019-03-22 11:43:49,109 DEBUG (BaseJdbcLogger.java:159)- ==>  Preparing: select examination.id, examination.name, examination.des, examination.status from examination WHERE status = 1 and id not in ( select examination from records where user = ? ) 
2019-03-22 11:43:49,111 DEBUG (BaseJdbcLogger.java:159)- ==> Parameters: 4(Integer)
2019-03-22 11:43:49,116 DEBUG (BaseJdbcLogger.java:159)- <==      Total: 10
2019-03-22 11:43:57,689 DEBUG (BaseJdbcLogger.java:159)- ==>  Preparing: select examination.id, examination.name, examination.des, examination.status from examination WHERE status = 1 and id not in ( select examination from records where user = ? ) 
2019-03-22 11:43:57,690 DEBUG (BaseJdbcLogger.java:159)- ==> Parameters: 4(Integer)
2019-03-22 11:43:57,693 DEBUG (BaseJdbcLogger.java:159)- <==      Total: 10
2019-03-22 11:44:11,037 DEBUG (BaseJdbcLogger.java:159)- ==>  Preparing: select examination.id, examination.name, examination.des, examination.status from examination WHERE status = 1 and id not in ( select examination from records where user = ? ) 
2019-03-22 11:44:11,038 DEBUG (BaseJdbcLogger.java:159)- ==> Parameters: 4(Integer)
2019-03-22 11:44:11,041 DEBUG (BaseJdbcLogger.java:159)- <==      Total: 10
2019-03-22 11:44:34,961 DEBUG (BaseJdbcLogger.java:159)- ==>  Preparing: select examination.id, examination.name, examination.des, examination.status from examination WHERE status = 1 and id not in ( select examination from records where user = ? ) 
2019-03-22 11:44:34,963 DEBUG (BaseJdbcLogger.java:159)- ==> Parameters: 4(Integer)
2019-03-22 11:44:34,973 DEBUG (BaseJdbcLogger.java:159)- <==      Total: 10
2019-03-22 11:44:49,828 DEBUG (BaseJdbcLogger.java:159)- ==>  Preparing: select examination.id, examination.name, examination.des, examination.status from examination WHERE status = 1 and id not in ( select examination from records where user = ? ) 
2019-03-22 11:44:49,829 DEBUG (BaseJdbcLogger.java:159)- ==> Parameters: 4(Integer)
2019-03-22 11:44:49,836 DEBUG (BaseJdbcLogger.java:159)- <==      Total: 10
2019-03-22 11:44:52,904 DEBUG (BaseJdbcLogger.java:159)- ==>  Preparing: select examination.id, examination.name, examination.des, examination.status from examination WHERE status = 1 and id not in ( select examination from records where user = ? ) 
2019-03-22 11:44:52,905 DEBUG (BaseJdbcLogger.java:159)- ==> Parameters: 4(Integer)
2019-03-22 11:44:52,907 DEBUG (BaseJdbcLogger.java:159)- <==      Total: 10
2019-03-22 11:45:06,653 DEBUG (BaseJdbcLogger.java:159)- ==>  Preparing: select examination.id, examination.name, examination.des, examination.status from examination WHERE status = 1 and id not in ( select examination from records where user = ? ) 
2019-03-22 11:45:06,654 DEBUG (BaseJdbcLogger.java:159)- ==> Parameters: 4(Integer)
2019-03-22 11:45:06,656 DEBUG (BaseJdbcLogger.java:159)- <==      Total: 10
2019-03-22 11:45:07,825 DEBUG (BaseJdbcLogger.java:159)- ==>  Preparing: SELECT id,user,acnumber,ernumber,scope,examination,examinationName,username FROM records WHERE ( user = ? ) 
2019-03-22 11:45:07,825 DEBUG (BaseJdbcLogger.java:159)- ==> Parameters: 4(Integer)
2019-03-22 11:45:07,827 DEBUG (BaseJdbcLogger.java:159)- <==      Total: 0
2019-03-22 11:45:08,945 DEBUG (BaseJdbcLogger.java:159)- ==>  Preparing: SELECT userno,username,password,email,gender,status,newdate FROM user WHERE userno = ? 
2019-03-22 11:45:08,946 DEBUG (BaseJdbcLogger.java:159)- ==> Parameters: 3(Integer)
2019-03-22 11:45:08,949 DEBUG (BaseJdbcLogger.java:159)- <==      Total: 1
2019-03-22 11:45:12,442 DEBUG (BaseJdbcLogger.java:159)- ==>  Preparing: SELECT id,user,acnumber,ernumber,scope,examination,examinationName,username FROM records WHERE ( user = ? ) 
2019-03-22 11:45:12,443 DEBUG (BaseJdbcLogger.java:159)- ==> Parameters: 4(Integer)
2019-03-22 11:45:12,445 DEBUG (BaseJdbcLogger.java:159)- <==      Total: 0
2019-03-22 11:45:13,795 DEBUG (BaseJdbcLogger.java:159)- ==>  Preparing: SELECT userno,username,password,email,gender,status,newdate FROM user WHERE userno = ? 
2019-03-22 11:45:13,796 DEBUG (BaseJdbcLogger.java:159)- ==> Parameters: 3(Integer)
2019-03-22 11:45:13,799 DEBUG (BaseJdbcLogger.java:159)- <==      Total: 1
2019-03-22 11:45:17,698 DEBUG (BaseJdbcLogger.java:159)- ==>  Preparing: SELECT id,user,acnumber,ernumber,scope,examination,examinationName,username FROM records WHERE ( user = ? ) 
2019-03-22 11:45:17,704 DEBUG (BaseJdbcLogger.java:159)- ==> Parameters: 4(Integer)
2019-03-22 11:45:17,711 DEBUG (BaseJdbcLogger.java:159)- <==      Total: 0
2019-03-22 11:45:18,539 DEBUG (BaseJdbcLogger.java:159)- ==>  Preparing: SELECT userno,username,password,email,gender,status,newdate FROM user WHERE userno = ? 
2019-03-22 11:45:18,540 DEBUG (BaseJdbcLogger.java:159)- ==> Parameters: 3(Integer)
2019-03-22 11:45:18,542 DEBUG (BaseJdbcLogger.java:159)- <==      Total: 1
2019-03-22 11:45:20,465 DEBUG (BaseJdbcLogger.java:159)- ==>  Preparing: SELECT id,user,acnumber,ernumber,scope,examination,examinationName,username FROM records WHERE ( user = ? ) 
2019-03-22 11:45:20,466 DEBUG (BaseJdbcLogger.java:159)- ==> Parameters: 4(Integer)
2019-03-22 11:45:20,468 DEBUG (BaseJdbcLogger.java:159)- <==      Total: 0
2019-03-22 11:45:21,205 DEBUG (BaseJdbcLogger.java:159)- ==>  Preparing: select examination.id, examination.name, examination.des, examination.status from examination WHERE status = 1 and id not in ( select examination from records where user = ? ) 
2019-03-22 11:45:21,206 DEBUG (BaseJdbcLogger.java:159)- ==> Parameters: 4(Integer)
2019-03-22 11:45:21,209 DEBUG (BaseJdbcLogger.java:159)- <==      Total: 10
2019-03-22 11:45:23,581 DEBUG (BaseJdbcLogger.java:159)- ==>  Preparing: SELECT id,user,acnumber,ernumber,scope,examination,examinationName,username FROM records WHERE ( user = ? ) 
2019-03-22 11:45:23,581 DEBUG (BaseJdbcLogger.java:159)- ==> Parameters: 4(Integer)
2019-03-22 11:45:23,583 DEBUG (BaseJdbcLogger.java:159)- <==      Total: 0
2019-03-22 11:45:26,254 DEBUG (BaseJdbcLogger.java:159)- ==>  Preparing: select examination.id, examination.name, examination.des, examination.status from examination WHERE status = 1 and id not in ( select examination from records where user = ? ) 
2019-03-22 11:45:26,255 DEBUG (BaseJdbcLogger.java:159)- ==> Parameters: 4(Integer)
2019-03-22 11:45:26,258 DEBUG (BaseJdbcLogger.java:159)- <==      Total: 10
2019-03-22 11:45:29,053 DEBUG (BaseJdbcLogger.java:159)- ==>  Preparing: select examination.id, examination.name, examination.des, examination.status from examination WHERE status = 1 and id not in ( select examination from records where user = ? ) 
2019-03-22 11:45:29,055 DEBUG (BaseJdbcLogger.java:159)- ==> Parameters: 4(Integer)
2019-03-22 11:45:29,057 DEBUG (BaseJdbcLogger.java:159)- <==      Total: 10
2019-03-22 11:46:07,223 DEBUG (BaseJdbcLogger.java:159)- ==>  Preparing: select examination.id, examination.name, examination.des, examination.status from examination WHERE status = 1 and id not in ( select examination from records where user = ? ) 
2019-03-22 11:46:07,225 DEBUG (BaseJdbcLogger.java:159)- ==> Parameters: 4(Integer)
2019-03-22 11:46:07,227 DEBUG (BaseJdbcLogger.java:159)- <==      Total: 10
2019-03-22 11:47:50,791 DEBUG (BaseJdbcLogger.java:159)- ==>  Preparing: select examination.id, examination.name, examination.des, examination.status from examination WHERE status = 1 and id not in ( select examination from records where user = ? ) 
2019-03-22 11:47:50,795 DEBUG (BaseJdbcLogger.java:159)- ==> Parameters: 4(Integer)
2019-03-22 11:47:50,816 DEBUG (BaseJdbcLogger.java:159)- <==      Total: 10
2019-03-22 11:48:01,158 DEBUG (BaseJdbcLogger.java:159)- ==>  Preparing: select examination.id, examination.name, examination.des, examination.status from examination WHERE status = 1 and id not in ( select examination from records where user = ? ) 
2019-03-22 11:48:01,174 DEBUG (BaseJdbcLogger.java:159)- ==> Parameters: 4(Integer)
2019-03-22 11:48:01,177 DEBUG (BaseJdbcLogger.java:159)- <==      Total: 10
2019-03-22 11:48:25,634 DEBUG (BaseJdbcLogger.java:159)- ==>  Preparing: select examination.id, examination.name, examination.des, examination.status from examination WHERE status = 1 and id not in ( select examination from records where user = ? ) 
2019-03-22 11:48:25,635 DEBUG (BaseJdbcLogger.java:159)- ==> Parameters: 4(Integer)
2019-03-22 11:48:25,640 DEBUG (BaseJdbcLogger.java:159)- <==      Total: 10
2019-03-22 11:48:51,724 DEBUG (BaseJdbcLogger.java:159)- ==>  Preparing: select examination.id, examination.name, examination.des, examination.status from examination WHERE status = 1 and id not in ( select examination from records where user = ? ) 
2019-03-22 11:48:51,725 DEBUG (BaseJdbcLogger.java:159)- ==> Parameters: 4(Integer)
2019-03-22 11:48:51,728 DEBUG (BaseJdbcLogger.java:159)- <==      Total: 10
2019-03-22 11:49:07,237 DEBUG (BaseJdbcLogger.java:159)- ==>  Preparing: select examination.id, examination.name, examination.des, examination.status from examination WHERE status = 1 and id not in ( select examination from records where user = ? ) 
2019-03-22 11:49:07,238 DEBUG (BaseJdbcLogger.java:159)- ==> Parameters: 4(Integer)
2019-03-22 11:49:07,244 DEBUG (BaseJdbcLogger.java:159)- <==      Total: 10
2019-03-22 11:49:20,141 DEBUG (BaseJdbcLogger.java:159)- ==>  Preparing: select examination.id, examination.name, examination.des, examination.status from examination WHERE status = 1 and id not in ( select examination from records where user = ? ) 
2019-03-22 11:49:20,142 DEBUG (BaseJdbcLogger.java:159)- ==> Parameters: 4(Integer)
2019-03-22 11:49:20,146 DEBUG (BaseJdbcLogger.java:159)- <==      Total: 10
2019-03-22 11:49:49,255 DEBUG (BaseJdbcLogger.java:159)- ==>  Preparing: select examination.id, examination.name, examination.des, examination.status from examination WHERE status = 1 and id not in ( select examination from records where user = ? ) 
2019-03-22 11:49:49,256 DEBUG (BaseJdbcLogger.java:159)- ==> Parameters: 4(Integer)
2019-03-22 11:49:49,258 DEBUG (BaseJdbcLogger.java:159)- <==      Total: 10
2019-03-22 11:49:51,716 DEBUG (BaseJdbcLogger.java:159)- ==>  Preparing: select examination.id, examination.name, examination.des, examination.status from examination WHERE status = 1 and id not in ( select examination from records where user = ? ) 
2019-03-22 11:49:51,717 DEBUG (BaseJdbcLogger.java:159)- ==> Parameters: 4(Integer)
2019-03-22 11:49:51,727 DEBUG (BaseJdbcLogger.java:159)- <==      Total: 10
2019-03-22 11:49:55,030 DEBUG (BaseJdbcLogger.java:159)- ==>  Preparing: select examination.id, examination.name, examination.des, examination.status from examination WHERE status = 1 and id not in ( select examination from records where user = ? ) 
2019-03-22 11:49:55,031 DEBUG (BaseJdbcLogger.java:159)- ==> Parameters: 4(Integer)
2019-03-22 11:49:55,033 DEBUG (BaseJdbcLogger.java:159)- <==      Total: 10
2019-03-22 11:50:40,283 DEBUG (BaseJdbcLogger.java:159)- ==>  Preparing: select examination.id, examination.name, examination.des, examination.status from examination WHERE status = 1 and id not in ( select examination from records where user = ? ) 
2019-03-22 11:50:40,285 DEBUG (BaseJdbcLogger.java:159)- ==> Parameters: 4(Integer)
2019-03-22 11:50:40,288 DEBUG (BaseJdbcLogger.java:159)- <==      Total: 10
2019-03-22 11:50:43,580 DEBUG (BaseJdbcLogger.java:159)- ==>  Preparing: select examination.id, examination.name, examination.des, examination.status from examination WHERE status = 1 and id not in ( select examination from records where user = ? ) 
2019-03-22 11:50:43,581 DEBUG (BaseJdbcLogger.java:159)- ==> Parameters: 4(Integer)
2019-03-22 11:50:43,583 DEBUG (BaseJdbcLogger.java:159)- <==      Total: 10
2019-03-22 11:50:46,500 DEBUG (BaseJdbcLogger.java:159)- ==>  Preparing: select examination.id, examination.name, examination.des, examination.status from examination WHERE status = 1 and id not in ( select examination from records where user = ? ) 
2019-03-22 11:50:46,501 DEBUG (BaseJdbcLogger.java:159)- ==> Parameters: 4(Integer)
2019-03-22 11:50:46,502 DEBUG (BaseJdbcLogger.java:159)- <==      Total: 10
2019-03-22 11:52:27,237 DEBUG (BaseJdbcLogger.java:159)- ==>  Preparing: select examination.id, examination.name, examination.des, examination.status from examination WHERE status = 1 and id not in ( select examination from records where user = ? ) 
2019-03-22 11:52:27,238 DEBUG (BaseJdbcLogger.java:159)- ==> Parameters: 4(Integer)
2019-03-22 11:52:27,240 DEBUG (BaseJdbcLogger.java:159)- <==      Total: 10
2019-03-22 11:52:30,102 DEBUG (BaseJdbcLogger.java:159)- ==>  Preparing: select examination.id, examination.name, examination.des, examination.status from examination WHERE status = 1 and id not in ( select examination from records where user = ? ) 
2019-03-22 11:52:30,103 DEBUG (BaseJdbcLogger.java:159)- ==> Parameters: 4(Integer)
2019-03-22 11:52:30,106 DEBUG (BaseJdbcLogger.java:159)- <==      Total: 10
2019-03-22 11:53:53,470 DEBUG (BaseJdbcLogger.java:159)- ==>  Preparing: SELECT id,name,des,time,status,type FROM examination WHERE id = ? 
2019-03-22 11:53:53,472 DEBUG (BaseJdbcLogger.java:159)- ==> Parameters: 4(Integer)
2019-03-22 11:53:53,473 DEBUG (BaseJdbcLogger.java:159)- <==      Total: 1
2019-03-22 11:53:53,488 DEBUG (ExaminationController.java:171)- 法学
2019-03-22 11:53:53,506 DEBUG (BaseJdbcLogger.java:159)- ==>  Preparing: SELECT qut.id, qut.title, qut.answer, qut.reason, qut.examination, qut.score,qut.type,qut.typeparse,qut.token, itm.id as item_id,itm.name, itm.question, itm.score AS item_score FROM answerSystem.question AS qut LEFT JOIN answerSystem.items AS itm ON qut.id= itm.question WHERE qut.examination=? ORDER BY qut.id,qut.type,itm.score 
2019-03-22 11:53:53,511 DEBUG (BaseJdbcLogger.java:159)- ==> Parameters: 4(Integer)
2019-03-22 11:53:53,516 DEBUG (BaseJdbcLogger.java:159)- <==      Total: 9
2019-03-22 11:53:53,536 DEBUG (ExaminationController.java:189)- 分发试卷:ExaminationView(id=4, name=法学, describe=64200-1531897166806-法学.png, time=60, questions=[QuestionView(id=1, title=test1, score=1, type=1, typeparse=单选题, items=[ItemsView(name=正确), ItemsView(name=错误), ItemsView(name=C), ItemsView(name=D)]), QuestionView(id=5, title=多选题1, score=2, type=2, typeparse=多选题, items=[ItemsView(name=A), ItemsView(name=b), ItemsView(name=c), ItemsView(name=d)]), QuestionView(id=6, title=判断, score=1, type=3, typeparse=判断题, items=[])])
2019-03-22 11:53:58,111 DEBUG (BaseJdbcLogger.java:159)- ==>  Preparing: SELECT id,name,des,time,status,type FROM examination WHERE id = ? 
2019-03-22 11:53:58,112 DEBUG (BaseJdbcLogger.java:159)- ==> Parameters: 4(Integer)
2019-03-22 11:53:58,113 DEBUG (BaseJdbcLogger.java:159)- <==      Total: 1
2019-03-22 11:53:58,114 DEBUG (ExaminationController.java:171)- 法学
2019-03-22 11:53:58,115 DEBUG (BaseJdbcLogger.java:159)- ==>  Preparing: SELECT qut.id, qut.title, qut.answer, qut.reason, qut.examination, qut.score,qut.type,qut.typeparse,qut.token, itm.id as item_id,itm.name, itm.question, itm.score AS item_score FROM answerSystem.question AS qut LEFT JOIN answerSystem.items AS itm ON qut.id= itm.question WHERE qut.examination=? ORDER BY qut.id,qut.type,itm.score 
2019-03-22 11:53:58,116 DEBUG (BaseJdbcLogger.java:159)- ==> Parameters: 4(Integer)
2019-03-22 11:53:58,122 DEBUG (BaseJdbcLogger.java:159)- <==      Total: 9
2019-03-22 11:53:58,123 DEBUG (ExaminationController.java:189)- 分发试卷:ExaminationView(id=4, name=法学, describe=64200-1531897166806-法学.png, time=60, questions=[QuestionView(id=1, title=test1, score=1, type=1, typeparse=单选题, items=[ItemsView(name=正确), ItemsView(name=错误), ItemsView(name=C), ItemsView(name=D)]), QuestionView(id=5, title=多选题1, score=2, type=2, typeparse=多选题, items=[ItemsView(name=A), ItemsView(name=b), ItemsView(name=c), ItemsView(name=d)]), QuestionView(id=6, title=判断, score=1, type=3, typeparse=判断题, items=[])])
2019-03-22 12:55:03,099 DEBUG (BaseJdbcLogger.java:159)- ==>  Preparing: SELECT id,name,des,time,status,type FROM examination WHERE id = ? 
2019-03-22 12:55:03,122 DEBUG (BaseJdbcLogger.java:159)- ==> Parameters: 4(Integer)
2019-03-22 12:55:03,125 DEBUG (BaseJdbcLogger.java:159)- <==      Total: 1
2019-03-22 12:55:03,125 DEBUG (ExaminationController.java:171)- 法学
2019-03-22 12:55:03,126 DEBUG (BaseJdbcLogger.java:159)- ==>  Preparing: SELECT qut.id, qut.title, qut.answer, qut.reason, qut.examination, qut.score,qut.type,qut.typeparse,qut.token, itm.id as item_id,itm.name, itm.question, itm.score AS item_score FROM answerSystem.question AS qut LEFT JOIN answerSystem.items AS itm ON qut.id= itm.question WHERE qut.examination=? ORDER BY qut.id,qut.type,itm.score 
2019-03-22 12:55:03,127 DEBUG (BaseJdbcLogger.java:159)- ==> Parameters: 4(Integer)
2019-03-22 12:55:03,131 DEBUG (BaseJdbcLogger.java:159)- <==      Total: 9
2019-03-22 12:55:03,132 DEBUG (ExaminationController.java:189)- 分发试卷:ExaminationView(id=4, name=法学, describe=64200-1531897166806-法学.png, time=60, questions=[QuestionView(id=1, title=test1, score=1, type=1, typeparse=单选题, items=[ItemsView(name=正确), ItemsView(name=错误), ItemsView(name=C), ItemsView(name=D)]), QuestionView(id=5, title=多选题1, score=2, type=2, typeparse=多选题, items=[ItemsView(name=A), ItemsView(name=b), ItemsView(name=c), ItemsView(name=d)]), QuestionView(id=6, title=判断, score=1, type=3, typeparse=判断题, items=[])])
2019-03-22 12:55:06,666 DEBUG (BaseJdbcLogger.java:159)- ==>  Preparing: SELECT id,name,des,time,status,type FROM examination WHERE id = ? 
2019-03-22 12:55:06,667 DEBUG (BaseJdbcLogger.java:159)- ==> Parameters: 4(Integer)
2019-03-22 12:55:06,669 DEBUG (BaseJdbcLogger.java:159)- <==      Total: 1
2019-03-22 12:55:06,670 DEBUG (ExaminationController.java:171)- 法学
2019-03-22 12:55:06,670 DEBUG (BaseJdbcLogger.java:159)- ==>  Preparing: SELECT qut.id, qut.title, qut.answer, qut.reason, qut.examination, qut.score,qut.type,qut.typeparse,qut.token, itm.id as item_id,itm.name, itm.question, itm.score AS item_score FROM answerSystem.question AS qut LEFT JOIN answerSystem.items AS itm ON qut.id= itm.question WHERE qut.examination=? ORDER BY qut.id,qut.type,itm.score 
2019-03-22 12:55:06,671 DEBUG (BaseJdbcLogger.java:159)- ==> Parameters: 4(Integer)
2019-03-22 12:55:06,673 DEBUG (BaseJdbcLogger.java:159)- <==      Total: 9
2019-03-22 12:55:06,674 DEBUG (ExaminationController.java:189)- 分发试卷:ExaminationView(id=4, name=法学, describe=64200-1531897166806-法学.png, time=60, questions=[QuestionView(id=1, title=test1, score=1, type=1, typeparse=单选题, items=[ItemsView(name=正确), ItemsView(name=错误), ItemsView(name=C), ItemsView(name=D)]), QuestionView(id=5, title=多选题1, score=2, type=2, typeparse=多选题, items=[ItemsView(name=A), ItemsView(name=b), ItemsView(name=c), ItemsView(name=d)]), QuestionView(id=6, title=判断, score=1, type=3, typeparse=判断题, items=[])])
2019-03-22 12:56:09,535 DEBUG (BaseJdbcLogger.java:159)- ==>  Preparing: SELECT id,name,des,time,status,type FROM examination WHERE id = ? 
2019-03-22 12:56:09,536 DEBUG (BaseJdbcLogger.java:159)- ==> Parameters: 4(Integer)
2019-03-22 12:56:09,537 DEBUG (BaseJdbcLogger.java:159)- <==      Total: 1
2019-03-22 12:56:09,538 DEBUG (ExaminationController.java:171)- 法学
2019-03-22 12:56:09,539 DEBUG (BaseJdbcLogger.java:159)- ==>  Preparing: SELECT qut.id, qut.title, qut.answer, qut.reason, qut.examination, qut.score,qut.type,qut.typeparse,qut.token, itm.id as item_id,itm.name, itm.question, itm.score AS item_score FROM answerSystem.question AS qut LEFT JOIN answerSystem.items AS itm ON qut.id= itm.question WHERE qut.examination=? ORDER BY qut.id,qut.type,itm.score 
2019-03-22 12:56:09,540 DEBUG (BaseJdbcLogger.java:159)- ==> Parameters: 4(Integer)
2019-03-22 12:56:09,542 DEBUG (BaseJdbcLogger.java:159)- <==      Total: 9
2019-03-22 12:56:09,543 DEBUG (ExaminationController.java:189)- 分发试卷:ExaminationView(id=4, name=法学, describe=64200-1531897166806-法学.png, time=60, questions=[QuestionView(id=1, title=test1, score=1, type=1, typeparse=单选题, items=[ItemsView(name=正确), ItemsView(name=错误), ItemsView(name=C), ItemsView(name=D)]), QuestionView(id=5, title=多选题1, score=2, type=2, typeparse=多选题, items=[ItemsView(name=A), ItemsView(name=b), ItemsView(name=c), ItemsView(name=d)]), QuestionView(id=6, title=判断, score=1, type=3, typeparse=判断题, items=[])])
2019-03-22 13:46:16,071 DEBUG (BaseJdbcLogger.java:159)- ==>  Preparing: SELECT id,name,des,time,status,type FROM examination WHERE id = ? 
2019-03-22 13:46:16,097 DEBUG (BaseJdbcLogger.java:159)- ==> Parameters: 4(Integer)
2019-03-22 13:46:16,253 DEBUG (BaseJdbcLogger.java:159)- <==      Total: 1
2019-03-22 13:46:16,254 DEBUG (ExaminationController.java:171)- 法学
2019-03-22 13:46:16,255 DEBUG (BaseJdbcLogger.java:159)- ==>  Preparing: SELECT qut.id, qut.title, qut.answer, qut.reason, qut.examination, qut.score,qut.type,qut.typeparse,qut.token, itm.id as item_id,itm.name, itm.question, itm.score AS item_score FROM answerSystem.question AS qut LEFT JOIN answerSystem.items AS itm ON qut.id= itm.question WHERE qut.examination=? ORDER BY qut.id,qut.type,itm.score 
2019-03-22 13:46:16,255 DEBUG (BaseJdbcLogger.java:159)- ==> Parameters: 4(Integer)
2019-03-22 13:46:16,273 DEBUG (BaseJdbcLogger.java:159)- <==      Total: 9
2019-03-22 13:46:16,278 DEBUG (ExaminationController.java:189)- 分发试卷:ExaminationView(id=4, name=法学, describe=64200-1531897166806-法学.png, time=60, questions=[QuestionView(id=1, title=test1, score=1, type=1, typeparse=单选题, items=[ItemsView(name=正确), ItemsView(name=错误), ItemsView(name=C), ItemsView(name=D)]), QuestionView(id=5, title=多选题1, score=2, type=2, typeparse=多选题, items=[ItemsView(name=A), ItemsView(name=b), ItemsView(name=c), ItemsView(name=d)]), QuestionView(id=6, title=判断, score=1, type=3, typeparse=判断题, items=[])])
2019-03-22 14:20:30,433 DEBUG (BaseJdbcLogger.java:159)- ==>  Preparing: SELECT id,title,answer,reason,examination,score,type,typeparse,token FROM question WHERE ( examination = ? ) 
2019-03-22 14:20:30,455 DEBUG (BaseJdbcLogger.java:159)- ==> Parameters: 4(Integer)
2019-03-22 14:20:30,456 DEBUG (BaseJdbcLogger.java:159)- <==      Total: 3
2019-03-22 14:22:07,206 DEBUG (BaseJdbcLogger.java:159)- ==>  Preparing: SELECT id,user,acnumber,ernumber,scope,examination,examinationName,username FROM records WHERE ( user = ? ) 
2019-03-22 14:22:07,207 DEBUG (BaseJdbcLogger.java:159)- ==> Parameters: 4(Integer)
2019-03-22 14:22:07,208 DEBUG (BaseJdbcLogger.java:159)- <==      Total: 0
2019-03-22 14:22:10,176 DEBUG (BaseJdbcLogger.java:159)- ==>  Preparing: SELECT userno,username,password,email,gender,status,newdate FROM user WHERE userno = ? 
2019-03-22 14:22:10,177 DEBUG (BaseJdbcLogger.java:159)- ==> Parameters: 3(Integer)
2019-03-22 14:22:10,191 DEBUG (BaseJdbcLogger.java:159)- <==      Total: 1
2019-03-22 14:22:33,846 DEBUG (BaseJdbcLogger.java:159)- ==>  Preparing: select examination.id, examination.name, examination.des, examination.status from examination WHERE status = 1 and id not in ( select examination from records where user = ? ) 
2019-03-22 14:22:33,847 DEBUG (BaseJdbcLogger.java:159)- ==> Parameters: 4(Integer)
2019-03-22 14:22:33,908 DEBUG (BaseJdbcLogger.java:159)- <==      Total: 10
2019-03-22 14:22:48,739 DEBUG (BaseJdbcLogger.java:159)- ==>  Preparing: select examination.id, examination.name, examination.des, examination.status from examination WHERE status = 1 and id not in ( select examination from records where user = ? ) 
2019-03-22 14:22:48,739 DEBUG (BaseJdbcLogger.java:159)- ==> Parameters: 4(Integer)
2019-03-22 14:22:48,741 DEBUG (BaseJdbcLogger.java:159)- <==      Total: 10
2019-03-22 14:26:14,706 DEBUG (BaseJdbcLogger.java:159)- ==>  Preparing: select examination.id, examination.name, examination.des, examination.status from examination WHERE status = 1 and id not in ( select examination from records where user = ? ) 
2019-03-22 14:26:14,706 DEBUG (BaseJdbcLogger.java:159)- ==> Parameters: 4(Integer)
2019-03-22 14:26:14,708 DEBUG (BaseJdbcLogger.java:159)- <==      Total: 10
2019-03-22 14:45:30,310 DEBUG (UserController.java:66)- user-email=123@qq.com/npwd=123
2019-03-22 14:45:30,411 DEBUG (BaseJdbcLogger.java:159)- ==>  Preparing: SELECT userno,username,password,email,gender,status,newdate FROM user WHERE ( email = ? ) 
2019-03-22 14:45:30,412 DEBUG (BaseJdbcLogger.java:159)- ==> Parameters: 123@qq.com(String)
2019-03-22 14:45:30,869 DEBUG (BaseJdbcLogger.java:159)- <==      Total: 1
2019-03-22 14:45:33,659 DEBUG (BaseJdbcLogger.java:159)- ==>  Preparing: select examination.id, examination.name, examination.des, examination.status from examination WHERE status = 1 and id not in ( select examination from records where user = ? ) 
2019-03-22 14:45:33,660 DEBUG (BaseJdbcLogger.java:159)- ==> Parameters: 4(Integer)
2019-03-22 14:45:33,843 DEBUG (BaseJdbcLogger.java:159)- <==      Total: 10
2019-03-22 14:55:44,227 DEBUG (BaseJdbcLogger.java:159)- ==>  Preparing: SELECT id,name,des,time,status,type FROM examination WHERE id = ? 
2019-03-22 14:55:44,228 DEBUG (BaseJdbcLogger.java:159)- ==> Parameters: 4(Integer)
2019-03-22 14:55:44,230 DEBUG (BaseJdbcLogger.java:159)- <==      Total: 1
2019-03-22 14:55:44,231 DEBUG (ExaminationController.java:171)- 法学
2019-03-22 14:55:44,232 DEBUG (BaseJdbcLogger.java:159)- ==>  Preparing: SELECT qut.id, qut.title, qut.answer, qut.reason, qut.examination, qut.score,qut.type,qut.typeparse,qut.token, itm.id as item_id,itm.name, itm.question, itm.score AS item_score FROM answerSystem.question AS qut LEFT JOIN answerSystem.items AS itm ON qut.id= itm.question WHERE qut.examination=? ORDER BY qut.id,qut.type,itm.score 
2019-03-22 14:55:44,233 DEBUG (BaseJdbcLogger.java:159)- ==> Parameters: 4(Integer)
2019-03-22 14:55:44,321 DEBUG (BaseJdbcLogger.java:159)- <==      Total: 9
2019-03-22 14:55:44,322 DEBUG (ExaminationController.java:189)- 分发试卷:ExaminationView(id=4, name=法学, describe=64200-1531897166806-法学.png, time=60, questions=[QuestionView(id=1, title=test1, score=1, type=1, typeparse=单选题, items=[ItemsView(name=正确), ItemsView(name=错误), ItemsView(name=C), ItemsView(name=D)]), QuestionView(id=5, title=多选题1, score=2, type=2, typeparse=多选题, items=[ItemsView(name=A), ItemsView(name=b), ItemsView(name=c), ItemsView(name=d)]), QuestionView(id=6, title=判断, score=1, type=3, typeparse=判断题, items=[])])
2019-03-22 14:56:24,766 DEBUG (BaseJdbcLogger.java:159)- ==>  Preparing: SELECT id,name,des,time,status,type FROM examination WHERE id = ? 
2019-03-22 14:56:24,767 DEBUG (BaseJdbcLogger.java:159)- ==> Parameters: 4(Integer)
2019-03-22 14:56:24,768 DEBUG (BaseJdbcLogger.java:159)- <==      Total: 1
2019-03-22 14:56:24,769 DEBUG (ExaminationController.java:171)- 法学
2019-03-22 14:56:24,773 DEBUG (BaseJdbcLogger.java:159)- ==>  Preparing: SELECT qut.id, qut.title, qut.answer, qut.reason, qut.examination, qut.score,qut.type,qut.typeparse,qut.token, itm.id as item_id,itm.name, itm.question, itm.score AS item_score FROM answerSystem.question AS qut LEFT JOIN answerSystem.items AS itm ON qut.id= itm.question WHERE qut.examination=? ORDER BY qut.id,qut.type,itm.score 
2019-03-22 14:56:24,773 DEBUG (BaseJdbcLogger.java:159)- ==> Parameters: 4(Integer)
2019-03-22 14:56:24,777 DEBUG (BaseJdbcLogger.java:159)- <==      Total: 9
2019-03-22 14:56:24,778 DEBUG (ExaminationController.java:189)- 分发试卷:ExaminationView(id=4, name=法学, describe=64200-1531897166806-法学.png, time=60, questions=[QuestionView(id=1, title=test1, score=1, type=1, typeparse=单选题, items=[ItemsView(name=正确), ItemsView(name=错误), ItemsView(name=C), ItemsView(name=D)]), QuestionView(id=5, title=多选题1, score=2, type=2, typeparse=多选题, items=[ItemsView(name=A), ItemsView(name=b), ItemsView(name=c), ItemsView(name=d)]), QuestionView(id=6, title=判断, score=1, type=3, typeparse=判断题, items=[])])
2019-03-22 14:56:50,150 DEBUG (BaseJdbcLogger.java:159)- ==>  Preparing: SELECT id,name,des,time,status,type FROM examination WHERE id = ? 
2019-03-22 14:56:50,150 DEBUG (BaseJdbcLogger.java:159)- ==> Parameters: 4(Integer)
2019-03-22 14:56:50,157 DEBUG (BaseJdbcLogger.java:159)- <==      Total: 1
2019-03-22 14:56:50,165 DEBUG (ExaminationController.java:171)- 法学
2019-03-22 14:56:50,166 DEBUG (BaseJdbcLogger.java:159)- ==>  Preparing: SELECT qut.id, qut.title, qut.answer, qut.reason, qut.examination, qut.score,qut.type,qut.typeparse,qut.token, itm.id as item_id,itm.name, itm.question, itm.score AS item_score FROM answerSystem.question AS qut LEFT JOIN answerSystem.items AS itm ON qut.id= itm.question WHERE qut.examination=? ORDER BY qut.id,qut.type,itm.score 
2019-03-22 14:56:50,167 DEBUG (BaseJdbcLogger.java:159)- ==> Parameters: 4(Integer)
2019-03-22 14:56:50,171 DEBUG (BaseJdbcLogger.java:159)- <==      Total: 9
2019-03-22 14:56:50,172 DEBUG (ExaminationController.java:189)- 分发试卷:ExaminationView(id=4, name=法学, describe=64200-1531897166806-法学.png, time=60, questions=[QuestionView(id=1, title=test1, score=1, type=1, typeparse=单选题, items=[ItemsView(name=正确), ItemsView(name=错误), ItemsView(name=C), ItemsView(name=D)]), QuestionView(id=5, title=多选题1, score=2, type=2, typeparse=多选题, items=[ItemsView(name=A), ItemsView(name=b), ItemsView(name=c), ItemsView(name=d)]), QuestionView(id=6, title=判断, score=1, type=3, typeparse=判断题, items=[])])
2019-03-22 14:56:54,465 DEBUG (BaseJdbcLogger.java:159)- ==>  Preparing: SELECT id,name,des,time,status,type FROM examination WHERE id = ? 
2019-03-22 14:56:54,466 DEBUG (BaseJdbcLogger.java:159)- ==> Parameters: 4(Integer)
2019-03-22 14:56:54,467 DEBUG (BaseJdbcLogger.java:159)- <==      Total: 1
2019-03-22 14:56:54,468 DEBUG (ExaminationController.java:171)- 法学
2019-03-22 14:56:54,469 DEBUG (BaseJdbcLogger.java:159)- ==>  Preparing: SELECT qut.id, qut.title, qut.answer, qut.reason, qut.examination, qut.score,qut.type,qut.typeparse,qut.token, itm.id as item_id,itm.name, itm.question, itm.score AS item_score FROM answerSystem.question AS qut LEFT JOIN answerSystem.items AS itm ON qut.id= itm.question WHERE qut.examination=? ORDER BY qut.id,qut.type,itm.score 
2019-03-22 14:56:54,469 DEBUG (BaseJdbcLogger.java:159)- ==> Parameters: 4(Integer)
2019-03-22 14:56:54,471 DEBUG (BaseJdbcLogger.java:159)- <==      Total: 9
2019-03-22 14:56:54,472 DEBUG (ExaminationController.java:189)- 分发试卷:ExaminationView(id=4, name=法学, describe=64200-1531897166806-法学.png, time=60, questions=[QuestionView(id=1, title=test1, score=1, type=1, typeparse=单选题, items=[ItemsView(name=正确), ItemsView(name=错误), ItemsView(name=C), ItemsView(name=D)]), QuestionView(id=5, title=多选题1, score=2, type=2, typeparse=多选题, items=[ItemsView(name=A), ItemsView(name=b), ItemsView(name=c), ItemsView(name=d)]), QuestionView(id=6, title=判断, score=1, type=3, typeparse=判断题, items=[])])
2019-03-22 15:00:13,936 DEBUG (BaseJdbcLogger.java:159)- ==>  Preparing: SELECT id,name,des,time,status,type FROM examination WHERE id = ? 
2019-03-22 15:00:13,937 DEBUG (BaseJdbcLogger.java:159)- ==> Parameters: 4(Integer)
2019-03-22 15:00:13,938 DEBUG (BaseJdbcLogger.java:159)- <==      Total: 1
2019-03-22 15:00:13,939 DEBUG (ExaminationController.java:171)- 法学
2019-03-22 15:00:13,939 DEBUG (BaseJdbcLogger.java:159)- ==>  Preparing: SELECT qut.id, qut.title, qut.answer, qut.reason, qut.examination, qut.score,qut.type,qut.typeparse,qut.token, itm.id as item_id,itm.name, itm.question, itm.score AS item_score FROM answerSystem.question AS qut LEFT JOIN answerSystem.items AS itm ON qut.id= itm.question WHERE qut.examination=? ORDER BY qut.id,qut.type,itm.score 
2019-03-22 15:00:13,940 DEBUG (BaseJdbcLogger.java:159)- ==> Parameters: 4(Integer)
2019-03-22 15:00:13,942 DEBUG (BaseJdbcLogger.java:159)- <==      Total: 9
2019-03-22 15:00:13,943 DEBUG (ExaminationController.java:189)- 分发试卷:ExaminationView(id=4, name=法学, describe=64200-1531897166806-法学.png, time=60, questions=[QuestionView(id=1, title=test1, score=1, type=1, typeparse=单选题, items=[ItemsView(name=正确), ItemsView(name=错误), ItemsView(name=C), ItemsView(name=D)]), QuestionView(id=5, title=多选题1, score=2, type=2, typeparse=多选题, items=[ItemsView(name=A), ItemsView(name=b), ItemsView(name=c), ItemsView(name=d)]), QuestionView(id=6, title=判断, score=1, type=3, typeparse=判断题, items=[])])
2019-03-22 15:00:43,301 DEBUG (BaseJdbcLogger.java:159)- ==>  Preparing: SELECT id,name,des,time,status,type FROM examination WHERE id = ? 
2019-03-22 15:00:43,302 DEBUG (BaseJdbcLogger.java:159)- ==> Parameters: 4(Integer)
2019-03-22 15:00:43,303 DEBUG (BaseJdbcLogger.java:159)- <==      Total: 1
2019-03-22 15:00:43,304 DEBUG (ExaminationController.java:171)- 法学
2019-03-22 15:00:43,305 DEBUG (BaseJdbcLogger.java:159)- ==>  Preparing: SELECT qut.id, qut.title, qut.answer, qut.reason, qut.examination, qut.score,qut.type,qut.typeparse,qut.token, itm.id as item_id,itm.name, itm.question, itm.score AS item_score FROM answerSystem.question AS qut LEFT JOIN answerSystem.items AS itm ON qut.id= itm.question WHERE qut.examination=? ORDER BY qut.id,qut.type,itm.score 
2019-03-22 15:00:43,305 DEBUG (BaseJdbcLogger.java:159)- ==> Parameters: 4(Integer)
2019-03-22 15:00:43,360 DEBUG (BaseJdbcLogger.java:159)- <==      Total: 9
2019-03-22 15:00:43,362 DEBUG (ExaminationController.java:189)- 分发试卷:ExaminationView(id=4, name=法学, describe=64200-1531897166806-法学.png, time=60, questions=[QuestionView(id=1, title=test1, score=1, type=1, typeparse=单选题, items=[ItemsView(name=正确), ItemsView(name=错误), ItemsView(name=C), ItemsView(name=D)]), QuestionView(id=5, title=多选题1, score=2, type=2, typeparse=多选题, items=[ItemsView(name=A), ItemsView(name=b), ItemsView(name=c), ItemsView(name=d)]), QuestionView(id=6, title=判断, score=1, type=3, typeparse=判断题, items=[])])
2019-03-22 15:02:03,805 DEBUG (BaseJdbcLogger.java:159)- ==>  Preparing: SELECT id,name,des,time,status,type FROM examination WHERE id = ? 
2019-03-22 15:02:03,805 DEBUG (BaseJdbcLogger.java:159)- ==> Parameters: 4(Integer)
2019-03-22 15:02:03,807 DEBUG (BaseJdbcLogger.java:159)- <==      Total: 1
2019-03-22 15:02:03,808 DEBUG (ExaminationController.java:171)- 法学
2019-03-22 15:02:03,809 DEBUG (BaseJdbcLogger.java:159)- ==>  Preparing: SELECT qut.id, qut.title, qut.answer, qut.reason, qut.examination, qut.score,qut.type,qut.typeparse,qut.token, itm.id as item_id,itm.name, itm.question, itm.score AS item_score FROM answerSystem.question AS qut LEFT JOIN answerSystem.items AS itm ON qut.id= itm.question WHERE qut.examination=? ORDER BY qut.id,qut.type,itm.score 
2019-03-22 15:02:03,810 DEBUG (BaseJdbcLogger.java:159)- ==> Parameters: 4(Integer)
2019-03-22 15:02:03,815 DEBUG (BaseJdbcLogger.java:159)- <==      Total: 9
2019-03-22 15:02:03,817 DEBUG (ExaminationController.java:189)- 分发试卷:ExaminationView(id=4, name=法学, describe=64200-1531897166806-法学.png, time=60, questions=[QuestionView(id=1, title=test1, score=1, type=1, typeparse=单选题, items=[ItemsView(name=正确), ItemsView(name=错误), ItemsView(name=C), ItemsView(name=D)]), QuestionView(id=5, title=多选题1, score=2, type=2, typeparse=多选题, items=[ItemsView(name=A), ItemsView(name=b), ItemsView(name=c), ItemsView(name=d)]), QuestionView(id=6, title=判断, score=1, type=3, typeparse=判断题, items=[])])
2019-03-22 15:09:37,380 DEBUG (BaseJdbcLogger.java:159)- ==>  Preparing: SELECT userno,username,password,email,gender,status,newdate FROM user WHERE userno = ? 
2019-03-22 15:09:37,381 DEBUG (BaseJdbcLogger.java:159)- ==> Parameters: 3(Integer)
2019-03-22 15:09:37,383 DEBUG (BaseJdbcLogger.java:159)- <==      Total: 1
2019-03-22 15:09:40,946 DEBUG (BaseJdbcLogger.java:159)- ==>  Preparing: SELECT userno,username,password,email,gender,status,newdate FROM user WHERE userno = ? 
2019-03-22 15:09:40,947 DEBUG (BaseJdbcLogger.java:159)- ==> Parameters: 3(Integer)
2019-03-22 15:09:40,949 DEBUG (BaseJdbcLogger.java:159)- <==      Total: 1
2019-03-22 15:09:44,577 DEBUG (BaseJdbcLogger.java:159)- ==>  Preparing: SELECT userno,username,password,email,gender,status,newdate FROM user WHERE userno = ? 
2019-03-22 15:09:44,578 DEBUG (BaseJdbcLogger.java:159)- ==> Parameters: 3(Integer)
2019-03-22 15:09:44,581 DEBUG (BaseJdbcLogger.java:159)- <==      Total: 1
2019-03-22 15:10:48,025 DEBUG (BaseJdbcLogger.java:159)- ==>  Preparing: SELECT userno,username,password,email,gender,status,newdate FROM user WHERE userno = ? 
2019-03-22 15:10:48,026 DEBUG (BaseJdbcLogger.java:159)- ==> Parameters: 3(Integer)
2019-03-22 15:10:48,028 DEBUG (BaseJdbcLogger.java:159)- <==      Total: 1
2019-03-22 15:10:54,733 DEBUG (BaseJdbcLogger.java:159)- ==>  Preparing: SELECT id,user,acnumber,ernumber,scope,examination,examinationName,username FROM records WHERE ( user = ? ) 
2019-03-22 15:10:54,733 DEBUG (BaseJdbcLogger.java:159)- ==> Parameters: 4(Integer)
2019-03-22 15:10:54,734 DEBUG (BaseJdbcLogger.java:159)- <==      Total: 0
2019-03-22 15:10:55,319 DEBUG (BaseJdbcLogger.java:159)- ==>  Preparing: SELECT userno,username,password,email,gender,status,newdate FROM user WHERE userno = ? 
2019-03-22 15:10:55,319 DEBUG (BaseJdbcLogger.java:159)- ==> Parameters: 3(Integer)
2019-03-22 15:10:55,325 DEBUG (BaseJdbcLogger.java:159)- <==      Total: 1
2019-03-22 15:10:58,192 DEBUG (BaseJdbcLogger.java:159)- ==>  Preparing: SELECT userno,username,password,email,gender,status,newdate FROM user WHERE userno = ? 
2019-03-22 15:10:58,193 DEBUG (BaseJdbcLogger.java:159)- ==> Parameters: 3(Integer)
2019-03-22 15:10:58,194 DEBUG (BaseJdbcLogger.java:159)- <==      Total: 1
2019-03-22 15:11:34,202 DEBUG (BaseJdbcLogger.java:159)- ==>  Preparing: SELECT userno,username,password,email,gender,status,newdate FROM user WHERE userno = ? 
2019-03-22 15:11:34,204 DEBUG (BaseJdbcLogger.java:159)- ==> Parameters: 3(Integer)
2019-03-22 15:11:34,207 DEBUG (BaseJdbcLogger.java:159)- <==      Total: 1
2019-03-22 15:12:10,819 DEBUG (BaseJdbcLogger.java:159)- ==>  Preparing: SELECT userno,username,password,email,gender,status,newdate FROM user WHERE userno = ? 
2019-03-22 15:12:10,821 DEBUG (BaseJdbcLogger.java:159)- ==> Parameters: 3(Integer)
2019-03-22 15:12:10,824 DEBUG (BaseJdbcLogger.java:159)- <==      Total: 1
2019-03-22 15:13:05,772 DEBUG (BaseJdbcLogger.java:159)- ==>  Preparing: SELECT userno,username,password,email,gender,status,newdate FROM user WHERE userno = ? 
2019-03-22 15:13:05,773 DEBUG (BaseJdbcLogger.java:159)- ==> Parameters: 4(Integer)
2019-03-22 15:13:05,774 DEBUG (BaseJdbcLogger.java:159)- <==      Total: 1
2019-03-22 15:13:30,474 DEBUG (BaseJdbcLogger.java:159)- ==>  Preparing: SELECT userno,username,password,email,gender,status,newdate FROM user WHERE userno = ? 
2019-03-22 15:13:30,474 DEBUG (BaseJdbcLogger.java:159)- ==> Parameters: 4(Integer)
2019-03-22 15:13:30,479 DEBUG (BaseJdbcLogger.java:159)- <==      Total: 1
2019-03-22 15:13:51,782 DEBUG (BaseJdbcLogger.java:159)- ==>  Preparing: SELECT userno,username,password,email,gender,status,newdate FROM user WHERE userno = ? 
2019-03-22 15:13:51,783 DEBUG (BaseJdbcLogger.java:159)- ==> Parameters: 4(Integer)
2019-03-22 15:13:51,786 DEBUG (BaseJdbcLogger.java:159)- <==      Total: 1
2019-03-22 15:14:46,219 DEBUG (BaseJdbcLogger.java:159)- ==>  Preparing: SELECT userno,username,password,email,gender,status,newdate FROM user WHERE userno = ? 
2019-03-22 15:14:46,219 DEBUG (BaseJdbcLogger.java:159)- ==> Parameters: 4(Integer)
2019-03-22 15:14:46,223 DEBUG (BaseJdbcLogger.java:159)- <==      Total: 1
2019-03-22 15:14:50,361 DEBUG (BaseJdbcLogger.java:159)- ==>  Preparing: UPDATE user SET userno = userno,username = ?,password = ?,email = ?,status = ?,newdate = ? WHERE userno = ? 
2019-03-22 15:14:50,362 DEBUG (BaseJdbcLogger.java:159)- ==> Parameters: 1234(String), 123(String), 123@qq.com(String), 1(Integer), 123(String), 4(Integer)
2019-03-22 15:14:50,513 DEBUG (BaseJdbcLogger.java:159)- <==    Updates: 1
2019-03-22 15:16:40,058 DEBUG (BaseJdbcLogger.java:159)- ==>  Preparing: UPDATE user SET userno = userno,username = ?,password = ?,email = ?,status = ?,newdate = ? WHERE userno = ? 
2019-03-22 15:16:40,059 DEBUG (BaseJdbcLogger.java:159)- ==> Parameters: 1234(String), 123(String), 123@qq.com(String), 1(Integer), 123(String), 4(Integer)
2019-03-22 15:16:40,108 DEBUG (BaseJdbcLogger.java:159)- <==    Updates: 1
2019-03-22 15:18:12,198 DEBUG (BaseJdbcLogger.java:159)- ==>  Preparing: SELECT userno,username,password,email,gender,status,newdate FROM user WHERE userno = ? 
2019-03-22 15:18:12,199 DEBUG (BaseJdbcLogger.java:159)- ==> Parameters: 4(Integer)
2019-03-22 15:18:12,200 DEBUG (BaseJdbcLogger.java:159)- <==      Total: 1
2019-03-22 15:18:48,585 DEBUG (BaseJdbcLogger.java:159)- ==>  Preparing: UPDATE user SET userno = userno,username = ?,password = ?,email = ?,status = ?,newdate = ? WHERE userno = ? 
2019-03-22 15:18:48,586 DEBUG (BaseJdbcLogger.java:159)- ==> Parameters: 1234(String), 123(String), 123@qq.com(String), 1(Integer), 123(String), 4(Integer)
2019-03-22 15:18:48,640 DEBUG (BaseJdbcLogger.java:159)- <==    Updates: 1
2019-03-22 15:18:52,878 DEBUG (BaseJdbcLogger.java:159)- ==>  Preparing: UPDATE user SET userno = userno,username = ?,password = ?,email = ?,status = ?,newdate = ? WHERE userno = ? 
2019-03-22 15:18:52,879 DEBUG (BaseJdbcLogger.java:159)- ==> Parameters: 1234(String), 123(String), 123@qq.com(String), 1(Integer), 123(String), 4(Integer)
2019-03-22 15:18:52,935 DEBUG (BaseJdbcLogger.java:159)- <==    Updates: 1
2019-03-22 15:19:11,499 DEBUG (BaseJdbcLogger.java:159)- ==>  Preparing: SELECT userno,username,password,email,gender,status,newdate FROM user WHERE userno = ? 
2019-03-22 15:19:11,500 DEBUG (BaseJdbcLogger.java:159)- ==> Parameters: 4(Integer)
2019-03-22 15:19:11,507 DEBUG (BaseJdbcLogger.java:159)- <==      Total: 1
2019-03-22 15:19:12,564 DEBUG (BaseJdbcLogger.java:159)- ==>  Preparing: UPDATE user SET userno = userno,username = ?,password = ?,email = ?,status = ?,newdate = ? WHERE userno = ? 
2019-03-22 15:19:12,564 DEBUG (BaseJdbcLogger.java:159)- ==> Parameters: 1234(String), 123(String), 123@qq.com(String), 1(Integer), 123(String), 4(Integer)
2019-03-22 15:19:12,617 DEBUG (BaseJdbcLogger.java:159)- <==    Updates: 1
2019-03-22 15:19:27,817 DEBUG (BaseJdbcLogger.java:159)- ==>  Preparing: SELECT userno,username,password,email,gender,status,newdate FROM user WHERE userno = ? 
2019-03-22 15:19:27,818 DEBUG (BaseJdbcLogger.java:159)- ==> Parameters: 4(Integer)
2019-03-22 15:19:27,820 DEBUG (BaseJdbcLogger.java:159)- <==      Total: 1
2019-03-22 15:19:29,020 DEBUG (BaseJdbcLogger.java:159)- ==>  Preparing: UPDATE user SET userno = userno,username = ?,password = ?,email = ?,status = ?,newdate = ? WHERE userno = ? 
2019-03-22 15:19:29,021 DEBUG (BaseJdbcLogger.java:159)- ==> Parameters: 1234(String), 123(String), 123@qq.com(String), 1(Integer), 123(String), 4(Integer)
2019-03-22 15:19:29,336 DEBUG (BaseJdbcLogger.java:159)- <==    Updates: 1
2019-03-22 15:19:30,733 DEBUG (BaseJdbcLogger.java:159)- ==>  Preparing: SELECT id,user,acnumber,ernumber,scope,examination,examinationName,username FROM records WHERE ( user = ? ) 
2019-03-22 15:19:30,734 DEBUG (BaseJdbcLogger.java:159)- ==> Parameters: 4(Integer)
2019-03-22 15:19:30,735 DEBUG (BaseJdbcLogger.java:159)- <==      Total: 0
2019-03-22 15:19:34,333 DEBUG (BaseJdbcLogger.java:159)- ==>  Preparing: SELECT userno,username,password,email,gender,status,newdate FROM user WHERE userno = ? 
2019-03-22 15:19:34,333 DEBUG (BaseJdbcLogger.java:159)- ==> Parameters: 4(Integer)
2019-03-22 15:19:34,335 DEBUG (BaseJdbcLogger.java:159)- <==      Total: 1
2019-03-22 15:19:57,808 DEBUG (BaseJdbcLogger.java:159)- ==>  Preparing: SELECT userno,username,password,email,gender,status,newdate FROM user WHERE userno = ? 
2019-03-22 15:19:57,808 DEBUG (BaseJdbcLogger.java:159)- ==> Parameters: 4(Integer)
2019-03-22 15:19:57,809 DEBUG (BaseJdbcLogger.java:159)- <==      Total: 1
2019-03-22 15:20:01,583 DEBUG (BaseJdbcLogger.java:159)- ==>  Preparing: SELECT userno,username,password,email,gender,status,newdate FROM user WHERE userno = ? 
2019-03-22 15:20:01,584 DEBUG (BaseJdbcLogger.java:159)- ==> Parameters: 4(Integer)
2019-03-22 15:20:01,585 DEBUG (BaseJdbcLogger.java:159)- <==      Total: 1
2019-03-22 15:20:02,782 DEBUG (BaseJdbcLogger.java:159)- ==>  Preparing: UPDATE user SET userno = userno,username = ?,password = ?,email = ?,status = ?,newdate = ? WHERE userno = ? 
2019-03-22 15:20:02,784 DEBUG (BaseJdbcLogger.java:159)- ==> Parameters: 1234(String), 123(String), 123@qq.com(String), 1(Integer), 123(String), 4(Integer)
2019-03-22 15:20:02,817 DEBUG (BaseJdbcLogger.java:159)- <==    Updates: 1
2019-03-22 15:20:02,997 DEBUG (BaseJdbcLogger.java:159)- ==>  Preparing: SELECT id,user,acnumber,ernumber,scope,examination,examinationName,username FROM records WHERE ( user = ? ) 
2019-03-22 15:20:02,998 DEBUG (BaseJdbcLogger.java:159)- ==> Parameters: 4(Integer)
2019-03-22 15:20:03,007 DEBUG (BaseJdbcLogger.java:159)- <==      Total: 0
2019-03-22 15:20:08,328 DEBUG (BaseJdbcLogger.java:159)- ==>  Preparing: SELECT userno,username,password,email,gender,status,newdate FROM user WHERE userno = ? 
2019-03-22 15:20:08,329 DEBUG (BaseJdbcLogger.java:159)- ==> Parameters: 4(Integer)
2019-03-22 15:20:08,331 DEBUG (BaseJdbcLogger.java:159)- <==      Total: 1
2019-03-22 15:20:09,295 DEBUG (BaseJdbcLogger.java:159)- ==>  Preparing: UPDATE user SET userno = userno,username = ?,password = ?,email = ?,status = ?,newdate = ? WHERE userno = ? 
2019-03-22 15:20:09,296 DEBUG (BaseJdbcLogger.java:159)- ==> Parameters: 1234(String), 123(String), 123@qq.com(String), 1(Integer), 123(String), 4(Integer)
2019-03-22 15:20:09,353 DEBUG (BaseJdbcLogger.java:159)- <==    Updates: 1
2019-03-22 15:20:09,458 DEBUG (BaseJdbcLogger.java:159)- ==>  Preparing: SELECT id,user,acnumber,ernumber,scope,examination,examinationName,username FROM records WHERE ( user = ? ) 
2019-03-22 15:20:09,459 DEBUG (BaseJdbcLogger.java:159)- ==> Parameters: 4(Integer)
2019-03-22 15:20:09,460 DEBUG (BaseJdbcLogger.java:159)- <==      Total: 0
2019-03-22 15:20:13,268 DEBUG (BaseJdbcLogger.java:159)- ==>  Preparing: SELECT userno,username,password,email,gender,status,newdate FROM user WHERE userno = ? 
2019-03-22 15:20:13,269 DEBUG (BaseJdbcLogger.java:159)- ==> Parameters: 4(Integer)
2019-03-22 15:20:13,271 DEBUG (BaseJdbcLogger.java:159)- <==      Total: 1
2019-03-22 15:20:14,653 DEBUG (BaseJdbcLogger.java:159)- ==>  Preparing: SELECT userno,username,password,email,gender,status,newdate FROM user WHERE userno = ? 
2019-03-22 15:20:14,654 DEBUG (BaseJdbcLogger.java:159)- ==> Parameters: 4(Integer)
2019-03-22 15:20:14,658 DEBUG (BaseJdbcLogger.java:159)- <==      Total: 1
2019-03-22 15:20:18,134 DEBUG (BaseJdbcLogger.java:159)- ==>  Preparing: SELECT userno,username,password,email,gender,status,newdate FROM user WHERE userno = ? 
2019-03-22 15:20:18,135 DEBUG (BaseJdbcLogger.java:159)- ==> Parameters: 4(Integer)
2019-03-22 15:20:18,137 DEBUG (BaseJdbcLogger.java:159)- <==      Total: 1
2019-03-22 15:20:23,987 DEBUG (BaseJdbcLogger.java:159)- ==>  Preparing: select examination.id, examination.name, examination.des, examination.status from examination WHERE status = 1 and id not in ( select examination from records where user = ? ) 
2019-03-22 15:20:23,987 DEBUG (BaseJdbcLogger.java:159)- ==> Parameters: 4(Integer)
2019-03-22 15:20:23,989 DEBUG (BaseJdbcLogger.java:159)- <==      Total: 10
2019-03-22 15:20:25,306 DEBUG (BaseJdbcLogger.java:159)- ==>  Preparing: select examination.id, examination.name, examination.des, examination.status from examination WHERE status = 1 and id not in ( select examination from records where user = ? ) 
2019-03-22 15:20:25,307 DEBUG (BaseJdbcLogger.java:159)- ==> Parameters: 4(Integer)
2019-03-22 15:20:25,308 DEBUG (BaseJdbcLogger.java:159)- <==      Total: 10
2019-03-22 15:20:25,737 DEBUG (BaseJdbcLogger.java:159)- ==>  Preparing: SELECT id,user,acnumber,ernumber,scope,examination,examinationName,username FROM records WHERE ( user = ? ) 
2019-03-22 15:20:25,737 DEBUG (BaseJdbcLogger.java:159)- ==> Parameters: 4(Integer)
2019-03-22 15:20:25,739 DEBUG (BaseJdbcLogger.java:159)- <==      Total: 0
2019-03-22 15:24:21,103 DEBUG (BaseJdbcLogger.java:159)- ==>  Preparing: SELECT userno,username,password,email,gender,status,newdate FROM user WHERE userno = ? 
2019-03-22 15:24:21,104 DEBUG (BaseJdbcLogger.java:159)- ==> Parameters: 4(Integer)
2019-03-22 15:24:21,105 DEBUG (BaseJdbcLogger.java:159)- <==      Total: 1
2019-03-22 15:24:21,931 DEBUG (BaseJdbcLogger.java:159)- ==>  Preparing: SELECT id,user,acnumber,ernumber,scope,examination,examinationName,username FROM records WHERE ( user = ? ) 
2019-03-22 15:24:21,932 DEBUG (BaseJdbcLogger.java:159)- ==> Parameters: 4(Integer)
2019-03-22 15:24:21,933 DEBUG (BaseJdbcLogger.java:159)- <==      Total: 0
2019-03-22 15:24:22,646 DEBUG (BaseJdbcLogger.java:159)- ==>  Preparing: select examination.id, examination.name, examination.des, examination.status from examination WHERE status = 1 and id not in ( select examination from records where user = ? ) 
2019-03-22 15:24:22,647 DEBUG (BaseJdbcLogger.java:159)- ==> Parameters: 4(Integer)
2019-03-22 15:24:22,650 DEBUG (BaseJdbcLogger.java:159)- <==      Total: 10
